2025-08-29 12:29:49,823 [INFO] Activator:176 - 


2025-08-29 12:29:49,826 [INFO] Activator:177 - !SESSION log4j initialized
2025-08-29 12:29:53,475 [INFO] LogOutputStream:77 - [STDOUT_REDIRECT] 
2025-08-29 12:29:54,699 [INFO] ApplicationProperties:184 - Using Application install path: C:\ST\STM32CubeIDE_1.18.1\STM32CubeIDE\plugins\com.st.stm32cube.common.mx_6.14.1.202504091515
2025-08-29 12:29:54,712 [INFO] DbMcusXml:78 - Set database path to: C:\ST\STM32CubeIDE_1.18.1\STM32CubeIDE\plugins\com.st.stm32cube.common.mx_6.14.1.202504091515\\db\/mcu/
2025-08-29 12:29:54,712 [INFO] ApiDb:274 - Set plugin database path to: C:\ST\STM32CubeIDE_1.18.1\STM32CubeIDE\plugins\com.st.stm32cube.common.mx_6.14.1.202504091515\\db\/plugins/boardmanager/
2025-08-29 12:29:54,713 [WARN] ApiDb:259 - Overriding images path with different value:  => C:\ST\STM32CubeIDE_1.18.1\STM32CubeIDE\plugins\com.st.stm32cube.common.mx_6.14.1.202504091515\\db\/plugins/mcufinder/images/
2025-08-29 12:29:54,720 [INFO] ApiDb:250 - Set database path to: C:\Users\TUF\.stmcufinder\plugins\mcufinder//mcu/
2025-08-29 12:29:54,720 [INFO] DbMcusAds:125 - Set database path to: C:\Users\TUF\.stmcufinder\plugins\mcufinder//mcu/
2025-08-29 12:29:54,722 [INFO] CrossReferenceDbSqlite:203 - Set database path to: C:\Users\TUF\.stmcufinder\plugins\mcufinder//mcu/cs/
2025-08-29 12:29:54,795 [INFO] RulesReader:64 - Compatibility file has been processed (302 Rules)
2025-08-29 12:29:54,854 [INFO] DbMcusXml:78 - Set database path to: C:\ST\STM32CubeIDE_1.18.1\STM32CubeIDE\plugins\com.st.stm32cube.common.mx_6.14.1.202504091515\\db\/mcu/
2025-08-29 12:29:54,854 [INFO] ApiDb:274 - Set plugin database path to: C:\ST\STM32CubeIDE_1.18.1\STM32CubeIDE\plugins\com.st.stm32cube.common.mx_6.14.1.202504091515\\db\/plugins/boardmanager/
2025-08-29 12:29:54,854 [INFO] ApiDb:261 - Set plugin images path to: C:\ST\STM32CubeIDE_1.18.1\STM32CubeIDE\plugins\com.st.stm32cube.common.mx_6.14.1.202504091515\\db\/plugins/mcufinder/images/
2025-08-29 12:29:54,855 [WARN] DbFile:41 - Overriding database path with different value: C:\Users\TUF\.stmcufinder\plugins\mcufinder/ => C:\Users\TUF\.stmcufinder\plugins\mcufinder
2025-08-29 12:29:54,855 [INFO] ApiDb:250 - Set database path to: C:\Users\TUF\.stmcufinder\plugins\mcufinder//mcu/
2025-08-29 12:29:54,855 [WARN] DbFile:41 - Overriding database path with different value: C:\Users\TUF\.stmcufinder\plugins\mcufinder/ => C:\Users\TUF\.stmcufinder\plugins\mcufinder
2025-08-29 12:29:54,855 [INFO] DbMcusAds:125 - Set database path to: C:\Users\TUF\.stmcufinder\plugins\mcufinder//mcu/
2025-08-29 12:29:54,855 [WARN] DbFile:41 - Overriding database path with different value: C:\Users\TUF\.stmcufinder\plugins\mcufinder/ => C:\Users\TUF\.stmcufinder\plugins\mcufinder
2025-08-29 12:29:54,855 [WARN] DbFile:41 - Overriding database path with different value: C:\Users\TUF\.stmcufinder\plugins\mcufinder/ => C:\Users\TUF\.stmcufinder\plugins\mcufinder
2025-08-29 12:29:54,855 [INFO] CrossReferenceDbSqlite:203 - Set database path to: C:\Users\TUF\.stmcufinder\plugins\mcufinder//mcu/cs/
2025-08-29 12:29:54,909 [INFO] MainPanel:272 - HeapMemory: 268435456
2025-08-29 12:29:54,981 [INFO] DbMcusXml:78 - Set database path to: C:\ST\STM32CubeIDE_1.18.1\STM32CubeIDE\plugins\com.st.stm32cube.common.mx_6.14.1.202504091515\\db\/mcu/
2025-08-29 12:29:54,981 [INFO] ApiDb:274 - Set plugin database path to: C:\ST\STM32CubeIDE_1.18.1\STM32CubeIDE\plugins\com.st.stm32cube.common.mx_6.14.1.202504091515\\db\/plugins/boardmanager/
2025-08-29 12:29:54,981 [INFO] ApiDb:261 - Set plugin images path to: C:\ST\STM32CubeIDE_1.18.1\STM32CubeIDE\plugins\com.st.stm32cube.common.mx_6.14.1.202504091515\\db\/plugins/mcufinder/images/
2025-08-29 12:29:54,982 [WARN] DbFile:41 - Overriding database path with different value: C:\Users\TUF\.stmcufinder\plugins\mcufinder/ => C:\Users\TUF\.stmcufinder\plugins\mcufinder
2025-08-29 12:29:54,982 [INFO] ApiDb:250 - Set database path to: C:\Users\TUF\.stmcufinder\plugins\mcufinder//mcu/
2025-08-29 12:29:54,982 [WARN] DbFile:41 - Overriding database path with different value: C:\Users\TUF\.stmcufinder\plugins\mcufinder/ => C:\Users\TUF\.stmcufinder\plugins\mcufinder
2025-08-29 12:29:54,983 [INFO] DbMcusAds:125 - Set database path to: C:\Users\TUF\.stmcufinder\plugins\mcufinder//mcu/
2025-08-29 12:29:54,983 [WARN] DbFile:41 - Overriding database path with different value: C:\Users\TUF\.stmcufinder\plugins\mcufinder/ => C:\Users\TUF\.stmcufinder\plugins\mcufinder
2025-08-29 12:29:54,983 [WARN] DbFile:41 - Overriding database path with different value: C:\Users\TUF\.stmcufinder\plugins\mcufinder/ => C:\Users\TUF\.stmcufinder\plugins\mcufinder
2025-08-29 12:29:54,983 [INFO] CrossReferenceDbSqlite:203 - Set database path to: C:\Users\TUF\.stmcufinder\plugins\mcufinder//mcu/cs/
2025-08-29 12:29:54,995 [INFO] ApplicationProperties:184 - Using Application install path: C:\ST\STM32CubeIDE_1.18.1\STM32CubeIDE\plugins\com.st.stm32cube.common.mx_6.14.1.202504091515
2025-08-29 12:29:54,996 [INFO] PluginManage:196 - Search for loadable plugins [exclusion list=, ]
2025-08-29 12:29:54,997 [INFO] PluginManage:310 - Check plugin analytics
2025-08-29 12:29:55,138 [INFO] AnalyticsPlugin:253 - Accepted Software Licenses: 
2025-08-29 12:29:55,138 [INFO] AnalyticsPlugin:255 - Accepted CMSIS Pack Licenses: 
2025-08-29 12:29:55,138 [INFO] AnalyticsPlugin:257 - Accepted Firmware Licenses: 
2025-08-29 12:29:55,139 [INFO] PluginManage:359 - Loaded plugin analytics (category:tool,tabindex:-1)
2025-08-29 12:29:55,140 [INFO] PluginManage:310 - Check plugin cadmodel
2025-08-29 12:29:55,144 [INFO] CADModel:105 - Init CAD model plugin
2025-08-29 12:29:55,144 [INFO] PluginManage:359 - Loaded plugin cadmodel (category:power,tabindex:5)
2025-08-29 12:29:55,144 [INFO] PluginManage:310 - Check plugin clock
2025-08-29 12:29:55,151 [INFO] PluginManage:359 - Loaded plugin clock (category:base,tabindex:2)
2025-08-29 12:29:55,151 [INFO] PluginManage:310 - Check plugin ddr
2025-08-29 12:29:55,153 [INFO] PluginManage:359 - Loaded plugin ddr (category:tool,tabindex:6)
2025-08-29 12:29:55,153 [INFO] PluginManage:310 - Check plugin filemanager
2025-08-29 12:29:55,255 [INFO] PluginManage:359 - Loaded plugin filemanager (category:base,tabindex:10)
2025-08-29 12:29:55,255 [INFO] PluginManage:310 - Check plugin ipmanager
2025-08-29 12:29:55,261 [INFO] PluginManage:359 - Loaded plugin ipmanager (category:base,tabindex:5)
2025-08-29 12:29:55,261 [INFO] PluginManage:310 - Check plugin lpbam
2025-08-29 12:29:55,267 [INFO] PluginManage:359 - Loaded plugin lpbam (category:base,tabindex:0)
2025-08-29 12:29:55,267 [INFO] PluginManage:310 - Check plugin memorymap
2025-08-29 12:29:55,277 [INFO] PluginManage:359 - Loaded plugin memorymap (category:base,tabindex:4)
2025-08-29 12:29:55,277 [INFO] PluginManage:310 - Check plugin pinoutandconfiguration
2025-08-29 12:29:55,284 [INFO] PluginManage:359 - Loaded plugin pinoutandconfiguration (category:base,tabindex:1)
2025-08-29 12:29:55,284 [INFO] PluginManage:310 - Check plugin pinoutconfig
2025-08-29 12:29:55,346 [WARN] SupportedApi:132 - Cannot load RTOS API schema: s4s-elt-must-match.1: The content of 'definitions' must match (annotation?, (simpleType | complexType)?, (unique | key | keyref)*)). A problem was found starting at: attribute.
2025-08-29 12:29:55,431 [INFO] PluginManage:359 - Loaded plugin pinoutconfig (category:base,tabindex:0)
2025-08-29 12:29:55,431 [INFO] PluginManage:310 - Check plugin power
2025-08-29 12:29:55,437 [INFO] PluginManage:359 - Loaded plugin power (category:power,tabindex:4)
2025-08-29 12:29:55,438 [INFO] PluginManage:310 - Check plugin projectmanager
2025-08-29 12:29:55,455 [INFO] PluginManage:359 - Loaded plugin projectmanager (category:projectmanager,tabindex:4)
2025-08-29 12:29:55,455 [INFO] PluginManage:310 - Check plugin rif
2025-08-29 12:29:55,460 [INFO] PluginManage:359 - Loaded plugin rif (category:base,tabindex:3)
2025-08-29 12:29:55,460 [INFO] PluginManage:310 - Check plugin thirdparty
2025-08-29 12:29:55,553 [INFO] PluginManage:359 - Loaded plugin thirdparty (category:base,tabindex:-1)
2025-08-29 12:29:55,554 [INFO] PluginManage:310 - Check plugin tools
2025-08-29 12:29:55,553 [WARN] IntegrityCheckThread:84 - waiting for thirdparty lock release [integrity check]
2025-08-29 12:29:55,554 [INFO] IntegrityCheckThread:86 - entering critical section [integrity check]
2025-08-29 12:29:55,554 [INFO] ThirdPartyUpdaterWithRetryManager:70 - Updater plugin not ready yet. [1/15]
2025-08-29 12:29:55,556 [INFO] PluginManage:359 - Loaded plugin tools (category:base,tabindex:7)
2025-08-29 12:29:55,556 [INFO] PluginManage:310 - Check plugin tutovideos
2025-08-29 12:29:55,676 [INFO] PluginManage:359 - Loaded plugin tutovideos (category:base,tabindex:-1)
2025-08-29 12:29:55,676 [INFO] PluginManage:310 - Check plugin updater
2025-08-29 12:29:55,693 [INFO] PluginManage:359 - Loaded plugin updater (category:base,tabindex:12)
2025-08-29 12:29:55,693 [INFO] PluginManage:310 - Check plugin userauth
2025-08-29 12:29:55,696 [INFO] UserAuth:118 - Init User Auth plugin
2025-08-29 12:29:55,697 [INFO] PluginManage:359 - Loaded plugin userauth (category:base,tabindex:14)
2025-08-29 12:29:55,697 [INFO] PluginManage:283 - PluginManage : Loaded plugins [18]
2025-08-29 12:29:55,835 [INFO] PinOutPanel:1589 - setPackage(No Configuration,No Configuration)
2025-08-29 12:29:55,895 [INFO] CADModel:165 - CPN selected for project level
2025-08-29 12:29:55,895 [INFO] CADModel:114 - Register for checkConnection events
2025-08-29 12:29:55,910 [INFO] IPUIPlugin:80 - create IPUIPlugin
2025-08-29 12:29:55,910 [INFO] PluginManager:220 - loadIPPluginJar : add adc
2025-08-29 12:29:55,912 [INFO] IPUIPlugin:80 - create IPUIPlugin
2025-08-29 12:29:55,912 [INFO] PluginManager:220 - loadIPPluginJar : add aes
2025-08-29 12:29:55,915 [INFO] IPUIPlugin:80 - create IPUIPlugin
2025-08-29 12:29:55,915 [INFO] PluginManager:220 - loadIPPluginJar : add can
2025-08-29 12:29:55,917 [INFO] IPUIPlugin:80 - create IPUIPlugin
2025-08-29 12:29:55,917 [INFO] PluginManager:220 - loadIPPluginJar : add comp
2025-08-29 12:29:55,919 [INFO] IPUIPlugin:80 - create IPUIPlugin
2025-08-29 12:29:55,919 [INFO] PluginManager:220 - loadIPPluginJar : add cryp
2025-08-29 12:29:55,921 [INFO] IPUIPlugin:80 - create IPUIPlugin
2025-08-29 12:29:55,921 [INFO] PluginManager:220 - loadIPPluginJar : add ddr_ctrl_phy
2025-08-29 12:29:55,923 [INFO] IPUIPlugin:80 - create IPUIPlugin
2025-08-29 12:29:55,923 [INFO] PluginManager:220 - loadIPPluginJar : add dfsdm
2025-08-29 12:29:55,927 [INFO] IPUIPlugin:80 - create IPUIPlugin
2025-08-29 12:29:55,927 [INFO] PluginManager:220 - loadIPPluginJar : add dma
2025-08-29 12:29:55,929 [INFO] IPUIPlugin:80 - create IPUIPlugin
2025-08-29 12:29:55,929 [INFO] PluginManager:220 - loadIPPluginJar : add dma3
2025-08-29 12:29:55,931 [INFO] IPUIPlugin:80 - create IPUIPlugin
2025-08-29 12:29:55,932 [INFO] PluginManager:220 - loadIPPluginJar : add extmemmanager
2025-08-29 12:29:55,933 [INFO] IPUIPlugin:80 - create IPUIPlugin
2025-08-29 12:29:55,933 [INFO] PluginManager:220 - loadIPPluginJar : add fatfs
2025-08-29 12:29:55,936 [INFO] IPUIPlugin:80 - create IPUIPlugin
2025-08-29 12:29:55,937 [INFO] PluginManager:220 - loadIPPluginJar : add fmc
2025-08-29 12:29:55,941 [INFO] IPUIPlugin:80 - create IPUIPlugin
2025-08-29 12:29:55,941 [INFO] PluginManager:220 - loadIPPluginJar : add freertos
2025-08-29 12:29:55,942 [INFO] IPUIPlugin:80 - create IPUIPlugin
2025-08-29 12:29:55,942 [INFO] PluginManager:220 - loadIPPluginJar : add genericplugin
2025-08-29 12:29:55,944 [INFO] IPUIPlugin:80 - create IPUIPlugin
2025-08-29 12:29:55,944 [INFO] PluginManager:220 - loadIPPluginJar : add gfxmmu
2025-08-29 12:29:55,947 [INFO] IPUIPlugin:80 - create IPUIPlugin
2025-08-29 12:29:55,947 [INFO] PluginManager:220 - loadIPPluginJar : add gic
2025-08-29 12:29:55,950 [INFO] IPUIPlugin:80 - create IPUIPlugin
2025-08-29 12:29:55,950 [INFO] PluginManager:220 - loadIPPluginJar : add gpio
2025-08-29 12:29:55,952 [INFO] IPUIPlugin:80 - create IPUIPlugin
2025-08-29 12:29:55,952 [INFO] PluginManager:220 - loadIPPluginJar : add gtzc
2025-08-29 12:29:55,954 [INFO] IPUIPlugin:80 - create IPUIPlugin
2025-08-29 12:29:55,954 [INFO] PluginManager:220 - loadIPPluginJar : add hash
2025-08-29 12:29:55,956 [INFO] IPUIPlugin:80 - create IPUIPlugin
2025-08-29 12:29:55,956 [INFO] PluginManager:220 - loadIPPluginJar : add i2c
2025-08-29 12:29:55,958 [INFO] IPUIPlugin:80 - create IPUIPlugin
2025-08-29 12:29:55,958 [INFO] PluginManager:220 - loadIPPluginJar : add i2s
2025-08-29 12:29:55,960 [INFO] IPUIPlugin:80 - create IPUIPlugin
2025-08-29 12:29:55,960 [INFO] PluginManager:220 - loadIPPluginJar : add i3c
2025-08-29 12:29:55,964 [INFO] IPUIPlugin:80 - create IPUIPlugin
2025-08-29 12:29:55,964 [INFO] PluginManager:220 - loadIPPluginJar : add ipddr
2025-08-29 12:29:55,970 [INFO] IPUIPlugin:80 - create IPUIPlugin
2025-08-29 12:29:55,970 [INFO] PluginManager:220 - loadIPPluginJar : add linkedlist
2025-08-29 12:29:55,973 [INFO] IPUIPlugin:80 - create IPUIPlugin
2025-08-29 12:29:55,973 [INFO] PluginManager:220 - loadIPPluginJar : add lorawan
2025-08-29 12:29:55,974 [INFO] IPUIPlugin:80 - create IPUIPlugin
2025-08-29 12:29:55,974 [INFO] PluginManager:220 - loadIPPluginJar : add ltdc
2025-08-29 12:29:55,979 [INFO] IPUIPlugin:80 - create IPUIPlugin
2025-08-29 12:29:55,979 [INFO] PluginManager:220 - loadIPPluginJar : add mdma
2025-08-29 12:29:55,981 [INFO] IPUIPlugin:80 - create IPUIPlugin
2025-08-29 12:29:55,981 [INFO] PluginManager:220 - loadIPPluginJar : add nvic
2025-08-29 12:29:55,983 [INFO] IPUIPlugin:80 - create IPUIPlugin
2025-08-29 12:29:55,983 [INFO] PluginManager:220 - loadIPPluginJar : add opamp
2025-08-29 12:29:55,985 [INFO] IPUIPlugin:80 - create IPUIPlugin
2025-08-29 12:29:55,985 [INFO] PluginManager:220 - loadIPPluginJar : add openamp
2025-08-29 12:29:55,987 [INFO] IPUIPlugin:80 - create IPUIPlugin
2025-08-29 12:29:55,987 [INFO] PluginManager:220 - loadIPPluginJar : add pdm2pcm
2025-08-29 12:29:55,991 [INFO] IPUIPlugin:80 - create IPUIPlugin
2025-08-29 12:29:55,993 [INFO] PluginManager:220 - loadIPPluginJar : add plateformsettings
2025-08-29 12:29:55,994 [INFO] IPUIPlugin:80 - create IPUIPlugin
2025-08-29 12:29:55,994 [INFO] PluginManager:220 - loadIPPluginJar : add quadspi
2025-08-29 12:29:55,996 [INFO] IPUIPlugin:80 - create IPUIPlugin
2025-08-29 12:29:55,996 [INFO] PluginManager:220 - loadIPPluginJar : add radio
2025-08-29 12:29:55,999 [INFO] IPUIPlugin:80 - create IPUIPlugin
2025-08-29 12:29:55,999 [INFO] PluginManager:220 - loadIPPluginJar : add resmgrutility
2025-08-29 12:29:56,001 [INFO] IPUIPlugin:80 - create IPUIPlugin
2025-08-29 12:29:56,001 [INFO] PluginManager:220 - loadIPPluginJar : add sai
2025-08-29 12:29:56,003 [INFO] IPUIPlugin:80 - create IPUIPlugin
2025-08-29 12:29:56,003 [INFO] PluginManager:220 - loadIPPluginJar : add spi
2025-08-29 12:29:56,007 [INFO] IPUIPlugin:80 - create IPUIPlugin
2025-08-29 12:29:56,007 [INFO] PluginManager:220 - loadIPPluginJar : add stm32_wpan
2025-08-29 12:29:56,009 [INFO] IPUIPlugin:80 - create IPUIPlugin
2025-08-29 12:29:56,009 [INFO] PluginManager:220 - loadIPPluginJar : add tim
2025-08-29 12:29:56,011 [INFO] IPUIPlugin:80 - create IPUIPlugin
2025-08-29 12:29:56,011 [INFO] PluginManager:220 - loadIPPluginJar : add touchsensing
2025-08-29 12:29:56,012 [INFO] IPUIPlugin:80 - create IPUIPlugin
2025-08-29 12:29:56,012 [INFO] PluginManager:220 - loadIPPluginJar : add tracer_emb
2025-08-29 12:29:56,013 [INFO] IPUIPlugin:80 - create IPUIPlugin
2025-08-29 12:29:56,013 [INFO] PluginManager:220 - loadIPPluginJar : add ts
2025-08-29 12:29:56,015 [INFO] IPUIPlugin:80 - create IPUIPlugin
2025-08-29 12:29:56,015 [INFO] PluginManager:220 - loadIPPluginJar : add tsc
2025-08-29 12:29:56,016 [INFO] IPUIPlugin:80 - create IPUIPlugin
2025-08-29 12:29:56,017 [INFO] PluginManager:220 - loadIPPluginJar : add ucpd
2025-08-29 12:29:56,018 [INFO] IPUIPlugin:80 - create IPUIPlugin
2025-08-29 12:29:56,018 [INFO] PluginManager:220 - loadIPPluginJar : add usart
2025-08-29 12:29:56,021 [INFO] IPUIPlugin:80 - create IPUIPlugin
2025-08-29 12:29:56,021 [INFO] PluginManager:220 - loadIPPluginJar : add usbx
2025-08-29 12:29:56,131 [FATAL] Updater:351 - Updater called before beeing initialized
2025-08-29 12:29:56,151 [INFO] RulesReader:64 - Compatibility file has been processed (302 Rules)
2025-08-29 12:29:56,159 [INFO] RulesReader:64 - Compatibility file has been processed (302 Rules)
2025-08-29 12:29:56,167 [INFO] CADModel:165 - CPN selected for project level
2025-08-29 12:29:56,167 [INFO] CADModel:114 - Register for checkConnection events
2025-08-29 12:29:56,167 [FATAL] Updater:351 - Updater called before beeing initialized
2025-08-29 12:29:56,167 [ERROR] CADModel:125 - Updater not yet initialized, retry later 
2025-08-29 12:29:56,292 [FATAL] Updater:351 - Updater called before beeing initialized
2025-08-29 12:29:56,293 [INFO] CADModel:165 - CPN selected for project level
2025-08-29 12:29:56,293 [INFO] CADModel:114 - Register for checkConnection events
2025-08-29 12:29:56,293 [FATAL] Updater:351 - Updater called before beeing initialized
2025-08-29 12:29:56,293 [ERROR] CADModel:125 - Updater not yet initialized, retry later 
2025-08-29 12:29:56,296 [FATAL] Updater:351 - Updater called before beeing initialized
2025-08-29 12:29:56,374 [FATAL] Updater:351 - Updater called before beeing initialized
2025-08-29 12:29:56,377 [INFO] DbMcusAds:53 - JSON generation date=Tue Jul 08 16:14:23 CST 2025 (1751962463593)
2025-08-29 12:29:56,377 [FATAL] Updater:351 - Updater called before beeing initialized
2025-08-29 12:29:56,403 [WARN] DetailPanel:346 - Failed to get advertising image, set to default
2025-08-29 12:29:56,554 [FATAL] Updater:351 - Updater called before beeing initialized
2025-08-29 12:29:56,556 [FATAL] Updater:351 - Updater called before beeing initialized
2025-08-29 12:29:56,556 [FATAL] Updater:351 - Updater called before beeing initialized
2025-08-29 12:29:56,557 [WARN] DetailPanel:346 - Failed to get advertising image, set to default
2025-08-29 12:29:56,557 [FATAL] Updater:351 - Updater called before beeing initialized
2025-08-29 12:29:56,593 [ERROR] Updater:1198 - MainUpdater not yet initialized. External WinMGr cannot be set.
2025-08-29 12:29:56,595 [INFO] Updater:1134 - Updater Version found : 6.14.1
2025-08-29 12:29:56,612 [INFO] ApplicationProperties:184 - Using Application install path: C:\ST\STM32CubeIDE_1.18.1\STM32CubeIDE\plugins\com.st.stm32cube.common.mx_6.14.1.202504091515
2025-08-29 12:29:58,184 [ERROR] LogOutputStream:75 - [STDERR_REDIRECT] Aug 29, 2025 12:29:58 PM java.util.prefs.WindowsPreferences <init>
2025-08-29 12:29:58,185 [ERROR] LogOutputStream:75 - [STDERR_REDIRECT] WARNING: Could not open/create prefs root node Software\JavaSoft\Prefs at root 0xffffffff80000002. Windows RegCreateKeyEx(...) returned error code 5.
2025-08-29 12:29:58,185 [ERROR] LogOutputStream:75 - [STDERR_REDIRECT] 
2025-08-29 12:29:58,477 [INFO] MainUpdater:2872 - connection check result : 10
2025-08-29 12:29:58,478 [INFO] MainUpdater:3566 - Updater definition file requires update
2025-08-29 12:29:58,478 [INFO] MainUpdater:289 - Updater Check For Update Now.
2025-08-29 12:29:58,478 [INFO] MicroXplorer:498 - Change Database Version : DB.6.0.141
2025-08-29 12:29:58,482 [INFO] McuFinderGlobals:63 - Set McuFinder mode to 2 (CubeIDE integrated)
2025-08-29 12:29:58,482 [INFO] UserAuth:171 - activating auth plugin
2025-08-29 12:29:58,484 [INFO] UserAuth:484 - Internet connection configuration mode: 1
2025-08-29 12:29:58,496 [INFO] JxBrowserEngine:152 - Initiate JxBrowser Engine with user profile folder
2025-08-29 12:29:58,554 [WARN] MainUpdater:1193 - Updater busy. Cannot search thirdparties
2025-08-29 12:29:58,554 [INFO] ThirdPartyUpdaterWithRetryManager:96 - Updater plugin is busy. [1/15]
2025-08-29 12:29:59,833 [INFO] WebApp:169 - Instantiating new browser for Auth
2025-08-29 12:30:00,120 [INFO] ServerAccessManage:473 - Download File updaters.zip
2025-08-29 12:30:00,288 [INFO] FileExtend:242 - Unzip File : updaters.zip
2025-08-29 12:30:00,288 [INFO] FileExtend:257 - Standard Zip Deflate
2025-08-29 12:30:00,366 [INFO] WebApp:463 - Apply proxy settings
2025-08-29 12:30:00,366 [INFO] WebApp:548 - Chromium requires no authentication
2025-08-29 12:30:00,377 [INFO] WebApp:491 - Direct internet connection detected
2025-08-29 12:30:00,406 [INFO] WebApp:894 - Register for checkConnection events
2025-08-29 12:30:00,407 [INFO] WebApp:463 - Apply proxy settings
2025-08-29 12:30:00,407 [INFO] WebApp:548 - Chromium requires no authentication
2025-08-29 12:30:00,407 [INFO] WebApp:491 - Direct internet connection detected
2025-08-29 12:30:00,562 [INFO] WebApp:225 - Starting web application
2025-08-29 12:30:00,562 [INFO] WebApp:593 - Web application path used C:\ST\STM32CubeIDE_1.18.1\STM32CubeIDE\plugins\com.st.stm32cube.common.mx_6.14.1.202504091515\db\plugins\mcufinder\reactClient1\index.html
2025-08-29 12:30:00,649 [INFO] WebApp:191 - Connection restablished
2025-08-29 12:30:01,474 [INFO] ServerAccessManage:473 - Download File PacksControlFlags.xml
2025-08-29 12:30:01,555 [WARN] MainUpdater:1193 - Updater busy. Cannot search thirdparties
2025-08-29 12:30:01,555 [INFO] ThirdPartyUpdaterWithRetryManager:96 - Updater plugin is busy. [2/15]
2025-08-29 12:30:02,301 [INFO] ServerAccessManage:473 - Download File cubemx.pidx
2025-08-29 12:30:02,374 [INFO] LoadServerUpdatesThread:375 - End of LoadServerUpdate Thread
2025-08-29 12:30:02,523 [INFO] CheckServerUpdateThread:120 - End of CheckServer Thread
2025-08-29 12:30:04,722 [WARN] PackLoader:240 - Cannot read IP mode file for STMicroelectronics.FP-SNS-MOTENVWB1.1.4.0
2025-08-29 12:30:04,727 [WARN] PackLoader:240 - Cannot read IP mode file for STMicroelectronics.FP-ATR-ASTRA1.2.0.2
2025-08-29 12:30:04,732 [WARN] PackLoader:240 - Cannot read IP mode file for STMicroelectronics.X-CUBE-SMBUS.2.1.0
2025-08-29 12:30:04,736 [WARN] PackLoader:240 - Cannot read IP mode file for STMicroelectronics.X-CUBE-ST60.1.0.0
2025-08-29 12:30:04,759 [WARN] PackLoader:240 - Cannot read IP mode file for STMicroelectronics.X-CUBE-AZRTOS-F7.1.1.0
2025-08-29 12:30:04,777 [WARN] PackLoader:240 - Cannot read IP mode file for Infineon.AIROC-Wi-Fi-Bluetooth-STM32.1.7.0
2025-08-29 12:30:04,794 [WARN] PackLoader:240 - Cannot read IP mode file for STMicroelectronics.X-CUBE-AZRTOS-H7.3.4.0
2025-08-29 12:30:04,803 [WARN] PackLoader:240 - Cannot read IP mode file for STMicroelectronics.X-CUBE-DISPLAY.3.0.0
2025-08-29 12:30:04,811 [WARN] PackLoader:240 - Cannot read IP mode file for STMicroelectronics.X-CUBE-NFC10.1.0.0
2025-08-29 12:30:04,816 [WARN] PackLoader:240 - Cannot read IP mode file for STMicroelectronics.X-CUBE-BLEMGR.4.0.0
2025-08-29 12:30:04,821 [WARN] PackLoader:240 - Cannot read IP mode file for emotas.I-CUBE-CANOPEN.1.3.0
2025-08-29 12:30:04,824 [WARN] ConditionMgr:438 - getConditionDescription Invalid condition id : Cortex-A Device cause : null
2025-08-29 12:30:04,833 [WARN] ConditionMgr:1044 - genDependencies : Invalid condition id : Cortex-A Device cause : null
2025-08-29 12:30:04,833 [WARN] ConditionMgr:1044 - genDependencies : Invalid condition id : Cortex-A Device cause : null
2025-08-29 12:30:04,834 [WARN] ConditionMgr:1044 - genDependencies : Invalid condition id : Cortex-A Device cause : null
2025-08-29 12:30:04,837 [ERROR] Engine:466 - C:\Users\TUF\.stm32cubemx\thirdparties\pdsc\STMicroelectronics.FP-SNS-STBOX1.2.1.0.pdsc: PDSC version is not supported
2025-08-29 12:30:04,840 [WARN] PackLoader:240 - Cannot read IP mode file for STMicroelectronics.FP-SNS-SMARTAG2.1.2.0
2025-08-29 12:30:04,843 [WARN] PackLoader:240 - Cannot read IP mode file for STMicroelectronics.FP-SNS-FLIGHT1.5.1.0
2025-08-29 12:30:04,849 [INFO] LogOutputStream:77 - [STDOUT_REDIRECT] 1 : Invalid condition id : UX_CORESTACK_Condition cause : null
2025-08-29 12:30:04,849 [INFO] LogOutputStream:77 - [STDOUT_REDIRECT] 1 : Invalid condition id : UX_CORESTACK_Condition cause : null
2025-08-29 12:30:04,850 [INFO] LogOutputStream:77 - [STDOUT_REDIRECT] 1 : Invalid condition id : UX_CORESTACK_Condition cause : null
2025-08-29 12:30:04,851 [INFO] LogOutputStream:77 - [STDOUT_REDIRECT] 1 : Invalid condition id : UX_CORESTACK_Condition cause : null
2025-08-29 12:30:04,851 [INFO] LogOutputStream:77 - [STDOUT_REDIRECT] 1 : Invalid condition id : UX_CORESTACK_Condition cause : null
2025-08-29 12:30:04,853 [WARN] PackLoader:240 - Cannot read IP mode file for STMicroelectronics.X-CUBE-AZRTOS-WL.2.0.0
2025-08-29 12:30:04,856 [WARN] PackLoader:240 - Cannot read IP mode file for STMicroelectronics.FP-SNS-MOTENV1.5.0.0
2025-08-29 12:30:04,862 [WARN] PackLoader:240 - Cannot read IP mode file for WES.I-CUBE-Cesium.1.3.0
2025-08-29 12:30:04,865 [WARN] PackLoader:240 - Cannot read IP mode file for STMicroelectronics.X-CUBE-BLE2.3.3.0
2025-08-29 12:30:04,868 [WARN] PackLoader:240 - Cannot read IP mode file for STMicroelectronics.X-CUBE-NFC9.1.0.0
2025-08-29 12:30:04,872 [WARN] PackLoader:240 - Cannot read IP mode file for wolfSSL.I-CUBE-wolfSSL.5.8.0
2025-08-29 12:30:04,875 [WARN] PackLoader:240 - Cannot read IP mode file for STMicroelectronics.X-CUBE-BLE1.7.1.0
2025-08-29 12:30:04,877 [WARN] PackLoader:240 - Cannot read IP mode file for wolfSSL.I-CUBE-wolfMQTT.1.19.2
2025-08-29 12:30:04,881 [WARN] PackLoader:240 - Cannot read IP mode file for STMicroelectronics.X-CUBE-EEPRMA1.5.2.0
2025-08-29 12:30:04,885 [WARN] PackLoader:240 - Cannot read IP mode file for STMicroelectronics.X-CUBE-AI.10.1.0
2025-08-29 12:30:04,893 [WARN] PackLoader:240 - Cannot read IP mode file for STMicroelectronics.X-CUBE-AZRTOS-G0.1.1.0
2025-08-29 12:30:04,897 [WARN] PackLoader:240 - Cannot read IP mode file for STMicroelectronics.X-CUBE-SAFEA1.1.2.2
2025-08-29 12:30:04,901 [WARN] PackLoader:240 - Cannot read IP mode file for STMicroelectronics.X-CUBE-NFC4.3.0.0
2025-08-29 12:30:04,906 [WARN] PackLoader:240 - Cannot read IP mode file for EmbeddedOffice.I-CUBE-FS-RTOS.1.0.1
2025-08-29 12:30:04,910 [WARN] PackLoader:240 - Cannot read IP mode file for STMicroelectronics.X-CUBE-WB05N.2.0.0
2025-08-29 12:30:04,912 [WARN] PackLoader:240 - Cannot read IP mode file for wolfSSL.I-CUBE-wolfTPM.3.8.0
2025-08-29 12:30:04,917 [WARN] PackLoader:240 - Cannot read IP mode file for STMicroelectronics.X-CUBE-TCPP.4.2.0
2025-08-29 12:30:04,920 [WARN] PackLoader:240 - Cannot read IP mode file for RealThread.X-CUBE-RT-Thread_Nano.4.1.1
2025-08-29 12:30:04,924 [WARN] PackLoader:240 - Cannot read IP mode file for STMicroelectronics.FP-ATR-SIGFOX1.3.2.0
2025-08-29 12:30:04,926 [WARN] PackLoader:240 - Cannot read IP mode file for STMicroelectronics.X-CUBE-EEPRMA1.5.1.0
2025-08-29 12:30:04,932 [WARN] PackLoader:240 - Cannot read IP mode file for ITTIA_DB.I-CUBE-ITTIADB.8.9.0
2025-08-29 12:30:04,935 [WARN] PackLoader:240 - Cannot read IP mode file for STMicroelectronics.X-CUBE-ST67W61.1.0.0
2025-08-29 12:30:04,938 [WARN] PackLoader:240 - Cannot read IP mode file for STMicroelectronics.X-CUBE-AI.10.2.0
2025-08-29 12:30:04,950 [WARN] PackLoader:240 - Cannot read IP mode file for SEGGER.I-CUBE-embOS.1.3.1
2025-08-29 12:30:04,977 [WARN] PackLoader:240 - Cannot read IP mode file for STMicroelectronics.X-CUBE-ALGOBUILD.1.4.0
2025-08-29 12:30:04,995 [WARN] PackLoader:240 - Cannot read IP mode file for STMicroelectronics.X-CUBE-MEMS1.11.3.0
2025-08-29 12:30:05,045 [WARN] PackLoader:240 - Cannot read IP mode file for STMicroelectronics.X-CUBE-PM33A1.1.0.0
2025-08-29 12:30:05,052 [WARN] PackLoader:240 - Cannot read IP mode file for STMicroelectronics.X-CUBE-AZRTOS-F4.1.1.0
2025-08-29 12:30:05,058 [WARN] PackLoader:240 - Cannot read IP mode file for Avnet-IotConnect.X-CUBE-IoTC-DA16k-PMOD.1.0.0
2025-08-29 12:30:05,060 [WARN] PackLoader:240 - Cannot read IP mode file for STMicroelectronics.X-CUBE-ISPU.2.1.0
2025-08-29 12:30:05,064 [WARN] PackLoader:240 - Cannot read IP mode file for STMicroelectronics.X-CUBE-NFC12.1.0.0
2025-08-29 12:30:05,072 [WARN] PackLoader:240 - Cannot read IP mode file for STMicroelectronics.X-CUBE-AZRTOS-L5.2.0.0
2025-08-29 12:30:05,078 [WARN] PackLoader:240 - Cannot read IP mode file for STMicroelectronics.X-CUBE-NFC6.3.1.0
2025-08-29 12:30:05,083 [WARN] PackLoader:240 - Cannot read IP mode file for STMicroelectronics.X-CUBE-FREERTOS.1.3.1
2025-08-29 12:30:05,087 [WARN] PackLoader:240 - Cannot read IP mode file for STMicroelectronics.FP-SNS-STAIOTCFT.1.0.0
2025-08-29 12:30:05,091 [WARN] PackLoader:240 - Cannot read IP mode file for STMicroelectronics.X-CUBE-DPower.1.3.0
2025-08-29 12:30:05,099 [WARN] ConditionMgr:438 - getConditionDescription Invalid condition id : LAN8742 Phy interface Condition cause : null
2025-08-29 12:30:05,099 [WARN] PackLoader:240 - Cannot read IP mode file for STMicroelectronics.X-CUBE-AZRTOS-L4.2.0.0
2025-08-29 12:30:05,100 [WARN] ConditionMgr:1044 - genDependencies : Invalid condition id : LAN8742 Phy interface Condition cause : null
2025-08-29 12:30:05,100 [WARN] ConditionMgr:1044 - genDependencies : Invalid condition id : LAN8742 Phy interface Condition cause : null
2025-08-29 12:30:05,100 [WARN] ConditionMgr:1044 - genDependencies : Invalid condition id : LAN8742 Phy interface Condition cause : null
2025-08-29 12:30:05,105 [WARN] PackLoader:240 - Cannot read IP mode file for STMicroelectronics.X-CUBE-SFXS2LP1.4.0.0
2025-08-29 12:30:05,113 [WARN] PackLoader:240 - Cannot read IP mode file for STMicroelectronics.X-CUBE-AZRTOS-H7.3.3.0
2025-08-29 12:30:05,120 [WARN] PackLoader:240 - Cannot read IP mode file for STMicroelectronics.X-CUBE-BLEMGR.4.1.0
2025-08-29 12:30:05,127 [WARN] ConditionMgr:438 - getConditionDescription Invalid condition id : UX DEVICE CLASS RTOS Condition cause : null
2025-08-29 12:30:05,127 [WARN] ConditionMgr:438 - getConditionDescription Invalid condition id : UX DEVICE CLASS RTOS Condition cause : null
2025-08-29 12:30:05,127 [WARN] PackLoader:240 - Cannot read IP mode file for STMicroelectronics.X-CUBE-AZRTOS-WB.2.0.0
2025-08-29 12:30:05,128 [WARN] ConditionMgr:1044 - genDependencies : Invalid condition id : UX DEVICE CLASS RTOS Condition cause : null
2025-08-29 12:30:05,128 [WARN] ConditionMgr:1044 - genDependencies : Invalid condition id : UX DEVICE CLASS RTOS Condition cause : null
2025-08-29 12:30:05,128 [WARN] ConditionMgr:1044 - genDependencies : Invalid condition id : UX DEVICE CLASS RTOS Condition cause : null
2025-08-29 12:30:05,128 [WARN] ConditionMgr:1044 - genDependencies : Invalid condition id : UX DEVICE CLASS RTOS Condition cause : null
2025-08-29 12:30:05,128 [WARN] ConditionMgr:1044 - genDependencies : Invalid condition id : UX DEVICE CLASS RTOS Condition cause : null
2025-08-29 12:30:05,132 [WARN] PackLoader:240 - Cannot read IP mode file for STMicroelectronics.X-CUBE-GNSS1.7.0.1
2025-08-29 12:30:05,137 [WARN] PackLoader:240 - Cannot read IP mode file for STMicroelectronics.X-CUBE-TOUCHGFX.4.25.0
2025-08-29 12:30:05,141 [WARN] PackLoader:240 - Cannot read IP mode file for STMicroelectronics.FP-SNS-STBOX1.2.0.0
2025-08-29 12:30:05,154 [WARN] PackLoader:240 - Cannot read IP mode file for STMicroelectronics.X-CUBE-SUBG2.5.0.0
2025-08-29 12:30:05,168 [WARN] PackLoader:240 - Cannot read IP mode file for STMicroelectronics.X-CUBE-AZRTOS-H7RS.1.1.0
2025-08-29 12:30:05,174 [WARN] PackLoader:240 - Cannot read IP mode file for Cesanta.I-CUBE-Mongoose.7.13.0
2025-08-29 12:30:05,190 [WARN] PackLoader:240 - Cannot read IP mode file for STMicroelectronics.X-CUBE-AZRTOS-G4.2.0.0
2025-08-29 12:30:05,195 [WARN] PackLoader:240 - Cannot read IP mode file for wolfSSL.I-CUBE-wolfSSH.1.4.20
2025-08-29 12:30:05,198 [WARN] PackLoader:240 - Cannot read IP mode file for STMicroelectronics.X-CUBE-NFC7.2.0.0
2025-08-29 12:30:05,206 [WARN] PackLoader:240 - Cannot read IP mode file for STMicroelectronics.X-CUBE-IPS.3.1.0
2025-08-29 12:30:05,212 [WARN] PackLoader:240 - Cannot read IP mode file for STMicroelectronics.X-CUBE-ALS.1.0.2
2025-08-29 12:30:05,216 [WARN] PackLoader:240 - Cannot read IP mode file for portGmbH.I-Cube-SoM-uGOAL.1.1.0
2025-08-29 12:30:05,220 [WARN] PackLoader:240 - Cannot read IP mode file for STMicroelectronics.X-CUBE-TOF1.3.4.3
2025-08-29 12:30:05,229 [INFO] ThirdParty:978 - Integrity check success = true
2025-08-29 12:30:05,229 [INFO] IntegrityCheckThread:100 - exiting critical section [integrity check]
2025-08-29 12:30:05,229 [INFO] IntegrityCheckThread:103 - End integrity checks thread
2025-08-29 13:02:07,881 [ERROR] LogOutputStream:75 - [STDERR_REDIRECT] 
2025-08-29 13:02:07,882 [ERROR] LogOutputStream:75 - [STDERR_REDIRECT] 
