2025-08-27 01:17:34,662 [INFO] Activator:176 - 


2025-08-27 01:17:34,675 [INFO] Activator:177 - !SESSION log4j initialized
2025-08-27 01:17:40,875 [INFO] LogOutputStream:77 - [STDOUT_REDIRECT] 
2025-08-27 01:17:53,039 [INFO] ApplicationProperties:184 - Using Application install path: C:\ST\STM32CubeIDE_1.18.1\STM32CubeIDE\plugins\com.st.stm32cube.common.mx_6.14.1.202504091515
2025-08-27 01:17:53,051 [INFO] DbMcusXml:78 - Set database path to: C:\ST\STM32CubeIDE_1.18.1\STM32CubeIDE\plugins\com.st.stm32cube.common.mx_6.14.1.202504091515\\db\/mcu/
2025-08-27 01:17:53,051 [INFO] ApiDb:274 - Set plugin database path to: C:\ST\STM32CubeIDE_1.18.1\STM32CubeIDE\plugins\com.st.stm32cube.common.mx_6.14.1.202504091515\\db\/plugins/boardmanager/
2025-08-27 01:17:53,052 [WARN] ApiDb:259 - Overriding images path with different value:  => C:\ST\STM32CubeIDE_1.18.1\STM32CubeIDE\plugins\com.st.stm32cube.common.mx_6.14.1.202504091515\\db\/plugins/mcufinder/images/
2025-08-27 01:17:53,060 [INFO] ApiDb:250 - Set database path to: C:\Users\TUF\.stmcufinder\plugins\mcufinder//mcu/
2025-08-27 01:17:53,060 [INFO] DbMcusAds:125 - Set database path to: C:\Users\TUF\.stmcufinder\plugins\mcufinder//mcu/
2025-08-27 01:17:53,062 [INFO] CrossReferenceDbSqlite:203 - Set database path to: C:\Users\TUF\.stmcufinder\plugins\mcufinder//mcu/cs/
2025-08-27 01:17:53,147 [INFO] RulesReader:64 - Compatibility file has been processed (302 Rules)
2025-08-27 01:17:53,230 [INFO] DbMcusXml:78 - Set database path to: C:\ST\STM32CubeIDE_1.18.1\STM32CubeIDE\plugins\com.st.stm32cube.common.mx_6.14.1.202504091515\\db\/mcu/
2025-08-27 01:17:53,230 [INFO] ApiDb:274 - Set plugin database path to: C:\ST\STM32CubeIDE_1.18.1\STM32CubeIDE\plugins\com.st.stm32cube.common.mx_6.14.1.202504091515\\db\/plugins/boardmanager/
2025-08-27 01:17:53,230 [INFO] ApiDb:261 - Set plugin images path to: C:\ST\STM32CubeIDE_1.18.1\STM32CubeIDE\plugins\com.st.stm32cube.common.mx_6.14.1.202504091515\\db\/plugins/mcufinder/images/
2025-08-27 01:17:53,231 [WARN] DbFile:41 - Overriding database path with different value: C:\Users\TUF\.stmcufinder\plugins\mcufinder/ => C:\Users\TUF\.stmcufinder\plugins\mcufinder
2025-08-27 01:17:53,231 [INFO] ApiDb:250 - Set database path to: C:\Users\TUF\.stmcufinder\plugins\mcufinder//mcu/
2025-08-27 01:17:53,231 [WARN] DbFile:41 - Overriding database path with different value: C:\Users\TUF\.stmcufinder\plugins\mcufinder/ => C:\Users\TUF\.stmcufinder\plugins\mcufinder
2025-08-27 01:17:53,231 [INFO] DbMcusAds:125 - Set database path to: C:\Users\TUF\.stmcufinder\plugins\mcufinder//mcu/
2025-08-27 01:17:53,231 [WARN] DbFile:41 - Overriding database path with different value: C:\Users\TUF\.stmcufinder\plugins\mcufinder/ => C:\Users\TUF\.stmcufinder\plugins\mcufinder
2025-08-27 01:17:53,231 [WARN] DbFile:41 - Overriding database path with different value: C:\Users\TUF\.stmcufinder\plugins\mcufinder/ => C:\Users\TUF\.stmcufinder\plugins\mcufinder
2025-08-27 01:17:53,231 [INFO] CrossReferenceDbSqlite:203 - Set database path to: C:\Users\TUF\.stmcufinder\plugins\mcufinder//mcu/cs/
2025-08-27 01:17:53,283 [INFO] MainPanel:272 - HeapMemory: 268435456
2025-08-27 01:17:53,351 [INFO] DbMcusXml:78 - Set database path to: C:\ST\STM32CubeIDE_1.18.1\STM32CubeIDE\plugins\com.st.stm32cube.common.mx_6.14.1.202504091515\\db\/mcu/
2025-08-27 01:17:53,351 [INFO] ApiDb:274 - Set plugin database path to: C:\ST\STM32CubeIDE_1.18.1\STM32CubeIDE\plugins\com.st.stm32cube.common.mx_6.14.1.202504091515\\db\/plugins/boardmanager/
2025-08-27 01:17:53,351 [INFO] ApiDb:261 - Set plugin images path to: C:\ST\STM32CubeIDE_1.18.1\STM32CubeIDE\plugins\com.st.stm32cube.common.mx_6.14.1.202504091515\\db\/plugins/mcufinder/images/
2025-08-27 01:17:53,352 [WARN] DbFile:41 - Overriding database path with different value: C:\Users\TUF\.stmcufinder\plugins\mcufinder/ => C:\Users\TUF\.stmcufinder\plugins\mcufinder
2025-08-27 01:17:53,352 [INFO] ApiDb:250 - Set database path to: C:\Users\TUF\.stmcufinder\plugins\mcufinder//mcu/
2025-08-27 01:17:53,352 [WARN] DbFile:41 - Overriding database path with different value: C:\Users\TUF\.stmcufinder\plugins\mcufinder/ => C:\Users\TUF\.stmcufinder\plugins\mcufinder
2025-08-27 01:17:53,352 [INFO] DbMcusAds:125 - Set database path to: C:\Users\TUF\.stmcufinder\plugins\mcufinder//mcu/
2025-08-27 01:17:53,353 [WARN] DbFile:41 - Overriding database path with different value: C:\Users\TUF\.stmcufinder\plugins\mcufinder/ => C:\Users\TUF\.stmcufinder\plugins\mcufinder
2025-08-27 01:17:53,353 [WARN] DbFile:41 - Overriding database path with different value: C:\Users\TUF\.stmcufinder\plugins\mcufinder/ => C:\Users\TUF\.stmcufinder\plugins\mcufinder
2025-08-27 01:17:53,353 [INFO] CrossReferenceDbSqlite:203 - Set database path to: C:\Users\TUF\.stmcufinder\plugins\mcufinder//mcu/cs/
2025-08-27 01:17:53,365 [INFO] ApplicationProperties:184 - Using Application install path: C:\ST\STM32CubeIDE_1.18.1\STM32CubeIDE\plugins\com.st.stm32cube.common.mx_6.14.1.202504091515
2025-08-27 01:17:53,366 [INFO] PluginManage:196 - Search for loadable plugins [exclusion list=, ]
2025-08-27 01:17:53,367 [INFO] PluginManage:310 - Check plugin analytics
2025-08-27 01:17:53,506 [INFO] AnalyticsPlugin:253 - Accepted Software Licenses: 
2025-08-27 01:17:53,506 [INFO] AnalyticsPlugin:255 - Accepted CMSIS Pack Licenses: 
2025-08-27 01:17:53,506 [INFO] AnalyticsPlugin:257 - Accepted Firmware Licenses: 
2025-08-27 01:17:53,516 [INFO] PluginManage:359 - Loaded plugin analytics (category:tool,tabindex:-1)
2025-08-27 01:17:53,516 [INFO] PluginManage:310 - Check plugin cadmodel
2025-08-27 01:17:53,520 [INFO] CADModel:105 - Init CAD model plugin
2025-08-27 01:17:53,520 [INFO] PluginManage:359 - Loaded plugin cadmodel (category:power,tabindex:5)
2025-08-27 01:17:53,520 [INFO] PluginManage:310 - Check plugin clock
2025-08-27 01:17:53,527 [INFO] PluginManage:359 - Loaded plugin clock (category:base,tabindex:2)
2025-08-27 01:17:53,528 [INFO] PluginManage:310 - Check plugin ddr
2025-08-27 01:17:53,529 [INFO] PluginManage:359 - Loaded plugin ddr (category:tool,tabindex:6)
2025-08-27 01:17:53,529 [INFO] PluginManage:310 - Check plugin filemanager
2025-08-27 01:17:53,625 [INFO] PluginManage:359 - Loaded plugin filemanager (category:base,tabindex:10)
2025-08-27 01:17:53,626 [INFO] PluginManage:310 - Check plugin ipmanager
2025-08-27 01:17:53,631 [INFO] PluginManage:359 - Loaded plugin ipmanager (category:base,tabindex:5)
2025-08-27 01:17:53,631 [INFO] PluginManage:310 - Check plugin lpbam
2025-08-27 01:17:53,638 [INFO] PluginManage:359 - Loaded plugin lpbam (category:base,tabindex:0)
2025-08-27 01:17:53,638 [INFO] PluginManage:310 - Check plugin memorymap
2025-08-27 01:17:53,650 [INFO] PluginManage:359 - Loaded plugin memorymap (category:base,tabindex:4)
2025-08-27 01:17:53,650 [INFO] PluginManage:310 - Check plugin pinoutandconfiguration
2025-08-27 01:17:53,656 [INFO] PluginManage:359 - Loaded plugin pinoutandconfiguration (category:base,tabindex:1)
2025-08-27 01:17:53,656 [INFO] PluginManage:310 - Check plugin pinoutconfig
2025-08-27 01:17:53,721 [WARN] SupportedApi:132 - Cannot load RTOS API schema: s4s-elt-must-match.1: The content of 'definitions' must match (annotation?, (simpleType | complexType)?, (unique | key | keyref)*)). A problem was found starting at: attribute.
2025-08-27 01:17:53,810 [INFO] PluginManage:359 - Loaded plugin pinoutconfig (category:base,tabindex:0)
2025-08-27 01:17:53,811 [INFO] PluginManage:310 - Check plugin power
2025-08-27 01:17:53,817 [INFO] PluginManage:359 - Loaded plugin power (category:power,tabindex:4)
2025-08-27 01:17:53,817 [INFO] PluginManage:310 - Check plugin projectmanager
2025-08-27 01:17:53,827 [INFO] PluginManage:359 - Loaded plugin projectmanager (category:projectmanager,tabindex:4)
2025-08-27 01:17:53,827 [INFO] PluginManage:310 - Check plugin rif
2025-08-27 01:17:53,832 [INFO] PluginManage:359 - Loaded plugin rif (category:base,tabindex:3)
2025-08-27 01:17:53,832 [INFO] PluginManage:310 - Check plugin thirdparty
2025-08-27 01:17:53,930 [INFO] PluginManage:359 - Loaded plugin thirdparty (category:base,tabindex:-1)
2025-08-27 01:17:53,930 [WARN] IntegrityCheckThread:84 - waiting for thirdparty lock release [integrity check]
2025-08-27 01:17:53,930 [INFO] PluginManage:310 - Check plugin tools
2025-08-27 01:17:53,931 [INFO] IntegrityCheckThread:86 - entering critical section [integrity check]
2025-08-27 01:17:53,931 [INFO] ThirdPartyUpdaterWithRetryManager:70 - Updater plugin not ready yet. [1/15]
2025-08-27 01:17:53,933 [INFO] PluginManage:359 - Loaded plugin tools (category:base,tabindex:7)
2025-08-27 01:17:53,933 [INFO] PluginManage:310 - Check plugin tutovideos
2025-08-27 01:17:54,044 [INFO] PluginManage:359 - Loaded plugin tutovideos (category:base,tabindex:-1)
2025-08-27 01:17:54,044 [INFO] PluginManage:310 - Check plugin updater
2025-08-27 01:17:54,059 [INFO] PluginManage:359 - Loaded plugin updater (category:base,tabindex:12)
2025-08-27 01:17:54,059 [INFO] PluginManage:310 - Check plugin userauth
2025-08-27 01:17:54,062 [INFO] UserAuth:118 - Init User Auth plugin
2025-08-27 01:17:54,062 [INFO] PluginManage:359 - Loaded plugin userauth (category:base,tabindex:14)
2025-08-27 01:17:54,062 [INFO] PluginManage:283 - PluginManage : Loaded plugins [18]
2025-08-27 01:17:54,197 [INFO] PinOutPanel:1589 - setPackage(No Configuration,No Configuration)
2025-08-27 01:17:54,256 [INFO] CADModel:165 - CPN selected for project level
2025-08-27 01:17:54,256 [INFO] CADModel:114 - Register for checkConnection events
2025-08-27 01:17:54,269 [INFO] IPUIPlugin:80 - create IPUIPlugin
2025-08-27 01:17:54,269 [INFO] PluginManager:220 - loadIPPluginJar : add adc
2025-08-27 01:17:54,271 [INFO] IPUIPlugin:80 - create IPUIPlugin
2025-08-27 01:17:54,271 [INFO] PluginManager:220 - loadIPPluginJar : add aes
2025-08-27 01:17:54,273 [INFO] IPUIPlugin:80 - create IPUIPlugin
2025-08-27 01:17:54,273 [INFO] PluginManager:220 - loadIPPluginJar : add can
2025-08-27 01:17:54,275 [INFO] IPUIPlugin:80 - create IPUIPlugin
2025-08-27 01:17:54,275 [INFO] PluginManager:220 - loadIPPluginJar : add comp
2025-08-27 01:17:54,276 [INFO] IPUIPlugin:80 - create IPUIPlugin
2025-08-27 01:17:54,276 [INFO] PluginManager:220 - loadIPPluginJar : add cryp
2025-08-27 01:17:54,278 [INFO] IPUIPlugin:80 - create IPUIPlugin
2025-08-27 01:17:54,279 [INFO] PluginManager:220 - loadIPPluginJar : add ddr_ctrl_phy
2025-08-27 01:17:54,280 [INFO] IPUIPlugin:80 - create IPUIPlugin
2025-08-27 01:17:54,280 [INFO] PluginManager:220 - loadIPPluginJar : add dfsdm
2025-08-27 01:17:54,286 [INFO] IPUIPlugin:80 - create IPUIPlugin
2025-08-27 01:17:54,286 [INFO] PluginManager:220 - loadIPPluginJar : add dma
2025-08-27 01:17:54,289 [INFO] IPUIPlugin:80 - create IPUIPlugin
2025-08-27 01:17:54,289 [INFO] PluginManager:220 - loadIPPluginJar : add dma3
2025-08-27 01:17:54,291 [INFO] IPUIPlugin:80 - create IPUIPlugin
2025-08-27 01:17:54,291 [INFO] PluginManager:220 - loadIPPluginJar : add extmemmanager
2025-08-27 01:17:54,293 [INFO] IPUIPlugin:80 - create IPUIPlugin
2025-08-27 01:17:54,293 [INFO] PluginManager:220 - loadIPPluginJar : add fatfs
2025-08-27 01:17:54,297 [INFO] IPUIPlugin:80 - create IPUIPlugin
2025-08-27 01:17:54,297 [INFO] PluginManager:220 - loadIPPluginJar : add fmc
2025-08-27 01:17:54,302 [INFO] IPUIPlugin:80 - create IPUIPlugin
2025-08-27 01:17:54,302 [INFO] PluginManager:220 - loadIPPluginJar : add freertos
2025-08-27 01:17:54,303 [INFO] IPUIPlugin:80 - create IPUIPlugin
2025-08-27 01:17:54,303 [INFO] PluginManager:220 - loadIPPluginJar : add genericplugin
2025-08-27 01:17:54,305 [INFO] IPUIPlugin:80 - create IPUIPlugin
2025-08-27 01:17:54,305 [INFO] PluginManager:220 - loadIPPluginJar : add gfxmmu
2025-08-27 01:17:54,308 [INFO] IPUIPlugin:80 - create IPUIPlugin
2025-08-27 01:17:54,308 [INFO] PluginManager:220 - loadIPPluginJar : add gic
2025-08-27 01:17:54,311 [INFO] IPUIPlugin:80 - create IPUIPlugin
2025-08-27 01:17:54,311 [INFO] PluginManager:220 - loadIPPluginJar : add gpio
2025-08-27 01:17:54,313 [INFO] IPUIPlugin:80 - create IPUIPlugin
2025-08-27 01:17:54,313 [INFO] PluginManager:220 - loadIPPluginJar : add gtzc
2025-08-27 01:17:54,315 [INFO] IPUIPlugin:80 - create IPUIPlugin
2025-08-27 01:17:54,315 [INFO] PluginManager:220 - loadIPPluginJar : add hash
2025-08-27 01:17:54,317 [INFO] IPUIPlugin:80 - create IPUIPlugin
2025-08-27 01:17:54,317 [INFO] PluginManager:220 - loadIPPluginJar : add i2c
2025-08-27 01:17:54,319 [INFO] IPUIPlugin:80 - create IPUIPlugin
2025-08-27 01:17:54,319 [INFO] PluginManager:220 - loadIPPluginJar : add i2s
2025-08-27 01:17:54,321 [INFO] IPUIPlugin:80 - create IPUIPlugin
2025-08-27 01:17:54,321 [INFO] PluginManager:220 - loadIPPluginJar : add i3c
2025-08-27 01:17:54,324 [INFO] IPUIPlugin:80 - create IPUIPlugin
2025-08-27 01:17:54,324 [INFO] PluginManager:220 - loadIPPluginJar : add ipddr
2025-08-27 01:17:54,329 [INFO] IPUIPlugin:80 - create IPUIPlugin
2025-08-27 01:17:54,329 [INFO] PluginManager:220 - loadIPPluginJar : add linkedlist
2025-08-27 01:17:54,333 [INFO] IPUIPlugin:80 - create IPUIPlugin
2025-08-27 01:17:54,333 [INFO] PluginManager:220 - loadIPPluginJar : add lorawan
2025-08-27 01:17:54,334 [INFO] IPUIPlugin:80 - create IPUIPlugin
2025-08-27 01:17:54,334 [INFO] PluginManager:220 - loadIPPluginJar : add ltdc
2025-08-27 01:17:54,338 [INFO] IPUIPlugin:80 - create IPUIPlugin
2025-08-27 01:17:54,338 [INFO] PluginManager:220 - loadIPPluginJar : add mdma
2025-08-27 01:17:54,341 [INFO] IPUIPlugin:80 - create IPUIPlugin
2025-08-27 01:17:54,341 [INFO] PluginManager:220 - loadIPPluginJar : add nvic
2025-08-27 01:17:54,342 [INFO] IPUIPlugin:80 - create IPUIPlugin
2025-08-27 01:17:54,342 [INFO] PluginManager:220 - loadIPPluginJar : add opamp
2025-08-27 01:17:54,344 [INFO] IPUIPlugin:80 - create IPUIPlugin
2025-08-27 01:17:54,344 [INFO] PluginManager:220 - loadIPPluginJar : add openamp
2025-08-27 01:17:54,346 [INFO] IPUIPlugin:80 - create IPUIPlugin
2025-08-27 01:17:54,346 [INFO] PluginManager:220 - loadIPPluginJar : add pdm2pcm
2025-08-27 01:17:54,350 [INFO] IPUIPlugin:80 - create IPUIPlugin
2025-08-27 01:17:54,351 [INFO] PluginManager:220 - loadIPPluginJar : add plateformsettings
2025-08-27 01:17:54,353 [INFO] IPUIPlugin:80 - create IPUIPlugin
2025-08-27 01:17:54,353 [INFO] PluginManager:220 - loadIPPluginJar : add quadspi
2025-08-27 01:17:54,354 [INFO] IPUIPlugin:80 - create IPUIPlugin
2025-08-27 01:17:54,354 [INFO] PluginManager:220 - loadIPPluginJar : add radio
2025-08-27 01:17:54,356 [INFO] IPUIPlugin:80 - create IPUIPlugin
2025-08-27 01:17:54,356 [INFO] PluginManager:220 - loadIPPluginJar : add resmgrutility
2025-08-27 01:17:54,359 [INFO] IPUIPlugin:80 - create IPUIPlugin
2025-08-27 01:17:54,359 [INFO] PluginManager:220 - loadIPPluginJar : add sai
2025-08-27 01:17:54,361 [INFO] IPUIPlugin:80 - create IPUIPlugin
2025-08-27 01:17:54,361 [INFO] PluginManager:220 - loadIPPluginJar : add spi
2025-08-27 01:17:54,365 [INFO] IPUIPlugin:80 - create IPUIPlugin
2025-08-27 01:17:54,365 [INFO] PluginManager:220 - loadIPPluginJar : add stm32_wpan
2025-08-27 01:17:54,366 [INFO] IPUIPlugin:80 - create IPUIPlugin
2025-08-27 01:17:54,366 [INFO] PluginManager:220 - loadIPPluginJar : add tim
2025-08-27 01:17:54,369 [INFO] IPUIPlugin:80 - create IPUIPlugin
2025-08-27 01:17:54,369 [INFO] PluginManager:220 - loadIPPluginJar : add touchsensing
2025-08-27 01:17:54,371 [INFO] IPUIPlugin:80 - create IPUIPlugin
2025-08-27 01:17:54,371 [INFO] PluginManager:220 - loadIPPluginJar : add tracer_emb
2025-08-27 01:17:54,372 [INFO] IPUIPlugin:80 - create IPUIPlugin
2025-08-27 01:17:54,372 [INFO] PluginManager:220 - loadIPPluginJar : add ts
2025-08-27 01:17:54,373 [INFO] IPUIPlugin:80 - create IPUIPlugin
2025-08-27 01:17:54,374 [INFO] PluginManager:220 - loadIPPluginJar : add tsc
2025-08-27 01:17:54,375 [INFO] IPUIPlugin:80 - create IPUIPlugin
2025-08-27 01:17:54,375 [INFO] PluginManager:220 - loadIPPluginJar : add ucpd
2025-08-27 01:17:54,377 [INFO] IPUIPlugin:80 - create IPUIPlugin
2025-08-27 01:17:54,377 [INFO] PluginManager:220 - loadIPPluginJar : add usart
2025-08-27 01:17:54,379 [INFO] IPUIPlugin:80 - create IPUIPlugin
2025-08-27 01:17:54,379 [INFO] PluginManager:220 - loadIPPluginJar : add usbx
2025-08-27 01:17:54,484 [FATAL] Updater:351 - Updater called before beeing initialized
2025-08-27 01:17:54,502 [INFO] RulesReader:64 - Compatibility file has been processed (302 Rules)
2025-08-27 01:17:54,510 [INFO] RulesReader:64 - Compatibility file has been processed (302 Rules)
2025-08-27 01:17:54,516 [INFO] CADModel:165 - CPN selected for project level
2025-08-27 01:17:54,517 [INFO] CADModel:114 - Register for checkConnection events
2025-08-27 01:17:54,517 [FATAL] Updater:351 - Updater called before beeing initialized
2025-08-27 01:17:54,517 [ERROR] CADModel:125 - Updater not yet initialized, retry later 
2025-08-27 01:17:54,622 [FATAL] Updater:351 - Updater called before beeing initialized
2025-08-27 01:17:54,624 [INFO] CADModel:165 - CPN selected for project level
2025-08-27 01:17:54,624 [INFO] CADModel:114 - Register for checkConnection events
2025-08-27 01:17:54,624 [FATAL] Updater:351 - Updater called before beeing initialized
2025-08-27 01:17:54,624 [ERROR] CADModel:125 - Updater not yet initialized, retry later 
2025-08-27 01:17:54,626 [FATAL] Updater:351 - Updater called before beeing initialized
2025-08-27 01:17:54,692 [FATAL] Updater:351 - Updater called before beeing initialized
2025-08-27 01:17:54,695 [INFO] DbMcusAds:53 - JSON generation date=Tue Jul 08 16:14:23 CST 2025 (1751962463593)
2025-08-27 01:17:54,695 [FATAL] Updater:351 - Updater called before beeing initialized
2025-08-27 01:17:54,719 [WARN] DetailPanel:346 - Failed to get advertising image, set to default
2025-08-27 01:17:54,867 [FATAL] Updater:351 - Updater called before beeing initialized
2025-08-27 01:17:54,870 [FATAL] Updater:351 - Updater called before beeing initialized
2025-08-27 01:17:54,870 [FATAL] Updater:351 - Updater called before beeing initialized
2025-08-27 01:17:54,870 [WARN] DetailPanel:346 - Failed to get advertising image, set to default
2025-08-27 01:17:54,871 [FATAL] Updater:351 - Updater called before beeing initialized
2025-08-27 01:17:54,899 [ERROR] Updater:1198 - MainUpdater not yet initialized. External WinMGr cannot be set.
2025-08-27 01:17:54,901 [INFO] Updater:1134 - Updater Version found : 6.14.1
2025-08-27 01:17:54,915 [INFO] ApplicationProperties:184 - Using Application install path: C:\ST\STM32CubeIDE_1.18.1\STM32CubeIDE\plugins\com.st.stm32cube.common.mx_6.14.1.202504091515
2025-08-27 01:17:56,484 [ERROR] LogOutputStream:75 - [STDERR_REDIRECT] Aug 27, 2025 1:17:56 AM java.util.prefs.WindowsPreferences <init>
2025-08-27 01:17:56,485 [ERROR] LogOutputStream:75 - [STDERR_REDIRECT] WARNING: Could not open/create prefs root node Software\JavaSoft\Prefs at root 0xffffffff80000002. Windows RegCreateKeyEx(...) returned error code 5.
2025-08-27 01:17:56,485 [ERROR] LogOutputStream:75 - [STDERR_REDIRECT] 
2025-08-27 01:17:56,932 [INFO] ThirdPartyUpdaterWithRetryManager:70 - Updater plugin not ready yet. [2/15]
2025-08-27 01:17:57,619 [INFO] MainUpdater:2872 - connection check result : 10
2025-08-27 01:17:57,620 [INFO] MainUpdater:289 - Updater Check For Update Now.
2025-08-27 01:17:57,620 [INFO] MicroXplorer:498 - Change Database Version : DB.6.0.141
2025-08-27 01:17:57,625 [INFO] McuFinderGlobals:63 - Set McuFinder mode to 2 (CubeIDE integrated)
2025-08-27 01:17:57,625 [INFO] UserAuth:171 - activating auth plugin
2025-08-27 01:17:57,628 [INFO] UserAuth:484 - Internet connection configuration mode: 1
2025-08-27 01:17:57,652 [INFO] JxBrowserEngine:152 - Initiate JxBrowser Engine with user profile folder
2025-08-27 01:17:57,770 [INFO] CheckServerUpdateThread:120 - End of CheckServer Thread
2025-08-27 01:17:58,867 [INFO] WebApp:169 - Instantiating new browser for Auth
2025-08-27 01:17:59,405 [INFO] WebApp:463 - Apply proxy settings
2025-08-27 01:17:59,405 [INFO] WebApp:548 - Chromium requires no authentication
2025-08-27 01:17:59,415 [INFO] WebApp:491 - Direct internet connection detected
2025-08-27 01:17:59,438 [INFO] WebApp:894 - Register for checkConnection events
2025-08-27 01:17:59,439 [INFO] WebApp:463 - Apply proxy settings
2025-08-27 01:17:59,439 [INFO] WebApp:548 - Chromium requires no authentication
2025-08-27 01:17:59,439 [INFO] WebApp:491 - Direct internet connection detected
2025-08-27 01:17:59,565 [INFO] WebApp:225 - Starting web application
2025-08-27 01:17:59,565 [INFO] WebApp:593 - Web application path used C:\ST\STM32CubeIDE_1.18.1\STM32CubeIDE\plugins\com.st.stm32cube.common.mx_6.14.1.202504091515\db\plugins\mcufinder\reactClient1\index.html
2025-08-27 01:17:59,667 [INFO] WebApp:191 - Connection restablished
2025-08-27 01:18:00,153 [WARN] PackLoader:240 - Cannot read IP mode file for STMicroelectronics.FP-SNS-MOTENVWB1.1.4.0
2025-08-27 01:18:00,161 [WARN] PackLoader:240 - Cannot read IP mode file for STMicroelectronics.FP-ATR-ASTRA1.2.0.2
2025-08-27 01:18:00,166 [WARN] PackLoader:240 - Cannot read IP mode file for STMicroelectronics.X-CUBE-SMBUS.2.1.0
2025-08-27 01:18:00,171 [WARN] PackLoader:240 - Cannot read IP mode file for STMicroelectronics.X-CUBE-ST60.1.0.0
2025-08-27 01:18:00,193 [WARN] PackLoader:240 - Cannot read IP mode file for STMicroelectronics.X-CUBE-AZRTOS-F7.1.1.0
2025-08-27 01:18:00,214 [WARN] PackLoader:240 - Cannot read IP mode file for Infineon.AIROC-Wi-Fi-Bluetooth-STM32.1.7.0
2025-08-27 01:18:00,234 [WARN] PackLoader:240 - Cannot read IP mode file for STMicroelectronics.X-CUBE-AZRTOS-H7.3.4.0
2025-08-27 01:18:00,242 [WARN] PackLoader:240 - Cannot read IP mode file for STMicroelectronics.X-CUBE-DISPLAY.3.0.0
2025-08-27 01:18:00,256 [WARN] PackLoader:240 - Cannot read IP mode file for STMicroelectronics.X-CUBE-NFC10.1.0.0
2025-08-27 01:18:00,266 [WARN] PackLoader:240 - Cannot read IP mode file for STMicroelectronics.X-CUBE-BLEMGR.4.0.0
2025-08-27 01:18:00,271 [WARN] PackLoader:240 - Cannot read IP mode file for emotas.I-CUBE-CANOPEN.1.3.0
2025-08-27 01:18:00,277 [WARN] ConditionMgr:438 - getConditionDescription Invalid condition id : Cortex-A Device cause : null
2025-08-27 01:18:00,292 [WARN] ConditionMgr:1044 - genDependencies : Invalid condition id : Cortex-A Device cause : null
2025-08-27 01:18:00,294 [WARN] ConditionMgr:1044 - genDependencies : Invalid condition id : Cortex-A Device cause : null
2025-08-27 01:18:00,294 [WARN] ConditionMgr:1044 - genDependencies : Invalid condition id : Cortex-A Device cause : null
2025-08-27 01:18:00,297 [ERROR] Engine:466 - C:\Users\TUF\.stm32cubemx\thirdparties\pdsc\STMicroelectronics.FP-SNS-STBOX1.2.1.0.pdsc: PDSC version is not supported
2025-08-27 01:18:00,300 [WARN] PackLoader:240 - Cannot read IP mode file for STMicroelectronics.FP-SNS-SMARTAG2.1.2.0
2025-08-27 01:18:00,304 [WARN] PackLoader:240 - Cannot read IP mode file for STMicroelectronics.FP-SNS-FLIGHT1.5.1.0
2025-08-27 01:18:00,311 [INFO] LogOutputStream:77 - [STDOUT_REDIRECT] 1 : Invalid condition id : UX_CORESTACK_Condition cause : null
2025-08-27 01:18:00,312 [INFO] LogOutputStream:77 - [STDOUT_REDIRECT] 1 : Invalid condition id : UX_CORESTACK_Condition cause : null
2025-08-27 01:18:00,312 [INFO] LogOutputStream:77 - [STDOUT_REDIRECT] 1 : Invalid condition id : UX_CORESTACK_Condition cause : null
2025-08-27 01:18:00,313 [INFO] LogOutputStream:77 - [STDOUT_REDIRECT] 1 : Invalid condition id : UX_CORESTACK_Condition cause : null
2025-08-27 01:18:00,315 [INFO] LogOutputStream:77 - [STDOUT_REDIRECT] 1 : Invalid condition id : UX_CORESTACK_Condition cause : null
2025-08-27 01:18:00,317 [WARN] PackLoader:240 - Cannot read IP mode file for STMicroelectronics.X-CUBE-AZRTOS-WL.2.0.0
2025-08-27 01:18:00,322 [WARN] PackLoader:240 - Cannot read IP mode file for STMicroelectronics.FP-SNS-MOTENV1.5.0.0
2025-08-27 01:18:00,330 [WARN] PackLoader:240 - Cannot read IP mode file for WES.I-CUBE-Cesium.1.3.0
2025-08-27 01:18:00,336 [WARN] PackLoader:240 - Cannot read IP mode file for STMicroelectronics.X-CUBE-BLE2.3.3.0
2025-08-27 01:18:00,345 [WARN] PackLoader:240 - Cannot read IP mode file for STMicroelectronics.X-CUBE-NFC9.1.0.0
2025-08-27 01:18:00,354 [WARN] PackLoader:240 - Cannot read IP mode file for wolfSSL.I-CUBE-wolfSSL.5.8.0
2025-08-27 01:18:00,360 [WARN] PackLoader:240 - Cannot read IP mode file for STMicroelectronics.X-CUBE-BLE1.7.1.0
2025-08-27 01:18:00,365 [WARN] PackLoader:240 - Cannot read IP mode file for wolfSSL.I-CUBE-wolfMQTT.1.19.2
2025-08-27 01:18:00,371 [WARN] PackLoader:240 - Cannot read IP mode file for STMicroelectronics.X-CUBE-EEPRMA1.5.2.0
2025-08-27 01:18:00,378 [WARN] PackLoader:240 - Cannot read IP mode file for STMicroelectronics.X-CUBE-AI.10.1.0
2025-08-27 01:18:00,396 [WARN] PackLoader:240 - Cannot read IP mode file for STMicroelectronics.X-CUBE-AZRTOS-G0.1.1.0
2025-08-27 01:18:00,403 [WARN] PackLoader:240 - Cannot read IP mode file for STMicroelectronics.X-CUBE-SAFEA1.1.2.2
2025-08-27 01:18:00,409 [WARN] PackLoader:240 - Cannot read IP mode file for STMicroelectronics.X-CUBE-NFC4.3.0.0
2025-08-27 01:18:00,418 [WARN] PackLoader:240 - Cannot read IP mode file for EmbeddedOffice.I-CUBE-FS-RTOS.1.0.1
2025-08-27 01:18:00,424 [WARN] PackLoader:240 - Cannot read IP mode file for STMicroelectronics.X-CUBE-WB05N.2.0.0
2025-08-27 01:18:00,433 [WARN] PackLoader:240 - Cannot read IP mode file for wolfSSL.I-CUBE-wolfTPM.3.8.0
2025-08-27 01:18:00,438 [WARN] PackLoader:240 - Cannot read IP mode file for STMicroelectronics.X-CUBE-TCPP.4.2.0
2025-08-27 01:18:00,446 [WARN] PackLoader:240 - Cannot read IP mode file for RealThread.X-CUBE-RT-Thread_Nano.4.1.1
2025-08-27 01:18:00,451 [WARN] PackLoader:240 - Cannot read IP mode file for STMicroelectronics.FP-ATR-SIGFOX1.3.2.0
2025-08-27 01:18:00,456 [WARN] PackLoader:240 - Cannot read IP mode file for STMicroelectronics.X-CUBE-EEPRMA1.5.1.0
2025-08-27 01:18:00,463 [WARN] PackLoader:240 - Cannot read IP mode file for ITTIA_DB.I-CUBE-ITTIADB.8.9.0
2025-08-27 01:18:00,470 [WARN] PackLoader:240 - Cannot read IP mode file for STMicroelectronics.X-CUBE-ST67W61.1.0.0
2025-08-27 01:18:00,472 [WARN] PackLoader:240 - Cannot read IP mode file for STMicroelectronics.X-CUBE-AI.10.2.0
2025-08-27 01:18:00,491 [WARN] PackLoader:240 - Cannot read IP mode file for SEGGER.I-CUBE-embOS.1.3.1
2025-08-27 01:18:00,520 [WARN] PackLoader:240 - Cannot read IP mode file for STMicroelectronics.X-CUBE-ALGOBUILD.1.4.0
2025-08-27 01:18:00,549 [WARN] PackLoader:240 - Cannot read IP mode file for STMicroelectronics.X-CUBE-MEMS1.11.3.0
2025-08-27 01:18:00,644 [WARN] PackLoader:240 - Cannot read IP mode file for STMicroelectronics.X-CUBE-PM33A1.1.0.0
2025-08-27 01:18:00,658 [WARN] PackLoader:240 - Cannot read IP mode file for STMicroelectronics.X-CUBE-AZRTOS-F4.1.1.0
2025-08-27 01:18:00,663 [WARN] PackLoader:240 - Cannot read IP mode file for Avnet-IotConnect.X-CUBE-IoTC-DA16k-PMOD.1.0.0
2025-08-27 01:18:00,667 [WARN] PackLoader:240 - Cannot read IP mode file for STMicroelectronics.X-CUBE-ISPU.2.1.0
2025-08-27 01:18:00,672 [WARN] PackLoader:240 - Cannot read IP mode file for STMicroelectronics.X-CUBE-NFC12.1.0.0
2025-08-27 01:18:00,682 [WARN] PackLoader:240 - Cannot read IP mode file for STMicroelectronics.X-CUBE-AZRTOS-L5.2.0.0
2025-08-27 01:18:00,691 [WARN] PackLoader:240 - Cannot read IP mode file for STMicroelectronics.X-CUBE-NFC6.3.1.0
2025-08-27 01:18:00,696 [WARN] PackLoader:240 - Cannot read IP mode file for STMicroelectronics.X-CUBE-FREERTOS.1.3.1
2025-08-27 01:18:00,699 [WARN] PackLoader:240 - Cannot read IP mode file for STMicroelectronics.FP-SNS-STAIOTCFT.1.0.0
2025-08-27 01:18:00,704 [WARN] PackLoader:240 - Cannot read IP mode file for STMicroelectronics.X-CUBE-DPower.1.3.0
2025-08-27 01:18:00,715 [WARN] ConditionMgr:438 - getConditionDescription Invalid condition id : LAN8742 Phy interface Condition cause : null
2025-08-27 01:18:00,716 [WARN] PackLoader:240 - Cannot read IP mode file for STMicroelectronics.X-CUBE-AZRTOS-L4.2.0.0
2025-08-27 01:18:00,718 [WARN] ConditionMgr:1044 - genDependencies : Invalid condition id : LAN8742 Phy interface Condition cause : null
2025-08-27 01:18:00,719 [WARN] ConditionMgr:1044 - genDependencies : Invalid condition id : LAN8742 Phy interface Condition cause : null
2025-08-27 01:18:00,719 [WARN] ConditionMgr:1044 - genDependencies : Invalid condition id : LAN8742 Phy interface Condition cause : null
2025-08-27 01:18:00,728 [WARN] PackLoader:240 - Cannot read IP mode file for STMicroelectronics.X-CUBE-SFXS2LP1.4.0.0
2025-08-27 01:18:00,737 [WARN] PackLoader:240 - Cannot read IP mode file for STMicroelectronics.X-CUBE-AZRTOS-H7.3.3.0
2025-08-27 01:18:00,746 [WARN] PackLoader:240 - Cannot read IP mode file for STMicroelectronics.X-CUBE-BLEMGR.4.1.0
2025-08-27 01:18:00,779 [WARN] ConditionMgr:438 - getConditionDescription Invalid condition id : UX DEVICE CLASS RTOS Condition cause : null
2025-08-27 01:18:00,780 [WARN] ConditionMgr:438 - getConditionDescription Invalid condition id : UX DEVICE CLASS RTOS Condition cause : null
2025-08-27 01:18:00,782 [WARN] PackLoader:240 - Cannot read IP mode file for STMicroelectronics.X-CUBE-AZRTOS-WB.2.0.0
2025-08-27 01:18:00,783 [WARN] ConditionMgr:1044 - genDependencies : Invalid condition id : UX DEVICE CLASS RTOS Condition cause : null
2025-08-27 01:18:00,783 [WARN] ConditionMgr:1044 - genDependencies : Invalid condition id : UX DEVICE CLASS RTOS Condition cause : null
2025-08-27 01:18:00,783 [WARN] ConditionMgr:1044 - genDependencies : Invalid condition id : UX DEVICE CLASS RTOS Condition cause : null
2025-08-27 01:18:00,783 [WARN] ConditionMgr:1044 - genDependencies : Invalid condition id : UX DEVICE CLASS RTOS Condition cause : null
2025-08-27 01:18:00,783 [WARN] ConditionMgr:1044 - genDependencies : Invalid condition id : UX DEVICE CLASS RTOS Condition cause : null
2025-08-27 01:18:00,793 [WARN] PackLoader:240 - Cannot read IP mode file for STMicroelectronics.X-CUBE-GNSS1.7.0.1
2025-08-27 01:18:00,803 [WARN] PackLoader:240 - Cannot read IP mode file for STMicroelectronics.X-CUBE-TOUCHGFX.4.25.0
2025-08-27 01:18:00,810 [WARN] PackLoader:240 - Cannot read IP mode file for STMicroelectronics.FP-SNS-STBOX1.2.0.0
2025-08-27 01:18:00,820 [WARN] PackLoader:240 - Cannot read IP mode file for STMicroelectronics.X-CUBE-SUBG2.5.0.0
2025-08-27 01:18:00,832 [WARN] PackLoader:240 - Cannot read IP mode file for STMicroelectronics.X-CUBE-AZRTOS-H7RS.1.1.0
2025-08-27 01:18:00,837 [WARN] PackLoader:240 - Cannot read IP mode file for Cesanta.I-CUBE-Mongoose.7.13.0
2025-08-27 01:18:00,844 [WARN] PackLoader:240 - Cannot read IP mode file for STMicroelectronics.X-CUBE-AZRTOS-G4.2.0.0
2025-08-27 01:18:00,850 [WARN] PackLoader:240 - Cannot read IP mode file for wolfSSL.I-CUBE-wolfSSH.1.4.20
2025-08-27 01:18:00,860 [WARN] PackLoader:240 - Cannot read IP mode file for STMicroelectronics.X-CUBE-NFC7.2.0.0
2025-08-27 01:18:00,871 [WARN] PackLoader:240 - Cannot read IP mode file for STMicroelectronics.X-CUBE-IPS.3.1.0
2025-08-27 01:18:00,879 [WARN] PackLoader:240 - Cannot read IP mode file for STMicroelectronics.X-CUBE-ALS.1.0.2
2025-08-27 01:18:00,885 [WARN] PackLoader:240 - Cannot read IP mode file for portGmbH.I-Cube-SoM-uGOAL.1.1.0
2025-08-27 01:18:00,893 [WARN] PackLoader:240 - Cannot read IP mode file for STMicroelectronics.X-CUBE-TOF1.3.4.3
2025-08-27 01:18:00,900 [INFO] ThirdParty:978 - Integrity check success = true
2025-08-27 01:18:00,900 [INFO] IntegrityCheckThread:100 - exiting critical section [integrity check]
2025-08-27 01:18:00,900 [INFO] IntegrityCheckThread:103 - End integrity checks thread
2025-08-27 01:34:00,371 [ERROR] LogOutputStream:75 - [STDERR_REDIRECT] 
