2025-08-09 01:49:34,027 [INFO] Activator:176 - 


2025-08-09 01:49:34,030 [INFO] Activator:177 - !SESSION log4j initialized
2025-08-09 01:49:37,647 [INFO] LogOutputStream:77 - [STDOUT_REDIRECT] 
2025-08-09 01:49:39,024 [INFO] ApplicationProperties:184 - Using Application install path: C:\ST\STM32CubeIDE_1.18.1\STM32CubeIDE\plugins\com.st.stm32cube.common.mx_6.14.1.202504091515
2025-08-09 01:49:39,039 [INFO] DbMcusXml:78 - Set database path to: C:\ST\STM32CubeIDE_1.18.1\STM32CubeIDE\plugins\com.st.stm32cube.common.mx_6.14.1.202504091515\\db\/mcu/
2025-08-09 01:49:39,039 [INFO] ApiDb:274 - Set plugin database path to: C:\ST\STM32CubeIDE_1.18.1\STM32CubeIDE\plugins\com.st.stm32cube.common.mx_6.14.1.202504091515\\db\/plugins/boardmanager/
2025-08-09 01:49:39,039 [WARN] ApiDb:259 - Overriding images path with different value:  => C:\ST\STM32CubeIDE_1.18.1\STM32CubeIDE\plugins\com.st.stm32cube.common.mx_6.14.1.202504091515\\db\/plugins/mcufinder/images/
2025-08-09 01:49:39,048 [INFO] ApiDb:250 - Set database path to: C:\Users\TUF\.stmcufinder\plugins\mcufinder//mcu/
2025-08-09 01:49:39,049 [INFO] DbMcusAds:125 - Set database path to: C:\Users\TUF\.stmcufinder\plugins\mcufinder//mcu/
2025-08-09 01:49:39,051 [INFO] CrossReferenceDbSqlite:203 - Set database path to: C:\Users\TUF\.stmcufinder\plugins\mcufinder//mcu/cs/
2025-08-09 01:49:39,132 [INFO] RulesReader:64 - Compatibility file has been processed (302 Rules)
2025-08-09 01:49:39,202 [INFO] DbMcusXml:78 - Set database path to: C:\ST\STM32CubeIDE_1.18.1\STM32CubeIDE\plugins\com.st.stm32cube.common.mx_6.14.1.202504091515\\db\/mcu/
2025-08-09 01:49:39,202 [INFO] ApiDb:274 - Set plugin database path to: C:\ST\STM32CubeIDE_1.18.1\STM32CubeIDE\plugins\com.st.stm32cube.common.mx_6.14.1.202504091515\\db\/plugins/boardmanager/
2025-08-09 01:49:39,202 [INFO] ApiDb:261 - Set plugin images path to: C:\ST\STM32CubeIDE_1.18.1\STM32CubeIDE\plugins\com.st.stm32cube.common.mx_6.14.1.202504091515\\db\/plugins/mcufinder/images/
2025-08-09 01:49:39,202 [WARN] DbFile:41 - Overriding database path with different value: C:\Users\TUF\.stmcufinder\plugins\mcufinder/ => C:\Users\TUF\.stmcufinder\plugins\mcufinder
2025-08-09 01:49:39,202 [INFO] ApiDb:250 - Set database path to: C:\Users\TUF\.stmcufinder\plugins\mcufinder//mcu/
2025-08-09 01:49:39,202 [WARN] DbFile:41 - Overriding database path with different value: C:\Users\TUF\.stmcufinder\plugins\mcufinder/ => C:\Users\TUF\.stmcufinder\plugins\mcufinder
2025-08-09 01:49:39,202 [INFO] DbMcusAds:125 - Set database path to: C:\Users\TUF\.stmcufinder\plugins\mcufinder//mcu/
2025-08-09 01:49:39,202 [WARN] DbFile:41 - Overriding database path with different value: C:\Users\TUF\.stmcufinder\plugins\mcufinder/ => C:\Users\TUF\.stmcufinder\plugins\mcufinder
2025-08-09 01:49:39,202 [WARN] DbFile:41 - Overriding database path with different value: C:\Users\TUF\.stmcufinder\plugins\mcufinder/ => C:\Users\TUF\.stmcufinder\plugins\mcufinder
2025-08-09 01:49:39,202 [INFO] CrossReferenceDbSqlite:203 - Set database path to: C:\Users\TUF\.stmcufinder\plugins\mcufinder//mcu/cs/
2025-08-09 01:49:39,258 [INFO] MainPanel:272 - HeapMemory: 268435456
2025-08-09 01:49:39,337 [INFO] DbMcusXml:78 - Set database path to: C:\ST\STM32CubeIDE_1.18.1\STM32CubeIDE\plugins\com.st.stm32cube.common.mx_6.14.1.202504091515\\db\/mcu/
2025-08-09 01:49:39,337 [INFO] ApiDb:274 - Set plugin database path to: C:\ST\STM32CubeIDE_1.18.1\STM32CubeIDE\plugins\com.st.stm32cube.common.mx_6.14.1.202504091515\\db\/plugins/boardmanager/
2025-08-09 01:49:39,337 [INFO] ApiDb:261 - Set plugin images path to: C:\ST\STM32CubeIDE_1.18.1\STM32CubeIDE\plugins\com.st.stm32cube.common.mx_6.14.1.202504091515\\db\/plugins/mcufinder/images/
2025-08-09 01:49:39,337 [WARN] DbFile:41 - Overriding database path with different value: C:\Users\TUF\.stmcufinder\plugins\mcufinder/ => C:\Users\TUF\.stmcufinder\plugins\mcufinder
2025-08-09 01:49:39,337 [INFO] ApiDb:250 - Set database path to: C:\Users\TUF\.stmcufinder\plugins\mcufinder//mcu/
2025-08-09 01:49:39,337 [WARN] DbFile:41 - Overriding database path with different value: C:\Users\TUF\.stmcufinder\plugins\mcufinder/ => C:\Users\TUF\.stmcufinder\plugins\mcufinder
2025-08-09 01:49:39,337 [INFO] DbMcusAds:125 - Set database path to: C:\Users\TUF\.stmcufinder\plugins\mcufinder//mcu/
2025-08-09 01:49:39,337 [WARN] DbFile:41 - Overriding database path with different value: C:\Users\TUF\.stmcufinder\plugins\mcufinder/ => C:\Users\TUF\.stmcufinder\plugins\mcufinder
2025-08-09 01:49:39,337 [WARN] DbFile:41 - Overriding database path with different value: C:\Users\TUF\.stmcufinder\plugins\mcufinder/ => C:\Users\TUF\.stmcufinder\plugins\mcufinder
2025-08-09 01:49:39,337 [INFO] CrossReferenceDbSqlite:203 - Set database path to: C:\Users\TUF\.stmcufinder\plugins\mcufinder//mcu/cs/
2025-08-09 01:49:39,351 [INFO] ApplicationProperties:184 - Using Application install path: C:\ST\STM32CubeIDE_1.18.1\STM32CubeIDE\plugins\com.st.stm32cube.common.mx_6.14.1.202504091515
2025-08-09 01:49:39,351 [INFO] PluginManage:196 - Search for loadable plugins [exclusion list=, ]
2025-08-09 01:49:39,353 [INFO] PluginManage:310 - Check plugin analytics
2025-08-09 01:49:39,492 [INFO] AnalyticsPlugin:253 - Accepted Software Licenses: 
2025-08-09 01:49:39,492 [INFO] AnalyticsPlugin:255 - Accepted CMSIS Pack Licenses: 
2025-08-09 01:49:39,492 [INFO] AnalyticsPlugin:257 - Accepted Firmware Licenses: 
2025-08-09 01:49:39,494 [INFO] PluginManage:359 - Loaded plugin analytics (category:tool,tabindex:-1)
2025-08-09 01:49:39,495 [INFO] PluginManage:310 - Check plugin cadmodel
2025-08-09 01:49:39,499 [INFO] CADModel:105 - Init CAD model plugin
2025-08-09 01:49:39,499 [INFO] PluginManage:359 - Loaded plugin cadmodel (category:power,tabindex:5)
2025-08-09 01:49:39,499 [INFO] PluginManage:310 - Check plugin clock
2025-08-09 01:49:39,507 [INFO] PluginManage:359 - Loaded plugin clock (category:base,tabindex:2)
2025-08-09 01:49:39,507 [INFO] PluginManage:310 - Check plugin ddr
2025-08-09 01:49:39,510 [INFO] PluginManage:359 - Loaded plugin ddr (category:tool,tabindex:6)
2025-08-09 01:49:39,510 [INFO] PluginManage:310 - Check plugin filemanager
2025-08-09 01:49:39,622 [INFO] PluginManage:359 - Loaded plugin filemanager (category:base,tabindex:10)
2025-08-09 01:49:39,622 [INFO] PluginManage:310 - Check plugin ipmanager
2025-08-09 01:49:39,627 [INFO] PluginManage:359 - Loaded plugin ipmanager (category:base,tabindex:5)
2025-08-09 01:49:39,628 [INFO] PluginManage:310 - Check plugin lpbam
2025-08-09 01:49:39,634 [INFO] PluginManage:359 - Loaded plugin lpbam (category:base,tabindex:0)
2025-08-09 01:49:39,634 [INFO] PluginManage:310 - Check plugin memorymap
2025-08-09 01:49:39,644 [INFO] PluginManage:359 - Loaded plugin memorymap (category:base,tabindex:4)
2025-08-09 01:49:39,644 [INFO] PluginManage:310 - Check plugin pinoutandconfiguration
2025-08-09 01:49:39,651 [INFO] PluginManage:359 - Loaded plugin pinoutandconfiguration (category:base,tabindex:1)
2025-08-09 01:49:39,651 [INFO] PluginManage:310 - Check plugin pinoutconfig
2025-08-09 01:49:39,714 [WARN] SupportedApi:132 - Cannot load RTOS API schema: s4s-elt-must-match.1: The content of 'definitions' must match (annotation?, (simpleType | complexType)?, (unique | key | keyref)*)). A problem was found starting at: attribute.
2025-08-09 01:49:39,811 [INFO] PluginManage:359 - Loaded plugin pinoutconfig (category:base,tabindex:0)
2025-08-09 01:49:39,811 [INFO] PluginManage:310 - Check plugin power
2025-08-09 01:49:39,821 [INFO] PluginManage:359 - Loaded plugin power (category:power,tabindex:4)
2025-08-09 01:49:39,821 [INFO] PluginManage:310 - Check plugin projectmanager
2025-08-09 01:49:39,833 [INFO] PluginManage:359 - Loaded plugin projectmanager (category:projectmanager,tabindex:4)
2025-08-09 01:49:39,833 [INFO] PluginManage:310 - Check plugin rif
2025-08-09 01:49:39,839 [INFO] PluginManage:359 - Loaded plugin rif (category:base,tabindex:3)
2025-08-09 01:49:39,840 [INFO] PluginManage:310 - Check plugin thirdparty
2025-08-09 01:49:39,944 [WARN] IntegrityCheckThread:84 - waiting for thirdparty lock release [integrity check]
2025-08-09 01:49:39,944 [INFO] IntegrityCheckThread:86 - entering critical section [integrity check]
2025-08-09 01:49:39,944 [INFO] PluginManage:359 - Loaded plugin thirdparty (category:base,tabindex:-1)
2025-08-09 01:49:39,945 [INFO] ThirdPartyUpdaterWithRetryManager:70 - Updater plugin not ready yet. [1/15]
2025-08-09 01:49:39,945 [INFO] PluginManage:310 - Check plugin tools
2025-08-09 01:49:39,948 [INFO] PluginManage:359 - Loaded plugin tools (category:base,tabindex:7)
2025-08-09 01:49:39,948 [INFO] PluginManage:310 - Check plugin tutovideos
2025-08-09 01:49:40,066 [INFO] PluginManage:359 - Loaded plugin tutovideos (category:base,tabindex:-1)
2025-08-09 01:49:40,066 [INFO] PluginManage:310 - Check plugin updater
2025-08-09 01:49:40,081 [INFO] PluginManage:359 - Loaded plugin updater (category:base,tabindex:12)
2025-08-09 01:49:40,082 [INFO] PluginManage:310 - Check plugin userauth
2025-08-09 01:49:40,085 [INFO] UserAuth:118 - Init User Auth plugin
2025-08-09 01:49:40,085 [INFO] PluginManage:359 - Loaded plugin userauth (category:base,tabindex:14)
2025-08-09 01:49:40,085 [INFO] PluginManage:283 - PluginManage : Loaded plugins [18]
2025-08-09 01:49:40,228 [INFO] PinOutPanel:1589 - setPackage(No Configuration,No Configuration)
2025-08-09 01:49:40,287 [INFO] CADModel:165 - CPN selected for project level
2025-08-09 01:49:40,287 [INFO] CADModel:114 - Register for checkConnection events
2025-08-09 01:49:40,301 [INFO] IPUIPlugin:80 - create IPUIPlugin
2025-08-09 01:49:40,301 [INFO] PluginManager:220 - loadIPPluginJar : add adc
2025-08-09 01:49:40,303 [INFO] IPUIPlugin:80 - create IPUIPlugin
2025-08-09 01:49:40,303 [INFO] PluginManager:220 - loadIPPluginJar : add aes
2025-08-09 01:49:40,305 [INFO] IPUIPlugin:80 - create IPUIPlugin
2025-08-09 01:49:40,305 [INFO] PluginManager:220 - loadIPPluginJar : add can
2025-08-09 01:49:40,307 [INFO] IPUIPlugin:80 - create IPUIPlugin
2025-08-09 01:49:40,307 [INFO] PluginManager:220 - loadIPPluginJar : add comp
2025-08-09 01:49:40,308 [INFO] IPUIPlugin:80 - create IPUIPlugin
2025-08-09 01:49:40,308 [INFO] PluginManager:220 - loadIPPluginJar : add cryp
2025-08-09 01:49:40,311 [INFO] IPUIPlugin:80 - create IPUIPlugin
2025-08-09 01:49:40,311 [INFO] PluginManager:220 - loadIPPluginJar : add ddr_ctrl_phy
2025-08-09 01:49:40,313 [INFO] IPUIPlugin:80 - create IPUIPlugin
2025-08-09 01:49:40,314 [INFO] PluginManager:220 - loadIPPluginJar : add dfsdm
2025-08-09 01:49:40,317 [INFO] IPUIPlugin:80 - create IPUIPlugin
2025-08-09 01:49:40,318 [INFO] PluginManager:220 - loadIPPluginJar : add dma
2025-08-09 01:49:40,320 [INFO] IPUIPlugin:80 - create IPUIPlugin
2025-08-09 01:49:40,320 [INFO] PluginManager:220 - loadIPPluginJar : add dma3
2025-08-09 01:49:40,322 [INFO] IPUIPlugin:80 - create IPUIPlugin
2025-08-09 01:49:40,322 [INFO] PluginManager:220 - loadIPPluginJar : add extmemmanager
2025-08-09 01:49:40,324 [INFO] IPUIPlugin:80 - create IPUIPlugin
2025-08-09 01:49:40,324 [INFO] PluginManager:220 - loadIPPluginJar : add fatfs
2025-08-09 01:49:40,327 [INFO] IPUIPlugin:80 - create IPUIPlugin
2025-08-09 01:49:40,327 [INFO] PluginManager:220 - loadIPPluginJar : add fmc
2025-08-09 01:49:40,332 [INFO] IPUIPlugin:80 - create IPUIPlugin
2025-08-09 01:49:40,332 [INFO] PluginManager:220 - loadIPPluginJar : add freertos
2025-08-09 01:49:40,333 [INFO] IPUIPlugin:80 - create IPUIPlugin
2025-08-09 01:49:40,333 [INFO] PluginManager:220 - loadIPPluginJar : add genericplugin
2025-08-09 01:49:40,334 [INFO] IPUIPlugin:80 - create IPUIPlugin
2025-08-09 01:49:40,335 [INFO] PluginManager:220 - loadIPPluginJar : add gfxmmu
2025-08-09 01:49:40,339 [INFO] IPUIPlugin:80 - create IPUIPlugin
2025-08-09 01:49:40,339 [INFO] PluginManager:220 - loadIPPluginJar : add gic
2025-08-09 01:49:40,342 [INFO] IPUIPlugin:80 - create IPUIPlugin
2025-08-09 01:49:40,342 [INFO] PluginManager:220 - loadIPPluginJar : add gpio
2025-08-09 01:49:40,345 [INFO] IPUIPlugin:80 - create IPUIPlugin
2025-08-09 01:49:40,345 [INFO] PluginManager:220 - loadIPPluginJar : add gtzc
2025-08-09 01:49:40,347 [INFO] IPUIPlugin:80 - create IPUIPlugin
2025-08-09 01:49:40,347 [INFO] PluginManager:220 - loadIPPluginJar : add hash
2025-08-09 01:49:40,349 [INFO] IPUIPlugin:80 - create IPUIPlugin
2025-08-09 01:49:40,349 [INFO] PluginManager:220 - loadIPPluginJar : add i2c
2025-08-09 01:49:40,351 [INFO] IPUIPlugin:80 - create IPUIPlugin
2025-08-09 01:49:40,351 [INFO] PluginManager:220 - loadIPPluginJar : add i2s
2025-08-09 01:49:40,353 [INFO] IPUIPlugin:80 - create IPUIPlugin
2025-08-09 01:49:40,353 [INFO] PluginManager:220 - loadIPPluginJar : add i3c
2025-08-09 01:49:40,356 [INFO] IPUIPlugin:80 - create IPUIPlugin
2025-08-09 01:49:40,356 [INFO] PluginManager:220 - loadIPPluginJar : add ipddr
2025-08-09 01:49:40,361 [INFO] IPUIPlugin:80 - create IPUIPlugin
2025-08-09 01:49:40,361 [INFO] PluginManager:220 - loadIPPluginJar : add linkedlist
2025-08-09 01:49:40,364 [INFO] IPUIPlugin:80 - create IPUIPlugin
2025-08-09 01:49:40,364 [INFO] PluginManager:220 - loadIPPluginJar : add lorawan
2025-08-09 01:49:40,365 [INFO] IPUIPlugin:80 - create IPUIPlugin
2025-08-09 01:49:40,365 [INFO] PluginManager:220 - loadIPPluginJar : add ltdc
2025-08-09 01:49:40,369 [INFO] IPUIPlugin:80 - create IPUIPlugin
2025-08-09 01:49:40,369 [INFO] PluginManager:220 - loadIPPluginJar : add mdma
2025-08-09 01:49:40,372 [INFO] IPUIPlugin:80 - create IPUIPlugin
2025-08-09 01:49:40,372 [INFO] PluginManager:220 - loadIPPluginJar : add nvic
2025-08-09 01:49:40,375 [INFO] IPUIPlugin:80 - create IPUIPlugin
2025-08-09 01:49:40,375 [INFO] PluginManager:220 - loadIPPluginJar : add opamp
2025-08-09 01:49:40,377 [INFO] IPUIPlugin:80 - create IPUIPlugin
2025-08-09 01:49:40,377 [INFO] PluginManager:220 - loadIPPluginJar : add openamp
2025-08-09 01:49:40,379 [INFO] IPUIPlugin:80 - create IPUIPlugin
2025-08-09 01:49:40,379 [INFO] PluginManager:220 - loadIPPluginJar : add pdm2pcm
2025-08-09 01:49:40,383 [INFO] IPUIPlugin:80 - create IPUIPlugin
2025-08-09 01:49:40,385 [INFO] PluginManager:220 - loadIPPluginJar : add plateformsettings
2025-08-09 01:49:40,386 [INFO] IPUIPlugin:80 - create IPUIPlugin
2025-08-09 01:49:40,387 [INFO] PluginManager:220 - loadIPPluginJar : add quadspi
2025-08-09 01:49:40,388 [INFO] IPUIPlugin:80 - create IPUIPlugin
2025-08-09 01:49:40,388 [INFO] PluginManager:220 - loadIPPluginJar : add radio
2025-08-09 01:49:40,392 [INFO] IPUIPlugin:80 - create IPUIPlugin
2025-08-09 01:49:40,392 [INFO] PluginManager:220 - loadIPPluginJar : add resmgrutility
2025-08-09 01:49:40,394 [INFO] IPUIPlugin:80 - create IPUIPlugin
2025-08-09 01:49:40,394 [INFO] PluginManager:220 - loadIPPluginJar : add sai
2025-08-09 01:49:40,397 [INFO] IPUIPlugin:80 - create IPUIPlugin
2025-08-09 01:49:40,397 [INFO] PluginManager:220 - loadIPPluginJar : add spi
2025-08-09 01:49:40,402 [INFO] IPUIPlugin:80 - create IPUIPlugin
2025-08-09 01:49:40,402 [INFO] PluginManager:220 - loadIPPluginJar : add stm32_wpan
2025-08-09 01:49:40,404 [INFO] IPUIPlugin:80 - create IPUIPlugin
2025-08-09 01:49:40,404 [INFO] PluginManager:220 - loadIPPluginJar : add tim
2025-08-09 01:49:40,407 [INFO] IPUIPlugin:80 - create IPUIPlugin
2025-08-09 01:49:40,407 [INFO] PluginManager:220 - loadIPPluginJar : add touchsensing
2025-08-09 01:49:40,409 [INFO] IPUIPlugin:80 - create IPUIPlugin
2025-08-09 01:49:40,409 [INFO] PluginManager:220 - loadIPPluginJar : add tracer_emb
2025-08-09 01:49:40,411 [INFO] IPUIPlugin:80 - create IPUIPlugin
2025-08-09 01:49:40,411 [INFO] PluginManager:220 - loadIPPluginJar : add ts
2025-08-09 01:49:40,412 [INFO] IPUIPlugin:80 - create IPUIPlugin
2025-08-09 01:49:40,412 [INFO] PluginManager:220 - loadIPPluginJar : add tsc
2025-08-09 01:49:40,414 [INFO] IPUIPlugin:80 - create IPUIPlugin
2025-08-09 01:49:40,414 [INFO] PluginManager:220 - loadIPPluginJar : add ucpd
2025-08-09 01:49:40,416 [INFO] IPUIPlugin:80 - create IPUIPlugin
2025-08-09 01:49:40,416 [INFO] PluginManager:220 - loadIPPluginJar : add usart
2025-08-09 01:49:40,418 [INFO] IPUIPlugin:80 - create IPUIPlugin
2025-08-09 01:49:40,418 [INFO] PluginManager:220 - loadIPPluginJar : add usbx
2025-08-09 01:49:40,525 [FATAL] Updater:351 - Updater called before beeing initialized
2025-08-09 01:49:40,545 [INFO] RulesReader:64 - Compatibility file has been processed (302 Rules)
2025-08-09 01:49:40,551 [INFO] RulesReader:64 - Compatibility file has been processed (302 Rules)
2025-08-09 01:49:40,558 [INFO] CADModel:165 - CPN selected for project level
2025-08-09 01:49:40,558 [INFO] CADModel:114 - Register for checkConnection events
2025-08-09 01:49:40,558 [FATAL] Updater:351 - Updater called before beeing initialized
2025-08-09 01:49:40,558 [ERROR] CADModel:125 - Updater not yet initialized, retry later 
2025-08-09 01:49:40,666 [FATAL] Updater:351 - Updater called before beeing initialized
2025-08-09 01:49:40,668 [INFO] CADModel:165 - CPN selected for project level
2025-08-09 01:49:40,668 [INFO] CADModel:114 - Register for checkConnection events
2025-08-09 01:49:40,668 [FATAL] Updater:351 - Updater called before beeing initialized
2025-08-09 01:49:40,668 [ERROR] CADModel:125 - Updater not yet initialized, retry later 
2025-08-09 01:49:40,671 [FATAL] Updater:351 - Updater called before beeing initialized
2025-08-09 01:49:40,737 [FATAL] Updater:351 - Updater called before beeing initialized
2025-08-09 01:49:40,739 [INFO] DbMcusAds:53 - JSON generation date=Tue Jul 08 16:14:23 CST 2025 (1751962463593)
2025-08-09 01:49:40,739 [FATAL] Updater:351 - Updater called before beeing initialized
2025-08-09 01:49:40,764 [WARN] DetailPanel:346 - Failed to get advertising image, set to default
2025-08-09 01:49:40,908 [FATAL] Updater:351 - Updater called before beeing initialized
2025-08-09 01:49:40,911 [FATAL] Updater:351 - Updater called before beeing initialized
2025-08-09 01:49:40,911 [FATAL] Updater:351 - Updater called before beeing initialized
2025-08-09 01:49:40,911 [WARN] DetailPanel:346 - Failed to get advertising image, set to default
2025-08-09 01:49:40,912 [FATAL] Updater:351 - Updater called before beeing initialized
2025-08-09 01:49:40,943 [ERROR] Updater:1198 - MainUpdater not yet initialized. External WinMGr cannot be set.
2025-08-09 01:49:40,945 [INFO] Updater:1134 - Updater Version found : 6.14.1
2025-08-09 01:49:40,959 [INFO] ApplicationProperties:184 - Using Application install path: C:\ST\STM32CubeIDE_1.18.1\STM32CubeIDE\plugins\com.st.stm32cube.common.mx_6.14.1.202504091515
2025-08-09 01:49:42,527 [ERROR] LogOutputStream:75 - [STDERR_REDIRECT] Aug 09, 2025 1:49:42 AM java.util.prefs.WindowsPreferences <init>
2025-08-09 01:49:42,528 [ERROR] LogOutputStream:75 - [STDERR_REDIRECT] WARNING: Could not open/create prefs root node Software\JavaSoft\Prefs at root 0xffffffff80000002. Windows RegCreateKeyEx(...) returned error code 5.
2025-08-09 01:49:42,528 [ERROR] LogOutputStream:75 - [STDERR_REDIRECT] 
2025-08-09 01:49:42,946 [INFO] ThirdPartyUpdaterWithRetryManager:70 - Updater plugin not ready yet. [2/15]
2025-08-09 01:49:43,488 [INFO] MainUpdater:2872 - connection check result : 10
2025-08-09 01:49:43,489 [INFO] MainUpdater:3566 - Updater definition file requires update
2025-08-09 01:49:43,489 [INFO] MainUpdater:289 - Updater Check For Update Now.
2025-08-09 01:49:43,489 [INFO] MicroXplorer:498 - Change Database Version : DB.6.0.141
2025-08-09 01:49:43,495 [INFO] McuFinderGlobals:63 - Set McuFinder mode to 2 (CubeIDE integrated)
2025-08-09 01:49:43,495 [INFO] UserAuth:171 - activating auth plugin
2025-08-09 01:49:43,497 [INFO] UserAuth:484 - Internet connection configuration mode: 1
2025-08-09 01:49:43,508 [INFO] JxBrowserEngine:152 - Initiate JxBrowser Engine with user profile folder
2025-08-09 01:49:44,650 [INFO] WebApp:169 - Instantiating new browser for Auth
2025-08-09 01:49:44,941 [INFO] ServerAccessManage:473 - Download File updaters.zip
2025-08-09 01:49:45,145 [INFO] WebApp:463 - Apply proxy settings
2025-08-09 01:49:45,145 [INFO] WebApp:548 - Chromium requires no authentication
2025-08-09 01:49:45,152 [INFO] WebApp:491 - Direct internet connection detected
2025-08-09 01:49:45,170 [INFO] WebApp:894 - Register for checkConnection events
2025-08-09 01:49:45,170 [INFO] WebApp:463 - Apply proxy settings
2025-08-09 01:49:45,170 [INFO] WebApp:548 - Chromium requires no authentication
2025-08-09 01:49:45,170 [INFO] WebApp:491 - Direct internet connection detected
2025-08-09 01:49:45,221 [INFO] FileExtend:242 - Unzip File : updaters.zip
2025-08-09 01:49:45,221 [INFO] FileExtend:257 - Standard Zip Deflate
2025-08-09 01:49:45,308 [INFO] WebApp:191 - Connection restablished
2025-08-09 01:49:45,374 [INFO] WebApp:225 - Starting web application
2025-08-09 01:49:45,376 [INFO] WebApp:593 - Web application path used C:\ST\STM32CubeIDE_1.18.1\STM32CubeIDE\plugins\com.st.stm32cube.common.mx_6.14.1.202504091515\db\plugins\mcufinder\reactClient1\index.html
2025-08-09 01:49:45,947 [WARN] MainUpdater:1193 - Updater busy. Cannot search thirdparties
2025-08-09 01:49:45,947 [INFO] ThirdPartyUpdaterWithRetryManager:96 - Updater plugin is busy. [1/15]
2025-08-09 01:49:46,284 [INFO] ServerAccessManage:473 - Download File PacksControlFlags.xml
2025-08-09 01:49:47,168 [INFO] ServerAccessManage:473 - Download File cubemx.pidx
2025-08-09 01:49:47,236 [INFO] LoadServerUpdatesThread:375 - End of LoadServerUpdate Thread
2025-08-09 01:49:47,391 [INFO] CheckServerUpdateThread:120 - End of CheckServer Thread
2025-08-09 01:49:49,131 [WARN] PackLoader:240 - Cannot read IP mode file for STMicroelectronics.FP-SNS-MOTENVWB1.1.4.0
2025-08-09 01:49:49,136 [WARN] PackLoader:240 - Cannot read IP mode file for STMicroelectronics.FP-ATR-ASTRA1.2.0.2
2025-08-09 01:49:49,142 [WARN] PackLoader:240 - Cannot read IP mode file for STMicroelectronics.X-CUBE-SMBUS.2.1.0
2025-08-09 01:49:49,145 [WARN] PackLoader:240 - Cannot read IP mode file for STMicroelectronics.X-CUBE-ST60.1.0.0
2025-08-09 01:49:49,162 [WARN] PackLoader:240 - Cannot read IP mode file for STMicroelectronics.X-CUBE-AZRTOS-F7.1.1.0
2025-08-09 01:49:49,181 [WARN] PackLoader:240 - Cannot read IP mode file for Infineon.AIROC-Wi-Fi-Bluetooth-STM32.1.7.0
2025-08-09 01:49:49,196 [WARN] PackLoader:240 - Cannot read IP mode file for STMicroelectronics.X-CUBE-AZRTOS-H7.3.4.0
2025-08-09 01:49:49,203 [WARN] PackLoader:240 - Cannot read IP mode file for STMicroelectronics.X-CUBE-DISPLAY.3.0.0
2025-08-09 01:49:49,211 [WARN] PackLoader:240 - Cannot read IP mode file for STMicroelectronics.X-CUBE-NFC10.1.0.0
2025-08-09 01:49:49,217 [WARN] PackLoader:240 - Cannot read IP mode file for STMicroelectronics.X-CUBE-BLEMGR.4.0.0
2025-08-09 01:49:49,223 [WARN] PackLoader:240 - Cannot read IP mode file for emotas.I-CUBE-CANOPEN.1.3.0
2025-08-09 01:49:49,226 [WARN] ConditionMgr:438 - getConditionDescription Invalid condition id : Cortex-A Device cause : null
2025-08-09 01:49:49,235 [WARN] ConditionMgr:1044 - genDependencies : Invalid condition id : Cortex-A Device cause : null
2025-08-09 01:49:49,235 [WARN] ConditionMgr:1044 - genDependencies : Invalid condition id : Cortex-A Device cause : null
2025-08-09 01:49:49,235 [WARN] ConditionMgr:1044 - genDependencies : Invalid condition id : Cortex-A Device cause : null
2025-08-09 01:49:49,239 [ERROR] Engine:466 - C:\Users\TUF\.stm32cubemx\thirdparties\pdsc\STMicroelectronics.FP-SNS-STBOX1.2.1.0.pdsc: PDSC version is not supported
2025-08-09 01:49:49,243 [WARN] PackLoader:240 - Cannot read IP mode file for STMicroelectronics.FP-SNS-SMARTAG2.1.2.0
2025-08-09 01:49:49,246 [WARN] PackLoader:240 - Cannot read IP mode file for STMicroelectronics.FP-SNS-FLIGHT1.5.1.0
2025-08-09 01:49:49,302 [INFO] LogOutputStream:77 - [STDOUT_REDIRECT] 1 : Invalid condition id : UX_CORESTACK_Condition cause : null
2025-08-09 01:49:49,303 [INFO] LogOutputStream:77 - [STDOUT_REDIRECT] 1 : Invalid condition id : UX_CORESTACK_Condition cause : null
2025-08-09 01:49:49,303 [INFO] LogOutputStream:77 - [STDOUT_REDIRECT] 1 : Invalid condition id : UX_CORESTACK_Condition cause : null
2025-08-09 01:49:49,304 [INFO] LogOutputStream:77 - [STDOUT_REDIRECT] 1 : Invalid condition id : UX_CORESTACK_Condition cause : null
2025-08-09 01:49:49,304 [INFO] LogOutputStream:77 - [STDOUT_REDIRECT] 1 : Invalid condition id : UX_CORESTACK_Condition cause : null
2025-08-09 01:49:49,306 [WARN] PackLoader:240 - Cannot read IP mode file for STMicroelectronics.X-CUBE-AZRTOS-WL.2.0.0
2025-08-09 01:49:49,311 [WARN] PackLoader:240 - Cannot read IP mode file for STMicroelectronics.FP-SNS-MOTENV1.5.0.0
2025-08-09 01:49:49,318 [WARN] PackLoader:240 - Cannot read IP mode file for WES.I-CUBE-Cesium.1.3.0
2025-08-09 01:49:49,321 [WARN] PackLoader:240 - Cannot read IP mode file for STMicroelectronics.X-CUBE-BLE2.3.3.0
2025-08-09 01:49:49,325 [WARN] PackLoader:240 - Cannot read IP mode file for STMicroelectronics.X-CUBE-NFC9.1.0.0
2025-08-09 01:49:49,329 [WARN] PackLoader:240 - Cannot read IP mode file for wolfSSL.I-CUBE-wolfSSL.5.8.0
2025-08-09 01:49:49,332 [WARN] PackLoader:240 - Cannot read IP mode file for STMicroelectronics.X-CUBE-BLE1.7.1.0
2025-08-09 01:49:49,335 [WARN] PackLoader:240 - Cannot read IP mode file for wolfSSL.I-CUBE-wolfMQTT.1.19.2
2025-08-09 01:49:49,340 [WARN] PackLoader:240 - Cannot read IP mode file for STMicroelectronics.X-CUBE-EEPRMA1.5.2.0
2025-08-09 01:49:49,343 [WARN] PackLoader:240 - Cannot read IP mode file for STMicroelectronics.X-CUBE-AI.10.1.0
2025-08-09 01:49:49,351 [WARN] PackLoader:240 - Cannot read IP mode file for STMicroelectronics.X-CUBE-AZRTOS-G0.1.1.0
2025-08-09 01:49:49,356 [WARN] PackLoader:240 - Cannot read IP mode file for STMicroelectronics.X-CUBE-SAFEA1.1.2.2
2025-08-09 01:49:49,360 [WARN] PackLoader:240 - Cannot read IP mode file for STMicroelectronics.X-CUBE-NFC4.3.0.0
2025-08-09 01:49:49,365 [WARN] PackLoader:240 - Cannot read IP mode file for EmbeddedOffice.I-CUBE-FS-RTOS.1.0.1
2025-08-09 01:49:49,370 [WARN] PackLoader:240 - Cannot read IP mode file for STMicroelectronics.X-CUBE-WB05N.2.0.0
2025-08-09 01:49:49,373 [WARN] PackLoader:240 - Cannot read IP mode file for wolfSSL.I-CUBE-wolfTPM.3.8.0
2025-08-09 01:49:49,376 [WARN] PackLoader:240 - Cannot read IP mode file for STMicroelectronics.X-CUBE-TCPP.4.2.0
2025-08-09 01:49:49,380 [WARN] PackLoader:240 - Cannot read IP mode file for RealThread.X-CUBE-RT-Thread_Nano.4.1.1
2025-08-09 01:49:49,383 [WARN] PackLoader:240 - Cannot read IP mode file for STMicroelectronics.FP-ATR-SIGFOX1.3.2.0
2025-08-09 01:49:49,386 [WARN] PackLoader:240 - Cannot read IP mode file for STMicroelectronics.X-CUBE-EEPRMA1.5.1.0
2025-08-09 01:49:49,390 [WARN] PackLoader:240 - Cannot read IP mode file for ITTIA_DB.I-CUBE-ITTIADB.8.9.0
2025-08-09 01:49:49,395 [WARN] PackLoader:240 - Cannot read IP mode file for STMicroelectronics.X-CUBE-ST67W61.1.0.0
2025-08-09 01:49:49,398 [WARN] PackLoader:240 - Cannot read IP mode file for STMicroelectronics.X-CUBE-AI.10.2.0
2025-08-09 01:49:49,410 [WARN] PackLoader:240 - Cannot read IP mode file for SEGGER.I-CUBE-embOS.1.3.1
2025-08-09 01:49:49,429 [WARN] PackLoader:240 - Cannot read IP mode file for STMicroelectronics.X-CUBE-ALGOBUILD.1.4.0
2025-08-09 01:49:49,454 [WARN] PackLoader:240 - Cannot read IP mode file for STMicroelectronics.X-CUBE-MEMS1.11.3.0
2025-08-09 01:49:49,508 [WARN] PackLoader:240 - Cannot read IP mode file for STMicroelectronics.X-CUBE-PM33A1.1.0.0
2025-08-09 01:49:49,516 [WARN] PackLoader:240 - Cannot read IP mode file for STMicroelectronics.X-CUBE-AZRTOS-F4.1.1.0
2025-08-09 01:49:49,520 [WARN] PackLoader:240 - Cannot read IP mode file for Avnet-IotConnect.X-CUBE-IoTC-DA16k-PMOD.1.0.0
2025-08-09 01:49:49,523 [WARN] PackLoader:240 - Cannot read IP mode file for STMicroelectronics.X-CUBE-ISPU.2.1.0
2025-08-09 01:49:49,528 [WARN] PackLoader:240 - Cannot read IP mode file for STMicroelectronics.X-CUBE-NFC12.1.0.0
2025-08-09 01:49:49,536 [WARN] PackLoader:240 - Cannot read IP mode file for STMicroelectronics.X-CUBE-AZRTOS-L5.2.0.0
2025-08-09 01:49:49,542 [WARN] PackLoader:240 - Cannot read IP mode file for STMicroelectronics.X-CUBE-NFC6.3.1.0
2025-08-09 01:49:49,545 [WARN] PackLoader:240 - Cannot read IP mode file for STMicroelectronics.X-CUBE-FREERTOS.1.3.1
2025-08-09 01:49:49,549 [WARN] PackLoader:240 - Cannot read IP mode file for STMicroelectronics.FP-SNS-STAIOTCFT.1.0.0
2025-08-09 01:49:49,552 [WARN] PackLoader:240 - Cannot read IP mode file for STMicroelectronics.X-CUBE-DPower.1.3.0
2025-08-09 01:49:49,560 [WARN] ConditionMgr:438 - getConditionDescription Invalid condition id : LAN8742 Phy interface Condition cause : null
2025-08-09 01:49:49,561 [WARN] PackLoader:240 - Cannot read IP mode file for STMicroelectronics.X-CUBE-AZRTOS-L4.2.0.0
2025-08-09 01:49:49,561 [WARN] ConditionMgr:1044 - genDependencies : Invalid condition id : LAN8742 Phy interface Condition cause : null
2025-08-09 01:49:49,561 [WARN] ConditionMgr:1044 - genDependencies : Invalid condition id : LAN8742 Phy interface Condition cause : null
2025-08-09 01:49:49,562 [WARN] ConditionMgr:1044 - genDependencies : Invalid condition id : LAN8742 Phy interface Condition cause : null
2025-08-09 01:49:49,565 [WARN] PackLoader:240 - Cannot read IP mode file for STMicroelectronics.X-CUBE-SFXS2LP1.4.0.0
2025-08-09 01:49:49,574 [WARN] PackLoader:240 - Cannot read IP mode file for STMicroelectronics.X-CUBE-AZRTOS-H7.3.3.0
2025-08-09 01:49:49,580 [WARN] PackLoader:240 - Cannot read IP mode file for STMicroelectronics.X-CUBE-BLEMGR.4.1.0
2025-08-09 01:49:49,587 [WARN] ConditionMgr:438 - getConditionDescription Invalid condition id : UX DEVICE CLASS RTOS Condition cause : null
2025-08-09 01:49:49,587 [WARN] ConditionMgr:438 - getConditionDescription Invalid condition id : UX DEVICE CLASS RTOS Condition cause : null
2025-08-09 01:49:49,588 [WARN] PackLoader:240 - Cannot read IP mode file for STMicroelectronics.X-CUBE-AZRTOS-WB.2.0.0
2025-08-09 01:49:49,589 [WARN] ConditionMgr:1044 - genDependencies : Invalid condition id : UX DEVICE CLASS RTOS Condition cause : null
2025-08-09 01:49:49,589 [WARN] ConditionMgr:1044 - genDependencies : Invalid condition id : UX DEVICE CLASS RTOS Condition cause : null
2025-08-09 01:49:49,589 [WARN] ConditionMgr:1044 - genDependencies : Invalid condition id : UX DEVICE CLASS RTOS Condition cause : null
2025-08-09 01:49:49,590 [WARN] ConditionMgr:1044 - genDependencies : Invalid condition id : UX DEVICE CLASS RTOS Condition cause : null
2025-08-09 01:49:49,590 [WARN] ConditionMgr:1044 - genDependencies : Invalid condition id : UX DEVICE CLASS RTOS Condition cause : null
2025-08-09 01:49:49,593 [WARN] PackLoader:240 - Cannot read IP mode file for STMicroelectronics.X-CUBE-GNSS1.7.0.1
2025-08-09 01:49:49,599 [WARN] PackLoader:240 - Cannot read IP mode file for STMicroelectronics.X-CUBE-TOUCHGFX.4.25.0
2025-08-09 01:49:49,602 [WARN] PackLoader:240 - Cannot read IP mode file for STMicroelectronics.FP-SNS-STBOX1.2.0.0
2025-08-09 01:49:49,608 [WARN] PackLoader:240 - Cannot read IP mode file for STMicroelectronics.X-CUBE-SUBG2.5.0.0
2025-08-09 01:49:49,627 [WARN] PackLoader:240 - Cannot read IP mode file for STMicroelectronics.X-CUBE-AZRTOS-H7RS.1.1.0
2025-08-09 01:49:49,633 [WARN] PackLoader:240 - Cannot read IP mode file for Cesanta.I-CUBE-Mongoose.7.13.0
2025-08-09 01:49:49,642 [WARN] PackLoader:240 - Cannot read IP mode file for STMicroelectronics.X-CUBE-AZRTOS-G4.2.0.0
2025-08-09 01:49:49,646 [WARN] PackLoader:240 - Cannot read IP mode file for wolfSSL.I-CUBE-wolfSSH.1.4.20
2025-08-09 01:49:49,658 [WARN] PackLoader:240 - Cannot read IP mode file for STMicroelectronics.X-CUBE-NFC7.2.0.0
2025-08-09 01:49:49,667 [WARN] PackLoader:240 - Cannot read IP mode file for STMicroelectronics.X-CUBE-IPS.3.1.0
2025-08-09 01:49:49,674 [WARN] PackLoader:240 - Cannot read IP mode file for STMicroelectronics.X-CUBE-ALS.1.0.2
2025-08-09 01:49:49,678 [WARN] PackLoader:240 - Cannot read IP mode file for portGmbH.I-Cube-SoM-uGOAL.1.1.0
2025-08-09 01:49:49,683 [WARN] PackLoader:240 - Cannot read IP mode file for STMicroelectronics.X-CUBE-TOF1.3.4.3
2025-08-09 01:49:49,688 [INFO] ThirdParty:978 - Integrity check success = true
2025-08-09 01:49:49,688 [INFO] IntegrityCheckThread:100 - exiting critical section [integrity check]
2025-08-09 01:49:49,688 [INFO] IntegrityCheckThread:103 - End integrity checks thread
2025-08-09 02:31:44,951 [ERROR] LogOutputStream:75 - [STDERR_REDIRECT] 
2025-08-09 02:31:44,952 [ERROR] LogOutputStream:75 - [STDERR_REDIRECT] 
2025-08-09 14:02:37,024 [INFO] Activator:176 - 


2025-08-09 14:02:37,025 [INFO] Activator:177 - !SESSION log4j initialized
2025-08-09 14:02:41,109 [INFO] LogOutputStream:77 - [STDOUT_REDIRECT] 
2025-08-09 14:02:42,539 [INFO] ApplicationProperties:184 - Using Application install path: C:\ST\STM32CubeIDE_1.18.1\STM32CubeIDE\plugins\com.st.stm32cube.common.mx_6.14.1.202504091515
2025-08-09 14:02:42,556 [INFO] DbMcusXml:78 - Set database path to: C:\ST\STM32CubeIDE_1.18.1\STM32CubeIDE\plugins\com.st.stm32cube.common.mx_6.14.1.202504091515\\db\/mcu/
2025-08-09 14:02:42,556 [INFO] ApiDb:274 - Set plugin database path to: C:\ST\STM32CubeIDE_1.18.1\STM32CubeIDE\plugins\com.st.stm32cube.common.mx_6.14.1.202504091515\\db\/plugins/boardmanager/
2025-08-09 14:02:42,557 [WARN] ApiDb:259 - Overriding images path with different value:  => C:\ST\STM32CubeIDE_1.18.1\STM32CubeIDE\plugins\com.st.stm32cube.common.mx_6.14.1.202504091515\\db\/plugins/mcufinder/images/
2025-08-09 14:02:42,565 [INFO] ApiDb:250 - Set database path to: C:\Users\TUF\.stmcufinder\plugins\mcufinder//mcu/
2025-08-09 14:02:42,567 [INFO] DbMcusAds:125 - Set database path to: C:\Users\TUF\.stmcufinder\plugins\mcufinder//mcu/
2025-08-09 14:02:42,569 [INFO] CrossReferenceDbSqlite:203 - Set database path to: C:\Users\TUF\.stmcufinder\plugins\mcufinder//mcu/cs/
2025-08-09 14:02:42,648 [INFO] RulesReader:64 - Compatibility file has been processed (302 Rules)
2025-08-09 14:02:42,732 [INFO] DbMcusXml:78 - Set database path to: C:\ST\STM32CubeIDE_1.18.1\STM32CubeIDE\plugins\com.st.stm32cube.common.mx_6.14.1.202504091515\\db\/mcu/
2025-08-09 14:02:42,732 [INFO] ApiDb:274 - Set plugin database path to: C:\ST\STM32CubeIDE_1.18.1\STM32CubeIDE\plugins\com.st.stm32cube.common.mx_6.14.1.202504091515\\db\/plugins/boardmanager/
2025-08-09 14:02:42,732 [INFO] ApiDb:261 - Set plugin images path to: C:\ST\STM32CubeIDE_1.18.1\STM32CubeIDE\plugins\com.st.stm32cube.common.mx_6.14.1.202504091515\\db\/plugins/mcufinder/images/
2025-08-09 14:02:42,732 [WARN] DbFile:41 - Overriding database path with different value: C:\Users\TUF\.stmcufinder\plugins\mcufinder/ => C:\Users\TUF\.stmcufinder\plugins\mcufinder
2025-08-09 14:02:42,732 [INFO] ApiDb:250 - Set database path to: C:\Users\TUF\.stmcufinder\plugins\mcufinder//mcu/
2025-08-09 14:02:42,733 [WARN] DbFile:41 - Overriding database path with different value: C:\Users\TUF\.stmcufinder\plugins\mcufinder/ => C:\Users\TUF\.stmcufinder\plugins\mcufinder
2025-08-09 14:02:42,733 [INFO] DbMcusAds:125 - Set database path to: C:\Users\TUF\.stmcufinder\plugins\mcufinder//mcu/
2025-08-09 14:02:42,733 [WARN] DbFile:41 - Overriding database path with different value: C:\Users\TUF\.stmcufinder\plugins\mcufinder/ => C:\Users\TUF\.stmcufinder\plugins\mcufinder
2025-08-09 14:02:42,733 [WARN] DbFile:41 - Overriding database path with different value: C:\Users\TUF\.stmcufinder\plugins\mcufinder/ => C:\Users\TUF\.stmcufinder\plugins\mcufinder
2025-08-09 14:02:42,733 [INFO] CrossReferenceDbSqlite:203 - Set database path to: C:\Users\TUF\.stmcufinder\plugins\mcufinder//mcu/cs/
2025-08-09 14:02:42,789 [INFO] MainPanel:272 - HeapMemory: 268435456
2025-08-09 14:02:42,874 [INFO] DbMcusXml:78 - Set database path to: C:\ST\STM32CubeIDE_1.18.1\STM32CubeIDE\plugins\com.st.stm32cube.common.mx_6.14.1.202504091515\\db\/mcu/
2025-08-09 14:02:42,874 [INFO] ApiDb:274 - Set plugin database path to: C:\ST\STM32CubeIDE_1.18.1\STM32CubeIDE\plugins\com.st.stm32cube.common.mx_6.14.1.202504091515\\db\/plugins/boardmanager/
2025-08-09 14:02:42,874 [INFO] ApiDb:261 - Set plugin images path to: C:\ST\STM32CubeIDE_1.18.1\STM32CubeIDE\plugins\com.st.stm32cube.common.mx_6.14.1.202504091515\\db\/plugins/mcufinder/images/
2025-08-09 14:02:42,875 [WARN] DbFile:41 - Overriding database path with different value: C:\Users\TUF\.stmcufinder\plugins\mcufinder/ => C:\Users\TUF\.stmcufinder\plugins\mcufinder
2025-08-09 14:02:42,875 [INFO] ApiDb:250 - Set database path to: C:\Users\TUF\.stmcufinder\plugins\mcufinder//mcu/
2025-08-09 14:02:42,875 [WARN] DbFile:41 - Overriding database path with different value: C:\Users\TUF\.stmcufinder\plugins\mcufinder/ => C:\Users\TUF\.stmcufinder\plugins\mcufinder
2025-08-09 14:02:42,875 [INFO] DbMcusAds:125 - Set database path to: C:\Users\TUF\.stmcufinder\plugins\mcufinder//mcu/
2025-08-09 14:02:42,875 [WARN] DbFile:41 - Overriding database path with different value: C:\Users\TUF\.stmcufinder\plugins\mcufinder/ => C:\Users\TUF\.stmcufinder\plugins\mcufinder
2025-08-09 14:02:42,875 [WARN] DbFile:41 - Overriding database path with different value: C:\Users\TUF\.stmcufinder\plugins\mcufinder/ => C:\Users\TUF\.stmcufinder\plugins\mcufinder
2025-08-09 14:02:42,875 [INFO] CrossReferenceDbSqlite:203 - Set database path to: C:\Users\TUF\.stmcufinder\plugins\mcufinder//mcu/cs/
2025-08-09 14:02:42,891 [INFO] ApplicationProperties:184 - Using Application install path: C:\ST\STM32CubeIDE_1.18.1\STM32CubeIDE\plugins\com.st.stm32cube.common.mx_6.14.1.202504091515
2025-08-09 14:02:42,892 [INFO] PluginManage:196 - Search for loadable plugins [exclusion list=, ]
2025-08-09 14:02:42,893 [INFO] PluginManage:310 - Check plugin analytics
2025-08-09 14:02:43,071 [INFO] AnalyticsPlugin:253 - Accepted Software Licenses: 
2025-08-09 14:02:43,071 [INFO] AnalyticsPlugin:255 - Accepted CMSIS Pack Licenses: 
2025-08-09 14:02:43,071 [INFO] AnalyticsPlugin:257 - Accepted Firmware Licenses: 
2025-08-09 14:02:43,073 [INFO] PluginManage:359 - Loaded plugin analytics (category:tool,tabindex:-1)
2025-08-09 14:02:43,074 [INFO] PluginManage:310 - Check plugin cadmodel
2025-08-09 14:02:43,081 [INFO] CADModel:105 - Init CAD model plugin
2025-08-09 14:02:43,082 [INFO] PluginManage:359 - Loaded plugin cadmodel (category:power,tabindex:5)
2025-08-09 14:02:43,083 [INFO] PluginManage:310 - Check plugin clock
2025-08-09 14:02:43,093 [INFO] PluginManage:359 - Loaded plugin clock (category:base,tabindex:2)
2025-08-09 14:02:43,094 [INFO] PluginManage:310 - Check plugin ddr
2025-08-09 14:02:43,097 [INFO] PluginManage:359 - Loaded plugin ddr (category:tool,tabindex:6)
2025-08-09 14:02:43,098 [INFO] PluginManage:310 - Check plugin filemanager
2025-08-09 14:02:43,242 [INFO] PluginManage:359 - Loaded plugin filemanager (category:base,tabindex:10)
2025-08-09 14:02:43,242 [INFO] PluginManage:310 - Check plugin ipmanager
2025-08-09 14:02:43,247 [INFO] PluginManage:359 - Loaded plugin ipmanager (category:base,tabindex:5)
2025-08-09 14:02:43,249 [INFO] PluginManage:310 - Check plugin lpbam
2025-08-09 14:02:43,259 [INFO] PluginManage:359 - Loaded plugin lpbam (category:base,tabindex:0)
2025-08-09 14:02:43,259 [INFO] PluginManage:310 - Check plugin memorymap
2025-08-09 14:02:43,273 [INFO] PluginManage:359 - Loaded plugin memorymap (category:base,tabindex:4)
2025-08-09 14:02:43,274 [INFO] PluginManage:310 - Check plugin pinoutandconfiguration
2025-08-09 14:02:43,283 [INFO] PluginManage:359 - Loaded plugin pinoutandconfiguration (category:base,tabindex:1)
2025-08-09 14:02:43,283 [INFO] PluginManage:310 - Check plugin pinoutconfig
2025-08-09 14:02:43,346 [WARN] SupportedApi:132 - Cannot load RTOS API schema: s4s-elt-must-match.1: The content of 'definitions' must match (annotation?, (simpleType | complexType)?, (unique | key | keyref)*)). A problem was found starting at: attribute.
2025-08-09 14:02:43,448 [INFO] PluginManage:359 - Loaded plugin pinoutconfig (category:base,tabindex:0)
2025-08-09 14:02:43,449 [INFO] PluginManage:310 - Check plugin power
2025-08-09 14:02:43,457 [INFO] PluginManage:359 - Loaded plugin power (category:power,tabindex:4)
2025-08-09 14:02:43,457 [INFO] PluginManage:310 - Check plugin projectmanager
2025-08-09 14:02:43,470 [INFO] PluginManage:359 - Loaded plugin projectmanager (category:projectmanager,tabindex:4)
2025-08-09 14:02:43,470 [INFO] PluginManage:310 - Check plugin rif
2025-08-09 14:02:43,476 [INFO] PluginManage:359 - Loaded plugin rif (category:base,tabindex:3)
2025-08-09 14:02:43,476 [INFO] PluginManage:310 - Check plugin thirdparty
2025-08-09 14:02:43,607 [INFO] PluginManage:359 - Loaded plugin thirdparty (category:base,tabindex:-1)
2025-08-09 14:02:43,607 [INFO] PluginManage:310 - Check plugin tools
2025-08-09 14:02:43,607 [WARN] IntegrityCheckThread:84 - waiting for thirdparty lock release [integrity check]
2025-08-09 14:02:43,609 [INFO] IntegrityCheckThread:86 - entering critical section [integrity check]
2025-08-09 14:02:43,609 [INFO] ThirdPartyUpdaterWithRetryManager:70 - Updater plugin not ready yet. [1/15]
2025-08-09 14:02:43,611 [INFO] PluginManage:359 - Loaded plugin tools (category:base,tabindex:7)
2025-08-09 14:02:43,611 [INFO] PluginManage:310 - Check plugin tutovideos
2025-08-09 14:02:43,739 [INFO] PluginManage:359 - Loaded plugin tutovideos (category:base,tabindex:-1)
2025-08-09 14:02:43,739 [INFO] PluginManage:310 - Check plugin updater
2025-08-09 14:02:43,755 [INFO] PluginManage:359 - Loaded plugin updater (category:base,tabindex:12)
2025-08-09 14:02:43,755 [INFO] PluginManage:310 - Check plugin userauth
2025-08-09 14:02:43,760 [INFO] UserAuth:118 - Init User Auth plugin
2025-08-09 14:02:43,761 [INFO] PluginManage:359 - Loaded plugin userauth (category:base,tabindex:14)
2025-08-09 14:02:43,761 [INFO] PluginManage:283 - PluginManage : Loaded plugins [18]
2025-08-09 14:02:43,954 [INFO] PinOutPanel:1589 - setPackage(No Configuration,No Configuration)
2025-08-09 14:02:44,024 [INFO] CADModel:165 - CPN selected for project level
2025-08-09 14:02:44,024 [INFO] CADModel:114 - Register for checkConnection events
2025-08-09 14:02:44,037 [INFO] IPUIPlugin:80 - create IPUIPlugin
2025-08-09 14:02:44,037 [INFO] PluginManager:220 - loadIPPluginJar : add adc
2025-08-09 14:02:44,040 [INFO] IPUIPlugin:80 - create IPUIPlugin
2025-08-09 14:02:44,041 [INFO] PluginManager:220 - loadIPPluginJar : add aes
2025-08-09 14:02:44,043 [INFO] IPUIPlugin:80 - create IPUIPlugin
2025-08-09 14:02:44,043 [INFO] PluginManager:220 - loadIPPluginJar : add can
2025-08-09 14:02:44,044 [INFO] IPUIPlugin:80 - create IPUIPlugin
2025-08-09 14:02:44,044 [INFO] PluginManager:220 - loadIPPluginJar : add comp
2025-08-09 14:02:44,046 [INFO] IPUIPlugin:80 - create IPUIPlugin
2025-08-09 14:02:44,047 [INFO] PluginManager:220 - loadIPPluginJar : add cryp
2025-08-09 14:02:44,049 [INFO] IPUIPlugin:80 - create IPUIPlugin
2025-08-09 14:02:44,049 [INFO] PluginManager:220 - loadIPPluginJar : add ddr_ctrl_phy
2025-08-09 14:02:44,051 [INFO] IPUIPlugin:80 - create IPUIPlugin
2025-08-09 14:02:44,051 [INFO] PluginManager:220 - loadIPPluginJar : add dfsdm
2025-08-09 14:02:44,056 [INFO] IPUIPlugin:80 - create IPUIPlugin
2025-08-09 14:02:44,056 [INFO] PluginManager:220 - loadIPPluginJar : add dma
2025-08-09 14:02:44,057 [INFO] IPUIPlugin:80 - create IPUIPlugin
2025-08-09 14:02:44,057 [INFO] PluginManager:220 - loadIPPluginJar : add dma3
2025-08-09 14:02:44,059 [INFO] IPUIPlugin:80 - create IPUIPlugin
2025-08-09 14:02:44,059 [INFO] PluginManager:220 - loadIPPluginJar : add extmemmanager
2025-08-09 14:02:44,061 [INFO] IPUIPlugin:80 - create IPUIPlugin
2025-08-09 14:02:44,061 [INFO] PluginManager:220 - loadIPPluginJar : add fatfs
2025-08-09 14:02:44,064 [INFO] IPUIPlugin:80 - create IPUIPlugin
2025-08-09 14:02:44,064 [INFO] PluginManager:220 - loadIPPluginJar : add fmc
2025-08-09 14:02:44,068 [INFO] IPUIPlugin:80 - create IPUIPlugin
2025-08-09 14:02:44,068 [INFO] PluginManager:220 - loadIPPluginJar : add freertos
2025-08-09 14:02:44,069 [INFO] IPUIPlugin:80 - create IPUIPlugin
2025-08-09 14:02:44,069 [INFO] PluginManager:220 - loadIPPluginJar : add genericplugin
2025-08-09 14:02:44,071 [INFO] IPUIPlugin:80 - create IPUIPlugin
2025-08-09 14:02:44,071 [INFO] PluginManager:220 - loadIPPluginJar : add gfxmmu
2025-08-09 14:02:44,075 [INFO] IPUIPlugin:80 - create IPUIPlugin
2025-08-09 14:02:44,075 [INFO] PluginManager:220 - loadIPPluginJar : add gic
2025-08-09 14:02:44,079 [INFO] IPUIPlugin:80 - create IPUIPlugin
2025-08-09 14:02:44,079 [INFO] PluginManager:220 - loadIPPluginJar : add gpio
2025-08-09 14:02:44,081 [INFO] IPUIPlugin:80 - create IPUIPlugin
2025-08-09 14:02:44,081 [INFO] PluginManager:220 - loadIPPluginJar : add gtzc
2025-08-09 14:02:44,083 [INFO] IPUIPlugin:80 - create IPUIPlugin
2025-08-09 14:02:44,083 [INFO] PluginManager:220 - loadIPPluginJar : add hash
2025-08-09 14:02:44,085 [INFO] IPUIPlugin:80 - create IPUIPlugin
2025-08-09 14:02:44,086 [INFO] PluginManager:220 - loadIPPluginJar : add i2c
2025-08-09 14:02:44,087 [INFO] IPUIPlugin:80 - create IPUIPlugin
2025-08-09 14:02:44,087 [INFO] PluginManager:220 - loadIPPluginJar : add i2s
2025-08-09 14:02:44,089 [INFO] IPUIPlugin:80 - create IPUIPlugin
2025-08-09 14:02:44,089 [INFO] PluginManager:220 - loadIPPluginJar : add i3c
2025-08-09 14:02:44,092 [INFO] IPUIPlugin:80 - create IPUIPlugin
2025-08-09 14:02:44,093 [INFO] PluginManager:220 - loadIPPluginJar : add ipddr
2025-08-09 14:02:44,098 [INFO] IPUIPlugin:80 - create IPUIPlugin
2025-08-09 14:02:44,098 [INFO] PluginManager:220 - loadIPPluginJar : add linkedlist
2025-08-09 14:02:44,100 [INFO] IPUIPlugin:80 - create IPUIPlugin
2025-08-09 14:02:44,100 [INFO] PluginManager:220 - loadIPPluginJar : add lorawan
2025-08-09 14:02:44,101 [INFO] IPUIPlugin:80 - create IPUIPlugin
2025-08-09 14:02:44,101 [INFO] PluginManager:220 - loadIPPluginJar : add ltdc
2025-08-09 14:02:44,105 [INFO] IPUIPlugin:80 - create IPUIPlugin
2025-08-09 14:02:44,105 [INFO] PluginManager:220 - loadIPPluginJar : add mdma
2025-08-09 14:02:44,108 [INFO] IPUIPlugin:80 - create IPUIPlugin
2025-08-09 14:02:44,108 [INFO] PluginManager:220 - loadIPPluginJar : add nvic
2025-08-09 14:02:44,110 [INFO] IPUIPlugin:80 - create IPUIPlugin
2025-08-09 14:02:44,111 [INFO] PluginManager:220 - loadIPPluginJar : add opamp
2025-08-09 14:02:44,113 [INFO] IPUIPlugin:80 - create IPUIPlugin
2025-08-09 14:02:44,113 [INFO] PluginManager:220 - loadIPPluginJar : add openamp
2025-08-09 14:02:44,115 [INFO] IPUIPlugin:80 - create IPUIPlugin
2025-08-09 14:02:44,115 [INFO] PluginManager:220 - loadIPPluginJar : add pdm2pcm
2025-08-09 14:02:44,121 [INFO] IPUIPlugin:80 - create IPUIPlugin
2025-08-09 14:02:44,122 [INFO] PluginManager:220 - loadIPPluginJar : add plateformsettings
2025-08-09 14:02:44,124 [INFO] IPUIPlugin:80 - create IPUIPlugin
2025-08-09 14:02:44,125 [INFO] PluginManager:220 - loadIPPluginJar : add quadspi
2025-08-09 14:02:44,126 [INFO] IPUIPlugin:80 - create IPUIPlugin
2025-08-09 14:02:44,127 [INFO] PluginManager:220 - loadIPPluginJar : add radio
2025-08-09 14:02:44,130 [INFO] IPUIPlugin:80 - create IPUIPlugin
2025-08-09 14:02:44,130 [INFO] PluginManager:220 - loadIPPluginJar : add resmgrutility
2025-08-09 14:02:44,132 [INFO] IPUIPlugin:80 - create IPUIPlugin
2025-08-09 14:02:44,132 [INFO] PluginManager:220 - loadIPPluginJar : add sai
2025-08-09 14:02:44,134 [INFO] IPUIPlugin:80 - create IPUIPlugin
2025-08-09 14:02:44,134 [INFO] PluginManager:220 - loadIPPluginJar : add spi
2025-08-09 14:02:44,138 [INFO] IPUIPlugin:80 - create IPUIPlugin
2025-08-09 14:02:44,138 [INFO] PluginManager:220 - loadIPPluginJar : add stm32_wpan
2025-08-09 14:02:44,140 [INFO] IPUIPlugin:80 - create IPUIPlugin
2025-08-09 14:02:44,140 [INFO] PluginManager:220 - loadIPPluginJar : add tim
2025-08-09 14:02:44,142 [INFO] IPUIPlugin:80 - create IPUIPlugin
2025-08-09 14:02:44,142 [INFO] PluginManager:220 - loadIPPluginJar : add touchsensing
2025-08-09 14:02:44,144 [INFO] IPUIPlugin:80 - create IPUIPlugin
2025-08-09 14:02:44,144 [INFO] PluginManager:220 - loadIPPluginJar : add tracer_emb
2025-08-09 14:02:44,145 [INFO] IPUIPlugin:80 - create IPUIPlugin
2025-08-09 14:02:44,145 [INFO] PluginManager:220 - loadIPPluginJar : add ts
2025-08-09 14:02:44,146 [INFO] IPUIPlugin:80 - create IPUIPlugin
2025-08-09 14:02:44,146 [INFO] PluginManager:220 - loadIPPluginJar : add tsc
2025-08-09 14:02:44,147 [INFO] IPUIPlugin:80 - create IPUIPlugin
2025-08-09 14:02:44,147 [INFO] PluginManager:220 - loadIPPluginJar : add ucpd
2025-08-09 14:02:44,151 [INFO] IPUIPlugin:80 - create IPUIPlugin
2025-08-09 14:02:44,151 [INFO] PluginManager:220 - loadIPPluginJar : add usart
2025-08-09 14:02:44,155 [INFO] IPUIPlugin:80 - create IPUIPlugin
2025-08-09 14:02:44,155 [INFO] PluginManager:220 - loadIPPluginJar : add usbx
2025-08-09 14:02:44,284 [FATAL] Updater:351 - Updater called before beeing initialized
2025-08-09 14:02:44,307 [INFO] RulesReader:64 - Compatibility file has been processed (302 Rules)
2025-08-09 14:02:44,316 [INFO] RulesReader:64 - Compatibility file has been processed (302 Rules)
2025-08-09 14:02:44,325 [INFO] CADModel:165 - CPN selected for project level
2025-08-09 14:02:44,325 [INFO] CADModel:114 - Register for checkConnection events
2025-08-09 14:02:44,325 [FATAL] Updater:351 - Updater called before beeing initialized
2025-08-09 14:02:44,325 [ERROR] CADModel:125 - Updater not yet initialized, retry later 
2025-08-09 14:02:44,464 [FATAL] Updater:351 - Updater called before beeing initialized
2025-08-09 14:02:44,466 [INFO] CADModel:165 - CPN selected for project level
2025-08-09 14:02:44,466 [INFO] CADModel:114 - Register for checkConnection events
2025-08-09 14:02:44,466 [FATAL] Updater:351 - Updater called before beeing initialized
2025-08-09 14:02:44,466 [ERROR] CADModel:125 - Updater not yet initialized, retry later 
2025-08-09 14:02:44,469 [FATAL] Updater:351 - Updater called before beeing initialized
2025-08-09 14:02:44,548 [FATAL] Updater:351 - Updater called before beeing initialized
2025-08-09 14:02:44,551 [INFO] DbMcusAds:53 - JSON generation date=Tue Jul 08 16:14:23 CST 2025 (1751962463593)
2025-08-09 14:02:44,552 [FATAL] Updater:351 - Updater called before beeing initialized
2025-08-09 14:02:44,577 [WARN] DetailPanel:346 - Failed to get advertising image, set to default
2025-08-09 14:02:44,726 [FATAL] Updater:351 - Updater called before beeing initialized
2025-08-09 14:02:44,729 [FATAL] Updater:351 - Updater called before beeing initialized
2025-08-09 14:02:44,730 [FATAL] Updater:351 - Updater called before beeing initialized
2025-08-09 14:02:44,730 [WARN] DetailPanel:346 - Failed to get advertising image, set to default
2025-08-09 14:02:44,731 [FATAL] Updater:351 - Updater called before beeing initialized
2025-08-09 14:02:44,763 [ERROR] Updater:1198 - MainUpdater not yet initialized. External WinMGr cannot be set.
2025-08-09 14:02:44,763 [INFO] Updater:1134 - Updater Version found : 6.14.1
2025-08-09 14:02:44,778 [INFO] ApplicationProperties:184 - Using Application install path: C:\ST\STM32CubeIDE_1.18.1\STM32CubeIDE\plugins\com.st.stm32cube.common.mx_6.14.1.202504091515
2025-08-09 14:02:46,372 [ERROR] LogOutputStream:75 - [STDERR_REDIRECT] Aug 09, 2025 2:02:46 PM java.util.prefs.WindowsPreferences <init>
2025-08-09 14:02:46,373 [ERROR] LogOutputStream:75 - [STDERR_REDIRECT] WARNING: Could not open/create prefs root node Software\JavaSoft\Prefs at root 0xffffffff80000002. Windows RegCreateKeyEx(...) returned error code 5.
2025-08-09 14:02:46,373 [ERROR] LogOutputStream:75 - [STDERR_REDIRECT] 
2025-08-09 14:02:46,609 [INFO] ThirdPartyUpdaterWithRetryManager:70 - Updater plugin not ready yet. [2/15]
2025-08-09 14:02:46,642 [INFO] MainUpdater:2872 - connection check result : 10
2025-08-09 14:02:46,642 [INFO] MainUpdater:289 - Updater Check For Update Now.
2025-08-09 14:02:46,642 [INFO] MicroXplorer:498 - Change Database Version : DB.6.0.141
2025-08-09 14:02:46,646 [INFO] McuFinderGlobals:63 - Set McuFinder mode to 2 (CubeIDE integrated)
2025-08-09 14:02:46,647 [INFO] UserAuth:171 - activating auth plugin
2025-08-09 14:02:46,649 [INFO] UserAuth:484 - Internet connection configuration mode: 1
2025-08-09 14:02:46,683 [INFO] JxBrowserEngine:152 - Initiate JxBrowser Engine with user profile folder
2025-08-09 14:02:46,805 [INFO] CheckServerUpdateThread:120 - End of CheckServer Thread
2025-08-09 14:02:48,021 [INFO] WebApp:169 - Instantiating new browser for Auth
2025-08-09 14:02:48,736 [INFO] WebApp:463 - Apply proxy settings
2025-08-09 14:02:48,736 [INFO] WebApp:548 - Chromium requires no authentication
2025-08-09 14:02:48,747 [INFO] WebApp:491 - Direct internet connection detected
2025-08-09 14:02:48,773 [INFO] WebApp:894 - Register for checkConnection events
2025-08-09 14:02:48,773 [INFO] WebApp:463 - Apply proxy settings
2025-08-09 14:02:48,773 [INFO] WebApp:548 - Chromium requires no authentication
2025-08-09 14:02:48,774 [INFO] WebApp:491 - Direct internet connection detected
2025-08-09 14:02:48,971 [INFO] WebApp:225 - Starting web application
2025-08-09 14:02:48,971 [INFO] WebApp:593 - Web application path used C:\ST\STM32CubeIDE_1.18.1\STM32CubeIDE\plugins\com.st.stm32cube.common.mx_6.14.1.202504091515\db\plugins\mcufinder\reactClient1\index.html
2025-08-09 14:02:49,267 [INFO] WebApp:191 - Connection restablished
2025-08-09 14:02:49,936 [WARN] PackLoader:240 - Cannot read IP mode file for STMicroelectronics.FP-SNS-MOTENVWB1.1.4.0
2025-08-09 14:02:49,946 [WARN] PackLoader:240 - Cannot read IP mode file for STMicroelectronics.FP-ATR-ASTRA1.2.0.2
2025-08-09 14:02:49,956 [WARN] PackLoader:240 - Cannot read IP mode file for STMicroelectronics.X-CUBE-SMBUS.2.1.0
2025-08-09 14:02:49,961 [WARN] PackLoader:240 - Cannot read IP mode file for STMicroelectronics.X-CUBE-ST60.1.0.0
2025-08-09 14:02:49,993 [WARN] PackLoader:240 - Cannot read IP mode file for STMicroelectronics.X-CUBE-AZRTOS-F7.1.1.0
2025-08-09 14:02:50,017 [WARN] PackLoader:240 - Cannot read IP mode file for Infineon.AIROC-Wi-Fi-Bluetooth-STM32.1.7.0
2025-08-09 14:02:50,041 [WARN] PackLoader:240 - Cannot read IP mode file for STMicroelectronics.X-CUBE-AZRTOS-H7.3.4.0
2025-08-09 14:02:50,056 [WARN] PackLoader:240 - Cannot read IP mode file for STMicroelectronics.X-CUBE-DISPLAY.3.0.0
2025-08-09 14:02:50,069 [WARN] PackLoader:240 - Cannot read IP mode file for STMicroelectronics.X-CUBE-NFC10.1.0.0
2025-08-09 14:02:50,078 [WARN] PackLoader:240 - Cannot read IP mode file for STMicroelectronics.X-CUBE-BLEMGR.4.0.0
2025-08-09 14:02:50,085 [WARN] PackLoader:240 - Cannot read IP mode file for emotas.I-CUBE-CANOPEN.1.3.0
2025-08-09 14:02:50,089 [WARN] ConditionMgr:438 - getConditionDescription Invalid condition id : Cortex-A Device cause : null
2025-08-09 14:02:50,102 [WARN] ConditionMgr:1044 - genDependencies : Invalid condition id : Cortex-A Device cause : null
2025-08-09 14:02:50,102 [WARN] ConditionMgr:1044 - genDependencies : Invalid condition id : Cortex-A Device cause : null
2025-08-09 14:02:50,102 [WARN] ConditionMgr:1044 - genDependencies : Invalid condition id : Cortex-A Device cause : null
2025-08-09 14:02:50,106 [ERROR] Engine:466 - C:\Users\TUF\.stm32cubemx\thirdparties\pdsc\STMicroelectronics.FP-SNS-STBOX1.2.1.0.pdsc: PDSC version is not supported
2025-08-09 14:02:50,111 [WARN] PackLoader:240 - Cannot read IP mode file for STMicroelectronics.FP-SNS-SMARTAG2.1.2.0
2025-08-09 14:02:50,115 [WARN] PackLoader:240 - Cannot read IP mode file for STMicroelectronics.FP-SNS-FLIGHT1.5.1.0
2025-08-09 14:02:50,124 [INFO] LogOutputStream:77 - [STDOUT_REDIRECT] 1 : Invalid condition id : UX_CORESTACK_Condition cause : null
2025-08-09 14:02:50,125 [INFO] LogOutputStream:77 - [STDOUT_REDIRECT] 1 : Invalid condition id : UX_CORESTACK_Condition cause : null
2025-08-09 14:02:50,126 [INFO] LogOutputStream:77 - [STDOUT_REDIRECT] 1 : Invalid condition id : UX_CORESTACK_Condition cause : null
2025-08-09 14:02:50,127 [INFO] LogOutputStream:77 - [STDOUT_REDIRECT] 1 : Invalid condition id : UX_CORESTACK_Condition cause : null
2025-08-09 14:02:50,128 [INFO] LogOutputStream:77 - [STDOUT_REDIRECT] 1 : Invalid condition id : UX_CORESTACK_Condition cause : null
2025-08-09 14:02:50,132 [WARN] PackLoader:240 - Cannot read IP mode file for STMicroelectronics.X-CUBE-AZRTOS-WL.2.0.0
2025-08-09 14:02:50,137 [WARN] PackLoader:240 - Cannot read IP mode file for STMicroelectronics.FP-SNS-MOTENV1.5.0.0
2025-08-09 14:02:50,146 [WARN] PackLoader:240 - Cannot read IP mode file for WES.I-CUBE-Cesium.1.3.0
2025-08-09 14:02:50,152 [WARN] PackLoader:240 - Cannot read IP mode file for STMicroelectronics.X-CUBE-BLE2.3.3.0
2025-08-09 14:02:50,156 [WARN] PackLoader:240 - Cannot read IP mode file for STMicroelectronics.X-CUBE-NFC9.1.0.0
2025-08-09 14:02:50,163 [WARN] PackLoader:240 - Cannot read IP mode file for wolfSSL.I-CUBE-wolfSSL.5.8.0
2025-08-09 14:02:50,166 [WARN] PackLoader:240 - Cannot read IP mode file for STMicroelectronics.X-CUBE-BLE1.7.1.0
2025-08-09 14:02:50,170 [WARN] PackLoader:240 - Cannot read IP mode file for wolfSSL.I-CUBE-wolfMQTT.1.19.2
2025-08-09 14:02:50,176 [WARN] PackLoader:240 - Cannot read IP mode file for STMicroelectronics.X-CUBE-EEPRMA1.5.2.0
2025-08-09 14:02:50,182 [WARN] PackLoader:240 - Cannot read IP mode file for STMicroelectronics.X-CUBE-AI.10.1.0
2025-08-09 14:02:50,193 [WARN] PackLoader:240 - Cannot read IP mode file for STMicroelectronics.X-CUBE-AZRTOS-G0.1.1.0
2025-08-09 14:02:50,200 [WARN] PackLoader:240 - Cannot read IP mode file for STMicroelectronics.X-CUBE-SAFEA1.1.2.2
2025-08-09 14:02:50,206 [WARN] PackLoader:240 - Cannot read IP mode file for STMicroelectronics.X-CUBE-NFC4.3.0.0
2025-08-09 14:02:50,215 [WARN] PackLoader:240 - Cannot read IP mode file for EmbeddedOffice.I-CUBE-FS-RTOS.1.0.1
2025-08-09 14:02:50,221 [WARN] PackLoader:240 - Cannot read IP mode file for STMicroelectronics.X-CUBE-WB05N.2.0.0
2025-08-09 14:02:50,226 [WARN] PackLoader:240 - Cannot read IP mode file for wolfSSL.I-CUBE-wolfTPM.3.8.0
2025-08-09 14:02:50,231 [WARN] PackLoader:240 - Cannot read IP mode file for STMicroelectronics.X-CUBE-TCPP.4.2.0
2025-08-09 14:02:50,238 [WARN] PackLoader:240 - Cannot read IP mode file for RealThread.X-CUBE-RT-Thread_Nano.4.1.1
2025-08-09 14:02:50,243 [WARN] PackLoader:240 - Cannot read IP mode file for STMicroelectronics.FP-ATR-SIGFOX1.3.2.0
2025-08-09 14:02:50,248 [WARN] PackLoader:240 - Cannot read IP mode file for STMicroelectronics.X-CUBE-EEPRMA1.5.1.0
2025-08-09 14:02:50,255 [WARN] PackLoader:240 - Cannot read IP mode file for ITTIA_DB.I-CUBE-ITTIADB.8.9.0
2025-08-09 14:02:50,267 [WARN] PackLoader:240 - Cannot read IP mode file for STMicroelectronics.X-CUBE-ST67W61.1.0.0
2025-08-09 14:02:50,275 [WARN] PackLoader:240 - Cannot read IP mode file for STMicroelectronics.X-CUBE-AI.10.2.0
2025-08-09 14:02:50,296 [WARN] PackLoader:240 - Cannot read IP mode file for SEGGER.I-CUBE-embOS.1.3.1
2025-08-09 14:02:50,361 [WARN] PackLoader:240 - Cannot read IP mode file for STMicroelectronics.X-CUBE-ALGOBUILD.1.4.0
2025-08-09 14:02:50,389 [WARN] PackLoader:240 - Cannot read IP mode file for STMicroelectronics.X-CUBE-MEMS1.11.3.0
2025-08-09 14:02:50,477 [WARN] PackLoader:240 - Cannot read IP mode file for STMicroelectronics.X-CUBE-PM33A1.1.0.0
2025-08-09 14:02:50,485 [WARN] PackLoader:240 - Cannot read IP mode file for STMicroelectronics.X-CUBE-AZRTOS-F4.1.1.0
2025-08-09 14:02:50,489 [WARN] PackLoader:240 - Cannot read IP mode file for Avnet-IotConnect.X-CUBE-IoTC-DA16k-PMOD.1.0.0
2025-08-09 14:02:50,494 [WARN] PackLoader:240 - Cannot read IP mode file for STMicroelectronics.X-CUBE-ISPU.2.1.0
2025-08-09 14:02:50,500 [WARN] PackLoader:240 - Cannot read IP mode file for STMicroelectronics.X-CUBE-NFC12.1.0.0
2025-08-09 14:02:50,512 [WARN] PackLoader:240 - Cannot read IP mode file for STMicroelectronics.X-CUBE-AZRTOS-L5.2.0.0
2025-08-09 14:02:50,519 [WARN] PackLoader:240 - Cannot read IP mode file for STMicroelectronics.X-CUBE-NFC6.3.1.0
2025-08-09 14:02:50,523 [WARN] PackLoader:240 - Cannot read IP mode file for STMicroelectronics.X-CUBE-FREERTOS.1.3.1
2025-08-09 14:02:50,528 [WARN] PackLoader:240 - Cannot read IP mode file for STMicroelectronics.FP-SNS-STAIOTCFT.1.0.0
2025-08-09 14:02:50,532 [WARN] PackLoader:240 - Cannot read IP mode file for STMicroelectronics.X-CUBE-DPower.1.3.0
2025-08-09 14:02:50,544 [WARN] ConditionMgr:438 - getConditionDescription Invalid condition id : LAN8742 Phy interface Condition cause : null
2025-08-09 14:02:50,545 [WARN] PackLoader:240 - Cannot read IP mode file for STMicroelectronics.X-CUBE-AZRTOS-L4.2.0.0
2025-08-09 14:02:50,545 [WARN] ConditionMgr:1044 - genDependencies : Invalid condition id : LAN8742 Phy interface Condition cause : null
2025-08-09 14:02:50,545 [WARN] ConditionMgr:1044 - genDependencies : Invalid condition id : LAN8742 Phy interface Condition cause : null
2025-08-09 14:02:50,545 [WARN] ConditionMgr:1044 - genDependencies : Invalid condition id : LAN8742 Phy interface Condition cause : null
2025-08-09 14:02:50,556 [WARN] PackLoader:240 - Cannot read IP mode file for STMicroelectronics.X-CUBE-SFXS2LP1.4.0.0
2025-08-09 14:02:50,568 [WARN] PackLoader:240 - Cannot read IP mode file for STMicroelectronics.X-CUBE-AZRTOS-H7.3.3.0
2025-08-09 14:02:50,577 [WARN] PackLoader:240 - Cannot read IP mode file for STMicroelectronics.X-CUBE-BLEMGR.4.1.0
2025-08-09 14:02:50,589 [WARN] ConditionMgr:438 - getConditionDescription Invalid condition id : UX DEVICE CLASS RTOS Condition cause : null
2025-08-09 14:02:50,589 [WARN] ConditionMgr:438 - getConditionDescription Invalid condition id : UX DEVICE CLASS RTOS Condition cause : null
2025-08-09 14:02:50,590 [WARN] PackLoader:240 - Cannot read IP mode file for STMicroelectronics.X-CUBE-AZRTOS-WB.2.0.0
2025-08-09 14:02:50,590 [WARN] ConditionMgr:1044 - genDependencies : Invalid condition id : UX DEVICE CLASS RTOS Condition cause : null
2025-08-09 14:02:50,591 [WARN] ConditionMgr:1044 - genDependencies : Invalid condition id : UX DEVICE CLASS RTOS Condition cause : null
2025-08-09 14:02:50,591 [WARN] ConditionMgr:1044 - genDependencies : Invalid condition id : UX DEVICE CLASS RTOS Condition cause : null
2025-08-09 14:02:50,591 [WARN] ConditionMgr:1044 - genDependencies : Invalid condition id : UX DEVICE CLASS RTOS Condition cause : null
2025-08-09 14:02:50,591 [WARN] ConditionMgr:1044 - genDependencies : Invalid condition id : UX DEVICE CLASS RTOS Condition cause : null
2025-08-09 14:02:50,597 [WARN] PackLoader:240 - Cannot read IP mode file for STMicroelectronics.X-CUBE-GNSS1.7.0.1
2025-08-09 14:02:50,605 [WARN] PackLoader:240 - Cannot read IP mode file for STMicroelectronics.X-CUBE-TOUCHGFX.4.25.0
2025-08-09 14:02:50,611 [WARN] PackLoader:240 - Cannot read IP mode file for STMicroelectronics.FP-SNS-STBOX1.2.0.0
2025-08-09 14:02:50,619 [WARN] PackLoader:240 - Cannot read IP mode file for STMicroelectronics.X-CUBE-SUBG2.5.0.0
2025-08-09 14:02:50,634 [WARN] PackLoader:240 - Cannot read IP mode file for STMicroelectronics.X-CUBE-AZRTOS-H7RS.1.1.0
2025-08-09 14:02:50,639 [WARN] PackLoader:240 - Cannot read IP mode file for Cesanta.I-CUBE-Mongoose.7.13.0
2025-08-09 14:02:50,650 [WARN] PackLoader:240 - Cannot read IP mode file for STMicroelectronics.X-CUBE-AZRTOS-G4.2.0.0
2025-08-09 14:02:50,654 [WARN] PackLoader:240 - Cannot read IP mode file for wolfSSL.I-CUBE-wolfSSH.1.4.20
2025-08-09 14:02:50,661 [WARN] PackLoader:240 - Cannot read IP mode file for STMicroelectronics.X-CUBE-NFC7.2.0.0
2025-08-09 14:02:50,671 [WARN] PackLoader:240 - Cannot read IP mode file for STMicroelectronics.X-CUBE-IPS.3.1.0
2025-08-09 14:02:50,708 [WARN] PackLoader:240 - Cannot read IP mode file for STMicroelectronics.X-CUBE-ALS.1.0.2
2025-08-09 14:02:50,716 [WARN] PackLoader:240 - Cannot read IP mode file for portGmbH.I-Cube-SoM-uGOAL.1.1.0
2025-08-09 14:02:50,726 [WARN] PackLoader:240 - Cannot read IP mode file for STMicroelectronics.X-CUBE-TOF1.3.4.3
2025-08-09 14:02:50,736 [INFO] ThirdParty:978 - Integrity check success = true
2025-08-09 14:02:50,736 [INFO] IntegrityCheckThread:100 - exiting critical section [integrity check]
2025-08-09 14:02:50,736 [INFO] IntegrityCheckThread:103 - End integrity checks thread
2025-08-09 17:53:14,626 [ERROR] LogOutputStream:75 - [STDERR_REDIRECT] 
