2025-09-29 01:14:44,797 [INFO] Activator:176 - 


2025-09-29 01:14:44,800 [INFO] Activator:177 - !SESSION log4j initialized
2025-09-29 01:14:48,541 [INFO] LogOutputStream:77 - [STDOUT_REDIRECT] 
2025-09-29 01:14:49,753 [INFO] ApplicationProperties:184 - Using Application install path: C:\ST\STM32CubeIDE_1.18.1\STM32CubeIDE\plugins\com.st.stm32cube.common.mx_6.14.1.202504091515
2025-09-29 01:14:49,767 [INFO] DbMcusXml:78 - Set database path to: C:\ST\STM32CubeIDE_1.18.1\STM32CubeIDE\plugins\com.st.stm32cube.common.mx_6.14.1.202504091515\\db\/mcu/
2025-09-29 01:14:49,767 [INFO] ApiDb:274 - Set plugin database path to: C:\ST\STM32CubeIDE_1.18.1\STM32CubeIDE\plugins\com.st.stm32cube.common.mx_6.14.1.202504091515\\db\/plugins/boardmanager/
2025-09-29 01:14:49,768 [WARN] ApiDb:259 - Overriding images path with different value:  => C:\ST\STM32CubeIDE_1.18.1\STM32CubeIDE\plugins\com.st.stm32cube.common.mx_6.14.1.202504091515\\db\/plugins/mcufinder/images/
2025-09-29 01:14:49,776 [INFO] ApiDb:250 - Set database path to: C:\Users\TUF\.stmcufinder\plugins\mcufinder//mcu/
2025-09-29 01:14:49,777 [INFO] DbMcusAds:125 - Set database path to: C:\Users\TUF\.stmcufinder\plugins\mcufinder//mcu/
2025-09-29 01:14:49,778 [INFO] CrossReferenceDbSqlite:203 - Set database path to: C:\Users\TUF\.stmcufinder\plugins\mcufinder//mcu/cs/
2025-09-29 01:14:49,855 [INFO] RulesReader:64 - Compatibility file has been processed (302 Rules)
2025-09-29 01:14:49,915 [INFO] DbMcusXml:78 - Set database path to: C:\ST\STM32CubeIDE_1.18.1\STM32CubeIDE\plugins\com.st.stm32cube.common.mx_6.14.1.202504091515\\db\/mcu/
2025-09-29 01:14:49,915 [INFO] ApiDb:274 - Set plugin database path to: C:\ST\STM32CubeIDE_1.18.1\STM32CubeIDE\plugins\com.st.stm32cube.common.mx_6.14.1.202504091515\\db\/plugins/boardmanager/
2025-09-29 01:14:49,916 [INFO] ApiDb:261 - Set plugin images path to: C:\ST\STM32CubeIDE_1.18.1\STM32CubeIDE\plugins\com.st.stm32cube.common.mx_6.14.1.202504091515\\db\/plugins/mcufinder/images/
2025-09-29 01:14:49,916 [WARN] DbFile:41 - Overriding database path with different value: C:\Users\TUF\.stmcufinder\plugins\mcufinder/ => C:\Users\TUF\.stmcufinder\plugins\mcufinder
2025-09-29 01:14:49,916 [INFO] ApiDb:250 - Set database path to: C:\Users\TUF\.stmcufinder\plugins\mcufinder//mcu/
2025-09-29 01:14:49,916 [WARN] DbFile:41 - Overriding database path with different value: C:\Users\TUF\.stmcufinder\plugins\mcufinder/ => C:\Users\TUF\.stmcufinder\plugins\mcufinder
2025-09-29 01:14:49,916 [INFO] DbMcusAds:125 - Set database path to: C:\Users\TUF\.stmcufinder\plugins\mcufinder//mcu/
2025-09-29 01:14:49,916 [WARN] DbFile:41 - Overriding database path with different value: C:\Users\TUF\.stmcufinder\plugins\mcufinder/ => C:\Users\TUF\.stmcufinder\plugins\mcufinder
2025-09-29 01:14:49,916 [WARN] DbFile:41 - Overriding database path with different value: C:\Users\TUF\.stmcufinder\plugins\mcufinder/ => C:\Users\TUF\.stmcufinder\plugins\mcufinder
2025-09-29 01:14:49,916 [INFO] CrossReferenceDbSqlite:203 - Set database path to: C:\Users\TUF\.stmcufinder\plugins\mcufinder//mcu/cs/
2025-09-29 01:14:49,968 [INFO] MainPanel:272 - HeapMemory: 268435456
2025-09-29 01:14:50,040 [INFO] DbMcusXml:78 - Set database path to: C:\ST\STM32CubeIDE_1.18.1\STM32CubeIDE\plugins\com.st.stm32cube.common.mx_6.14.1.202504091515\\db\/mcu/
2025-09-29 01:14:50,040 [INFO] ApiDb:274 - Set plugin database path to: C:\ST\STM32CubeIDE_1.18.1\STM32CubeIDE\plugins\com.st.stm32cube.common.mx_6.14.1.202504091515\\db\/plugins/boardmanager/
2025-09-29 01:14:50,040 [INFO] ApiDb:261 - Set plugin images path to: C:\ST\STM32CubeIDE_1.18.1\STM32CubeIDE\plugins\com.st.stm32cube.common.mx_6.14.1.202504091515\\db\/plugins/mcufinder/images/
2025-09-29 01:14:50,041 [WARN] DbFile:41 - Overriding database path with different value: C:\Users\TUF\.stmcufinder\plugins\mcufinder/ => C:\Users\TUF\.stmcufinder\plugins\mcufinder
2025-09-29 01:14:50,041 [INFO] ApiDb:250 - Set database path to: C:\Users\TUF\.stmcufinder\plugins\mcufinder//mcu/
2025-09-29 01:14:50,041 [WARN] DbFile:41 - Overriding database path with different value: C:\Users\TUF\.stmcufinder\plugins\mcufinder/ => C:\Users\TUF\.stmcufinder\plugins\mcufinder
2025-09-29 01:14:50,041 [INFO] DbMcusAds:125 - Set database path to: C:\Users\TUF\.stmcufinder\plugins\mcufinder//mcu/
2025-09-29 01:14:50,041 [WARN] DbFile:41 - Overriding database path with different value: C:\Users\TUF\.stmcufinder\plugins\mcufinder/ => C:\Users\TUF\.stmcufinder\plugins\mcufinder
2025-09-29 01:14:50,041 [WARN] DbFile:41 - Overriding database path with different value: C:\Users\TUF\.stmcufinder\plugins\mcufinder/ => C:\Users\TUF\.stmcufinder\plugins\mcufinder
2025-09-29 01:14:50,041 [INFO] CrossReferenceDbSqlite:203 - Set database path to: C:\Users\TUF\.stmcufinder\plugins\mcufinder//mcu/cs/
2025-09-29 01:14:50,053 [INFO] ApplicationProperties:184 - Using Application install path: C:\ST\STM32CubeIDE_1.18.1\STM32CubeIDE\plugins\com.st.stm32cube.common.mx_6.14.1.202504091515
2025-09-29 01:14:50,054 [INFO] PluginManage:196 - Search for loadable plugins [exclusion list=, ]
2025-09-29 01:14:50,055 [INFO] PluginManage:310 - Check plugin analytics
2025-09-29 01:14:50,189 [INFO] AnalyticsPlugin:253 - Accepted Software Licenses: 
2025-09-29 01:14:50,189 [INFO] AnalyticsPlugin:255 - Accepted CMSIS Pack Licenses: STMicroelectronics.X-CUBE-AI.10.2.0
2025-09-29 01:14:50,189 [INFO] AnalyticsPlugin:257 - Accepted Firmware Licenses: 
2025-09-29 01:14:50,192 [INFO] PluginManage:359 - Loaded plugin analytics (category:tool,tabindex:-1)
2025-09-29 01:14:50,192 [INFO] PluginManage:310 - Check plugin cadmodel
2025-09-29 01:14:50,197 [INFO] CADModel:105 - Init CAD model plugin
2025-09-29 01:14:50,198 [INFO] PluginManage:359 - Loaded plugin cadmodel (category:power,tabindex:5)
2025-09-29 01:14:50,198 [INFO] PluginManage:310 - Check plugin clock
2025-09-29 01:14:50,205 [INFO] PluginManage:359 - Loaded plugin clock (category:base,tabindex:2)
2025-09-29 01:14:50,205 [INFO] PluginManage:310 - Check plugin ddr
2025-09-29 01:14:50,207 [INFO] PluginManage:359 - Loaded plugin ddr (category:tool,tabindex:6)
2025-09-29 01:14:50,208 [INFO] PluginManage:310 - Check plugin filemanager
2025-09-29 01:14:50,317 [INFO] PluginManage:359 - Loaded plugin filemanager (category:base,tabindex:10)
2025-09-29 01:14:50,317 [INFO] PluginManage:310 - Check plugin ipmanager
2025-09-29 01:14:50,322 [INFO] PluginManage:359 - Loaded plugin ipmanager (category:base,tabindex:5)
2025-09-29 01:14:50,322 [INFO] PluginManage:310 - Check plugin lpbam
2025-09-29 01:14:50,327 [INFO] PluginManage:359 - Loaded plugin lpbam (category:base,tabindex:0)
2025-09-29 01:14:50,328 [INFO] PluginManage:310 - Check plugin memorymap
2025-09-29 01:14:50,337 [INFO] PluginManage:359 - Loaded plugin memorymap (category:base,tabindex:4)
2025-09-29 01:14:50,339 [INFO] PluginManage:310 - Check plugin pinoutandconfiguration
2025-09-29 01:14:50,344 [INFO] PluginManage:359 - Loaded plugin pinoutandconfiguration (category:base,tabindex:1)
2025-09-29 01:14:50,344 [INFO] PluginManage:310 - Check plugin pinoutconfig
2025-09-29 01:14:50,407 [WARN] SupportedApi:132 - Cannot load RTOS API schema: s4s-elt-must-match.1: The content of 'definitions' must match (annotation?, (simpleType | complexType)?, (unique | key | keyref)*)). A problem was found starting at: attribute.
2025-09-29 01:14:50,501 [INFO] PluginManage:359 - Loaded plugin pinoutconfig (category:base,tabindex:0)
2025-09-29 01:14:50,501 [INFO] PluginManage:310 - Check plugin power
2025-09-29 01:14:50,508 [INFO] PluginManage:359 - Loaded plugin power (category:power,tabindex:4)
2025-09-29 01:14:50,508 [INFO] PluginManage:310 - Check plugin projectmanager
2025-09-29 01:14:50,519 [INFO] PluginManage:359 - Loaded plugin projectmanager (category:projectmanager,tabindex:4)
2025-09-29 01:14:50,519 [INFO] PluginManage:310 - Check plugin rif
2025-09-29 01:14:50,524 [INFO] PluginManage:359 - Loaded plugin rif (category:base,tabindex:3)
2025-09-29 01:14:50,524 [INFO] PluginManage:310 - Check plugin thirdparty
2025-09-29 01:14:50,637 [WARN] IntegrityCheckThread:84 - waiting for thirdparty lock release [integrity check]
2025-09-29 01:14:50,638 [INFO] IntegrityCheckThread:86 - entering critical section [integrity check]
2025-09-29 01:14:50,638 [INFO] PluginManage:359 - Loaded plugin thirdparty (category:base,tabindex:-1)
2025-09-29 01:14:50,638 [INFO] PluginManage:310 - Check plugin tools
2025-09-29 01:14:50,638 [INFO] ThirdPartyUpdaterWithRetryManager:70 - Updater plugin not ready yet. [1/15]
2025-09-29 01:14:50,640 [INFO] PluginManage:359 - Loaded plugin tools (category:base,tabindex:7)
2025-09-29 01:14:50,640 [INFO] PluginManage:310 - Check plugin tutovideos
2025-09-29 01:14:50,759 [INFO] PluginManage:359 - Loaded plugin tutovideos (category:base,tabindex:-1)
2025-09-29 01:14:50,759 [INFO] PluginManage:310 - Check plugin updater
2025-09-29 01:14:50,775 [INFO] PluginManage:359 - Loaded plugin updater (category:base,tabindex:12)
2025-09-29 01:14:50,775 [INFO] PluginManage:310 - Check plugin userauth
2025-09-29 01:14:50,778 [INFO] UserAuth:118 - Init User Auth plugin
2025-09-29 01:14:50,778 [INFO] PluginManage:359 - Loaded plugin userauth (category:base,tabindex:14)
2025-09-29 01:14:50,779 [INFO] PluginManage:283 - PluginManage : Loaded plugins [18]
2025-09-29 01:14:50,921 [INFO] PinOutPanel:1589 - setPackage(No Configuration,No Configuration)
2025-09-29 01:14:50,981 [INFO] CADModel:165 - CPN selected for project level
2025-09-29 01:14:50,981 [INFO] CADModel:114 - Register for checkConnection events
2025-09-29 01:14:50,995 [INFO] IPUIPlugin:80 - create IPUIPlugin
2025-09-29 01:14:50,995 [INFO] PluginManager:220 - loadIPPluginJar : add adc
2025-09-29 01:14:50,997 [INFO] IPUIPlugin:80 - create IPUIPlugin
2025-09-29 01:14:50,997 [INFO] PluginManager:220 - loadIPPluginJar : add aes
2025-09-29 01:14:50,999 [INFO] IPUIPlugin:80 - create IPUIPlugin
2025-09-29 01:14:50,999 [INFO] PluginManager:220 - loadIPPluginJar : add can
2025-09-29 01:14:51,000 [INFO] IPUIPlugin:80 - create IPUIPlugin
2025-09-29 01:14:51,001 [INFO] PluginManager:220 - loadIPPluginJar : add comp
2025-09-29 01:14:51,003 [INFO] IPUIPlugin:80 - create IPUIPlugin
2025-09-29 01:14:51,003 [INFO] PluginManager:220 - loadIPPluginJar : add cryp
2025-09-29 01:14:51,005 [INFO] IPUIPlugin:80 - create IPUIPlugin
2025-09-29 01:14:51,005 [INFO] PluginManager:220 - loadIPPluginJar : add ddr_ctrl_phy
2025-09-29 01:14:51,007 [INFO] IPUIPlugin:80 - create IPUIPlugin
2025-09-29 01:14:51,007 [INFO] PluginManager:220 - loadIPPluginJar : add dfsdm
2025-09-29 01:14:51,012 [INFO] IPUIPlugin:80 - create IPUIPlugin
2025-09-29 01:14:51,012 [INFO] PluginManager:220 - loadIPPluginJar : add dma
2025-09-29 01:14:51,015 [INFO] IPUIPlugin:80 - create IPUIPlugin
2025-09-29 01:14:51,015 [INFO] PluginManager:220 - loadIPPluginJar : add dma3
2025-09-29 01:14:51,017 [INFO] IPUIPlugin:80 - create IPUIPlugin
2025-09-29 01:14:51,017 [INFO] PluginManager:220 - loadIPPluginJar : add extmemmanager
2025-09-29 01:14:51,018 [INFO] IPUIPlugin:80 - create IPUIPlugin
2025-09-29 01:14:51,018 [INFO] PluginManager:220 - loadIPPluginJar : add fatfs
2025-09-29 01:14:51,021 [INFO] IPUIPlugin:80 - create IPUIPlugin
2025-09-29 01:14:51,021 [INFO] PluginManager:220 - loadIPPluginJar : add fmc
2025-09-29 01:14:51,026 [INFO] IPUIPlugin:80 - create IPUIPlugin
2025-09-29 01:14:51,026 [INFO] PluginManager:220 - loadIPPluginJar : add freertos
2025-09-29 01:14:51,027 [INFO] IPUIPlugin:80 - create IPUIPlugin
2025-09-29 01:14:51,027 [INFO] PluginManager:220 - loadIPPluginJar : add genericplugin
2025-09-29 01:14:51,028 [INFO] IPUIPlugin:80 - create IPUIPlugin
2025-09-29 01:14:51,028 [INFO] PluginManager:220 - loadIPPluginJar : add gfxmmu
2025-09-29 01:14:51,032 [INFO] IPUIPlugin:80 - create IPUIPlugin
2025-09-29 01:14:51,032 [INFO] PluginManager:220 - loadIPPluginJar : add gic
2025-09-29 01:14:51,034 [INFO] IPUIPlugin:80 - create IPUIPlugin
2025-09-29 01:14:51,034 [INFO] PluginManager:220 - loadIPPluginJar : add gpio
2025-09-29 01:14:51,037 [INFO] IPUIPlugin:80 - create IPUIPlugin
2025-09-29 01:14:51,037 [INFO] PluginManager:220 - loadIPPluginJar : add gtzc
2025-09-29 01:14:51,040 [INFO] IPUIPlugin:80 - create IPUIPlugin
2025-09-29 01:14:51,040 [INFO] PluginManager:220 - loadIPPluginJar : add hash
2025-09-29 01:14:51,041 [INFO] IPUIPlugin:80 - create IPUIPlugin
2025-09-29 01:14:51,042 [INFO] PluginManager:220 - loadIPPluginJar : add i2c
2025-09-29 01:14:51,043 [INFO] IPUIPlugin:80 - create IPUIPlugin
2025-09-29 01:14:51,044 [INFO] PluginManager:220 - loadIPPluginJar : add i2s
2025-09-29 01:14:51,046 [INFO] IPUIPlugin:80 - create IPUIPlugin
2025-09-29 01:14:51,046 [INFO] PluginManager:220 - loadIPPluginJar : add i3c
2025-09-29 01:14:51,048 [INFO] IPUIPlugin:80 - create IPUIPlugin
2025-09-29 01:14:51,049 [INFO] PluginManager:220 - loadIPPluginJar : add ipddr
2025-09-29 01:14:51,054 [INFO] IPUIPlugin:80 - create IPUIPlugin
2025-09-29 01:14:51,054 [INFO] PluginManager:220 - loadIPPluginJar : add linkedlist
2025-09-29 01:14:51,057 [INFO] IPUIPlugin:80 - create IPUIPlugin
2025-09-29 01:14:51,057 [INFO] PluginManager:220 - loadIPPluginJar : add lorawan
2025-09-29 01:14:51,059 [INFO] IPUIPlugin:80 - create IPUIPlugin
2025-09-29 01:14:51,059 [INFO] PluginManager:220 - loadIPPluginJar : add ltdc
2025-09-29 01:14:51,063 [INFO] IPUIPlugin:80 - create IPUIPlugin
2025-09-29 01:14:51,063 [INFO] PluginManager:220 - loadIPPluginJar : add mdma
2025-09-29 01:14:51,066 [INFO] IPUIPlugin:80 - create IPUIPlugin
2025-09-29 01:14:51,066 [INFO] PluginManager:220 - loadIPPluginJar : add nvic
2025-09-29 01:14:51,069 [INFO] IPUIPlugin:80 - create IPUIPlugin
2025-09-29 01:14:51,069 [INFO] PluginManager:220 - loadIPPluginJar : add opamp
2025-09-29 01:14:51,071 [INFO] IPUIPlugin:80 - create IPUIPlugin
2025-09-29 01:14:51,071 [INFO] PluginManager:220 - loadIPPluginJar : add openamp
2025-09-29 01:14:51,073 [INFO] IPUIPlugin:80 - create IPUIPlugin
2025-09-29 01:14:51,073 [INFO] PluginManager:220 - loadIPPluginJar : add pdm2pcm
2025-09-29 01:14:51,077 [INFO] IPUIPlugin:80 - create IPUIPlugin
2025-09-29 01:14:51,079 [INFO] PluginManager:220 - loadIPPluginJar : add plateformsettings
2025-09-29 01:14:51,081 [INFO] IPUIPlugin:80 - create IPUIPlugin
2025-09-29 01:14:51,081 [INFO] PluginManager:220 - loadIPPluginJar : add quadspi
2025-09-29 01:14:51,082 [INFO] IPUIPlugin:80 - create IPUIPlugin
2025-09-29 01:14:51,082 [INFO] PluginManager:220 - loadIPPluginJar : add radio
2025-09-29 01:14:51,086 [INFO] IPUIPlugin:80 - create IPUIPlugin
2025-09-29 01:14:51,086 [INFO] PluginManager:220 - loadIPPluginJar : add resmgrutility
2025-09-29 01:14:51,088 [INFO] IPUIPlugin:80 - create IPUIPlugin
2025-09-29 01:14:51,088 [INFO] PluginManager:220 - loadIPPluginJar : add sai
2025-09-29 01:14:51,090 [INFO] IPUIPlugin:80 - create IPUIPlugin
2025-09-29 01:14:51,090 [INFO] PluginManager:220 - loadIPPluginJar : add spi
2025-09-29 01:14:51,095 [INFO] IPUIPlugin:80 - create IPUIPlugin
2025-09-29 01:14:51,095 [INFO] PluginManager:220 - loadIPPluginJar : add stm32_wpan
2025-09-29 01:14:51,097 [INFO] IPUIPlugin:80 - create IPUIPlugin
2025-09-29 01:14:51,097 [INFO] PluginManager:220 - loadIPPluginJar : add tim
2025-09-29 01:14:51,099 [INFO] IPUIPlugin:80 - create IPUIPlugin
2025-09-29 01:14:51,099 [INFO] PluginManager:220 - loadIPPluginJar : add touchsensing
2025-09-29 01:14:51,102 [INFO] IPUIPlugin:80 - create IPUIPlugin
2025-09-29 01:14:51,102 [INFO] PluginManager:220 - loadIPPluginJar : add tracer_emb
2025-09-29 01:14:51,104 [INFO] IPUIPlugin:80 - create IPUIPlugin
2025-09-29 01:14:51,104 [INFO] PluginManager:220 - loadIPPluginJar : add ts
2025-09-29 01:14:51,106 [INFO] IPUIPlugin:80 - create IPUIPlugin
2025-09-29 01:14:51,106 [INFO] PluginManager:220 - loadIPPluginJar : add tsc
2025-09-29 01:14:51,107 [INFO] IPUIPlugin:80 - create IPUIPlugin
2025-09-29 01:14:51,107 [INFO] PluginManager:220 - loadIPPluginJar : add ucpd
2025-09-29 01:14:51,109 [INFO] IPUIPlugin:80 - create IPUIPlugin
2025-09-29 01:14:51,109 [INFO] PluginManager:220 - loadIPPluginJar : add usart
2025-09-29 01:14:51,112 [INFO] IPUIPlugin:80 - create IPUIPlugin
2025-09-29 01:14:51,112 [INFO] PluginManager:220 - loadIPPluginJar : add usbx
2025-09-29 01:14:51,215 [FATAL] Updater:351 - Updater called before beeing initialized
2025-09-29 01:14:51,236 [INFO] RulesReader:64 - Compatibility file has been processed (302 Rules)
2025-09-29 01:14:51,243 [INFO] RulesReader:64 - Compatibility file has been processed (302 Rules)
2025-09-29 01:14:51,250 [INFO] CADModel:165 - CPN selected for project level
2025-09-29 01:14:51,250 [INFO] CADModel:114 - Register for checkConnection events
2025-09-29 01:14:51,250 [FATAL] Updater:351 - Updater called before beeing initialized
2025-09-29 01:14:51,250 [ERROR] CADModel:125 - Updater not yet initialized, retry later 
2025-09-29 01:14:51,351 [FATAL] Updater:351 - Updater called before beeing initialized
2025-09-29 01:14:51,352 [INFO] CADModel:165 - CPN selected for project level
2025-09-29 01:14:51,352 [INFO] CADModel:114 - Register for checkConnection events
2025-09-29 01:14:51,352 [FATAL] Updater:351 - Updater called before beeing initialized
2025-09-29 01:14:51,352 [ERROR] CADModel:125 - Updater not yet initialized, retry later 
2025-09-29 01:14:51,356 [FATAL] Updater:351 - Updater called before beeing initialized
2025-09-29 01:14:51,423 [FATAL] Updater:351 - Updater called before beeing initialized
2025-09-29 01:14:51,426 [INFO] DbMcusAds:53 - JSON generation date=Tue Jul 08 16:14:23 CST 2025 (1751962463593)
2025-09-29 01:14:51,426 [FATAL] Updater:351 - Updater called before beeing initialized
2025-09-29 01:14:51,451 [WARN] DetailPanel:346 - Failed to get advertising image, set to default
2025-09-29 01:14:51,599 [FATAL] Updater:351 - Updater called before beeing initialized
2025-09-29 01:14:51,601 [FATAL] Updater:351 - Updater called before beeing initialized
2025-09-29 01:14:51,601 [FATAL] Updater:351 - Updater called before beeing initialized
2025-09-29 01:14:51,602 [WARN] DetailPanel:346 - Failed to get advertising image, set to default
2025-09-29 01:14:51,602 [FATAL] Updater:351 - Updater called before beeing initialized
2025-09-29 01:14:51,630 [ERROR] Updater:1198 - MainUpdater not yet initialized. External WinMGr cannot be set.
2025-09-29 01:14:51,631 [INFO] Updater:1134 - Updater Version found : 6.14.1
2025-09-29 01:14:51,646 [INFO] ApplicationProperties:184 - Using Application install path: C:\ST\STM32CubeIDE_1.18.1\STM32CubeIDE\plugins\com.st.stm32cube.common.mx_6.14.1.202504091515
2025-09-29 01:14:53,215 [ERROR] LogOutputStream:75 - [STDERR_REDIRECT] Sep 29, 2025 1:14:53 AM java.util.prefs.WindowsPreferences <init>
2025-09-29 01:14:53,216 [ERROR] LogOutputStream:75 - [STDERR_REDIRECT] WARNING: Could not open/create prefs root node Software\JavaSoft\Prefs at root 0xffffffff80000002. Windows RegCreateKeyEx(...) returned error code 5.
2025-09-29 01:14:53,216 [ERROR] LogOutputStream:75 - [STDERR_REDIRECT] 
2025-09-29 01:14:53,426 [INFO] MainUpdater:2872 - connection check result : 10
2025-09-29 01:14:53,426 [INFO] MainUpdater:3566 - Updater definition file requires update
2025-09-29 01:14:53,426 [INFO] MainUpdater:289 - Updater Check For Update Now.
2025-09-29 01:14:53,426 [INFO] MicroXplorer:498 - Change Database Version : DB.6.0.141
2025-09-29 01:14:53,430 [INFO] McuFinderGlobals:63 - Set McuFinder mode to 2 (CubeIDE integrated)
2025-09-29 01:14:53,431 [INFO] UserAuth:484 - Internet connection configuration mode: 1
2025-09-29 01:14:53,435 [INFO] ServerAccessManage:473 - Download File updaters.zip
2025-09-29 01:14:53,446 [INFO] JxBrowserEngine:152 - Initiate JxBrowser Engine with user profile folder
2025-09-29 01:14:53,484 [INFO] FileExtend:242 - Unzip File : updaters.zip
2025-09-29 01:14:53,484 [INFO] FileExtend:257 - Standard Zip Deflate
2025-09-29 01:14:53,642 [WARN] MainUpdater:1193 - Updater busy. Cannot search thirdparties
2025-09-29 01:14:53,642 [INFO] ThirdPartyUpdaterWithRetryManager:96 - Updater plugin is busy. [1/15]
2025-09-29 01:14:53,690 [INFO] ServerAccessManage:473 - Download File PacksControlFlags.xml
2025-09-29 01:14:53,717 [INFO] ServerAccessManage:473 - Download File cubemx.pidx
2025-09-29 01:14:54,506 [INFO] LoadServerUpdatesThread:375 - End of LoadServerUpdate Thread
2025-09-29 01:14:54,651 [INFO] CheckServerUpdateThread:120 - End of CheckServer Thread
2025-09-29 01:14:54,842 [INFO] WebApp:169 - Instantiating new browser for Auth
2025-09-29 01:14:55,357 [INFO] WebApp:463 - Apply proxy settings
2025-09-29 01:14:55,358 [INFO] WebApp:548 - Chromium requires no authentication
2025-09-29 01:14:55,364 [INFO] WebApp:491 - Direct internet connection detected
2025-09-29 01:14:55,379 [INFO] WebApp:894 - Register for checkConnection events
2025-09-29 01:14:55,379 [INFO] WebApp:463 - Apply proxy settings
2025-09-29 01:14:55,379 [INFO] WebApp:548 - Chromium requires no authentication
2025-09-29 01:14:55,380 [INFO] WebApp:491 - Direct internet connection detected
2025-09-29 01:14:55,494 [INFO] WebApp:191 - Connection restablished
2025-09-29 01:14:55,510 [INFO] WebApp:225 - Starting web application
2025-09-29 01:14:55,511 [INFO] WebApp:593 - Web application path used C:\ST\STM32CubeIDE_1.18.1\STM32CubeIDE\plugins\com.st.stm32cube.common.mx_6.14.1.202504091515\db\plugins\mcufinder\reactClient1\index.html
2025-09-29 01:14:55,640 [INFO] UserAuth:484 - Internet connection configuration mode: 1
2025-09-29 01:14:56,798 [WARN] PackLoader:240 - Cannot read IP mode file for STMicroelectronics.FP-SNS-MOTENVWB1.1.4.0
2025-09-29 01:14:56,804 [WARN] PackLoader:240 - Cannot read IP mode file for STMicroelectronics.FP-ATR-ASTRA1.2.0.2
2025-09-29 01:14:56,811 [WARN] PackLoader:240 - Cannot read IP mode file for STMicroelectronics.X-CUBE-SMBUS.2.1.0
2025-09-29 01:14:56,815 [WARN] PackLoader:240 - Cannot read IP mode file for STMicroelectronics.X-CUBE-ST60.1.0.0
2025-09-29 01:14:56,830 [WARN] PackLoader:240 - Cannot read IP mode file for STMicroelectronics.X-CUBE-AZRTOS-F7.1.1.0
2025-09-29 01:14:56,846 [WARN] PackLoader:240 - Cannot read IP mode file for Infineon.AIROC-Wi-Fi-Bluetooth-STM32.1.7.0
2025-09-29 01:14:56,874 [WARN] PackLoader:240 - Cannot read IP mode file for STMicroelectronics.X-CUBE-AZRTOS-H7.3.4.0
2025-09-29 01:14:56,882 [WARN] PackLoader:240 - Cannot read IP mode file for STMicroelectronics.X-CUBE-DISPLAY.3.0.0
2025-09-29 01:14:56,898 [WARN] PackLoader:240 - Cannot read IP mode file for STMicroelectronics.X-CUBE-NFC10.1.0.0
2025-09-29 01:14:56,909 [WARN] PackLoader:240 - Cannot read IP mode file for STMicroelectronics.X-CUBE-BLEMGR.4.0.0
2025-09-29 01:14:56,914 [WARN] PackLoader:240 - Cannot read IP mode file for emotas.I-CUBE-CANOPEN.1.3.0
2025-09-29 01:14:56,917 [WARN] ConditionMgr:438 - getConditionDescription Invalid condition id : Cortex-A Device cause : null
2025-09-29 01:14:56,928 [WARN] ConditionMgr:1044 - genDependencies : Invalid condition id : Cortex-A Device cause : null
2025-09-29 01:14:56,928 [WARN] ConditionMgr:1044 - genDependencies : Invalid condition id : Cortex-A Device cause : null
2025-09-29 01:14:56,928 [WARN] ConditionMgr:1044 - genDependencies : Invalid condition id : Cortex-A Device cause : null
2025-09-29 01:14:56,931 [ERROR] Engine:466 - C:\Users\TUF\.stm32cubemx\thirdparties\pdsc\STMicroelectronics.FP-SNS-STBOX1.2.1.0.pdsc: PDSC version is not supported
2025-09-29 01:14:56,934 [WARN] PackLoader:240 - Cannot read IP mode file for STMicroelectronics.FP-SNS-SMARTAG2.1.2.0
2025-09-29 01:14:56,936 [WARN] PackLoader:240 - Cannot read IP mode file for STMicroelectronics.FP-SNS-FLIGHT1.5.1.0
2025-09-29 01:14:56,942 [INFO] LogOutputStream:77 - [STDOUT_REDIRECT] 1 : Invalid condition id : UX_CORESTACK_Condition cause : null
2025-09-29 01:14:56,943 [INFO] LogOutputStream:77 - [STDOUT_REDIRECT] 1 : Invalid condition id : UX_CORESTACK_Condition cause : null
2025-09-29 01:14:56,944 [INFO] LogOutputStream:77 - [STDOUT_REDIRECT] 1 : Invalid condition id : UX_CORESTACK_Condition cause : null
2025-09-29 01:14:56,944 [INFO] LogOutputStream:77 - [STDOUT_REDIRECT] 1 : Invalid condition id : UX_CORESTACK_Condition cause : null
2025-09-29 01:14:56,945 [INFO] LogOutputStream:77 - [STDOUT_REDIRECT] 1 : Invalid condition id : UX_CORESTACK_Condition cause : null
2025-09-29 01:14:56,946 [WARN] PackLoader:240 - Cannot read IP mode file for STMicroelectronics.X-CUBE-AZRTOS-WL.2.0.0
2025-09-29 01:14:56,950 [WARN] PackLoader:240 - Cannot read IP mode file for STMicroelectronics.FP-SNS-MOTENV1.5.0.0
2025-09-29 01:14:56,955 [WARN] PackLoader:240 - Cannot read IP mode file for WES.I-CUBE-Cesium.1.3.0
2025-09-29 01:14:56,958 [WARN] PackLoader:240 - Cannot read IP mode file for STMicroelectronics.X-CUBE-BLE2.3.3.0
2025-09-29 01:14:56,962 [WARN] PackLoader:240 - Cannot read IP mode file for STMicroelectronics.X-CUBE-NFC9.1.0.0
2025-09-29 01:14:56,968 [WARN] PackLoader:240 - Cannot read IP mode file for wolfSSL.I-CUBE-wolfSSL.5.8.0
2025-09-29 01:14:56,971 [WARN] PackLoader:240 - Cannot read IP mode file for STMicroelectronics.X-CUBE-BLE1.7.1.0
2025-09-29 01:14:56,975 [WARN] PackLoader:240 - Cannot read IP mode file for wolfSSL.I-CUBE-wolfMQTT.1.19.2
2025-09-29 01:14:56,978 [WARN] PackLoader:240 - Cannot read IP mode file for STMicroelectronics.X-CUBE-EEPRMA1.5.2.0
2025-09-29 01:14:56,982 [WARN] PackLoader:240 - Cannot read IP mode file for STMicroelectronics.X-CUBE-AI.10.1.0
2025-09-29 01:14:56,989 [WARN] PackLoader:240 - Cannot read IP mode file for STMicroelectronics.X-CUBE-AZRTOS-G0.1.1.0
2025-09-29 01:14:56,993 [WARN] PackLoader:240 - Cannot read IP mode file for STMicroelectronics.X-CUBE-SAFEA1.1.2.2
2025-09-29 01:14:56,997 [WARN] PackLoader:240 - Cannot read IP mode file for STMicroelectronics.X-CUBE-NFC4.3.0.0
2025-09-29 01:14:57,002 [WARN] PackLoader:240 - Cannot read IP mode file for EmbeddedOffice.I-CUBE-FS-RTOS.1.0.1
2025-09-29 01:14:57,005 [WARN] PackLoader:240 - Cannot read IP mode file for STMicroelectronics.X-CUBE-WB05N.2.0.0
2025-09-29 01:14:57,008 [WARN] PackLoader:240 - Cannot read IP mode file for wolfSSL.I-CUBE-wolfTPM.3.8.0
2025-09-29 01:14:57,010 [WARN] PackLoader:240 - Cannot read IP mode file for STMicroelectronics.X-CUBE-TCPP.4.2.0
2025-09-29 01:14:57,014 [WARN] PackLoader:240 - Cannot read IP mode file for RealThread.X-CUBE-RT-Thread_Nano.4.1.1
2025-09-29 01:14:57,017 [WARN] PackLoader:240 - Cannot read IP mode file for STMicroelectronics.FP-ATR-SIGFOX1.3.2.0
2025-09-29 01:14:57,020 [WARN] PackLoader:240 - Cannot read IP mode file for STMicroelectronics.X-CUBE-EEPRMA1.5.1.0
2025-09-29 01:14:57,025 [WARN] PackLoader:240 - Cannot read IP mode file for ITTIA_DB.I-CUBE-ITTIADB.8.9.0
2025-09-29 01:14:57,030 [WARN] PackLoader:240 - Cannot read IP mode file for STMicroelectronics.X-CUBE-ST67W61.1.0.0
2025-09-29 01:14:57,034 [WARN] PackLoader:240 - Cannot read IP mode file for STMicroelectronics.X-CUBE-AI.10.2.0
2025-09-29 01:14:57,073 [WARN] PackLoader:240 - Cannot read IP mode file for SEGGER.I-CUBE-embOS.1.3.1
2025-09-29 01:14:57,095 [WARN] PackLoader:240 - Cannot read IP mode file for STMicroelectronics.X-CUBE-ALGOBUILD.1.4.0
2025-09-29 01:14:57,114 [WARN] PackLoader:240 - Cannot read IP mode file for STMicroelectronics.X-CUBE-MEMS1.11.3.0
2025-09-29 01:14:57,168 [WARN] PackLoader:240 - Cannot read IP mode file for STMicroelectronics.X-CUBE-PM33A1.1.0.0
2025-09-29 01:14:57,176 [WARN] PackLoader:240 - Cannot read IP mode file for STMicroelectronics.X-CUBE-AZRTOS-F4.1.1.0
2025-09-29 01:14:57,180 [WARN] PackLoader:240 - Cannot read IP mode file for Avnet-IotConnect.X-CUBE-IoTC-DA16k-PMOD.1.0.0
2025-09-29 01:14:57,182 [WARN] PackLoader:240 - Cannot read IP mode file for STMicroelectronics.X-CUBE-ISPU.2.1.0
2025-09-29 01:14:57,186 [WARN] PackLoader:240 - Cannot read IP mode file for STMicroelectronics.X-CUBE-NFC12.1.0.0
2025-09-29 01:14:57,196 [WARN] PackLoader:240 - Cannot read IP mode file for STMicroelectronics.X-CUBE-AZRTOS-L5.2.0.0
2025-09-29 01:14:57,203 [WARN] PackLoader:240 - Cannot read IP mode file for STMicroelectronics.X-CUBE-NFC6.3.1.0
2025-09-29 01:14:57,207 [WARN] PackLoader:240 - Cannot read IP mode file for STMicroelectronics.X-CUBE-FREERTOS.1.3.1
2025-09-29 01:14:57,211 [WARN] PackLoader:240 - Cannot read IP mode file for STMicroelectronics.FP-SNS-STAIOTCFT.1.0.0
2025-09-29 01:14:57,215 [WARN] PackLoader:240 - Cannot read IP mode file for STMicroelectronics.X-CUBE-DPower.1.3.0
2025-09-29 01:14:57,223 [WARN] ConditionMgr:438 - getConditionDescription Invalid condition id : LAN8742 Phy interface Condition cause : null
2025-09-29 01:14:57,223 [WARN] PackLoader:240 - Cannot read IP mode file for STMicroelectronics.X-CUBE-AZRTOS-L4.2.0.0
2025-09-29 01:14:57,224 [WARN] ConditionMgr:1044 - genDependencies : Invalid condition id : LAN8742 Phy interface Condition cause : null
2025-09-29 01:14:57,224 [WARN] ConditionMgr:1044 - genDependencies : Invalid condition id : LAN8742 Phy interface Condition cause : null
2025-09-29 01:14:57,224 [WARN] ConditionMgr:1044 - genDependencies : Invalid condition id : LAN8742 Phy interface Condition cause : null
2025-09-29 01:14:57,228 [WARN] PackLoader:240 - Cannot read IP mode file for STMicroelectronics.X-CUBE-SFXS2LP1.4.0.0
2025-09-29 01:14:57,237 [WARN] PackLoader:240 - Cannot read IP mode file for STMicroelectronics.X-CUBE-AZRTOS-H7.3.3.0
2025-09-29 01:14:57,242 [WARN] PackLoader:240 - Cannot read IP mode file for STMicroelectronics.X-CUBE-BLEMGR.4.1.0
2025-09-29 01:14:57,248 [WARN] ConditionMgr:438 - getConditionDescription Invalid condition id : UX DEVICE CLASS RTOS Condition cause : null
2025-09-29 01:14:57,248 [WARN] ConditionMgr:438 - getConditionDescription Invalid condition id : UX DEVICE CLASS RTOS Condition cause : null
2025-09-29 01:14:57,249 [WARN] PackLoader:240 - Cannot read IP mode file for STMicroelectronics.X-CUBE-AZRTOS-WB.2.0.0
2025-09-29 01:14:57,249 [WARN] ConditionMgr:1044 - genDependencies : Invalid condition id : UX DEVICE CLASS RTOS Condition cause : null
2025-09-29 01:14:57,249 [WARN] ConditionMgr:1044 - genDependencies : Invalid condition id : UX DEVICE CLASS RTOS Condition cause : null
2025-09-29 01:14:57,249 [WARN] ConditionMgr:1044 - genDependencies : Invalid condition id : UX DEVICE CLASS RTOS Condition cause : null
2025-09-29 01:14:57,249 [WARN] ConditionMgr:1044 - genDependencies : Invalid condition id : UX DEVICE CLASS RTOS Condition cause : null
2025-09-29 01:14:57,250 [WARN] ConditionMgr:1044 - genDependencies : Invalid condition id : UX DEVICE CLASS RTOS Condition cause : null
2025-09-29 01:14:57,253 [WARN] PackLoader:240 - Cannot read IP mode file for STMicroelectronics.X-CUBE-GNSS1.7.0.1
2025-09-29 01:14:57,256 [WARN] PackLoader:240 - Cannot read IP mode file for STMicroelectronics.X-CUBE-TOUCHGFX.4.25.0
2025-09-29 01:14:57,259 [WARN] PackLoader:240 - Cannot read IP mode file for STMicroelectronics.FP-SNS-STBOX1.2.0.0
2025-09-29 01:14:57,266 [WARN] PackLoader:240 - Cannot read IP mode file for STMicroelectronics.X-CUBE-SUBG2.5.0.0
2025-09-29 01:14:57,275 [WARN] PackLoader:240 - Cannot read IP mode file for STMicroelectronics.X-CUBE-AZRTOS-H7RS.1.1.0
2025-09-29 01:14:57,279 [WARN] PackLoader:240 - Cannot read IP mode file for Cesanta.I-CUBE-Mongoose.7.13.0
2025-09-29 01:14:57,286 [WARN] PackLoader:240 - Cannot read IP mode file for STMicroelectronics.X-CUBE-AZRTOS-G4.2.0.0
2025-09-29 01:14:57,289 [WARN] PackLoader:240 - Cannot read IP mode file for wolfSSL.I-CUBE-wolfSSH.1.4.20
2025-09-29 01:14:57,293 [WARN] PackLoader:240 - Cannot read IP mode file for STMicroelectronics.X-CUBE-NFC7.2.0.0
2025-09-29 01:14:57,298 [WARN] PackLoader:240 - Cannot read IP mode file for STMicroelectronics.X-CUBE-IPS.3.1.0
2025-09-29 01:14:57,304 [WARN] PackLoader:240 - Cannot read IP mode file for STMicroelectronics.X-CUBE-ALS.1.0.2
2025-09-29 01:14:57,307 [WARN] PackLoader:240 - Cannot read IP mode file for STMicroelectronics.X-CUBE-STSE01.1.0.0
2025-09-29 01:14:57,312 [WARN] PackLoader:240 - Cannot read IP mode file for portGmbH.I-Cube-SoM-uGOAL.1.1.0
2025-09-29 01:14:57,322 [WARN] PackLoader:240 - Cannot read IP mode file for STMicroelectronics.X-CUBE-TOF1.3.4.3
2025-09-29 01:14:57,327 [INFO] ThirdParty:978 - Integrity check success = true
2025-09-29 01:14:57,327 [INFO] IntegrityCheckThread:100 - exiting critical section [integrity check]
2025-09-29 01:14:57,327 [INFO] IntegrityCheckThread:103 - End integrity checks thread
2025-09-29 01:47:26,368 [ERROR] LogOutputStream:75 - [STDERR_REDIRECT] 
2025-09-29 01:47:26,369 [ERROR] LogOutputStream:75 - [STDERR_REDIRECT] 
2025-09-29 10:52:55,909 [INFO] Activator:176 - 


2025-09-29 10:52:55,910 [INFO] Activator:177 - !SESSION log4j initialized
2025-09-29 10:52:59,429 [INFO] LogOutputStream:77 - [STDOUT_REDIRECT] 
2025-09-29 10:53:00,592 [INFO] ApplicationProperties:184 - Using Application install path: C:\ST\STM32CubeIDE_1.18.1\STM32CubeIDE\plugins\com.st.stm32cube.common.mx_6.14.1.202504091515
2025-09-29 10:53:00,605 [INFO] DbMcusXml:78 - Set database path to: C:\ST\STM32CubeIDE_1.18.1\STM32CubeIDE\plugins\com.st.stm32cube.common.mx_6.14.1.202504091515\\db\/mcu/
2025-09-29 10:53:00,605 [INFO] ApiDb:274 - Set plugin database path to: C:\ST\STM32CubeIDE_1.18.1\STM32CubeIDE\plugins\com.st.stm32cube.common.mx_6.14.1.202504091515\\db\/plugins/boardmanager/
2025-09-29 10:53:00,605 [WARN] ApiDb:259 - Overriding images path with different value:  => C:\ST\STM32CubeIDE_1.18.1\STM32CubeIDE\plugins\com.st.stm32cube.common.mx_6.14.1.202504091515\\db\/plugins/mcufinder/images/
2025-09-29 10:53:00,612 [INFO] ApiDb:250 - Set database path to: C:\Users\TUF\.stmcufinder\plugins\mcufinder//mcu/
2025-09-29 10:53:00,613 [INFO] DbMcusAds:125 - Set database path to: C:\Users\TUF\.stmcufinder\plugins\mcufinder//mcu/
2025-09-29 10:53:00,614 [INFO] CrossReferenceDbSqlite:203 - Set database path to: C:\Users\TUF\.stmcufinder\plugins\mcufinder//mcu/cs/
2025-09-29 10:53:00,690 [INFO] RulesReader:64 - Compatibility file has been processed (302 Rules)
2025-09-29 10:53:00,746 [INFO] DbMcusXml:78 - Set database path to: C:\ST\STM32CubeIDE_1.18.1\STM32CubeIDE\plugins\com.st.stm32cube.common.mx_6.14.1.202504091515\\db\/mcu/
2025-09-29 10:53:00,746 [INFO] ApiDb:274 - Set plugin database path to: C:\ST\STM32CubeIDE_1.18.1\STM32CubeIDE\plugins\com.st.stm32cube.common.mx_6.14.1.202504091515\\db\/plugins/boardmanager/
2025-09-29 10:53:00,746 [INFO] ApiDb:261 - Set plugin images path to: C:\ST\STM32CubeIDE_1.18.1\STM32CubeIDE\plugins\com.st.stm32cube.common.mx_6.14.1.202504091515\\db\/plugins/mcufinder/images/
2025-09-29 10:53:00,746 [WARN] DbFile:41 - Overriding database path with different value: C:\Users\TUF\.stmcufinder\plugins\mcufinder/ => C:\Users\TUF\.stmcufinder\plugins\mcufinder
2025-09-29 10:53:00,747 [INFO] ApiDb:250 - Set database path to: C:\Users\TUF\.stmcufinder\plugins\mcufinder//mcu/
2025-09-29 10:53:00,747 [WARN] DbFile:41 - Overriding database path with different value: C:\Users\TUF\.stmcufinder\plugins\mcufinder/ => C:\Users\TUF\.stmcufinder\plugins\mcufinder
2025-09-29 10:53:00,747 [INFO] DbMcusAds:125 - Set database path to: C:\Users\TUF\.stmcufinder\plugins\mcufinder//mcu/
2025-09-29 10:53:00,747 [WARN] DbFile:41 - Overriding database path with different value: C:\Users\TUF\.stmcufinder\plugins\mcufinder/ => C:\Users\TUF\.stmcufinder\plugins\mcufinder
2025-09-29 10:53:00,747 [WARN] DbFile:41 - Overriding database path with different value: C:\Users\TUF\.stmcufinder\plugins\mcufinder/ => C:\Users\TUF\.stmcufinder\plugins\mcufinder
2025-09-29 10:53:00,747 [INFO] CrossReferenceDbSqlite:203 - Set database path to: C:\Users\TUF\.stmcufinder\plugins\mcufinder//mcu/cs/
2025-09-29 10:53:00,800 [INFO] MainPanel:272 - HeapMemory: 268435456
2025-09-29 10:53:00,872 [INFO] DbMcusXml:78 - Set database path to: C:\ST\STM32CubeIDE_1.18.1\STM32CubeIDE\plugins\com.st.stm32cube.common.mx_6.14.1.202504091515\\db\/mcu/
2025-09-29 10:53:00,872 [INFO] ApiDb:274 - Set plugin database path to: C:\ST\STM32CubeIDE_1.18.1\STM32CubeIDE\plugins\com.st.stm32cube.common.mx_6.14.1.202504091515\\db\/plugins/boardmanager/
2025-09-29 10:53:00,872 [INFO] ApiDb:261 - Set plugin images path to: C:\ST\STM32CubeIDE_1.18.1\STM32CubeIDE\plugins\com.st.stm32cube.common.mx_6.14.1.202504091515\\db\/plugins/mcufinder/images/
2025-09-29 10:53:00,872 [WARN] DbFile:41 - Overriding database path with different value: C:\Users\TUF\.stmcufinder\plugins\mcufinder/ => C:\Users\TUF\.stmcufinder\plugins\mcufinder
2025-09-29 10:53:00,872 [INFO] ApiDb:250 - Set database path to: C:\Users\TUF\.stmcufinder\plugins\mcufinder//mcu/
2025-09-29 10:53:00,872 [WARN] DbFile:41 - Overriding database path with different value: C:\Users\TUF\.stmcufinder\plugins\mcufinder/ => C:\Users\TUF\.stmcufinder\plugins\mcufinder
2025-09-29 10:53:00,872 [INFO] DbMcusAds:125 - Set database path to: C:\Users\TUF\.stmcufinder\plugins\mcufinder//mcu/
2025-09-29 10:53:00,872 [WARN] DbFile:41 - Overriding database path with different value: C:\Users\TUF\.stmcufinder\plugins\mcufinder/ => C:\Users\TUF\.stmcufinder\plugins\mcufinder
2025-09-29 10:53:00,874 [WARN] DbFile:41 - Overriding database path with different value: C:\Users\TUF\.stmcufinder\plugins\mcufinder/ => C:\Users\TUF\.stmcufinder\plugins\mcufinder
2025-09-29 10:53:00,874 [INFO] CrossReferenceDbSqlite:203 - Set database path to: C:\Users\TUF\.stmcufinder\plugins\mcufinder//mcu/cs/
2025-09-29 10:53:00,885 [INFO] ApplicationProperties:184 - Using Application install path: C:\ST\STM32CubeIDE_1.18.1\STM32CubeIDE\plugins\com.st.stm32cube.common.mx_6.14.1.202504091515
2025-09-29 10:53:00,888 [INFO] PluginManage:196 - Search for loadable plugins [exclusion list=, ]
2025-09-29 10:53:00,888 [INFO] PluginManage:310 - Check plugin analytics
2025-09-29 10:53:01,019 [INFO] AnalyticsPlugin:253 - Accepted Software Licenses: 
2025-09-29 10:53:01,019 [INFO] AnalyticsPlugin:255 - Accepted CMSIS Pack Licenses: STMicroelectronics.X-CUBE-AI.10.2.0
2025-09-29 10:53:01,019 [INFO] AnalyticsPlugin:257 - Accepted Firmware Licenses: 
2025-09-29 10:53:01,022 [INFO] PluginManage:359 - Loaded plugin analytics (category:tool,tabindex:-1)
2025-09-29 10:53:01,023 [INFO] PluginManage:310 - Check plugin cadmodel
2025-09-29 10:53:01,029 [INFO] CADModel:105 - Init CAD model plugin
2025-09-29 10:53:01,029 [INFO] PluginManage:359 - Loaded plugin cadmodel (category:power,tabindex:5)
2025-09-29 10:53:01,029 [INFO] PluginManage:310 - Check plugin clock
2025-09-29 10:53:01,037 [INFO] PluginManage:359 - Loaded plugin clock (category:base,tabindex:2)
2025-09-29 10:53:01,037 [INFO] PluginManage:310 - Check plugin ddr
2025-09-29 10:53:01,039 [INFO] PluginManage:359 - Loaded plugin ddr (category:tool,tabindex:6)
2025-09-29 10:53:01,039 [INFO] PluginManage:310 - Check plugin filemanager
2025-09-29 10:53:01,150 [INFO] PluginManage:359 - Loaded plugin filemanager (category:base,tabindex:10)
2025-09-29 10:53:01,150 [INFO] PluginManage:310 - Check plugin ipmanager
2025-09-29 10:53:01,155 [INFO] PluginManage:359 - Loaded plugin ipmanager (category:base,tabindex:5)
2025-09-29 10:53:01,155 [INFO] PluginManage:310 - Check plugin lpbam
2025-09-29 10:53:01,162 [INFO] PluginManage:359 - Loaded plugin lpbam (category:base,tabindex:0)
2025-09-29 10:53:01,162 [INFO] PluginManage:310 - Check plugin memorymap
2025-09-29 10:53:01,172 [INFO] PluginManage:359 - Loaded plugin memorymap (category:base,tabindex:4)
2025-09-29 10:53:01,172 [INFO] PluginManage:310 - Check plugin pinoutandconfiguration
2025-09-29 10:53:01,179 [INFO] PluginManage:359 - Loaded plugin pinoutandconfiguration (category:base,tabindex:1)
2025-09-29 10:53:01,180 [INFO] PluginManage:310 - Check plugin pinoutconfig
2025-09-29 10:53:01,240 [WARN] SupportedApi:132 - Cannot load RTOS API schema: s4s-elt-must-match.1: The content of 'definitions' must match (annotation?, (simpleType | complexType)?, (unique | key | keyref)*)). A problem was found starting at: attribute.
2025-09-29 10:53:01,330 [INFO] PluginManage:359 - Loaded plugin pinoutconfig (category:base,tabindex:0)
2025-09-29 10:53:01,330 [INFO] PluginManage:310 - Check plugin power
2025-09-29 10:53:01,336 [INFO] PluginManage:359 - Loaded plugin power (category:power,tabindex:4)
2025-09-29 10:53:01,336 [INFO] PluginManage:310 - Check plugin projectmanager
2025-09-29 10:53:01,346 [INFO] PluginManage:359 - Loaded plugin projectmanager (category:projectmanager,tabindex:4)
2025-09-29 10:53:01,347 [INFO] PluginManage:310 - Check plugin rif
2025-09-29 10:53:01,353 [INFO] PluginManage:359 - Loaded plugin rif (category:base,tabindex:3)
2025-09-29 10:53:01,353 [INFO] PluginManage:310 - Check plugin thirdparty
2025-09-29 10:53:01,453 [INFO] PluginManage:359 - Loaded plugin thirdparty (category:base,tabindex:-1)
2025-09-29 10:53:01,453 [INFO] PluginManage:310 - Check plugin tools
2025-09-29 10:53:01,453 [WARN] IntegrityCheckThread:84 - waiting for thirdparty lock release [integrity check]
2025-09-29 10:53:01,453 [INFO] IntegrityCheckThread:86 - entering critical section [integrity check]
2025-09-29 10:53:01,454 [INFO] ThirdPartyUpdaterWithRetryManager:70 - Updater plugin not ready yet. [1/15]
2025-09-29 10:53:01,456 [INFO] PluginManage:359 - Loaded plugin tools (category:base,tabindex:7)
2025-09-29 10:53:01,456 [INFO] PluginManage:310 - Check plugin tutovideos
2025-09-29 10:53:01,577 [INFO] PluginManage:359 - Loaded plugin tutovideos (category:base,tabindex:-1)
2025-09-29 10:53:01,578 [INFO] PluginManage:310 - Check plugin updater
2025-09-29 10:53:01,592 [INFO] PluginManage:359 - Loaded plugin updater (category:base,tabindex:12)
2025-09-29 10:53:01,592 [INFO] PluginManage:310 - Check plugin userauth
2025-09-29 10:53:01,595 [INFO] UserAuth:118 - Init User Auth plugin
2025-09-29 10:53:01,596 [INFO] PluginManage:359 - Loaded plugin userauth (category:base,tabindex:14)
2025-09-29 10:53:01,596 [INFO] PluginManage:283 - PluginManage : Loaded plugins [18]
2025-09-29 10:53:01,734 [INFO] PinOutPanel:1589 - setPackage(No Configuration,No Configuration)
2025-09-29 10:53:01,793 [INFO] CADModel:165 - CPN selected for project level
2025-09-29 10:53:01,793 [INFO] CADModel:114 - Register for checkConnection events
2025-09-29 10:53:01,807 [INFO] IPUIPlugin:80 - create IPUIPlugin
2025-09-29 10:53:01,807 [INFO] PluginManager:220 - loadIPPluginJar : add adc
2025-09-29 10:53:01,809 [INFO] IPUIPlugin:80 - create IPUIPlugin
2025-09-29 10:53:01,809 [INFO] PluginManager:220 - loadIPPluginJar : add aes
2025-09-29 10:53:01,812 [INFO] IPUIPlugin:80 - create IPUIPlugin
2025-09-29 10:53:01,812 [INFO] PluginManager:220 - loadIPPluginJar : add can
2025-09-29 10:53:01,813 [INFO] IPUIPlugin:80 - create IPUIPlugin
2025-09-29 10:53:01,813 [INFO] PluginManager:220 - loadIPPluginJar : add comp
2025-09-29 10:53:01,815 [INFO] IPUIPlugin:80 - create IPUIPlugin
2025-09-29 10:53:01,815 [INFO] PluginManager:220 - loadIPPluginJar : add cryp
2025-09-29 10:53:01,818 [INFO] IPUIPlugin:80 - create IPUIPlugin
2025-09-29 10:53:01,818 [INFO] PluginManager:220 - loadIPPluginJar : add ddr_ctrl_phy
2025-09-29 10:53:01,820 [INFO] IPUIPlugin:80 - create IPUIPlugin
2025-09-29 10:53:01,820 [INFO] PluginManager:220 - loadIPPluginJar : add dfsdm
2025-09-29 10:53:01,824 [INFO] IPUIPlugin:80 - create IPUIPlugin
2025-09-29 10:53:01,824 [INFO] PluginManager:220 - loadIPPluginJar : add dma
2025-09-29 10:53:01,826 [INFO] IPUIPlugin:80 - create IPUIPlugin
2025-09-29 10:53:01,826 [INFO] PluginManager:220 - loadIPPluginJar : add dma3
2025-09-29 10:53:01,828 [INFO] IPUIPlugin:80 - create IPUIPlugin
2025-09-29 10:53:01,828 [INFO] PluginManager:220 - loadIPPluginJar : add extmemmanager
2025-09-29 10:53:01,830 [INFO] IPUIPlugin:80 - create IPUIPlugin
2025-09-29 10:53:01,830 [INFO] PluginManager:220 - loadIPPluginJar : add fatfs
2025-09-29 10:53:01,833 [INFO] IPUIPlugin:80 - create IPUIPlugin
2025-09-29 10:53:01,833 [INFO] PluginManager:220 - loadIPPluginJar : add fmc
2025-09-29 10:53:01,838 [INFO] IPUIPlugin:80 - create IPUIPlugin
2025-09-29 10:53:01,838 [INFO] PluginManager:220 - loadIPPluginJar : add freertos
2025-09-29 10:53:01,840 [INFO] IPUIPlugin:80 - create IPUIPlugin
2025-09-29 10:53:01,840 [INFO] PluginManager:220 - loadIPPluginJar : add genericplugin
2025-09-29 10:53:01,841 [INFO] IPUIPlugin:80 - create IPUIPlugin
2025-09-29 10:53:01,841 [INFO] PluginManager:220 - loadIPPluginJar : add gfxmmu
2025-09-29 10:53:01,845 [INFO] IPUIPlugin:80 - create IPUIPlugin
2025-09-29 10:53:01,845 [INFO] PluginManager:220 - loadIPPluginJar : add gic
2025-09-29 10:53:01,848 [INFO] IPUIPlugin:80 - create IPUIPlugin
2025-09-29 10:53:01,848 [INFO] PluginManager:220 - loadIPPluginJar : add gpio
2025-09-29 10:53:01,850 [INFO] IPUIPlugin:80 - create IPUIPlugin
2025-09-29 10:53:01,850 [INFO] PluginManager:220 - loadIPPluginJar : add gtzc
2025-09-29 10:53:01,852 [INFO] IPUIPlugin:80 - create IPUIPlugin
2025-09-29 10:53:01,852 [INFO] PluginManager:220 - loadIPPluginJar : add hash
2025-09-29 10:53:01,855 [INFO] IPUIPlugin:80 - create IPUIPlugin
2025-09-29 10:53:01,855 [INFO] PluginManager:220 - loadIPPluginJar : add i2c
2025-09-29 10:53:01,857 [INFO] IPUIPlugin:80 - create IPUIPlugin
2025-09-29 10:53:01,857 [INFO] PluginManager:220 - loadIPPluginJar : add i2s
2025-09-29 10:53:01,860 [INFO] IPUIPlugin:80 - create IPUIPlugin
2025-09-29 10:53:01,860 [INFO] PluginManager:220 - loadIPPluginJar : add i3c
2025-09-29 10:53:01,863 [INFO] IPUIPlugin:80 - create IPUIPlugin
2025-09-29 10:53:01,863 [INFO] PluginManager:220 - loadIPPluginJar : add ipddr
2025-09-29 10:53:01,868 [INFO] IPUIPlugin:80 - create IPUIPlugin
2025-09-29 10:53:01,868 [INFO] PluginManager:220 - loadIPPluginJar : add linkedlist
2025-09-29 10:53:01,871 [INFO] IPUIPlugin:80 - create IPUIPlugin
2025-09-29 10:53:01,871 [INFO] PluginManager:220 - loadIPPluginJar : add lorawan
2025-09-29 10:53:01,872 [INFO] IPUIPlugin:80 - create IPUIPlugin
2025-09-29 10:53:01,872 [INFO] PluginManager:220 - loadIPPluginJar : add ltdc
2025-09-29 10:53:01,877 [INFO] IPUIPlugin:80 - create IPUIPlugin
2025-09-29 10:53:01,877 [INFO] PluginManager:220 - loadIPPluginJar : add mdma
2025-09-29 10:53:01,879 [INFO] IPUIPlugin:80 - create IPUIPlugin
2025-09-29 10:53:01,879 [INFO] PluginManager:220 - loadIPPluginJar : add nvic
2025-09-29 10:53:01,881 [INFO] IPUIPlugin:80 - create IPUIPlugin
2025-09-29 10:53:01,881 [INFO] PluginManager:220 - loadIPPluginJar : add opamp
2025-09-29 10:53:01,884 [INFO] IPUIPlugin:80 - create IPUIPlugin
2025-09-29 10:53:01,884 [INFO] PluginManager:220 - loadIPPluginJar : add openamp
2025-09-29 10:53:01,887 [INFO] IPUIPlugin:80 - create IPUIPlugin
2025-09-29 10:53:01,887 [INFO] PluginManager:220 - loadIPPluginJar : add pdm2pcm
2025-09-29 10:53:01,891 [INFO] IPUIPlugin:80 - create IPUIPlugin
2025-09-29 10:53:01,892 [INFO] PluginManager:220 - loadIPPluginJar : add plateformsettings
2025-09-29 10:53:01,893 [INFO] IPUIPlugin:80 - create IPUIPlugin
2025-09-29 10:53:01,894 [INFO] PluginManager:220 - loadIPPluginJar : add quadspi
2025-09-29 10:53:01,895 [INFO] IPUIPlugin:80 - create IPUIPlugin
2025-09-29 10:53:01,895 [INFO] PluginManager:220 - loadIPPluginJar : add radio
2025-09-29 10:53:01,897 [INFO] IPUIPlugin:80 - create IPUIPlugin
2025-09-29 10:53:01,897 [INFO] PluginManager:220 - loadIPPluginJar : add resmgrutility
2025-09-29 10:53:01,900 [INFO] IPUIPlugin:80 - create IPUIPlugin
2025-09-29 10:53:01,900 [INFO] PluginManager:220 - loadIPPluginJar : add sai
2025-09-29 10:53:01,902 [INFO] IPUIPlugin:80 - create IPUIPlugin
2025-09-29 10:53:01,902 [INFO] PluginManager:220 - loadIPPluginJar : add spi
2025-09-29 10:53:01,906 [INFO] IPUIPlugin:80 - create IPUIPlugin
2025-09-29 10:53:01,906 [INFO] PluginManager:220 - loadIPPluginJar : add stm32_wpan
2025-09-29 10:53:01,907 [INFO] IPUIPlugin:80 - create IPUIPlugin
2025-09-29 10:53:01,907 [INFO] PluginManager:220 - loadIPPluginJar : add tim
2025-09-29 10:53:01,910 [INFO] IPUIPlugin:80 - create IPUIPlugin
2025-09-29 10:53:01,910 [INFO] PluginManager:220 - loadIPPluginJar : add touchsensing
2025-09-29 10:53:01,912 [INFO] IPUIPlugin:80 - create IPUIPlugin
2025-09-29 10:53:01,912 [INFO] PluginManager:220 - loadIPPluginJar : add tracer_emb
2025-09-29 10:53:01,913 [INFO] IPUIPlugin:80 - create IPUIPlugin
2025-09-29 10:53:01,913 [INFO] PluginManager:220 - loadIPPluginJar : add ts
2025-09-29 10:53:01,915 [INFO] IPUIPlugin:80 - create IPUIPlugin
2025-09-29 10:53:01,916 [INFO] PluginManager:220 - loadIPPluginJar : add tsc
2025-09-29 10:53:01,917 [INFO] IPUIPlugin:80 - create IPUIPlugin
2025-09-29 10:53:01,917 [INFO] PluginManager:220 - loadIPPluginJar : add ucpd
2025-09-29 10:53:01,919 [INFO] IPUIPlugin:80 - create IPUIPlugin
2025-09-29 10:53:01,919 [INFO] PluginManager:220 - loadIPPluginJar : add usart
2025-09-29 10:53:01,921 [INFO] IPUIPlugin:80 - create IPUIPlugin
2025-09-29 10:53:01,921 [INFO] PluginManager:220 - loadIPPluginJar : add usbx
2025-09-29 10:53:02,027 [FATAL] Updater:351 - Updater called before beeing initialized
2025-09-29 10:53:02,046 [INFO] RulesReader:64 - Compatibility file has been processed (302 Rules)
2025-09-29 10:53:02,052 [INFO] RulesReader:64 - Compatibility file has been processed (302 Rules)
2025-09-29 10:53:02,060 [INFO] CADModel:165 - CPN selected for project level
2025-09-29 10:53:02,060 [INFO] CADModel:114 - Register for checkConnection events
2025-09-29 10:53:02,060 [FATAL] Updater:351 - Updater called before beeing initialized
2025-09-29 10:53:02,060 [ERROR] CADModel:125 - Updater not yet initialized, retry later 
2025-09-29 10:53:02,167 [FATAL] Updater:351 - Updater called before beeing initialized
2025-09-29 10:53:02,168 [INFO] CADModel:165 - CPN selected for project level
2025-09-29 10:53:02,169 [INFO] CADModel:114 - Register for checkConnection events
2025-09-29 10:53:02,169 [FATAL] Updater:351 - Updater called before beeing initialized
2025-09-29 10:53:02,169 [ERROR] CADModel:125 - Updater not yet initialized, retry later 
2025-09-29 10:53:02,171 [FATAL] Updater:351 - Updater called before beeing initialized
2025-09-29 10:53:02,240 [FATAL] Updater:351 - Updater called before beeing initialized
2025-09-29 10:53:02,243 [INFO] DbMcusAds:53 - JSON generation date=Tue Jul 08 16:14:23 CST 2025 (1751962463593)
2025-09-29 10:53:02,244 [FATAL] Updater:351 - Updater called before beeing initialized
2025-09-29 10:53:02,269 [WARN] DetailPanel:346 - Failed to get advertising image, set to default
2025-09-29 10:53:02,410 [FATAL] Updater:351 - Updater called before beeing initialized
2025-09-29 10:53:02,414 [FATAL] Updater:351 - Updater called before beeing initialized
2025-09-29 10:53:02,414 [FATAL] Updater:351 - Updater called before beeing initialized
2025-09-29 10:53:02,414 [WARN] DetailPanel:346 - Failed to get advertising image, set to default
2025-09-29 10:53:02,415 [FATAL] Updater:351 - Updater called before beeing initialized
2025-09-29 10:53:02,445 [ERROR] Updater:1198 - MainUpdater not yet initialized. External WinMGr cannot be set.
2025-09-29 10:53:02,446 [INFO] Updater:1134 - Updater Version found : 6.14.1
2025-09-29 10:53:02,460 [INFO] ApplicationProperties:184 - Using Application install path: C:\ST\STM32CubeIDE_1.18.1\STM32CubeIDE\plugins\com.st.stm32cube.common.mx_6.14.1.202504091515
2025-09-29 10:53:04,031 [ERROR] LogOutputStream:75 - [STDERR_REDIRECT] Sep 29, 2025 10:53:04 AM java.util.prefs.WindowsPreferences <init>
2025-09-29 10:53:04,031 [ERROR] LogOutputStream:75 - [STDERR_REDIRECT] WARNING: Could not open/create prefs root node Software\JavaSoft\Prefs at root 0xffffffff80000002. Windows RegCreateKeyEx(...) returned error code 5.
2025-09-29 10:53:04,032 [ERROR] LogOutputStream:75 - [STDERR_REDIRECT] 
2025-09-29 10:53:04,242 [INFO] MainUpdater:2872 - connection check result : 10
2025-09-29 10:53:04,242 [INFO] MainUpdater:289 - Updater Check For Update Now.
2025-09-29 10:53:04,242 [INFO] MicroXplorer:498 - Change Database Version : DB.6.0.141
2025-09-29 10:53:04,247 [INFO] McuFinderGlobals:63 - Set McuFinder mode to 2 (CubeIDE integrated)
2025-09-29 10:53:04,247 [INFO] UserAuth:484 - Internet connection configuration mode: 1
2025-09-29 10:53:04,277 [INFO] JxBrowserEngine:152 - Initiate JxBrowser Engine with user profile folder
2025-09-29 10:53:04,396 [INFO] CheckServerUpdateThread:120 - End of CheckServer Thread
2025-09-29 10:53:04,614 [WARN] PackLoader:240 - Cannot read IP mode file for STMicroelectronics.FP-SNS-MOTENVWB1.1.4.0
2025-09-29 10:53:04,621 [WARN] PackLoader:240 - Cannot read IP mode file for STMicroelectronics.FP-ATR-ASTRA1.2.0.2
2025-09-29 10:53:04,627 [WARN] PackLoader:240 - Cannot read IP mode file for STMicroelectronics.X-CUBE-SMBUS.2.1.0
2025-09-29 10:53:04,631 [WARN] PackLoader:240 - Cannot read IP mode file for STMicroelectronics.X-CUBE-ST60.1.0.0
2025-09-29 10:53:04,651 [WARN] PackLoader:240 - Cannot read IP mode file for STMicroelectronics.X-CUBE-AZRTOS-F7.1.1.0
2025-09-29 10:53:04,671 [WARN] PackLoader:240 - Cannot read IP mode file for Infineon.AIROC-Wi-Fi-Bluetooth-STM32.1.7.0
2025-09-29 10:53:04,690 [WARN] PackLoader:240 - Cannot read IP mode file for STMicroelectronics.X-CUBE-AZRTOS-H7.3.4.0
2025-09-29 10:53:04,697 [WARN] PackLoader:240 - Cannot read IP mode file for STMicroelectronics.X-CUBE-DISPLAY.3.0.0
2025-09-29 10:53:04,705 [WARN] PackLoader:240 - Cannot read IP mode file for STMicroelectronics.X-CUBE-NFC10.1.0.0
2025-09-29 10:53:04,711 [WARN] PackLoader:240 - Cannot read IP mode file for STMicroelectronics.X-CUBE-BLEMGR.4.0.0
2025-09-29 10:53:04,715 [WARN] PackLoader:240 - Cannot read IP mode file for emotas.I-CUBE-CANOPEN.1.3.0
2025-09-29 10:53:04,718 [WARN] ConditionMgr:438 - getConditionDescription Invalid condition id : Cortex-A Device cause : null
2025-09-29 10:53:04,727 [WARN] ConditionMgr:1044 - genDependencies : Invalid condition id : Cortex-A Device cause : null
2025-09-29 10:53:04,727 [WARN] ConditionMgr:1044 - genDependencies : Invalid condition id : Cortex-A Device cause : null
2025-09-29 10:53:04,727 [WARN] ConditionMgr:1044 - genDependencies : Invalid condition id : Cortex-A Device cause : null
2025-09-29 10:53:04,730 [ERROR] Engine:466 - C:\Users\TUF\.stm32cubemx\thirdparties\pdsc\STMicroelectronics.FP-SNS-STBOX1.2.1.0.pdsc: PDSC version is not supported
2025-09-29 10:53:04,733 [WARN] PackLoader:240 - Cannot read IP mode file for STMicroelectronics.FP-SNS-SMARTAG2.1.2.0
2025-09-29 10:53:04,734 [WARN] PackLoader:240 - Cannot read IP mode file for STMicroelectronics.FP-SNS-FLIGHT1.5.1.0
2025-09-29 10:53:04,740 [INFO] LogOutputStream:77 - [STDOUT_REDIRECT] 1 : Invalid condition id : UX_CORESTACK_Condition cause : null
2025-09-29 10:53:04,741 [INFO] LogOutputStream:77 - [STDOUT_REDIRECT] 1 : Invalid condition id : UX_CORESTACK_Condition cause : null
2025-09-29 10:53:04,742 [INFO] LogOutputStream:77 - [STDOUT_REDIRECT] 1 : Invalid condition id : UX_CORESTACK_Condition cause : null
2025-09-29 10:53:04,743 [INFO] LogOutputStream:77 - [STDOUT_REDIRECT] 1 : Invalid condition id : UX_CORESTACK_Condition cause : null
2025-09-29 10:53:04,744 [INFO] LogOutputStream:77 - [STDOUT_REDIRECT] 1 : Invalid condition id : UX_CORESTACK_Condition cause : null
2025-09-29 10:53:04,746 [WARN] PackLoader:240 - Cannot read IP mode file for STMicroelectronics.X-CUBE-AZRTOS-WL.2.0.0
2025-09-29 10:53:04,750 [WARN] PackLoader:240 - Cannot read IP mode file for STMicroelectronics.FP-SNS-MOTENV1.5.0.0
2025-09-29 10:53:04,764 [WARN] PackLoader:240 - Cannot read IP mode file for WES.I-CUBE-Cesium.1.3.0
2025-09-29 10:53:04,770 [WARN] PackLoader:240 - Cannot read IP mode file for STMicroelectronics.X-CUBE-BLE2.3.3.0
2025-09-29 10:53:04,775 [WARN] PackLoader:240 - Cannot read IP mode file for STMicroelectronics.X-CUBE-NFC9.1.0.0
2025-09-29 10:53:04,782 [WARN] PackLoader:240 - Cannot read IP mode file for wolfSSL.I-CUBE-wolfSSL.5.8.0
2025-09-29 10:53:04,802 [WARN] PackLoader:240 - Cannot read IP mode file for STMicroelectronics.X-CUBE-BLE1.7.1.0
2025-09-29 10:53:04,809 [WARN] PackLoader:240 - Cannot read IP mode file for wolfSSL.I-CUBE-wolfMQTT.1.19.2
2025-09-29 10:53:04,816 [WARN] PackLoader:240 - Cannot read IP mode file for STMicroelectronics.X-CUBE-EEPRMA1.5.2.0
2025-09-29 10:53:04,821 [WARN] PackLoader:240 - Cannot read IP mode file for STMicroelectronics.X-CUBE-AI.10.1.0
2025-09-29 10:53:04,830 [WARN] PackLoader:240 - Cannot read IP mode file for STMicroelectronics.X-CUBE-AZRTOS-G0.1.1.0
2025-09-29 10:53:04,844 [WARN] PackLoader:240 - Cannot read IP mode file for STMicroelectronics.X-CUBE-SAFEA1.1.2.2
2025-09-29 10:53:04,863 [WARN] PackLoader:240 - Cannot read IP mode file for STMicroelectronics.X-CUBE-NFC4.3.0.0
2025-09-29 10:53:04,884 [WARN] PackLoader:240 - Cannot read IP mode file for EmbeddedOffice.I-CUBE-FS-RTOS.1.0.1
2025-09-29 10:53:04,887 [WARN] PackLoader:240 - Cannot read IP mode file for STMicroelectronics.X-CUBE-WB05N.2.0.0
2025-09-29 10:53:04,890 [WARN] PackLoader:240 - Cannot read IP mode file for wolfSSL.I-CUBE-wolfTPM.3.8.0
2025-09-29 10:53:04,893 [WARN] PackLoader:240 - Cannot read IP mode file for STMicroelectronics.X-CUBE-TCPP.4.2.0
2025-09-29 10:53:04,896 [WARN] PackLoader:240 - Cannot read IP mode file for RealThread.X-CUBE-RT-Thread_Nano.4.1.1
2025-09-29 10:53:04,899 [WARN] PackLoader:240 - Cannot read IP mode file for STMicroelectronics.FP-ATR-SIGFOX1.3.2.0
2025-09-29 10:53:04,903 [WARN] PackLoader:240 - Cannot read IP mode file for STMicroelectronics.X-CUBE-EEPRMA1.5.1.0
2025-09-29 10:53:04,908 [WARN] PackLoader:240 - Cannot read IP mode file for ITTIA_DB.I-CUBE-ITTIADB.8.9.0
2025-09-29 10:53:04,914 [WARN] PackLoader:240 - Cannot read IP mode file for STMicroelectronics.X-CUBE-ST67W61.1.0.0
2025-09-29 10:53:04,921 [WARN] PackLoader:240 - Cannot read IP mode file for STMicroelectronics.X-CUBE-AI.10.2.0
2025-09-29 10:53:04,985 [WARN] PackLoader:240 - Cannot read IP mode file for SEGGER.I-CUBE-embOS.1.3.1
2025-09-29 10:53:05,010 [WARN] PackLoader:240 - Cannot read IP mode file for STMicroelectronics.X-CUBE-ALGOBUILD.1.4.0
2025-09-29 10:53:05,043 [WARN] PackLoader:240 - Cannot read IP mode file for STMicroelectronics.X-CUBE-MEMS1.11.3.0
2025-09-29 10:53:05,149 [WARN] PackLoader:240 - Cannot read IP mode file for STMicroelectronics.X-CUBE-PM33A1.1.0.0
2025-09-29 10:53:05,155 [WARN] PackLoader:240 - Cannot read IP mode file for STMicroelectronics.X-CUBE-AZRTOS-F4.1.1.0
2025-09-29 10:53:05,160 [WARN] PackLoader:240 - Cannot read IP mode file for Avnet-IotConnect.X-CUBE-IoTC-DA16k-PMOD.1.0.0
2025-09-29 10:53:05,163 [WARN] PackLoader:240 - Cannot read IP mode file for STMicroelectronics.X-CUBE-ISPU.2.1.0
2025-09-29 10:53:05,167 [WARN] PackLoader:240 - Cannot read IP mode file for STMicroelectronics.X-CUBE-NFC12.1.0.0
2025-09-29 10:53:05,174 [WARN] PackLoader:240 - Cannot read IP mode file for STMicroelectronics.X-CUBE-AZRTOS-L5.2.0.0
2025-09-29 10:53:05,184 [WARN] PackLoader:240 - Cannot read IP mode file for STMicroelectronics.X-CUBE-NFC6.3.1.0
2025-09-29 10:53:05,189 [WARN] PackLoader:240 - Cannot read IP mode file for STMicroelectronics.X-CUBE-FREERTOS.1.3.1
2025-09-29 10:53:05,194 [WARN] PackLoader:240 - Cannot read IP mode file for STMicroelectronics.FP-SNS-STAIOTCFT.1.0.0
2025-09-29 10:53:05,198 [WARN] PackLoader:240 - Cannot read IP mode file for STMicroelectronics.X-CUBE-DPower.1.3.0
2025-09-29 10:53:05,205 [WARN] ConditionMgr:438 - getConditionDescription Invalid condition id : LAN8742 Phy interface Condition cause : null
2025-09-29 10:53:05,205 [WARN] PackLoader:240 - Cannot read IP mode file for STMicroelectronics.X-CUBE-AZRTOS-L4.2.0.0
2025-09-29 10:53:05,206 [WARN] ConditionMgr:1044 - genDependencies : Invalid condition id : LAN8742 Phy interface Condition cause : null
2025-09-29 10:53:05,206 [WARN] ConditionMgr:1044 - genDependencies : Invalid condition id : LAN8742 Phy interface Condition cause : null
2025-09-29 10:53:05,206 [WARN] ConditionMgr:1044 - genDependencies : Invalid condition id : LAN8742 Phy interface Condition cause : null
2025-09-29 10:53:05,210 [WARN] PackLoader:240 - Cannot read IP mode file for STMicroelectronics.X-CUBE-SFXS2LP1.4.0.0
2025-09-29 10:53:05,218 [WARN] PackLoader:240 - Cannot read IP mode file for STMicroelectronics.X-CUBE-AZRTOS-H7.3.3.0
2025-09-29 10:53:05,223 [WARN] PackLoader:240 - Cannot read IP mode file for STMicroelectronics.X-CUBE-BLEMGR.4.1.0
2025-09-29 10:53:05,230 [WARN] ConditionMgr:438 - getConditionDescription Invalid condition id : UX DEVICE CLASS RTOS Condition cause : null
2025-09-29 10:53:05,230 [WARN] ConditionMgr:438 - getConditionDescription Invalid condition id : UX DEVICE CLASS RTOS Condition cause : null
2025-09-29 10:53:05,231 [WARN] PackLoader:240 - Cannot read IP mode file for STMicroelectronics.X-CUBE-AZRTOS-WB.2.0.0
2025-09-29 10:53:05,231 [WARN] ConditionMgr:1044 - genDependencies : Invalid condition id : UX DEVICE CLASS RTOS Condition cause : null
2025-09-29 10:53:05,231 [WARN] ConditionMgr:1044 - genDependencies : Invalid condition id : UX DEVICE CLASS RTOS Condition cause : null
2025-09-29 10:53:05,231 [WARN] ConditionMgr:1044 - genDependencies : Invalid condition id : UX DEVICE CLASS RTOS Condition cause : null
2025-09-29 10:53:05,231 [WARN] ConditionMgr:1044 - genDependencies : Invalid condition id : UX DEVICE CLASS RTOS Condition cause : null
2025-09-29 10:53:05,231 [WARN] ConditionMgr:1044 - genDependencies : Invalid condition id : UX DEVICE CLASS RTOS Condition cause : null
2025-09-29 10:53:05,235 [WARN] PackLoader:240 - Cannot read IP mode file for STMicroelectronics.X-CUBE-GNSS1.7.0.1
2025-09-29 10:53:05,240 [WARN] PackLoader:240 - Cannot read IP mode file for STMicroelectronics.X-CUBE-TOUCHGFX.4.25.0
2025-09-29 10:53:05,243 [WARN] PackLoader:240 - Cannot read IP mode file for STMicroelectronics.FP-SNS-STBOX1.2.0.0
2025-09-29 10:53:05,249 [WARN] PackLoader:240 - Cannot read IP mode file for STMicroelectronics.X-CUBE-SUBG2.5.0.0
2025-09-29 10:53:05,259 [WARN] PackLoader:240 - Cannot read IP mode file for STMicroelectronics.X-CUBE-AZRTOS-H7RS.1.1.0
2025-09-29 10:53:05,262 [WARN] PackLoader:240 - Cannot read IP mode file for Cesanta.I-CUBE-Mongoose.7.13.0
2025-09-29 10:53:05,269 [WARN] PackLoader:240 - Cannot read IP mode file for STMicroelectronics.X-CUBE-AZRTOS-G4.2.0.0
2025-09-29 10:53:05,272 [WARN] PackLoader:240 - Cannot read IP mode file for wolfSSL.I-CUBE-wolfSSH.1.4.20
2025-09-29 10:53:05,274 [WARN] PackLoader:240 - Cannot read IP mode file for STMicroelectronics.X-CUBE-NFC7.2.0.0
2025-09-29 10:53:05,280 [WARN] PackLoader:240 - Cannot read IP mode file for STMicroelectronics.X-CUBE-IPS.3.1.0
2025-09-29 10:53:05,284 [WARN] PackLoader:240 - Cannot read IP mode file for STMicroelectronics.X-CUBE-ALS.1.0.2
2025-09-29 10:53:05,288 [WARN] PackLoader:240 - Cannot read IP mode file for STMicroelectronics.X-CUBE-STSE01.1.0.0
2025-09-29 10:53:05,291 [WARN] PackLoader:240 - Cannot read IP mode file for portGmbH.I-Cube-SoM-uGOAL.1.1.0
2025-09-29 10:53:05,295 [WARN] PackLoader:240 - Cannot read IP mode file for STMicroelectronics.X-CUBE-TOF1.3.4.3
2025-09-29 10:53:05,300 [INFO] ThirdParty:978 - Integrity check success = true
2025-09-29 10:53:05,301 [INFO] IntegrityCheckThread:100 - exiting critical section [integrity check]
2025-09-29 10:53:05,301 [INFO] IntegrityCheckThread:103 - End integrity checks thread
2025-09-29 10:53:05,636 [INFO] WebApp:169 - Instantiating new browser for Auth
2025-09-29 10:53:06,136 [INFO] WebApp:463 - Apply proxy settings
2025-09-29 10:53:06,137 [INFO] WebApp:548 - Chromium requires no authentication
2025-09-29 10:53:06,143 [INFO] WebApp:491 - Direct internet connection detected
2025-09-29 10:53:06,159 [INFO] WebApp:894 - Register for checkConnection events
2025-09-29 10:53:06,159 [INFO] WebApp:463 - Apply proxy settings
2025-09-29 10:53:06,159 [INFO] WebApp:548 - Chromium requires no authentication
2025-09-29 10:53:06,159 [INFO] WebApp:491 - Direct internet connection detected
2025-09-29 10:53:06,271 [INFO] WebApp:191 - Connection restablished
2025-09-29 10:53:06,291 [INFO] WebApp:225 - Starting web application
2025-09-29 10:53:06,291 [INFO] WebApp:593 - Web application path used C:\ST\STM32CubeIDE_1.18.1\STM32CubeIDE\plugins\com.st.stm32cube.common.mx_6.14.1.202504091515\db\plugins\mcufinder\reactClient1\index.html
2025-09-29 10:53:06,411 [INFO] UserAuth:484 - Internet connection configuration mode: 1
2025-09-29 12:26:30,206 [ERROR] LogOutputStream:75 - [STDERR_REDIRECT] 
