2025-09-13 01:40:41,638 [INFO] Activator:176 - 


2025-09-13 01:40:41,642 [INFO] Activator:177 - !SESSION log4j initialized
2025-09-13 01:40:45,535 [INFO] LogOutputStream:77 - [STDOUT_REDIRECT] 
2025-09-13 01:40:46,808 [INFO] ApplicationProperties:184 - Using Application install path: C:\ST\STM32CubeIDE_1.18.1\STM32CubeIDE\plugins\com.st.stm32cube.common.mx_6.14.1.202504091515
2025-09-13 01:40:46,820 [INFO] DbMcusXml:78 - Set database path to: C:\ST\STM32CubeIDE_1.18.1\STM32CubeIDE\plugins\com.st.stm32cube.common.mx_6.14.1.202504091515\\db\/mcu/
2025-09-13 01:40:46,820 [INFO] ApiDb:274 - Set plugin database path to: C:\ST\STM32CubeIDE_1.18.1\STM32CubeIDE\plugins\com.st.stm32cube.common.mx_6.14.1.202504091515\\db\/plugins/boardmanager/
2025-09-13 01:40:46,821 [WARN] ApiDb:259 - Overriding images path with different value:  => C:\ST\STM32CubeIDE_1.18.1\STM32CubeIDE\plugins\com.st.stm32cube.common.mx_6.14.1.202504091515\\db\/plugins/mcufinder/images/
2025-09-13 01:40:46,827 [INFO] ApiDb:250 - Set database path to: C:\Users\TUF\.stmcufinder\plugins\mcufinder//mcu/
2025-09-13 01:40:46,828 [INFO] DbMcusAds:125 - Set database path to: C:\Users\TUF\.stmcufinder\plugins\mcufinder//mcu/
2025-09-13 01:40:46,830 [INFO] CrossReferenceDbSqlite:203 - Set database path to: C:\Users\TUF\.stmcufinder\plugins\mcufinder//mcu/cs/
2025-09-13 01:40:46,908 [INFO] RulesReader:64 - Compatibility file has been processed (302 Rules)
2025-09-13 01:40:46,973 [INFO] DbMcusXml:78 - Set database path to: C:\ST\STM32CubeIDE_1.18.1\STM32CubeIDE\plugins\com.st.stm32cube.common.mx_6.14.1.202504091515\\db\/mcu/
2025-09-13 01:40:46,973 [INFO] ApiDb:274 - Set plugin database path to: C:\ST\STM32CubeIDE_1.18.1\STM32CubeIDE\plugins\com.st.stm32cube.common.mx_6.14.1.202504091515\\db\/plugins/boardmanager/
2025-09-13 01:40:46,973 [INFO] ApiDb:261 - Set plugin images path to: C:\ST\STM32CubeIDE_1.18.1\STM32CubeIDE\plugins\com.st.stm32cube.common.mx_6.14.1.202504091515\\db\/plugins/mcufinder/images/
2025-09-13 01:40:46,973 [WARN] DbFile:41 - Overriding database path with different value: C:\Users\TUF\.stmcufinder\plugins\mcufinder/ => C:\Users\TUF\.stmcufinder\plugins\mcufinder
2025-09-13 01:40:46,973 [INFO] ApiDb:250 - Set database path to: C:\Users\TUF\.stmcufinder\plugins\mcufinder//mcu/
2025-09-13 01:40:46,973 [WARN] DbFile:41 - Overriding database path with different value: C:\Users\TUF\.stmcufinder\plugins\mcufinder/ => C:\Users\TUF\.stmcufinder\plugins\mcufinder
2025-09-13 01:40:46,973 [INFO] DbMcusAds:125 - Set database path to: C:\Users\TUF\.stmcufinder\plugins\mcufinder//mcu/
2025-09-13 01:40:46,973 [WARN] DbFile:41 - Overriding database path with different value: C:\Users\TUF\.stmcufinder\plugins\mcufinder/ => C:\Users\TUF\.stmcufinder\plugins\mcufinder
2025-09-13 01:40:46,973 [WARN] DbFile:41 - Overriding database path with different value: C:\Users\TUF\.stmcufinder\plugins\mcufinder/ => C:\Users\TUF\.stmcufinder\plugins\mcufinder
2025-09-13 01:40:46,973 [INFO] CrossReferenceDbSqlite:203 - Set database path to: C:\Users\TUF\.stmcufinder\plugins\mcufinder//mcu/cs/
2025-09-13 01:40:47,029 [INFO] MainPanel:272 - HeapMemory: 268435456
2025-09-13 01:40:47,107 [INFO] DbMcusXml:78 - Set database path to: C:\ST\STM32CubeIDE_1.18.1\STM32CubeIDE\plugins\com.st.stm32cube.common.mx_6.14.1.202504091515\\db\/mcu/
2025-09-13 01:40:47,107 [INFO] ApiDb:274 - Set plugin database path to: C:\ST\STM32CubeIDE_1.18.1\STM32CubeIDE\plugins\com.st.stm32cube.common.mx_6.14.1.202504091515\\db\/plugins/boardmanager/
2025-09-13 01:40:47,107 [INFO] ApiDb:261 - Set plugin images path to: C:\ST\STM32CubeIDE_1.18.1\STM32CubeIDE\plugins\com.st.stm32cube.common.mx_6.14.1.202504091515\\db\/plugins/mcufinder/images/
2025-09-13 01:40:47,107 [WARN] DbFile:41 - Overriding database path with different value: C:\Users\TUF\.stmcufinder\plugins\mcufinder/ => C:\Users\TUF\.stmcufinder\plugins\mcufinder
2025-09-13 01:40:47,107 [INFO] ApiDb:250 - Set database path to: C:\Users\TUF\.stmcufinder\plugins\mcufinder//mcu/
2025-09-13 01:40:47,107 [WARN] DbFile:41 - Overriding database path with different value: C:\Users\TUF\.stmcufinder\plugins\mcufinder/ => C:\Users\TUF\.stmcufinder\plugins\mcufinder
2025-09-13 01:40:47,107 [INFO] DbMcusAds:125 - Set database path to: C:\Users\TUF\.stmcufinder\plugins\mcufinder//mcu/
2025-09-13 01:40:47,108 [WARN] DbFile:41 - Overriding database path with different value: C:\Users\TUF\.stmcufinder\plugins\mcufinder/ => C:\Users\TUF\.stmcufinder\plugins\mcufinder
2025-09-13 01:40:47,108 [WARN] DbFile:41 - Overriding database path with different value: C:\Users\TUF\.stmcufinder\plugins\mcufinder/ => C:\Users\TUF\.stmcufinder\plugins\mcufinder
2025-09-13 01:40:47,108 [INFO] CrossReferenceDbSqlite:203 - Set database path to: C:\Users\TUF\.stmcufinder\plugins\mcufinder//mcu/cs/
2025-09-13 01:40:47,120 [INFO] ApplicationProperties:184 - Using Application install path: C:\ST\STM32CubeIDE_1.18.1\STM32CubeIDE\plugins\com.st.stm32cube.common.mx_6.14.1.202504091515
2025-09-13 01:40:47,121 [INFO] PluginManage:196 - Search for loadable plugins [exclusion list=, ]
2025-09-13 01:40:47,123 [INFO] PluginManage:310 - Check plugin analytics
2025-09-13 01:40:47,263 [INFO] AnalyticsPlugin:253 - Accepted Software Licenses: 
2025-09-13 01:40:47,263 [INFO] AnalyticsPlugin:255 - Accepted CMSIS Pack Licenses: 
2025-09-13 01:40:47,263 [INFO] AnalyticsPlugin:257 - Accepted Firmware Licenses: 
2025-09-13 01:40:47,265 [INFO] PluginManage:359 - Loaded plugin analytics (category:tool,tabindex:-1)
2025-09-13 01:40:47,265 [INFO] PluginManage:310 - Check plugin cadmodel
2025-09-13 01:40:47,269 [INFO] CADModel:105 - Init CAD model plugin
2025-09-13 01:40:47,269 [INFO] PluginManage:359 - Loaded plugin cadmodel (category:power,tabindex:5)
2025-09-13 01:40:47,269 [INFO] PluginManage:310 - Check plugin clock
2025-09-13 01:40:47,276 [INFO] PluginManage:359 - Loaded plugin clock (category:base,tabindex:2)
2025-09-13 01:40:47,276 [INFO] PluginManage:310 - Check plugin ddr
2025-09-13 01:40:47,278 [INFO] PluginManage:359 - Loaded plugin ddr (category:tool,tabindex:6)
2025-09-13 01:40:47,278 [INFO] PluginManage:310 - Check plugin filemanager
2025-09-13 01:40:47,379 [INFO] PluginManage:359 - Loaded plugin filemanager (category:base,tabindex:10)
2025-09-13 01:40:47,379 [INFO] PluginManage:310 - Check plugin ipmanager
2025-09-13 01:40:47,385 [INFO] PluginManage:359 - Loaded plugin ipmanager (category:base,tabindex:5)
2025-09-13 01:40:47,385 [INFO] PluginManage:310 - Check plugin lpbam
2025-09-13 01:40:47,392 [INFO] PluginManage:359 - Loaded plugin lpbam (category:base,tabindex:0)
2025-09-13 01:40:47,392 [INFO] PluginManage:310 - Check plugin memorymap
2025-09-13 01:40:47,403 [INFO] PluginManage:359 - Loaded plugin memorymap (category:base,tabindex:4)
2025-09-13 01:40:47,403 [INFO] PluginManage:310 - Check plugin pinoutandconfiguration
2025-09-13 01:40:47,410 [INFO] PluginManage:359 - Loaded plugin pinoutandconfiguration (category:base,tabindex:1)
2025-09-13 01:40:47,410 [INFO] PluginManage:310 - Check plugin pinoutconfig
2025-09-13 01:40:47,469 [WARN] SupportedApi:132 - Cannot load RTOS API schema: s4s-elt-must-match.1: The content of 'definitions' must match (annotation?, (simpleType | complexType)?, (unique | key | keyref)*)). A problem was found starting at: attribute.
2025-09-13 01:40:47,563 [INFO] PluginManage:359 - Loaded plugin pinoutconfig (category:base,tabindex:0)
2025-09-13 01:40:47,564 [INFO] PluginManage:310 - Check plugin power
2025-09-13 01:40:47,570 [INFO] PluginManage:359 - Loaded plugin power (category:power,tabindex:4)
2025-09-13 01:40:47,570 [INFO] PluginManage:310 - Check plugin projectmanager
2025-09-13 01:40:47,581 [INFO] PluginManage:359 - Loaded plugin projectmanager (category:projectmanager,tabindex:4)
2025-09-13 01:40:47,582 [INFO] PluginManage:310 - Check plugin rif
2025-09-13 01:40:47,588 [INFO] PluginManage:359 - Loaded plugin rif (category:base,tabindex:3)
2025-09-13 01:40:47,588 [INFO] PluginManage:310 - Check plugin thirdparty
2025-09-13 01:40:47,686 [INFO] PluginManage:359 - Loaded plugin thirdparty (category:base,tabindex:-1)
2025-09-13 01:40:47,686 [WARN] IntegrityCheckThread:84 - waiting for thirdparty lock release [integrity check]
2025-09-13 01:40:47,686 [INFO] PluginManage:310 - Check plugin tools
2025-09-13 01:40:47,687 [INFO] IntegrityCheckThread:86 - entering critical section [integrity check]
2025-09-13 01:40:47,687 [INFO] ThirdPartyUpdaterWithRetryManager:70 - Updater plugin not ready yet. [1/15]
2025-09-13 01:40:47,691 [INFO] PluginManage:359 - Loaded plugin tools (category:base,tabindex:7)
2025-09-13 01:40:47,691 [INFO] PluginManage:310 - Check plugin tutovideos
2025-09-13 01:40:47,817 [INFO] PluginManage:359 - Loaded plugin tutovideos (category:base,tabindex:-1)
2025-09-13 01:40:47,817 [INFO] PluginManage:310 - Check plugin updater
2025-09-13 01:40:47,831 [INFO] PluginManage:359 - Loaded plugin updater (category:base,tabindex:12)
2025-09-13 01:40:47,831 [INFO] PluginManage:310 - Check plugin userauth
2025-09-13 01:40:47,834 [INFO] UserAuth:118 - Init User Auth plugin
2025-09-13 01:40:47,835 [INFO] PluginManage:359 - Loaded plugin userauth (category:base,tabindex:14)
2025-09-13 01:40:47,835 [INFO] PluginManage:283 - PluginManage : Loaded plugins [18]
2025-09-13 01:40:47,981 [INFO] PinOutPanel:1589 - setPackage(No Configuration,No Configuration)
2025-09-13 01:40:48,047 [INFO] CADModel:165 - CPN selected for project level
2025-09-13 01:40:48,047 [INFO] CADModel:114 - Register for checkConnection events
2025-09-13 01:40:48,061 [INFO] IPUIPlugin:80 - create IPUIPlugin
2025-09-13 01:40:48,061 [INFO] PluginManager:220 - loadIPPluginJar : add adc
2025-09-13 01:40:48,064 [INFO] IPUIPlugin:80 - create IPUIPlugin
2025-09-13 01:40:48,064 [INFO] PluginManager:220 - loadIPPluginJar : add aes
2025-09-13 01:40:48,066 [INFO] IPUIPlugin:80 - create IPUIPlugin
2025-09-13 01:40:48,066 [INFO] PluginManager:220 - loadIPPluginJar : add can
2025-09-13 01:40:48,067 [INFO] IPUIPlugin:80 - create IPUIPlugin
2025-09-13 01:40:48,067 [INFO] PluginManager:220 - loadIPPluginJar : add comp
2025-09-13 01:40:48,069 [INFO] IPUIPlugin:80 - create IPUIPlugin
2025-09-13 01:40:48,069 [INFO] PluginManager:220 - loadIPPluginJar : add cryp
2025-09-13 01:40:48,072 [INFO] IPUIPlugin:80 - create IPUIPlugin
2025-09-13 01:40:48,072 [INFO] PluginManager:220 - loadIPPluginJar : add ddr_ctrl_phy
2025-09-13 01:40:48,074 [INFO] IPUIPlugin:80 - create IPUIPlugin
2025-09-13 01:40:48,074 [INFO] PluginManager:220 - loadIPPluginJar : add dfsdm
2025-09-13 01:40:48,080 [INFO] IPUIPlugin:80 - create IPUIPlugin
2025-09-13 01:40:48,080 [INFO] PluginManager:220 - loadIPPluginJar : add dma
2025-09-13 01:40:48,083 [INFO] IPUIPlugin:80 - create IPUIPlugin
2025-09-13 01:40:48,083 [INFO] PluginManager:220 - loadIPPluginJar : add dma3
2025-09-13 01:40:48,085 [INFO] IPUIPlugin:80 - create IPUIPlugin
2025-09-13 01:40:48,085 [INFO] PluginManager:220 - loadIPPluginJar : add extmemmanager
2025-09-13 01:40:48,087 [INFO] IPUIPlugin:80 - create IPUIPlugin
2025-09-13 01:40:48,087 [INFO] PluginManager:220 - loadIPPluginJar : add fatfs
2025-09-13 01:40:48,090 [INFO] IPUIPlugin:80 - create IPUIPlugin
2025-09-13 01:40:48,090 [INFO] PluginManager:220 - loadIPPluginJar : add fmc
2025-09-13 01:40:48,095 [INFO] IPUIPlugin:80 - create IPUIPlugin
2025-09-13 01:40:48,095 [INFO] PluginManager:220 - loadIPPluginJar : add freertos
2025-09-13 01:40:48,096 [INFO] IPUIPlugin:80 - create IPUIPlugin
2025-09-13 01:40:48,096 [INFO] PluginManager:220 - loadIPPluginJar : add genericplugin
2025-09-13 01:40:48,098 [INFO] IPUIPlugin:80 - create IPUIPlugin
2025-09-13 01:40:48,098 [INFO] PluginManager:220 - loadIPPluginJar : add gfxmmu
2025-09-13 01:40:48,102 [INFO] IPUIPlugin:80 - create IPUIPlugin
2025-09-13 01:40:48,102 [INFO] PluginManager:220 - loadIPPluginJar : add gic
2025-09-13 01:40:48,105 [INFO] IPUIPlugin:80 - create IPUIPlugin
2025-09-13 01:40:48,105 [INFO] PluginManager:220 - loadIPPluginJar : add gpio
2025-09-13 01:40:48,107 [INFO] IPUIPlugin:80 - create IPUIPlugin
2025-09-13 01:40:48,107 [INFO] PluginManager:220 - loadIPPluginJar : add gtzc
2025-09-13 01:40:48,110 [INFO] IPUIPlugin:80 - create IPUIPlugin
2025-09-13 01:40:48,110 [INFO] PluginManager:220 - loadIPPluginJar : add hash
2025-09-13 01:40:48,111 [INFO] IPUIPlugin:80 - create IPUIPlugin
2025-09-13 01:40:48,112 [INFO] PluginManager:220 - loadIPPluginJar : add i2c
2025-09-13 01:40:48,113 [INFO] IPUIPlugin:80 - create IPUIPlugin
2025-09-13 01:40:48,113 [INFO] PluginManager:220 - loadIPPluginJar : add i2s
2025-09-13 01:40:48,117 [INFO] IPUIPlugin:80 - create IPUIPlugin
2025-09-13 01:40:48,117 [INFO] PluginManager:220 - loadIPPluginJar : add i3c
2025-09-13 01:40:48,121 [INFO] IPUIPlugin:80 - create IPUIPlugin
2025-09-13 01:40:48,121 [INFO] PluginManager:220 - loadIPPluginJar : add ipddr
2025-09-13 01:40:48,126 [INFO] IPUIPlugin:80 - create IPUIPlugin
2025-09-13 01:40:48,127 [INFO] PluginManager:220 - loadIPPluginJar : add linkedlist
2025-09-13 01:40:48,129 [INFO] IPUIPlugin:80 - create IPUIPlugin
2025-09-13 01:40:48,129 [INFO] PluginManager:220 - loadIPPluginJar : add lorawan
2025-09-13 01:40:48,130 [INFO] IPUIPlugin:80 - create IPUIPlugin
2025-09-13 01:40:48,130 [INFO] PluginManager:220 - loadIPPluginJar : add ltdc
2025-09-13 01:40:48,134 [INFO] IPUIPlugin:80 - create IPUIPlugin
2025-09-13 01:40:48,134 [INFO] PluginManager:220 - loadIPPluginJar : add mdma
2025-09-13 01:40:48,137 [INFO] IPUIPlugin:80 - create IPUIPlugin
2025-09-13 01:40:48,137 [INFO] PluginManager:220 - loadIPPluginJar : add nvic
2025-09-13 01:40:48,140 [INFO] IPUIPlugin:80 - create IPUIPlugin
2025-09-13 01:40:48,140 [INFO] PluginManager:220 - loadIPPluginJar : add opamp
2025-09-13 01:40:48,143 [INFO] IPUIPlugin:80 - create IPUIPlugin
2025-09-13 01:40:48,143 [INFO] PluginManager:220 - loadIPPluginJar : add openamp
2025-09-13 01:40:48,145 [INFO] IPUIPlugin:80 - create IPUIPlugin
2025-09-13 01:40:48,145 [INFO] PluginManager:220 - loadIPPluginJar : add pdm2pcm
2025-09-13 01:40:48,150 [INFO] IPUIPlugin:80 - create IPUIPlugin
2025-09-13 01:40:48,152 [INFO] PluginManager:220 - loadIPPluginJar : add plateformsettings
2025-09-13 01:40:48,153 [INFO] IPUIPlugin:80 - create IPUIPlugin
2025-09-13 01:40:48,153 [INFO] PluginManager:220 - loadIPPluginJar : add quadspi
2025-09-13 01:40:48,155 [INFO] IPUIPlugin:80 - create IPUIPlugin
2025-09-13 01:40:48,156 [INFO] PluginManager:220 - loadIPPluginJar : add radio
2025-09-13 01:40:48,160 [INFO] IPUIPlugin:80 - create IPUIPlugin
2025-09-13 01:40:48,160 [INFO] PluginManager:220 - loadIPPluginJar : add resmgrutility
2025-09-13 01:40:48,163 [INFO] IPUIPlugin:80 - create IPUIPlugin
2025-09-13 01:40:48,163 [INFO] PluginManager:220 - loadIPPluginJar : add sai
2025-09-13 01:40:48,166 [INFO] IPUIPlugin:80 - create IPUIPlugin
2025-09-13 01:40:48,166 [INFO] PluginManager:220 - loadIPPluginJar : add spi
2025-09-13 01:40:48,171 [INFO] IPUIPlugin:80 - create IPUIPlugin
2025-09-13 01:40:48,171 [INFO] PluginManager:220 - loadIPPluginJar : add stm32_wpan
2025-09-13 01:40:48,172 [INFO] IPUIPlugin:80 - create IPUIPlugin
2025-09-13 01:40:48,172 [INFO] PluginManager:220 - loadIPPluginJar : add tim
2025-09-13 01:40:48,175 [INFO] IPUIPlugin:80 - create IPUIPlugin
2025-09-13 01:40:48,175 [INFO] PluginManager:220 - loadIPPluginJar : add touchsensing
2025-09-13 01:40:48,178 [INFO] IPUIPlugin:80 - create IPUIPlugin
2025-09-13 01:40:48,178 [INFO] PluginManager:220 - loadIPPluginJar : add tracer_emb
2025-09-13 01:40:48,180 [INFO] IPUIPlugin:80 - create IPUIPlugin
2025-09-13 01:40:48,181 [INFO] PluginManager:220 - loadIPPluginJar : add ts
2025-09-13 01:40:48,182 [INFO] IPUIPlugin:80 - create IPUIPlugin
2025-09-13 01:40:48,182 [INFO] PluginManager:220 - loadIPPluginJar : add tsc
2025-09-13 01:40:48,184 [INFO] IPUIPlugin:80 - create IPUIPlugin
2025-09-13 01:40:48,184 [INFO] PluginManager:220 - loadIPPluginJar : add ucpd
2025-09-13 01:40:48,186 [INFO] IPUIPlugin:80 - create IPUIPlugin
2025-09-13 01:40:48,186 [INFO] PluginManager:220 - loadIPPluginJar : add usart
2025-09-13 01:40:48,188 [INFO] IPUIPlugin:80 - create IPUIPlugin
2025-09-13 01:40:48,188 [INFO] PluginManager:220 - loadIPPluginJar : add usbx
2025-09-13 01:40:48,294 [FATAL] Updater:351 - Updater called before beeing initialized
2025-09-13 01:40:48,313 [INFO] RulesReader:64 - Compatibility file has been processed (302 Rules)
2025-09-13 01:40:48,321 [INFO] RulesReader:64 - Compatibility file has been processed (302 Rules)
2025-09-13 01:40:48,329 [INFO] CADModel:165 - CPN selected for project level
2025-09-13 01:40:48,329 [INFO] CADModel:114 - Register for checkConnection events
2025-09-13 01:40:48,329 [FATAL] Updater:351 - Updater called before beeing initialized
2025-09-13 01:40:48,329 [ERROR] CADModel:125 - Updater not yet initialized, retry later 
2025-09-13 01:40:48,467 [FATAL] Updater:351 - Updater called before beeing initialized
2025-09-13 01:40:48,468 [INFO] CADModel:165 - CPN selected for project level
2025-09-13 01:40:48,468 [INFO] CADModel:114 - Register for checkConnection events
2025-09-13 01:40:48,468 [FATAL] Updater:351 - Updater called before beeing initialized
2025-09-13 01:40:48,468 [ERROR] CADModel:125 - Updater not yet initialized, retry later 
2025-09-13 01:40:48,471 [FATAL] Updater:351 - Updater called before beeing initialized
2025-09-13 01:40:48,536 [FATAL] Updater:351 - Updater called before beeing initialized
2025-09-13 01:40:48,539 [INFO] DbMcusAds:53 - JSON generation date=Tue Jul 08 16:14:23 CST 2025 (1751962463593)
2025-09-13 01:40:48,539 [FATAL] Updater:351 - Updater called before beeing initialized
2025-09-13 01:40:48,564 [WARN] DetailPanel:346 - Failed to get advertising image, set to default
2025-09-13 01:40:48,716 [FATAL] Updater:351 - Updater called before beeing initialized
2025-09-13 01:40:48,719 [FATAL] Updater:351 - Updater called before beeing initialized
2025-09-13 01:40:48,719 [FATAL] Updater:351 - Updater called before beeing initialized
2025-09-13 01:40:48,719 [WARN] DetailPanel:346 - Failed to get advertising image, set to default
2025-09-13 01:40:48,720 [FATAL] Updater:351 - Updater called before beeing initialized
2025-09-13 01:40:48,755 [ERROR] Updater:1198 - MainUpdater not yet initialized. External WinMGr cannot be set.
2025-09-13 01:40:48,757 [INFO] Updater:1134 - Updater Version found : 6.14.1
2025-09-13 01:40:48,773 [INFO] ApplicationProperties:184 - Using Application install path: C:\ST\STM32CubeIDE_1.18.1\STM32CubeIDE\plugins\com.st.stm32cube.common.mx_6.14.1.202504091515
2025-09-13 01:40:50,340 [ERROR] LogOutputStream:75 - [STDERR_REDIRECT] Sep 13, 2025 1:40:50 AM java.util.prefs.WindowsPreferences <init>
2025-09-13 01:40:50,341 [ERROR] LogOutputStream:75 - [STDERR_REDIRECT] WARNING: Could not open/create prefs root node Software\JavaSoft\Prefs at root 0xffffffff80000002. Windows RegCreateKeyEx(...) returned error code 5.
2025-09-13 01:40:50,341 [ERROR] LogOutputStream:75 - [STDERR_REDIRECT] 
2025-09-13 01:40:50,551 [INFO] MainUpdater:2872 - connection check result : 10
2025-09-13 01:40:50,552 [INFO] MainUpdater:289 - Updater Check For Update Now.
2025-09-13 01:40:50,552 [INFO] MicroXplorer:498 - Change Database Version : DB.6.0.141
2025-09-13 01:40:50,558 [INFO] McuFinderGlobals:63 - Set McuFinder mode to 2 (CubeIDE integrated)
2025-09-13 01:40:50,558 [INFO] UserAuth:171 - activating auth plugin
2025-09-13 01:40:50,562 [INFO] UserAuth:484 - Internet connection configuration mode: 1
2025-09-13 01:40:50,588 [INFO] JxBrowserEngine:152 - Initiate JxBrowser Engine with user profile folder
2025-09-13 01:40:50,690 [WARN] MainUpdater:1193 - Updater busy. Cannot search thirdparties
2025-09-13 01:40:50,690 [INFO] ThirdPartyUpdaterWithRetryManager:96 - Updater plugin is busy. [1/15]
2025-09-13 01:40:50,718 [INFO] CheckServerUpdateThread:120 - End of CheckServer Thread
2025-09-13 01:40:51,862 [INFO] WebApp:169 - Instantiating new browser for Auth
2025-09-13 01:40:52,385 [INFO] WebApp:463 - Apply proxy settings
2025-09-13 01:40:52,386 [INFO] WebApp:548 - Chromium requires no authentication
2025-09-13 01:40:52,393 [INFO] WebApp:491 - Direct internet connection detected
2025-09-13 01:40:52,411 [INFO] WebApp:894 - Register for checkConnection events
2025-09-13 01:40:52,411 [INFO] WebApp:463 - Apply proxy settings
2025-09-13 01:40:52,413 [INFO] WebApp:548 - Chromium requires no authentication
2025-09-13 01:40:52,413 [INFO] WebApp:491 - Direct internet connection detected
2025-09-13 01:40:52,513 [INFO] WebApp:191 - Connection restablished
2025-09-13 01:40:52,567 [INFO] WebApp:225 - Starting web application
2025-09-13 01:40:52,567 [INFO] WebApp:593 - Web application path used C:\ST\STM32CubeIDE_1.18.1\STM32CubeIDE\plugins\com.st.stm32cube.common.mx_6.14.1.202504091515\db\plugins\mcufinder\reactClient1\index.html
2025-09-13 01:40:53,852 [WARN] PackLoader:240 - Cannot read IP mode file for STMicroelectronics.FP-SNS-MOTENVWB1.1.4.0
2025-09-13 01:40:53,857 [WARN] PackLoader:240 - Cannot read IP mode file for STMicroelectronics.FP-ATR-ASTRA1.2.0.2
2025-09-13 01:40:53,862 [WARN] PackLoader:240 - Cannot read IP mode file for STMicroelectronics.X-CUBE-SMBUS.2.1.0
2025-09-13 01:40:53,864 [WARN] PackLoader:240 - Cannot read IP mode file for STMicroelectronics.X-CUBE-ST60.1.0.0
2025-09-13 01:40:53,881 [WARN] PackLoader:240 - Cannot read IP mode file for STMicroelectronics.X-CUBE-AZRTOS-F7.1.1.0
2025-09-13 01:40:53,897 [WARN] PackLoader:240 - Cannot read IP mode file for Infineon.AIROC-Wi-Fi-Bluetooth-STM32.1.7.0
2025-09-13 01:40:53,913 [WARN] PackLoader:240 - Cannot read IP mode file for STMicroelectronics.X-CUBE-AZRTOS-H7.3.4.0
2025-09-13 01:40:53,920 [WARN] PackLoader:240 - Cannot read IP mode file for STMicroelectronics.X-CUBE-DISPLAY.3.0.0
2025-09-13 01:40:53,929 [WARN] PackLoader:240 - Cannot read IP mode file for STMicroelectronics.X-CUBE-NFC10.1.0.0
2025-09-13 01:40:53,937 [WARN] PackLoader:240 - Cannot read IP mode file for STMicroelectronics.X-CUBE-BLEMGR.4.0.0
2025-09-13 01:40:53,941 [WARN] PackLoader:240 - Cannot read IP mode file for emotas.I-CUBE-CANOPEN.1.3.0
2025-09-13 01:40:53,944 [WARN] ConditionMgr:438 - getConditionDescription Invalid condition id : Cortex-A Device cause : null
2025-09-13 01:40:53,952 [WARN] ConditionMgr:1044 - genDependencies : Invalid condition id : Cortex-A Device cause : null
2025-09-13 01:40:53,953 [WARN] ConditionMgr:1044 - genDependencies : Invalid condition id : Cortex-A Device cause : null
2025-09-13 01:40:53,953 [WARN] ConditionMgr:1044 - genDependencies : Invalid condition id : Cortex-A Device cause : null
2025-09-13 01:40:53,955 [ERROR] Engine:466 - C:\Users\TUF\.stm32cubemx\thirdparties\pdsc\STMicroelectronics.FP-SNS-STBOX1.2.1.0.pdsc: PDSC version is not supported
2025-09-13 01:40:53,958 [WARN] PackLoader:240 - Cannot read IP mode file for STMicroelectronics.FP-SNS-SMARTAG2.1.2.0
2025-09-13 01:40:53,960 [WARN] PackLoader:240 - Cannot read IP mode file for STMicroelectronics.FP-SNS-FLIGHT1.5.1.0
2025-09-13 01:40:53,966 [INFO] LogOutputStream:77 - [STDOUT_REDIRECT] 1 : Invalid condition id : UX_CORESTACK_Condition cause : null
2025-09-13 01:40:53,967 [INFO] LogOutputStream:77 - [STDOUT_REDIRECT] 1 : Invalid condition id : UX_CORESTACK_Condition cause : null
2025-09-13 01:40:53,967 [INFO] LogOutputStream:77 - [STDOUT_REDIRECT] 1 : Invalid condition id : UX_CORESTACK_Condition cause : null
2025-09-13 01:40:53,968 [INFO] LogOutputStream:77 - [STDOUT_REDIRECT] 1 : Invalid condition id : UX_CORESTACK_Condition cause : null
2025-09-13 01:40:53,969 [INFO] LogOutputStream:77 - [STDOUT_REDIRECT] 1 : Invalid condition id : UX_CORESTACK_Condition cause : null
2025-09-13 01:40:53,970 [WARN] PackLoader:240 - Cannot read IP mode file for STMicroelectronics.X-CUBE-AZRTOS-WL.2.0.0
2025-09-13 01:40:53,982 [WARN] PackLoader:240 - Cannot read IP mode file for STMicroelectronics.FP-SNS-MOTENV1.5.0.0
2025-09-13 01:40:53,990 [WARN] PackLoader:240 - Cannot read IP mode file for WES.I-CUBE-Cesium.1.3.0
2025-09-13 01:40:53,995 [WARN] PackLoader:240 - Cannot read IP mode file for STMicroelectronics.X-CUBE-BLE2.3.3.0
2025-09-13 01:40:54,002 [WARN] PackLoader:240 - Cannot read IP mode file for STMicroelectronics.X-CUBE-NFC9.1.0.0
2025-09-13 01:40:54,008 [WARN] PackLoader:240 - Cannot read IP mode file for wolfSSL.I-CUBE-wolfSSL.5.8.0
2025-09-13 01:40:54,030 [WARN] PackLoader:240 - Cannot read IP mode file for STMicroelectronics.X-CUBE-BLE1.7.1.0
2025-09-13 01:40:54,033 [WARN] PackLoader:240 - Cannot read IP mode file for wolfSSL.I-CUBE-wolfMQTT.1.19.2
2025-09-13 01:40:54,038 [WARN] PackLoader:240 - Cannot read IP mode file for STMicroelectronics.X-CUBE-EEPRMA1.5.2.0
2025-09-13 01:40:54,044 [WARN] PackLoader:240 - Cannot read IP mode file for STMicroelectronics.X-CUBE-AI.10.1.0
2025-09-13 01:40:54,052 [WARN] PackLoader:240 - Cannot read IP mode file for STMicroelectronics.X-CUBE-AZRTOS-G0.1.1.0
2025-09-13 01:40:54,056 [WARN] PackLoader:240 - Cannot read IP mode file for STMicroelectronics.X-CUBE-SAFEA1.1.2.2
2025-09-13 01:40:54,060 [WARN] PackLoader:240 - Cannot read IP mode file for STMicroelectronics.X-CUBE-NFC4.3.0.0
2025-09-13 01:40:54,065 [WARN] PackLoader:240 - Cannot read IP mode file for EmbeddedOffice.I-CUBE-FS-RTOS.1.0.1
2025-09-13 01:40:54,068 [WARN] PackLoader:240 - Cannot read IP mode file for STMicroelectronics.X-CUBE-WB05N.2.0.0
2025-09-13 01:40:54,071 [WARN] PackLoader:240 - Cannot read IP mode file for wolfSSL.I-CUBE-wolfTPM.3.8.0
2025-09-13 01:40:54,074 [WARN] PackLoader:240 - Cannot read IP mode file for STMicroelectronics.X-CUBE-TCPP.4.2.0
2025-09-13 01:40:54,081 [WARN] PackLoader:240 - Cannot read IP mode file for RealThread.X-CUBE-RT-Thread_Nano.4.1.1
2025-09-13 01:40:54,084 [WARN] PackLoader:240 - Cannot read IP mode file for STMicroelectronics.FP-ATR-SIGFOX1.3.2.0
2025-09-13 01:40:54,087 [WARN] PackLoader:240 - Cannot read IP mode file for STMicroelectronics.X-CUBE-EEPRMA1.5.1.0
2025-09-13 01:40:54,092 [WARN] PackLoader:240 - Cannot read IP mode file for ITTIA_DB.I-CUBE-ITTIADB.8.9.0
2025-09-13 01:40:54,099 [WARN] PackLoader:240 - Cannot read IP mode file for STMicroelectronics.X-CUBE-ST67W61.1.0.0
2025-09-13 01:40:54,101 [WARN] PackLoader:240 - Cannot read IP mode file for STMicroelectronics.X-CUBE-AI.10.2.0
2025-09-13 01:40:54,114 [WARN] PackLoader:240 - Cannot read IP mode file for SEGGER.I-CUBE-embOS.1.3.1
2025-09-13 01:40:54,133 [WARN] PackLoader:240 - Cannot read IP mode file for STMicroelectronics.X-CUBE-ALGOBUILD.1.4.0
2025-09-13 01:40:54,160 [WARN] PackLoader:240 - Cannot read IP mode file for STMicroelectronics.X-CUBE-MEMS1.11.3.0
2025-09-13 01:40:54,223 [WARN] PackLoader:240 - Cannot read IP mode file for STMicroelectronics.X-CUBE-PM33A1.1.0.0
2025-09-13 01:40:54,250 [WARN] PackLoader:240 - Cannot read IP mode file for STMicroelectronics.X-CUBE-AZRTOS-F4.1.1.0
2025-09-13 01:40:54,254 [WARN] PackLoader:240 - Cannot read IP mode file for Avnet-IotConnect.X-CUBE-IoTC-DA16k-PMOD.1.0.0
2025-09-13 01:40:54,255 [WARN] PackLoader:240 - Cannot read IP mode file for STMicroelectronics.X-CUBE-ISPU.2.1.0
2025-09-13 01:40:54,259 [WARN] PackLoader:240 - Cannot read IP mode file for STMicroelectronics.X-CUBE-NFC12.1.0.0
2025-09-13 01:40:54,272 [WARN] PackLoader:240 - Cannot read IP mode file for STMicroelectronics.X-CUBE-AZRTOS-L5.2.0.0
2025-09-13 01:40:54,278 [WARN] PackLoader:240 - Cannot read IP mode file for STMicroelectronics.X-CUBE-NFC6.3.1.0
2025-09-13 01:40:54,286 [WARN] PackLoader:240 - Cannot read IP mode file for STMicroelectronics.X-CUBE-FREERTOS.1.3.1
2025-09-13 01:40:54,291 [WARN] PackLoader:240 - Cannot read IP mode file for STMicroelectronics.FP-SNS-STAIOTCFT.1.0.0
2025-09-13 01:40:54,296 [WARN] PackLoader:240 - Cannot read IP mode file for STMicroelectronics.X-CUBE-DPower.1.3.0
2025-09-13 01:40:54,304 [WARN] ConditionMgr:438 - getConditionDescription Invalid condition id : LAN8742 Phy interface Condition cause : null
2025-09-13 01:40:54,305 [WARN] PackLoader:240 - Cannot read IP mode file for STMicroelectronics.X-CUBE-AZRTOS-L4.2.0.0
2025-09-13 01:40:54,305 [WARN] ConditionMgr:1044 - genDependencies : Invalid condition id : LAN8742 Phy interface Condition cause : null
2025-09-13 01:40:54,305 [WARN] ConditionMgr:1044 - genDependencies : Invalid condition id : LAN8742 Phy interface Condition cause : null
2025-09-13 01:40:54,306 [WARN] ConditionMgr:1044 - genDependencies : Invalid condition id : LAN8742 Phy interface Condition cause : null
2025-09-13 01:40:54,310 [WARN] PackLoader:240 - Cannot read IP mode file for STMicroelectronics.X-CUBE-SFXS2LP1.4.0.0
2025-09-13 01:40:54,320 [WARN] PackLoader:240 - Cannot read IP mode file for STMicroelectronics.X-CUBE-AZRTOS-H7.3.3.0
2025-09-13 01:40:54,328 [WARN] PackLoader:240 - Cannot read IP mode file for STMicroelectronics.X-CUBE-BLEMGR.4.1.0
2025-09-13 01:40:54,337 [WARN] ConditionMgr:438 - getConditionDescription Invalid condition id : UX DEVICE CLASS RTOS Condition cause : null
2025-09-13 01:40:54,337 [WARN] ConditionMgr:438 - getConditionDescription Invalid condition id : UX DEVICE CLASS RTOS Condition cause : null
2025-09-13 01:40:54,338 [WARN] PackLoader:240 - Cannot read IP mode file for STMicroelectronics.X-CUBE-AZRTOS-WB.2.0.0
2025-09-13 01:40:54,338 [WARN] ConditionMgr:1044 - genDependencies : Invalid condition id : UX DEVICE CLASS RTOS Condition cause : null
2025-09-13 01:40:54,338 [WARN] ConditionMgr:1044 - genDependencies : Invalid condition id : UX DEVICE CLASS RTOS Condition cause : null
2025-09-13 01:40:54,338 [WARN] ConditionMgr:1044 - genDependencies : Invalid condition id : UX DEVICE CLASS RTOS Condition cause : null
2025-09-13 01:40:54,338 [WARN] ConditionMgr:1044 - genDependencies : Invalid condition id : UX DEVICE CLASS RTOS Condition cause : null
2025-09-13 01:40:54,338 [WARN] ConditionMgr:1044 - genDependencies : Invalid condition id : UX DEVICE CLASS RTOS Condition cause : null
2025-09-13 01:40:54,342 [WARN] PackLoader:240 - Cannot read IP mode file for STMicroelectronics.X-CUBE-GNSS1.7.0.1
2025-09-13 01:40:54,347 [WARN] PackLoader:240 - Cannot read IP mode file for STMicroelectronics.X-CUBE-TOUCHGFX.4.25.0
2025-09-13 01:40:54,351 [WARN] PackLoader:240 - Cannot read IP mode file for STMicroelectronics.FP-SNS-STBOX1.2.0.0
2025-09-13 01:40:54,357 [WARN] PackLoader:240 - Cannot read IP mode file for STMicroelectronics.X-CUBE-SUBG2.5.0.0
2025-09-13 01:40:54,367 [WARN] PackLoader:240 - Cannot read IP mode file for STMicroelectronics.X-CUBE-AZRTOS-H7RS.1.1.0
2025-09-13 01:40:54,372 [WARN] PackLoader:240 - Cannot read IP mode file for Cesanta.I-CUBE-Mongoose.7.13.0
2025-09-13 01:40:54,379 [WARN] PackLoader:240 - Cannot read IP mode file for STMicroelectronics.X-CUBE-AZRTOS-G4.2.0.0
2025-09-13 01:40:54,385 [WARN] PackLoader:240 - Cannot read IP mode file for wolfSSL.I-CUBE-wolfSSH.1.4.20
2025-09-13 01:40:54,391 [WARN] PackLoader:240 - Cannot read IP mode file for STMicroelectronics.X-CUBE-NFC7.2.0.0
2025-09-13 01:40:54,399 [WARN] PackLoader:240 - Cannot read IP mode file for STMicroelectronics.X-CUBE-IPS.3.1.0
2025-09-13 01:40:54,411 [WARN] PackLoader:240 - Cannot read IP mode file for STMicroelectronics.X-CUBE-ALS.1.0.2
2025-09-13 01:40:54,416 [WARN] PackLoader:240 - Cannot read IP mode file for STMicroelectronics.X-CUBE-STSE01.1.0.0
2025-09-13 01:40:54,421 [WARN] PackLoader:240 - Cannot read IP mode file for portGmbH.I-Cube-SoM-uGOAL.1.1.0
2025-09-13 01:40:54,429 [WARN] PackLoader:240 - Cannot read IP mode file for STMicroelectronics.X-CUBE-TOF1.3.4.3
2025-09-13 01:40:54,438 [INFO] ThirdParty:978 - Integrity check success = true
2025-09-13 01:40:54,440 [INFO] IntegrityCheckThread:100 - exiting critical section [integrity check]
2025-09-13 01:40:54,440 [INFO] IntegrityCheckThread:103 - End integrity checks thread
2025-09-13 01:41:01,705 [INFO] MainUpdater:2872 - connection check result : 10
2025-09-13 01:41:02,219 [INFO] CheckServerUpdateThread:120 - End of CheckServer Thread
2025-09-13 01:45:36,307 [INFO] WebApp:650 - userauth.ini created with success
2025-09-13 01:45:37,125 [INFO] ServerAccessManage:473 - Download File STMicroelectronics.X-CUBE-AI.10.2.0.pack
2025-09-13 01:45:44,891 [INFO] AnalyticsPlugin:368 - Accepted License(s): [STMicroelectronics.X-CUBE-AI.10.2.0]
2025-09-13 01:45:44,892 [INFO] FileExtend:242 - Unzip File : STMicroelectronics.X-CUBE-AI.10.2.0.pack
2025-09-13 01:45:44,893 [INFO] FileExtend:257 - Standard Zip Deflate
2025-09-13 01:45:45,456 [INFO] LoadServerPackagesThread:196 - End of LoadServerPackages Thread
2025-09-13 01:45:46,233 [WARN] ThirdParty:509 - waiting for thirdparty lock release [add software pack]
2025-09-13 01:45:46,234 [INFO] ThirdParty:511 - entering critical section [add software pack]
2025-09-13 01:45:46,288 [INFO] ThirdPartyPackRequestProcessor:621 - CMSIS Pack Vendor :STMicroelectronics X-CUBE-PM33A1 1.0.0
2025-09-13 01:45:46,288 [INFO] ThirdPartyPackRequestProcessor:621 - CMSIS Pack Vendor :STMicroelectronics USBPD 4.1
2025-09-13 01:45:46,288 [INFO] ThirdPartyPackRequestProcessor:621 - CMSIS Pack Vendor :STMicroelectronics X-CUBE-AZRTOS-H7 3.3.0
2025-09-13 01:45:46,288 [INFO] ThirdPartyPackRequestProcessor:621 - CMSIS Pack Vendor :STMicroelectronics X-CUBE-NFC9 1.0.0
2025-09-13 01:45:46,288 [INFO] ThirdPartyPackRequestProcessor:621 - CMSIS Pack Vendor :wolfSSL I-CUBE-wolfSSL 5.8.0
2025-09-13 01:45:46,288 [INFO] ThirdPartyPackRequestProcessor:621 - CMSIS Pack Vendor :STMicroelectronics USB_HOST 2.0.0
2025-09-13 01:45:46,288 [INFO] ThirdPartyPackRequestProcessor:621 - CMSIS Pack Vendor :STMicroelectronics FP-SNS-MOTENVWB1 1.4.0
2025-09-13 01:45:46,288 [INFO] ThirdPartyPackRequestProcessor:621 - CMSIS Pack Vendor :STMicroelectronics X-CUBE-AZRTOS-F4 1.1.0
2025-09-13 01:45:46,288 [INFO] ThirdPartyPackRequestProcessor:621 - CMSIS Pack Vendor :STMicroelectronics LIBJPEG 8.0.0
2025-09-13 01:45:46,288 [INFO] ThirdPartyPackRequestProcessor:621 - CMSIS Pack Vendor :STMicroelectronics FP-ATR-ASTRA1 2.0.2
2025-09-13 01:45:46,288 [INFO] ThirdPartyPackRequestProcessor:621 - CMSIS Pack Vendor :STMicroelectronics X-CUBE-BLE1 7.1.0
2025-09-13 01:45:46,288 [INFO] ThirdPartyPackRequestProcessor:621 - CMSIS Pack Vendor :Avnet-IotConnect X-CUBE-IoTC-DA16k-PMOD 1.0.0
2025-09-13 01:45:46,288 [INFO] ThirdPartyPackRequestProcessor:621 - CMSIS Pack Vendor :STMicroelectronics X-CUBE-SMBUS 2.1.0
2025-09-13 01:45:46,288 [INFO] ThirdPartyPackRequestProcessor:621 - CMSIS Pack Vendor :wolfSSL I-CUBE-wolfMQTT 1.19.2
2025-09-13 01:45:46,288 [INFO] ThirdPartyPackRequestProcessor:621 - CMSIS Pack Vendor :STMicroelectronics USB_DEVICE 3.0.0
2025-09-13 01:45:46,288 [INFO] ThirdPartyPackRequestProcessor:621 - CMSIS Pack Vendor :STMicroelectronics X-CUBE-ISPU 2.1.0
2025-09-13 01:45:46,288 [INFO] ThirdPartyPackRequestProcessor:621 - CMSIS Pack Vendor :STMicroelectronics X-CUBE-EEPRMA1 5.2.0
2025-09-13 01:45:46,290 [INFO] ThirdPartyPackRequestProcessor:621 - CMSIS Pack Vendor :STMicroelectronics X-CUBE-BLEMGR 4.1.0
2025-09-13 01:45:46,290 [INFO] ThirdPartyPackRequestProcessor:621 - CMSIS Pack Vendor :STMicroelectronics X-CUBE-AZRTOS-WB 2.0.0
2025-09-13 01:45:46,290 [INFO] ThirdPartyPackRequestProcessor:621 - CMSIS Pack Vendor :STMicroelectronics X-CUBE-ST60 1.0.0
2025-09-13 01:45:46,290 [INFO] ThirdPartyPackRequestProcessor:621 - CMSIS Pack Vendor :STMicroelectronics X-CUBE-GNSS1 7.0.1
2025-09-13 01:45:46,290 [INFO] ThirdPartyPackRequestProcessor:621 - CMSIS Pack Vendor :STMicroelectronics X-CUBE-NFC12 1.0.0
2025-09-13 01:45:46,290 [INFO] ThirdPartyPackRequestProcessor:621 - CMSIS Pack Vendor :STMicroelectronics X-CUBE-AZRTOS-F7 1.1.0
2025-09-13 01:45:46,290 [INFO] ThirdPartyPackRequestProcessor:621 - CMSIS Pack Vendor :STMicroelectronics X-CUBE-AZRTOS-L5 2.0.0
2025-09-13 01:45:46,290 [INFO] ThirdPartyPackRequestProcessor:621 - CMSIS Pack Vendor :STMicroelectronics X-CUBE-TOUCHGFX 4.25.0
2025-09-13 01:45:46,290 [INFO] ThirdPartyPackRequestProcessor:621 - CMSIS Pack Vendor :STMicroelectronics USB_DEVICE 2.0.0
2025-09-13 01:45:46,290 [INFO] ThirdPartyPackRequestProcessor:621 - CMSIS Pack Vendor :STMicroelectronics X-CUBE-NFC6 3.1.0
2025-09-13 01:45:46,290 [INFO] ThirdPartyPackRequestProcessor:621 - CMSIS Pack Vendor :STMicroelectronics X-CUBE-AI 10.1.0
2025-09-13 01:45:46,290 [INFO] ThirdPartyPackRequestProcessor:621 - CMSIS Pack Vendor :STMicroelectronics FP-SNS-STBOX1 2.0.0
2025-09-13 01:45:46,290 [INFO] ThirdPartyPackRequestProcessor:621 - CMSIS Pack Vendor :STMicroelectronics FreeRTOS 0.0.1
2025-09-13 01:45:46,290 [INFO] ThirdPartyPackRequestProcessor:621 - CMSIS Pack Vendor :STMicroelectronics X-CUBE-AZRTOS-G0 1.1.0
2025-09-13 01:45:46,290 [INFO] ThirdPartyPackRequestProcessor:621 - CMSIS Pack Vendor :STMicroelectronics X-CUBE-SAFEA1 1.2.2
2025-09-13 01:45:46,290 [INFO] ThirdPartyPackRequestProcessor:621 - CMSIS Pack Vendor :STMicroelectronics X-CUBE-NFC4 3.0.0
2025-09-13 01:45:46,291 [INFO] ThirdPartyPackRequestProcessor:621 - CMSIS Pack Vendor :STMicroelectronics X-CUBE-SUBG2 5.0.0
2025-09-13 01:45:46,291 [INFO] ThirdPartyPackRequestProcessor:621 - CMSIS Pack Vendor :STMicroelectronics X-CUBE-AZRTOS-H7RS 1.1.0
2025-09-13 01:45:46,291 [INFO] ThirdPartyPackRequestProcessor:621 - CMSIS Pack Vendor :STMicroelectronics STM32_WPAN 1.0.0
2025-09-13 01:45:46,291 [INFO] ThirdPartyPackRequestProcessor:621 - CMSIS Pack Vendor :EmbeddedOffice I-CUBE-FS-RTOS 1.0.1
2025-09-13 01:45:46,291 [INFO] ThirdPartyPackRequestProcessor:621 - CMSIS Pack Vendor :STMicroelectronics lwIP 2.0.3
2025-09-13 01:45:46,291 [INFO] ThirdPartyPackRequestProcessor:621 - CMSIS Pack Vendor :Cesanta I-CUBE-Mongoose 7.13.0
2025-09-13 01:45:46,291 [INFO] ThirdPartyPackRequestProcessor:621 - CMSIS Pack Vendor :STMicroelectronics USB_HOST 1.0.0
2025-09-13 01:45:46,291 [INFO] ThirdPartyPackRequestProcessor:621 - CMSIS Pack Vendor :Infineon AIROC-Wi-Fi-Bluetooth-STM32 1.7.0
2025-09-13 01:45:46,291 [INFO] ThirdPartyPackRequestProcessor:621 - CMSIS Pack Vendor :STMicroelectronics X-CUBE-AZRTOS-G4 2.0.0
2025-09-13 01:45:46,291 [INFO] ThirdPartyPackRequestProcessor:621 - CMSIS Pack Vendor :STMicroelectronics X-CUBE-WB05N 2.0.0
2025-09-13 01:45:46,291 [INFO] ThirdPartyPackRequestProcessor:621 - CMSIS Pack Vendor :STMicroelectronics PDM2PCM 3.1.0
2025-09-13 01:45:46,291 [INFO] ThirdPartyPackRequestProcessor:621 - CMSIS Pack Vendor :STMicroelectronics PDM2PCM 3.3.0
2025-09-13 01:45:46,291 [INFO] ThirdPartyPackRequestProcessor:621 - CMSIS Pack Vendor :wolfSSL I-CUBE-wolfTPM 3.8.0
2025-09-13 01:45:46,291 [INFO] ThirdPartyPackRequestProcessor:621 - CMSIS Pack Vendor :STMicroelectronics X-CUBE-AZRTOS-H7 3.4.0
2025-09-13 01:45:46,291 [INFO] ThirdPartyPackRequestProcessor:621 - CMSIS Pack Vendor :STMicroelectronics X-CUBE-DISPLAY 3.0.0
2025-09-13 01:45:46,291 [INFO] ThirdPartyPackRequestProcessor:621 - CMSIS Pack Vendor :wolfSSL I-CUBE-wolfSSH 1.4.20
2025-09-13 01:45:46,291 [INFO] ThirdPartyPackRequestProcessor:621 - CMSIS Pack Vendor :STMicroelectronics X-CUBE-NFC7 2.0.0
2025-09-13 01:45:46,291 [INFO] ThirdPartyPackRequestProcessor:621 - CMSIS Pack Vendor :STMicroelectronics X-CUBE-TCPP 4.2.0
2025-09-13 01:45:46,291 [INFO] ThirdPartyPackRequestProcessor:621 - CMSIS Pack Vendor :RealThread X-CUBE-RT-Thread_Nano 4.1.1
2025-09-13 01:45:46,291 [INFO] ThirdPartyPackRequestProcessor:621 - CMSIS Pack Vendor :STMicroelectronics FP-ATR-SIGFOX1 3.2.0
2025-09-13 01:45:46,291 [INFO] ThirdPartyPackRequestProcessor:621 - CMSIS Pack Vendor :STMicroelectronics X-CUBE-NFC10 1.0.0
2025-09-13 01:45:46,291 [INFO] ThirdPartyPackRequestProcessor:621 - CMSIS Pack Vendor :STMicroelectronics X-CUBE-BLEMGR 4.0.0
2025-09-13 01:45:46,291 [INFO] ThirdPartyPackRequestProcessor:621 - CMSIS Pack Vendor :STMicroelectronics X-CUBE-EEPRMA1 5.1.0
2025-09-13 01:45:46,291 [INFO] ThirdPartyPackRequestProcessor:621 - CMSIS Pack Vendor :STMicroelectronics X-CUBE-FREERTOS 1.3.1
2025-09-13 01:45:46,291 [INFO] ThirdPartyPackRequestProcessor:621 - CMSIS Pack Vendor :STMicroelectronics HAL Drivers 0.0.0
2025-09-13 01:45:46,291 [INFO] ThirdPartyPackRequestProcessor:621 - CMSIS Pack Vendor :STMicroelectronics MBEDTLS 2.16.2
2025-09-13 01:45:46,291 [INFO] ThirdPartyPackRequestProcessor:621 - CMSIS Pack Vendor :STMicroelectronics X-CUBE-IPS 3.1.0
2025-09-13 01:45:46,291 [INFO] ThirdPartyPackRequestProcessor:621 - CMSIS Pack Vendor :STMicroelectronics X-CUBE-ALS 1.0.2
2025-09-13 01:45:46,292 [INFO] ThirdPartyPackRequestProcessor:621 - CMSIS Pack Vendor :emotas I-CUBE-CANOPEN 1.3.0
2025-09-13 01:45:46,292 [INFO] ThirdPartyPackRequestProcessor:621 - CMSIS Pack Vendor :STMicroelectronics MBEDTLS 2.14.1
2025-09-13 01:45:46,292 [INFO] ThirdPartyPackRequestProcessor:621 - CMSIS Pack Vendor :ITTIA_DB I-CUBE-ITTIADB 8.9.0
2025-09-13 01:45:46,292 [INFO] ThirdPartyPackRequestProcessor:621 - CMSIS Pack Vendor :STMicroelectronics X-CUBE-STSE01 1.0.0
2025-09-13 01:45:46,292 [INFO] ThirdPartyPackRequestProcessor:621 - CMSIS Pack Vendor :portGmbH I-Cube-SoM-uGOAL 1.1.0
2025-09-13 01:45:46,292 [INFO] ThirdPartyPackRequestProcessor:621 - CMSIS Pack Vendor :quantropi X-CUBE-qispace-sdk-base 2.0.0
2025-09-13 01:45:46,292 [INFO] ThirdPartyPackRequestProcessor:621 - CMSIS Pack Vendor :STMicroelectronics X-CUBE-ST67W61 1.0.0
2025-09-13 01:45:46,292 [INFO] ThirdPartyPackRequestProcessor:621 - CMSIS Pack Vendor :STMicroelectronics FP-SNS-STAIOTCFT 1.0.0
2025-09-13 01:45:46,292 [INFO] ThirdPartyPackRequestProcessor:621 - CMSIS Pack Vendor :STMicroelectronics X-CUBE-AI 10.2.0
2025-09-13 01:45:46,292 [INFO] ThirdPartyPackRequestProcessor:621 - CMSIS Pack Vendor :STMicroelectronics ThreadX 1.0.0
2025-09-13 01:45:46,292 [INFO] ThirdPartyPackRequestProcessor:621 - CMSIS Pack Vendor :STMicroelectronics FP-SNS-SMARTAG2 1.2.0
2025-09-13 01:45:46,292 [INFO] ThirdPartyPackRequestProcessor:621 - CMSIS Pack Vendor :STMicroelectronics FP-SNS-FLIGHT1 5.1.0
2025-09-13 01:45:46,292 [INFO] ThirdPartyPackRequestProcessor:621 - CMSIS Pack Vendor :STMicroelectronics X-CUBE-AZRTOS-WL 2.0.0
2025-09-13 01:45:46,292 [INFO] ThirdPartyPackRequestProcessor:621 - CMSIS Pack Vendor :SEGGER I-CUBE-embOS 1.3.1
2025-09-13 01:45:46,292 [INFO] ThirdPartyPackRequestProcessor:621 - CMSIS Pack Vendor :STMicroelectronics X-CUBE-ALGOBUILD 1.4.0
2025-09-13 01:45:46,292 [INFO] ThirdPartyPackRequestProcessor:621 - CMSIS Pack Vendor :STMicroelectronics X-CUBE-DPower 1.3.0
2025-09-13 01:45:46,292 [INFO] ThirdPartyPackRequestProcessor:621 - CMSIS Pack Vendor :STMicroelectronics X-CUBE-MEMS1 11.3.0
2025-09-13 01:45:46,292 [INFO] ThirdPartyPackRequestProcessor:621 - CMSIS Pack Vendor :STMicroelectronics FP-SNS-MOTENV1 5.0.0
2025-09-13 01:45:46,292 [INFO] ThirdPartyPackRequestProcessor:621 - CMSIS Pack Vendor :STMicroelectronics USB_DEVICE 1.0.0
2025-09-13 01:45:46,292 [INFO] ThirdPartyPackRequestProcessor:621 - CMSIS Pack Vendor :STMicroelectronics X-CUBE-AZRTOS-L4 2.0.0
2025-09-13 01:45:46,292 [INFO] ThirdPartyPackRequestProcessor:621 - CMSIS Pack Vendor :STMicroelectronics ThreadX 0.0.2
2025-09-13 01:45:46,292 [INFO] ThirdPartyPackRequestProcessor:621 - CMSIS Pack Vendor :WES I-CUBE-Cesium 1.3.0
2025-09-13 01:45:46,292 [INFO] ThirdPartyPackRequestProcessor:621 - CMSIS Pack Vendor :STMicroelectronics lwIP 2.1.2
2025-09-13 01:45:46,292 [INFO] ThirdPartyPackRequestProcessor:621 - CMSIS Pack Vendor :STMicroelectronics X-CUBE-SFXS2LP1 4.0.0
2025-09-13 01:45:46,292 [INFO] ThirdPartyPackRequestProcessor:621 - CMSIS Pack Vendor :STMicroelectronics X-CUBE-BLE2 3.3.0
2025-09-13 01:45:46,292 [INFO] ThirdPartyPackRequestProcessor:621 - CMSIS Pack Vendor :STMicroelectronics X-CUBE-TOF1 3.4.3
2025-09-13 01:45:46,292 [INFO] ThirdPartyPackRequestProcessor:621 - CMSIS Pack Vendor :STMicroelectronics PDM2PCM 3.2.0
2025-09-13 01:45:46,292 [INFO] ThirdParty:514 - exiting critical section [add software pack]
2025-09-13 01:45:46,305 [INFO] LoadServerUpdatesThread:375 - End of LoadServerUpdate Thread
2025-09-13 01:45:46,517 [INFO] CheckServerUpdateThread:120 - End of CheckServer Thread
2025-09-13 02:12:36,619 [ERROR] LogOutputStream:75 - [STDERR_REDIRECT] 
2025-09-13 02:12:36,621 [ERROR] LogOutputStream:75 - [STDERR_REDIRECT] 
2025-09-13 22:00:35,150 [INFO] Activator:176 - 


2025-09-13 22:00:35,151 [INFO] Activator:177 - !SESSION log4j initialized
2025-09-13 22:00:38,927 [INFO] LogOutputStream:77 - [STDOUT_REDIRECT] 
2025-09-13 22:00:40,263 [INFO] ApplicationProperties:184 - Using Application install path: C:\ST\STM32CubeIDE_1.18.1\STM32CubeIDE\plugins\com.st.stm32cube.common.mx_6.14.1.202504091515
2025-09-13 22:00:40,277 [INFO] DbMcusXml:78 - Set database path to: C:\ST\STM32CubeIDE_1.18.1\STM32CubeIDE\plugins\com.st.stm32cube.common.mx_6.14.1.202504091515\\db\/mcu/
2025-09-13 22:00:40,277 [INFO] ApiDb:274 - Set plugin database path to: C:\ST\STM32CubeIDE_1.18.1\STM32CubeIDE\plugins\com.st.stm32cube.common.mx_6.14.1.202504091515\\db\/plugins/boardmanager/
2025-09-13 22:00:40,277 [WARN] ApiDb:259 - Overriding images path with different value:  => C:\ST\STM32CubeIDE_1.18.1\STM32CubeIDE\plugins\com.st.stm32cube.common.mx_6.14.1.202504091515\\db\/plugins/mcufinder/images/
2025-09-13 22:00:40,284 [INFO] ApiDb:250 - Set database path to: C:\Users\TUF\.stmcufinder\plugins\mcufinder//mcu/
2025-09-13 22:00:40,285 [INFO] DbMcusAds:125 - Set database path to: C:\Users\TUF\.stmcufinder\plugins\mcufinder//mcu/
2025-09-13 22:00:40,286 [INFO] CrossReferenceDbSqlite:203 - Set database path to: C:\Users\TUF\.stmcufinder\plugins\mcufinder//mcu/cs/
2025-09-13 22:00:40,367 [INFO] RulesReader:64 - Compatibility file has been processed (302 Rules)
2025-09-13 22:00:40,431 [INFO] DbMcusXml:78 - Set database path to: C:\ST\STM32CubeIDE_1.18.1\STM32CubeIDE\plugins\com.st.stm32cube.common.mx_6.14.1.202504091515\\db\/mcu/
2025-09-13 22:00:40,431 [INFO] ApiDb:274 - Set plugin database path to: C:\ST\STM32CubeIDE_1.18.1\STM32CubeIDE\plugins\com.st.stm32cube.common.mx_6.14.1.202504091515\\db\/plugins/boardmanager/
2025-09-13 22:00:40,432 [INFO] ApiDb:261 - Set plugin images path to: C:\ST\STM32CubeIDE_1.18.1\STM32CubeIDE\plugins\com.st.stm32cube.common.mx_6.14.1.202504091515\\db\/plugins/mcufinder/images/
2025-09-13 22:00:40,432 [WARN] DbFile:41 - Overriding database path with different value: C:\Users\TUF\.stmcufinder\plugins\mcufinder/ => C:\Users\TUF\.stmcufinder\plugins\mcufinder
2025-09-13 22:00:40,432 [INFO] ApiDb:250 - Set database path to: C:\Users\TUF\.stmcufinder\plugins\mcufinder//mcu/
2025-09-13 22:00:40,432 [WARN] DbFile:41 - Overriding database path with different value: C:\Users\TUF\.stmcufinder\plugins\mcufinder/ => C:\Users\TUF\.stmcufinder\plugins\mcufinder
2025-09-13 22:00:40,432 [INFO] DbMcusAds:125 - Set database path to: C:\Users\TUF\.stmcufinder\plugins\mcufinder//mcu/
2025-09-13 22:00:40,432 [WARN] DbFile:41 - Overriding database path with different value: C:\Users\TUF\.stmcufinder\plugins\mcufinder/ => C:\Users\TUF\.stmcufinder\plugins\mcufinder
2025-09-13 22:00:40,432 [WARN] DbFile:41 - Overriding database path with different value: C:\Users\TUF\.stmcufinder\plugins\mcufinder/ => C:\Users\TUF\.stmcufinder\plugins\mcufinder
2025-09-13 22:00:40,432 [INFO] CrossReferenceDbSqlite:203 - Set database path to: C:\Users\TUF\.stmcufinder\plugins\mcufinder//mcu/cs/
2025-09-13 22:00:40,487 [INFO] MainPanel:272 - HeapMemory: 268435456
2025-09-13 22:00:40,568 [INFO] DbMcusXml:78 - Set database path to: C:\ST\STM32CubeIDE_1.18.1\STM32CubeIDE\plugins\com.st.stm32cube.common.mx_6.14.1.202504091515\\db\/mcu/
2025-09-13 22:00:40,568 [INFO] ApiDb:274 - Set plugin database path to: C:\ST\STM32CubeIDE_1.18.1\STM32CubeIDE\plugins\com.st.stm32cube.common.mx_6.14.1.202504091515\\db\/plugins/boardmanager/
2025-09-13 22:00:40,569 [INFO] ApiDb:261 - Set plugin images path to: C:\ST\STM32CubeIDE_1.18.1\STM32CubeIDE\plugins\com.st.stm32cube.common.mx_6.14.1.202504091515\\db\/plugins/mcufinder/images/
2025-09-13 22:00:40,569 [WARN] DbFile:41 - Overriding database path with different value: C:\Users\TUF\.stmcufinder\plugins\mcufinder/ => C:\Users\TUF\.stmcufinder\plugins\mcufinder
2025-09-13 22:00:40,569 [INFO] ApiDb:250 - Set database path to: C:\Users\TUF\.stmcufinder\plugins\mcufinder//mcu/
2025-09-13 22:00:40,569 [WARN] DbFile:41 - Overriding database path with different value: C:\Users\TUF\.stmcufinder\plugins\mcufinder/ => C:\Users\TUF\.stmcufinder\plugins\mcufinder
2025-09-13 22:00:40,569 [INFO] DbMcusAds:125 - Set database path to: C:\Users\TUF\.stmcufinder\plugins\mcufinder//mcu/
2025-09-13 22:00:40,569 [WARN] DbFile:41 - Overriding database path with different value: C:\Users\TUF\.stmcufinder\plugins\mcufinder/ => C:\Users\TUF\.stmcufinder\plugins\mcufinder
2025-09-13 22:00:40,569 [WARN] DbFile:41 - Overriding database path with different value: C:\Users\TUF\.stmcufinder\plugins\mcufinder/ => C:\Users\TUF\.stmcufinder\plugins\mcufinder
2025-09-13 22:00:40,569 [INFO] CrossReferenceDbSqlite:203 - Set database path to: C:\Users\TUF\.stmcufinder\plugins\mcufinder//mcu/cs/
2025-09-13 22:00:40,582 [INFO] ApplicationProperties:184 - Using Application install path: C:\ST\STM32CubeIDE_1.18.1\STM32CubeIDE\plugins\com.st.stm32cube.common.mx_6.14.1.202504091515
2025-09-13 22:00:40,583 [INFO] PluginManage:196 - Search for loadable plugins [exclusion list=, ]
2025-09-13 22:00:40,584 [INFO] PluginManage:310 - Check plugin analytics
2025-09-13 22:00:40,734 [INFO] AnalyticsPlugin:253 - Accepted Software Licenses: 
2025-09-13 22:00:40,734 [INFO] AnalyticsPlugin:255 - Accepted CMSIS Pack Licenses: STMicroelectronics.X-CUBE-AI.10.2.0
2025-09-13 22:00:40,734 [INFO] AnalyticsPlugin:257 - Accepted Firmware Licenses: 
2025-09-13 22:00:40,737 [INFO] PluginManage:359 - Loaded plugin analytics (category:tool,tabindex:-1)
2025-09-13 22:00:40,737 [INFO] PluginManage:310 - Check plugin cadmodel
2025-09-13 22:00:40,741 [INFO] CADModel:105 - Init CAD model plugin
2025-09-13 22:00:40,741 [INFO] PluginManage:359 - Loaded plugin cadmodel (category:power,tabindex:5)
2025-09-13 22:00:40,741 [INFO] PluginManage:310 - Check plugin clock
2025-09-13 22:00:40,749 [INFO] PluginManage:359 - Loaded plugin clock (category:base,tabindex:2)
2025-09-13 22:00:40,749 [INFO] PluginManage:310 - Check plugin ddr
2025-09-13 22:00:40,750 [INFO] PluginManage:359 - Loaded plugin ddr (category:tool,tabindex:6)
2025-09-13 22:00:40,750 [INFO] PluginManage:310 - Check plugin filemanager
2025-09-13 22:00:40,868 [INFO] PluginManage:359 - Loaded plugin filemanager (category:base,tabindex:10)
2025-09-13 22:00:40,868 [INFO] PluginManage:310 - Check plugin ipmanager
2025-09-13 22:00:40,873 [INFO] PluginManage:359 - Loaded plugin ipmanager (category:base,tabindex:5)
2025-09-13 22:00:40,873 [INFO] PluginManage:310 - Check plugin lpbam
2025-09-13 22:00:40,880 [INFO] PluginManage:359 - Loaded plugin lpbam (category:base,tabindex:0)
2025-09-13 22:00:40,880 [INFO] PluginManage:310 - Check plugin memorymap
2025-09-13 22:00:40,889 [INFO] PluginManage:359 - Loaded plugin memorymap (category:base,tabindex:4)
2025-09-13 22:00:40,889 [INFO] PluginManage:310 - Check plugin pinoutandconfiguration
2025-09-13 22:00:40,897 [INFO] PluginManage:359 - Loaded plugin pinoutandconfiguration (category:base,tabindex:1)
2025-09-13 22:00:40,898 [INFO] PluginManage:310 - Check plugin pinoutconfig
2025-09-13 22:00:40,963 [WARN] SupportedApi:132 - Cannot load RTOS API schema: s4s-elt-must-match.1: The content of 'definitions' must match (annotation?, (simpleType | complexType)?, (unique | key | keyref)*)). A problem was found starting at: attribute.
2025-09-13 22:00:41,057 [INFO] PluginManage:359 - Loaded plugin pinoutconfig (category:base,tabindex:0)
2025-09-13 22:00:41,057 [INFO] PluginManage:310 - Check plugin power
2025-09-13 22:00:41,066 [INFO] PluginManage:359 - Loaded plugin power (category:power,tabindex:4)
2025-09-13 22:00:41,066 [INFO] PluginManage:310 - Check plugin projectmanager
2025-09-13 22:00:41,077 [INFO] PluginManage:359 - Loaded plugin projectmanager (category:projectmanager,tabindex:4)
2025-09-13 22:00:41,077 [INFO] PluginManage:310 - Check plugin rif
2025-09-13 22:00:41,083 [INFO] PluginManage:359 - Loaded plugin rif (category:base,tabindex:3)
2025-09-13 22:00:41,083 [INFO] PluginManage:310 - Check plugin thirdparty
2025-09-13 22:00:41,190 [INFO] PluginManage:359 - Loaded plugin thirdparty (category:base,tabindex:-1)
2025-09-13 22:00:41,190 [WARN] IntegrityCheckThread:84 - waiting for thirdparty lock release [integrity check]
2025-09-13 22:00:41,190 [INFO] PluginManage:310 - Check plugin tools
2025-09-13 22:00:41,190 [INFO] IntegrityCheckThread:86 - entering critical section [integrity check]
2025-09-13 22:00:41,190 [INFO] ThirdPartyUpdaterWithRetryManager:70 - Updater plugin not ready yet. [1/15]
2025-09-13 22:00:41,192 [INFO] PluginManage:359 - Loaded plugin tools (category:base,tabindex:7)
2025-09-13 22:00:41,192 [INFO] PluginManage:310 - Check plugin tutovideos
2025-09-13 22:00:41,327 [INFO] PluginManage:359 - Loaded plugin tutovideos (category:base,tabindex:-1)
2025-09-13 22:00:41,328 [INFO] PluginManage:310 - Check plugin updater
2025-09-13 22:00:41,343 [INFO] PluginManage:359 - Loaded plugin updater (category:base,tabindex:12)
2025-09-13 22:00:41,343 [INFO] PluginManage:310 - Check plugin userauth
2025-09-13 22:00:41,346 [INFO] UserAuth:118 - Init User Auth plugin
2025-09-13 22:00:41,346 [INFO] PluginManage:359 - Loaded plugin userauth (category:base,tabindex:14)
2025-09-13 22:00:41,346 [INFO] PluginManage:283 - PluginManage : Loaded plugins [18]
2025-09-13 22:00:41,500 [INFO] PinOutPanel:1589 - setPackage(No Configuration,No Configuration)
2025-09-13 22:00:41,565 [INFO] CADModel:165 - CPN selected for project level
2025-09-13 22:00:41,565 [INFO] CADModel:114 - Register for checkConnection events
2025-09-13 22:00:41,580 [INFO] IPUIPlugin:80 - create IPUIPlugin
2025-09-13 22:00:41,580 [INFO] PluginManager:220 - loadIPPluginJar : add adc
2025-09-13 22:00:41,582 [INFO] IPUIPlugin:80 - create IPUIPlugin
2025-09-13 22:00:41,582 [INFO] PluginManager:220 - loadIPPluginJar : add aes
2025-09-13 22:00:41,584 [INFO] IPUIPlugin:80 - create IPUIPlugin
2025-09-13 22:00:41,585 [INFO] PluginManager:220 - loadIPPluginJar : add can
2025-09-13 22:00:41,586 [INFO] IPUIPlugin:80 - create IPUIPlugin
2025-09-13 22:00:41,586 [INFO] PluginManager:220 - loadIPPluginJar : add comp
2025-09-13 22:00:41,587 [INFO] IPUIPlugin:80 - create IPUIPlugin
2025-09-13 22:00:41,588 [INFO] PluginManager:220 - loadIPPluginJar : add cryp
2025-09-13 22:00:41,591 [INFO] IPUIPlugin:80 - create IPUIPlugin
2025-09-13 22:00:41,591 [INFO] PluginManager:220 - loadIPPluginJar : add ddr_ctrl_phy
2025-09-13 22:00:41,592 [INFO] IPUIPlugin:80 - create IPUIPlugin
2025-09-13 22:00:41,593 [INFO] PluginManager:220 - loadIPPluginJar : add dfsdm
2025-09-13 22:00:41,598 [INFO] IPUIPlugin:80 - create IPUIPlugin
2025-09-13 22:00:41,599 [INFO] PluginManager:220 - loadIPPluginJar : add dma
2025-09-13 22:00:41,602 [INFO] IPUIPlugin:80 - create IPUIPlugin
2025-09-13 22:00:41,602 [INFO] PluginManager:220 - loadIPPluginJar : add dma3
2025-09-13 22:00:41,604 [INFO] IPUIPlugin:80 - create IPUIPlugin
2025-09-13 22:00:41,604 [INFO] PluginManager:220 - loadIPPluginJar : add extmemmanager
2025-09-13 22:00:41,605 [INFO] IPUIPlugin:80 - create IPUIPlugin
2025-09-13 22:00:41,606 [INFO] PluginManager:220 - loadIPPluginJar : add fatfs
2025-09-13 22:00:41,609 [INFO] IPUIPlugin:80 - create IPUIPlugin
2025-09-13 22:00:41,609 [INFO] PluginManager:220 - loadIPPluginJar : add fmc
2025-09-13 22:00:41,613 [INFO] IPUIPlugin:80 - create IPUIPlugin
2025-09-13 22:00:41,614 [INFO] PluginManager:220 - loadIPPluginJar : add freertos
2025-09-13 22:00:41,614 [INFO] IPUIPlugin:80 - create IPUIPlugin
2025-09-13 22:00:41,615 [INFO] PluginManager:220 - loadIPPluginJar : add genericplugin
2025-09-13 22:00:41,616 [INFO] IPUIPlugin:80 - create IPUIPlugin
2025-09-13 22:00:41,617 [INFO] PluginManager:220 - loadIPPluginJar : add gfxmmu
2025-09-13 22:00:41,620 [INFO] IPUIPlugin:80 - create IPUIPlugin
2025-09-13 22:00:41,620 [INFO] PluginManager:220 - loadIPPluginJar : add gic
2025-09-13 22:00:41,623 [INFO] IPUIPlugin:80 - create IPUIPlugin
2025-09-13 22:00:41,623 [INFO] PluginManager:220 - loadIPPluginJar : add gpio
2025-09-13 22:00:41,627 [INFO] IPUIPlugin:80 - create IPUIPlugin
2025-09-13 22:00:41,627 [INFO] PluginManager:220 - loadIPPluginJar : add gtzc
2025-09-13 22:00:41,629 [INFO] IPUIPlugin:80 - create IPUIPlugin
2025-09-13 22:00:41,629 [INFO] PluginManager:220 - loadIPPluginJar : add hash
2025-09-13 22:00:41,631 [INFO] IPUIPlugin:80 - create IPUIPlugin
2025-09-13 22:00:41,631 [INFO] PluginManager:220 - loadIPPluginJar : add i2c
2025-09-13 22:00:41,633 [INFO] IPUIPlugin:80 - create IPUIPlugin
2025-09-13 22:00:41,633 [INFO] PluginManager:220 - loadIPPluginJar : add i2s
2025-09-13 22:00:41,636 [INFO] IPUIPlugin:80 - create IPUIPlugin
2025-09-13 22:00:41,636 [INFO] PluginManager:220 - loadIPPluginJar : add i3c
2025-09-13 22:00:41,638 [INFO] IPUIPlugin:80 - create IPUIPlugin
2025-09-13 22:00:41,638 [INFO] PluginManager:220 - loadIPPluginJar : add ipddr
2025-09-13 22:00:41,643 [INFO] IPUIPlugin:80 - create IPUIPlugin
2025-09-13 22:00:41,643 [INFO] PluginManager:220 - loadIPPluginJar : add linkedlist
2025-09-13 22:00:41,645 [INFO] IPUIPlugin:80 - create IPUIPlugin
2025-09-13 22:00:41,645 [INFO] PluginManager:220 - loadIPPluginJar : add lorawan
2025-09-13 22:00:41,647 [INFO] IPUIPlugin:80 - create IPUIPlugin
2025-09-13 22:00:41,647 [INFO] PluginManager:220 - loadIPPluginJar : add ltdc
2025-09-13 22:00:41,651 [INFO] IPUIPlugin:80 - create IPUIPlugin
2025-09-13 22:00:41,651 [INFO] PluginManager:220 - loadIPPluginJar : add mdma
2025-09-13 22:00:41,654 [INFO] IPUIPlugin:80 - create IPUIPlugin
2025-09-13 22:00:41,654 [INFO] PluginManager:220 - loadIPPluginJar : add nvic
2025-09-13 22:00:41,657 [INFO] IPUIPlugin:80 - create IPUIPlugin
2025-09-13 22:00:41,657 [INFO] PluginManager:220 - loadIPPluginJar : add opamp
2025-09-13 22:00:41,660 [INFO] IPUIPlugin:80 - create IPUIPlugin
2025-09-13 22:00:41,661 [INFO] PluginManager:220 - loadIPPluginJar : add openamp
2025-09-13 22:00:41,664 [INFO] IPUIPlugin:80 - create IPUIPlugin
2025-09-13 22:00:41,665 [INFO] PluginManager:220 - loadIPPluginJar : add pdm2pcm
2025-09-13 22:00:41,669 [INFO] IPUIPlugin:80 - create IPUIPlugin
2025-09-13 22:00:41,671 [INFO] PluginManager:220 - loadIPPluginJar : add plateformsettings
2025-09-13 22:00:41,672 [INFO] IPUIPlugin:80 - create IPUIPlugin
2025-09-13 22:00:41,672 [INFO] PluginManager:220 - loadIPPluginJar : add quadspi
2025-09-13 22:00:41,673 [INFO] IPUIPlugin:80 - create IPUIPlugin
2025-09-13 22:00:41,674 [INFO] PluginManager:220 - loadIPPluginJar : add radio
2025-09-13 22:00:41,677 [INFO] IPUIPlugin:80 - create IPUIPlugin
2025-09-13 22:00:41,677 [INFO] PluginManager:220 - loadIPPluginJar : add resmgrutility
2025-09-13 22:00:41,679 [INFO] IPUIPlugin:80 - create IPUIPlugin
2025-09-13 22:00:41,679 [INFO] PluginManager:220 - loadIPPluginJar : add sai
2025-09-13 22:00:41,681 [INFO] IPUIPlugin:80 - create IPUIPlugin
2025-09-13 22:00:41,681 [INFO] PluginManager:220 - loadIPPluginJar : add spi
2025-09-13 22:00:41,686 [INFO] IPUIPlugin:80 - create IPUIPlugin
2025-09-13 22:00:41,686 [INFO] PluginManager:220 - loadIPPluginJar : add stm32_wpan
2025-09-13 22:00:41,687 [INFO] IPUIPlugin:80 - create IPUIPlugin
2025-09-13 22:00:41,687 [INFO] PluginManager:220 - loadIPPluginJar : add tim
2025-09-13 22:00:41,689 [INFO] IPUIPlugin:80 - create IPUIPlugin
2025-09-13 22:00:41,690 [INFO] PluginManager:220 - loadIPPluginJar : add touchsensing
2025-09-13 22:00:41,691 [INFO] IPUIPlugin:80 - create IPUIPlugin
2025-09-13 22:00:41,691 [INFO] PluginManager:220 - loadIPPluginJar : add tracer_emb
2025-09-13 22:00:41,692 [INFO] IPUIPlugin:80 - create IPUIPlugin
2025-09-13 22:00:41,692 [INFO] PluginManager:220 - loadIPPluginJar : add ts
2025-09-13 22:00:41,694 [INFO] IPUIPlugin:80 - create IPUIPlugin
2025-09-13 22:00:41,695 [INFO] PluginManager:220 - loadIPPluginJar : add tsc
2025-09-13 22:00:41,698 [INFO] IPUIPlugin:80 - create IPUIPlugin
2025-09-13 22:00:41,698 [INFO] PluginManager:220 - loadIPPluginJar : add ucpd
2025-09-13 22:00:41,700 [INFO] IPUIPlugin:80 - create IPUIPlugin
2025-09-13 22:00:41,700 [INFO] PluginManager:220 - loadIPPluginJar : add usart
2025-09-13 22:00:41,702 [INFO] IPUIPlugin:80 - create IPUIPlugin
2025-09-13 22:00:41,703 [INFO] PluginManager:220 - loadIPPluginJar : add usbx
2025-09-13 22:00:41,810 [FATAL] Updater:351 - Updater called before beeing initialized
2025-09-13 22:00:41,831 [INFO] RulesReader:64 - Compatibility file has been processed (302 Rules)
2025-09-13 22:00:41,845 [INFO] RulesReader:64 - Compatibility file has been processed (302 Rules)
2025-09-13 22:00:41,851 [INFO] CADModel:165 - CPN selected for project level
2025-09-13 22:00:41,851 [INFO] CADModel:114 - Register for checkConnection events
2025-09-13 22:00:41,851 [FATAL] Updater:351 - Updater called before beeing initialized
2025-09-13 22:00:41,851 [ERROR] CADModel:125 - Updater not yet initialized, retry later 
2025-09-13 22:00:41,968 [FATAL] Updater:351 - Updater called before beeing initialized
2025-09-13 22:00:41,970 [INFO] CADModel:165 - CPN selected for project level
2025-09-13 22:00:41,970 [INFO] CADModel:114 - Register for checkConnection events
2025-09-13 22:00:41,970 [FATAL] Updater:351 - Updater called before beeing initialized
2025-09-13 22:00:41,970 [ERROR] CADModel:125 - Updater not yet initialized, retry later 
2025-09-13 22:00:41,973 [FATAL] Updater:351 - Updater called before beeing initialized
2025-09-13 22:00:42,067 [FATAL] Updater:351 - Updater called before beeing initialized
2025-09-13 22:00:42,069 [INFO] DbMcusAds:53 - JSON generation date=Tue Jul 08 16:14:23 CST 2025 (1751962463593)
2025-09-13 22:00:42,070 [FATAL] Updater:351 - Updater called before beeing initialized
2025-09-13 22:00:42,094 [WARN] DetailPanel:346 - Failed to get advertising image, set to default
2025-09-13 22:00:42,246 [FATAL] Updater:351 - Updater called before beeing initialized
2025-09-13 22:00:42,248 [FATAL] Updater:351 - Updater called before beeing initialized
2025-09-13 22:00:42,248 [FATAL] Updater:351 - Updater called before beeing initialized
2025-09-13 22:00:42,248 [WARN] DetailPanel:346 - Failed to get advertising image, set to default
2025-09-13 22:00:42,249 [FATAL] Updater:351 - Updater called before beeing initialized
2025-09-13 22:00:42,284 [ERROR] Updater:1198 - MainUpdater not yet initialized. External WinMGr cannot be set.
2025-09-13 22:00:42,286 [INFO] Updater:1134 - Updater Version found : 6.14.1
2025-09-13 22:00:42,301 [INFO] ApplicationProperties:184 - Using Application install path: C:\ST\STM32CubeIDE_1.18.1\STM32CubeIDE\plugins\com.st.stm32cube.common.mx_6.14.1.202504091515
2025-09-13 22:00:43,870 [ERROR] LogOutputStream:75 - [STDERR_REDIRECT] Sep 13, 2025 10:00:43 PM java.util.prefs.WindowsPreferences <init>
2025-09-13 22:00:43,871 [ERROR] LogOutputStream:75 - [STDERR_REDIRECT] WARNING: Could not open/create prefs root node Software\JavaSoft\Prefs at root 0xffffffff80000002. Windows RegCreateKeyEx(...) returned error code 5.
2025-09-13 22:00:43,871 [ERROR] LogOutputStream:75 - [STDERR_REDIRECT] 
2025-09-13 22:00:44,078 [INFO] MainUpdater:2872 - connection check result : 10
2025-09-13 22:00:44,079 [INFO] MainUpdater:289 - Updater Check For Update Now.
2025-09-13 22:00:44,079 [INFO] MicroXplorer:498 - Change Database Version : DB.6.0.141
2025-09-13 22:00:44,084 [INFO] McuFinderGlobals:63 - Set McuFinder mode to 2 (CubeIDE integrated)
2025-09-13 22:00:44,085 [INFO] UserAuth:484 - Internet connection configuration mode: 1
2025-09-13 22:00:44,116 [INFO] JxBrowserEngine:152 - Initiate JxBrowser Engine with user profile folder
2025-09-13 22:00:44,193 [WARN] MainUpdater:1193 - Updater busy. Cannot search thirdparties
2025-09-13 22:00:44,193 [INFO] ThirdPartyUpdaterWithRetryManager:96 - Updater plugin is busy. [1/15]
2025-09-13 22:00:44,235 [INFO] CheckServerUpdateThread:120 - End of CheckServer Thread
2025-09-13 22:00:45,500 [INFO] WebApp:169 - Instantiating new browser for Auth
2025-09-13 22:00:46,019 [INFO] WebApp:463 - Apply proxy settings
2025-09-13 22:00:46,019 [INFO] WebApp:548 - Chromium requires no authentication
2025-09-13 22:00:46,025 [INFO] WebApp:491 - Direct internet connection detected
2025-09-13 22:00:46,042 [INFO] WebApp:894 - Register for checkConnection events
2025-09-13 22:00:46,042 [INFO] WebApp:463 - Apply proxy settings
2025-09-13 22:00:46,043 [INFO] WebApp:548 - Chromium requires no authentication
2025-09-13 22:00:46,043 [INFO] WebApp:491 - Direct internet connection detected
2025-09-13 22:00:46,168 [INFO] WebApp:191 - Connection restablished
2025-09-13 22:00:46,183 [INFO] WebApp:225 - Starting web application
2025-09-13 22:00:46,183 [INFO] WebApp:593 - Web application path used C:\ST\STM32CubeIDE_1.18.1\STM32CubeIDE\plugins\com.st.stm32cube.common.mx_6.14.1.202504091515\db\plugins\mcufinder\reactClient1\index.html
2025-09-13 22:00:46,345 [INFO] UserAuth:484 - Internet connection configuration mode: 1
2025-09-13 22:00:47,352 [WARN] PackLoader:240 - Cannot read IP mode file for STMicroelectronics.FP-SNS-MOTENVWB1.1.4.0
2025-09-13 22:00:47,356 [WARN] PackLoader:240 - Cannot read IP mode file for STMicroelectronics.FP-ATR-ASTRA1.2.0.2
2025-09-13 22:00:47,362 [WARN] PackLoader:240 - Cannot read IP mode file for STMicroelectronics.X-CUBE-SMBUS.2.1.0
2025-09-13 22:00:47,365 [WARN] PackLoader:240 - Cannot read IP mode file for STMicroelectronics.X-CUBE-ST60.1.0.0
2025-09-13 22:00:47,382 [WARN] PackLoader:240 - Cannot read IP mode file for STMicroelectronics.X-CUBE-AZRTOS-F7.1.1.0
2025-09-13 22:00:47,400 [WARN] PackLoader:240 - Cannot read IP mode file for Infineon.AIROC-Wi-Fi-Bluetooth-STM32.1.7.0
2025-09-13 22:00:47,417 [WARN] PackLoader:240 - Cannot read IP mode file for STMicroelectronics.X-CUBE-AZRTOS-H7.3.4.0
2025-09-13 22:00:47,423 [WARN] PackLoader:240 - Cannot read IP mode file for STMicroelectronics.X-CUBE-DISPLAY.3.0.0
2025-09-13 22:00:47,440 [WARN] PackLoader:240 - Cannot read IP mode file for STMicroelectronics.X-CUBE-NFC10.1.0.0
2025-09-13 22:00:47,447 [WARN] PackLoader:240 - Cannot read IP mode file for STMicroelectronics.X-CUBE-BLEMGR.4.0.0
2025-09-13 22:00:47,452 [WARN] PackLoader:240 - Cannot read IP mode file for emotas.I-CUBE-CANOPEN.1.3.0
2025-09-13 22:00:47,454 [WARN] ConditionMgr:438 - getConditionDescription Invalid condition id : Cortex-A Device cause : null
2025-09-13 22:00:47,464 [WARN] ConditionMgr:1044 - genDependencies : Invalid condition id : Cortex-A Device cause : null
2025-09-13 22:00:47,464 [WARN] ConditionMgr:1044 - genDependencies : Invalid condition id : Cortex-A Device cause : null
2025-09-13 22:00:47,464 [WARN] ConditionMgr:1044 - genDependencies : Invalid condition id : Cortex-A Device cause : null
2025-09-13 22:00:47,468 [ERROR] Engine:466 - C:\Users\TUF\.stm32cubemx\thirdparties\pdsc\STMicroelectronics.FP-SNS-STBOX1.2.1.0.pdsc: PDSC version is not supported
2025-09-13 22:00:47,471 [WARN] PackLoader:240 - Cannot read IP mode file for STMicroelectronics.FP-SNS-SMARTAG2.1.2.0
2025-09-13 22:00:47,473 [WARN] PackLoader:240 - Cannot read IP mode file for STMicroelectronics.FP-SNS-FLIGHT1.5.1.0
2025-09-13 22:00:47,478 [INFO] LogOutputStream:77 - [STDOUT_REDIRECT] 1 : Invalid condition id : UX_CORESTACK_Condition cause : null
2025-09-13 22:00:47,479 [INFO] LogOutputStream:77 - [STDOUT_REDIRECT] 1 : Invalid condition id : UX_CORESTACK_Condition cause : null
2025-09-13 22:00:47,480 [INFO] LogOutputStream:77 - [STDOUT_REDIRECT] 1 : Invalid condition id : UX_CORESTACK_Condition cause : null
2025-09-13 22:00:47,480 [INFO] LogOutputStream:77 - [STDOUT_REDIRECT] 1 : Invalid condition id : UX_CORESTACK_Condition cause : null
2025-09-13 22:00:47,481 [INFO] LogOutputStream:77 - [STDOUT_REDIRECT] 1 : Invalid condition id : UX_CORESTACK_Condition cause : null
2025-09-13 22:00:47,482 [WARN] PackLoader:240 - Cannot read IP mode file for STMicroelectronics.X-CUBE-AZRTOS-WL.2.0.0
2025-09-13 22:00:47,485 [WARN] PackLoader:240 - Cannot read IP mode file for STMicroelectronics.FP-SNS-MOTENV1.5.0.0
2025-09-13 22:00:47,491 [WARN] PackLoader:240 - Cannot read IP mode file for WES.I-CUBE-Cesium.1.3.0
2025-09-13 22:00:47,495 [WARN] PackLoader:240 - Cannot read IP mode file for STMicroelectronics.X-CUBE-BLE2.3.3.0
2025-09-13 22:00:47,503 [WARN] PackLoader:240 - Cannot read IP mode file for STMicroelectronics.X-CUBE-NFC9.1.0.0
2025-09-13 22:00:47,507 [WARN] PackLoader:240 - Cannot read IP mode file for wolfSSL.I-CUBE-wolfSSL.5.8.0
2025-09-13 22:00:47,510 [WARN] PackLoader:240 - Cannot read IP mode file for STMicroelectronics.X-CUBE-BLE1.7.1.0
2025-09-13 22:00:47,513 [WARN] PackLoader:240 - Cannot read IP mode file for wolfSSL.I-CUBE-wolfMQTT.1.19.2
2025-09-13 22:00:47,516 [WARN] PackLoader:240 - Cannot read IP mode file for STMicroelectronics.X-CUBE-EEPRMA1.5.2.0
2025-09-13 22:00:47,520 [WARN] PackLoader:240 - Cannot read IP mode file for STMicroelectronics.X-CUBE-AI.10.1.0
2025-09-13 22:00:47,527 [WARN] PackLoader:240 - Cannot read IP mode file for STMicroelectronics.X-CUBE-AZRTOS-G0.1.1.0
2025-09-13 22:00:47,532 [WARN] PackLoader:240 - Cannot read IP mode file for STMicroelectronics.X-CUBE-SAFEA1.1.2.2
2025-09-13 22:00:47,538 [WARN] PackLoader:240 - Cannot read IP mode file for STMicroelectronics.X-CUBE-NFC4.3.0.0
2025-09-13 22:00:47,542 [WARN] PackLoader:240 - Cannot read IP mode file for EmbeddedOffice.I-CUBE-FS-RTOS.1.0.1
2025-09-13 22:00:47,545 [WARN] PackLoader:240 - Cannot read IP mode file for STMicroelectronics.X-CUBE-WB05N.2.0.0
2025-09-13 22:00:47,549 [WARN] PackLoader:240 - Cannot read IP mode file for wolfSSL.I-CUBE-wolfTPM.3.8.0
2025-09-13 22:00:47,552 [WARN] PackLoader:240 - Cannot read IP mode file for STMicroelectronics.X-CUBE-TCPP.4.2.0
2025-09-13 22:00:47,556 [WARN] PackLoader:240 - Cannot read IP mode file for RealThread.X-CUBE-RT-Thread_Nano.4.1.1
2025-09-13 22:00:47,558 [WARN] PackLoader:240 - Cannot read IP mode file for STMicroelectronics.FP-ATR-SIGFOX1.3.2.0
2025-09-13 22:00:47,562 [WARN] PackLoader:240 - Cannot read IP mode file for STMicroelectronics.X-CUBE-EEPRMA1.5.1.0
2025-09-13 22:00:47,568 [WARN] PackLoader:240 - Cannot read IP mode file for ITTIA_DB.I-CUBE-ITTIADB.8.9.0
2025-09-13 22:00:47,576 [WARN] PackLoader:240 - Cannot read IP mode file for STMicroelectronics.X-CUBE-ST67W61.1.0.0
2025-09-13 22:00:47,581 [WARN] PackLoader:240 - Cannot read IP mode file for STMicroelectronics.X-CUBE-AI.10.2.0
2025-09-13 22:00:47,653 [WARN] PackLoader:240 - Cannot read IP mode file for SEGGER.I-CUBE-embOS.1.3.1
2025-09-13 22:00:47,683 [WARN] PackLoader:240 - Cannot read IP mode file for STMicroelectronics.X-CUBE-ALGOBUILD.1.4.0
2025-09-13 22:00:47,738 [WARN] PackLoader:240 - Cannot read IP mode file for STMicroelectronics.X-CUBE-MEMS1.11.3.0
2025-09-13 22:00:47,806 [WARN] PackLoader:240 - Cannot read IP mode file for STMicroelectronics.X-CUBE-PM33A1.1.0.0
2025-09-13 22:00:47,813 [WARN] PackLoader:240 - Cannot read IP mode file for STMicroelectronics.X-CUBE-AZRTOS-F4.1.1.0
2025-09-13 22:00:47,817 [WARN] PackLoader:240 - Cannot read IP mode file for Avnet-IotConnect.X-CUBE-IoTC-DA16k-PMOD.1.0.0
2025-09-13 22:00:47,820 [WARN] PackLoader:240 - Cannot read IP mode file for STMicroelectronics.X-CUBE-ISPU.2.1.0
2025-09-13 22:00:47,824 [WARN] PackLoader:240 - Cannot read IP mode file for STMicroelectronics.X-CUBE-NFC12.1.0.0
2025-09-13 22:00:47,833 [WARN] PackLoader:240 - Cannot read IP mode file for STMicroelectronics.X-CUBE-AZRTOS-L5.2.0.0
2025-09-13 22:00:47,839 [WARN] PackLoader:240 - Cannot read IP mode file for STMicroelectronics.X-CUBE-NFC6.3.1.0
2025-09-13 22:00:47,842 [WARN] PackLoader:240 - Cannot read IP mode file for STMicroelectronics.X-CUBE-FREERTOS.1.3.1
2025-09-13 22:00:47,845 [WARN] PackLoader:240 - Cannot read IP mode file for STMicroelectronics.FP-SNS-STAIOTCFT.1.0.0
2025-09-13 22:00:47,849 [WARN] PackLoader:240 - Cannot read IP mode file for STMicroelectronics.X-CUBE-DPower.1.3.0
2025-09-13 22:00:47,856 [WARN] ConditionMgr:438 - getConditionDescription Invalid condition id : LAN8742 Phy interface Condition cause : null
2025-09-13 22:00:47,857 [WARN] PackLoader:240 - Cannot read IP mode file for STMicroelectronics.X-CUBE-AZRTOS-L4.2.0.0
2025-09-13 22:00:47,857 [WARN] ConditionMgr:1044 - genDependencies : Invalid condition id : LAN8742 Phy interface Condition cause : null
2025-09-13 22:00:47,857 [WARN] ConditionMgr:1044 - genDependencies : Invalid condition id : LAN8742 Phy interface Condition cause : null
2025-09-13 22:00:47,858 [WARN] ConditionMgr:1044 - genDependencies : Invalid condition id : LAN8742 Phy interface Condition cause : null
2025-09-13 22:00:47,862 [WARN] PackLoader:240 - Cannot read IP mode file for STMicroelectronics.X-CUBE-SFXS2LP1.4.0.0
2025-09-13 22:00:47,874 [WARN] PackLoader:240 - Cannot read IP mode file for STMicroelectronics.X-CUBE-AZRTOS-H7.3.3.0
2025-09-13 22:00:47,881 [WARN] PackLoader:240 - Cannot read IP mode file for STMicroelectronics.X-CUBE-BLEMGR.4.1.0
2025-09-13 22:00:47,888 [WARN] ConditionMgr:438 - getConditionDescription Invalid condition id : UX DEVICE CLASS RTOS Condition cause : null
2025-09-13 22:00:47,888 [WARN] ConditionMgr:438 - getConditionDescription Invalid condition id : UX DEVICE CLASS RTOS Condition cause : null
2025-09-13 22:00:47,888 [WARN] PackLoader:240 - Cannot read IP mode file for STMicroelectronics.X-CUBE-AZRTOS-WB.2.0.0
2025-09-13 22:00:47,888 [WARN] ConditionMgr:1044 - genDependencies : Invalid condition id : UX DEVICE CLASS RTOS Condition cause : null
2025-09-13 22:00:47,888 [WARN] ConditionMgr:1044 - genDependencies : Invalid condition id : UX DEVICE CLASS RTOS Condition cause : null
2025-09-13 22:00:47,888 [WARN] ConditionMgr:1044 - genDependencies : Invalid condition id : UX DEVICE CLASS RTOS Condition cause : null
2025-09-13 22:00:47,888 [WARN] ConditionMgr:1044 - genDependencies : Invalid condition id : UX DEVICE CLASS RTOS Condition cause : null
2025-09-13 22:00:47,888 [WARN] ConditionMgr:1044 - genDependencies : Invalid condition id : UX DEVICE CLASS RTOS Condition cause : null
2025-09-13 22:00:47,893 [WARN] PackLoader:240 - Cannot read IP mode file for STMicroelectronics.X-CUBE-GNSS1.7.0.1
2025-09-13 22:00:47,901 [WARN] PackLoader:240 - Cannot read IP mode file for STMicroelectronics.X-CUBE-TOUCHGFX.4.25.0
2025-09-13 22:00:47,905 [WARN] PackLoader:240 - Cannot read IP mode file for STMicroelectronics.FP-SNS-STBOX1.2.0.0
2025-09-13 22:00:47,912 [WARN] PackLoader:240 - Cannot read IP mode file for STMicroelectronics.X-CUBE-SUBG2.5.0.0
2025-09-13 22:00:47,930 [WARN] PackLoader:240 - Cannot read IP mode file for STMicroelectronics.X-CUBE-AZRTOS-H7RS.1.1.0
2025-09-13 22:00:47,935 [WARN] PackLoader:240 - Cannot read IP mode file for Cesanta.I-CUBE-Mongoose.7.13.0
2025-09-13 22:00:47,941 [WARN] PackLoader:240 - Cannot read IP mode file for STMicroelectronics.X-CUBE-AZRTOS-G4.2.0.0
2025-09-13 22:00:47,945 [WARN] PackLoader:240 - Cannot read IP mode file for wolfSSL.I-CUBE-wolfSSH.1.4.20
2025-09-13 22:00:47,948 [WARN] PackLoader:240 - Cannot read IP mode file for STMicroelectronics.X-CUBE-NFC7.2.0.0
2025-09-13 22:00:47,955 [WARN] PackLoader:240 - Cannot read IP mode file for STMicroelectronics.X-CUBE-IPS.3.1.0
2025-09-13 22:00:47,961 [WARN] PackLoader:240 - Cannot read IP mode file for STMicroelectronics.X-CUBE-ALS.1.0.2
2025-09-13 22:00:47,967 [WARN] PackLoader:240 - Cannot read IP mode file for STMicroelectronics.X-CUBE-STSE01.1.0.0
2025-09-13 22:00:47,972 [WARN] PackLoader:240 - Cannot read IP mode file for portGmbH.I-Cube-SoM-uGOAL.1.1.0
2025-09-13 22:00:47,977 [WARN] PackLoader:240 - Cannot read IP mode file for STMicroelectronics.X-CUBE-TOF1.3.4.3
2025-09-13 22:00:47,984 [INFO] ThirdParty:978 - Integrity check success = true
2025-09-13 22:00:47,984 [INFO] IntegrityCheckThread:100 - exiting critical section [integrity check]
2025-09-13 22:00:47,984 [INFO] IntegrityCheckThread:103 - End integrity checks thread
2025-09-13 23:00:31,194 [ERROR] LogOutputStream:75 - [STDERR_REDIRECT] 
