2025-09-04 00:46:18,996 [INFO] Activator:176 - 


2025-09-04 00:46:19,000 [INFO] Activator:177 - !SESSION log4j initialized
2025-09-04 00:46:23,633 [INFO] LogOutputStream:77 - [STDOUT_REDIRECT] 
2025-09-04 00:46:25,038 [INFO] ApplicationProperties:184 - Using Application install path: C:\ST\STM32CubeIDE_1.18.1\STM32CubeIDE\plugins\com.st.stm32cube.common.mx_6.14.1.202504091515
2025-09-04 00:46:25,061 [INFO] DbMcusXml:78 - Set database path to: C:\ST\STM32CubeIDE_1.18.1\STM32CubeIDE\plugins\com.st.stm32cube.common.mx_6.14.1.202504091515\\db\/mcu/
2025-09-04 00:46:25,061 [INFO] ApiDb:274 - Set plugin database path to: C:\ST\STM32CubeIDE_1.18.1\STM32CubeIDE\plugins\com.st.stm32cube.common.mx_6.14.1.202504091515\\db\/plugins/boardmanager/
2025-09-04 00:46:25,062 [WARN] ApiDb:259 - Overriding images path with different value:  => C:\ST\STM32CubeIDE_1.18.1\STM32CubeIDE\plugins\com.st.stm32cube.common.mx_6.14.1.202504091515\\db\/plugins/mcufinder/images/
2025-09-04 00:46:25,073 [INFO] ApiDb:250 - Set database path to: C:\Users\TUF\.stmcufinder\plugins\mcufinder//mcu/
2025-09-04 00:46:25,075 [INFO] DbMcusAds:125 - Set database path to: C:\Users\TUF\.stmcufinder\plugins\mcufinder//mcu/
2025-09-04 00:46:25,078 [INFO] CrossReferenceDbSqlite:203 - Set database path to: C:\Users\TUF\.stmcufinder\plugins\mcufinder//mcu/cs/
2025-09-04 00:46:25,178 [INFO] RulesReader:64 - Compatibility file has been processed (302 Rules)
2025-09-04 00:46:25,254 [INFO] DbMcusXml:78 - Set database path to: C:\ST\STM32CubeIDE_1.18.1\STM32CubeIDE\plugins\com.st.stm32cube.common.mx_6.14.1.202504091515\\db\/mcu/
2025-09-04 00:46:25,254 [INFO] ApiDb:274 - Set plugin database path to: C:\ST\STM32CubeIDE_1.18.1\STM32CubeIDE\plugins\com.st.stm32cube.common.mx_6.14.1.202504091515\\db\/plugins/boardmanager/
2025-09-04 00:46:25,254 [INFO] ApiDb:261 - Set plugin images path to: C:\ST\STM32CubeIDE_1.18.1\STM32CubeIDE\plugins\com.st.stm32cube.common.mx_6.14.1.202504091515\\db\/plugins/mcufinder/images/
2025-09-04 00:46:25,254 [WARN] DbFile:41 - Overriding database path with different value: C:\Users\TUF\.stmcufinder\plugins\mcufinder/ => C:\Users\TUF\.stmcufinder\plugins\mcufinder
2025-09-04 00:46:25,254 [INFO] ApiDb:250 - Set database path to: C:\Users\TUF\.stmcufinder\plugins\mcufinder//mcu/
2025-09-04 00:46:25,254 [WARN] DbFile:41 - Overriding database path with different value: C:\Users\TUF\.stmcufinder\plugins\mcufinder/ => C:\Users\TUF\.stmcufinder\plugins\mcufinder
2025-09-04 00:46:25,254 [INFO] DbMcusAds:125 - Set database path to: C:\Users\TUF\.stmcufinder\plugins\mcufinder//mcu/
2025-09-04 00:46:25,254 [WARN] DbFile:41 - Overriding database path with different value: C:\Users\TUF\.stmcufinder\plugins\mcufinder/ => C:\Users\TUF\.stmcufinder\plugins\mcufinder
2025-09-04 00:46:25,254 [WARN] DbFile:41 - Overriding database path with different value: C:\Users\TUF\.stmcufinder\plugins\mcufinder/ => C:\Users\TUF\.stmcufinder\plugins\mcufinder
2025-09-04 00:46:25,254 [INFO] CrossReferenceDbSqlite:203 - Set database path to: C:\Users\TUF\.stmcufinder\plugins\mcufinder//mcu/cs/
2025-09-04 00:46:25,331 [INFO] MainPanel:272 - HeapMemory: 268435456
2025-09-04 00:46:25,429 [INFO] DbMcusXml:78 - Set database path to: C:\ST\STM32CubeIDE_1.18.1\STM32CubeIDE\plugins\com.st.stm32cube.common.mx_6.14.1.202504091515\\db\/mcu/
2025-09-04 00:46:25,429 [INFO] ApiDb:274 - Set plugin database path to: C:\ST\STM32CubeIDE_1.18.1\STM32CubeIDE\plugins\com.st.stm32cube.common.mx_6.14.1.202504091515\\db\/plugins/boardmanager/
2025-09-04 00:46:25,429 [INFO] ApiDb:261 - Set plugin images path to: C:\ST\STM32CubeIDE_1.18.1\STM32CubeIDE\plugins\com.st.stm32cube.common.mx_6.14.1.202504091515\\db\/plugins/mcufinder/images/
2025-09-04 00:46:25,430 [WARN] DbFile:41 - Overriding database path with different value: C:\Users\TUF\.stmcufinder\plugins\mcufinder/ => C:\Users\TUF\.stmcufinder\plugins\mcufinder
2025-09-04 00:46:25,430 [INFO] ApiDb:250 - Set database path to: C:\Users\TUF\.stmcufinder\plugins\mcufinder//mcu/
2025-09-04 00:46:25,430 [WARN] DbFile:41 - Overriding database path with different value: C:\Users\TUF\.stmcufinder\plugins\mcufinder/ => C:\Users\TUF\.stmcufinder\plugins\mcufinder
2025-09-04 00:46:25,430 [INFO] DbMcusAds:125 - Set database path to: C:\Users\TUF\.stmcufinder\plugins\mcufinder//mcu/
2025-09-04 00:46:25,430 [WARN] DbFile:41 - Overriding database path with different value: C:\Users\TUF\.stmcufinder\plugins\mcufinder/ => C:\Users\TUF\.stmcufinder\plugins\mcufinder
2025-09-04 00:46:25,430 [WARN] DbFile:41 - Overriding database path with different value: C:\Users\TUF\.stmcufinder\plugins\mcufinder/ => C:\Users\TUF\.stmcufinder\plugins\mcufinder
2025-09-04 00:46:25,431 [INFO] CrossReferenceDbSqlite:203 - Set database path to: C:\Users\TUF\.stmcufinder\plugins\mcufinder//mcu/cs/
2025-09-04 00:46:25,451 [INFO] ApplicationProperties:184 - Using Application install path: C:\ST\STM32CubeIDE_1.18.1\STM32CubeIDE\plugins\com.st.stm32cube.common.mx_6.14.1.202504091515
2025-09-04 00:46:25,452 [INFO] PluginManage:196 - Search for loadable plugins [exclusion list=, ]
2025-09-04 00:46:25,453 [INFO] PluginManage:310 - Check plugin analytics
2025-09-04 00:46:25,679 [INFO] AnalyticsPlugin:253 - Accepted Software Licenses: 
2025-09-04 00:46:25,679 [INFO] AnalyticsPlugin:255 - Accepted CMSIS Pack Licenses: 
2025-09-04 00:46:25,680 [INFO] AnalyticsPlugin:257 - Accepted Firmware Licenses: 
2025-09-04 00:46:25,683 [INFO] PluginManage:359 - Loaded plugin analytics (category:tool,tabindex:-1)
2025-09-04 00:46:25,684 [INFO] PluginManage:310 - Check plugin cadmodel
2025-09-04 00:46:25,692 [INFO] CADModel:105 - Init CAD model plugin
2025-09-04 00:46:25,692 [INFO] PluginManage:359 - Loaded plugin cadmodel (category:power,tabindex:5)
2025-09-04 00:46:25,692 [INFO] PluginManage:310 - Check plugin clock
2025-09-04 00:46:25,704 [INFO] PluginManage:359 - Loaded plugin clock (category:base,tabindex:2)
2025-09-04 00:46:25,705 [INFO] PluginManage:310 - Check plugin ddr
2025-09-04 00:46:25,708 [INFO] PluginManage:359 - Loaded plugin ddr (category:tool,tabindex:6)
2025-09-04 00:46:25,708 [INFO] PluginManage:310 - Check plugin filemanager
2025-09-04 00:46:25,849 [INFO] PluginManage:359 - Loaded plugin filemanager (category:base,tabindex:10)
2025-09-04 00:46:25,849 [INFO] PluginManage:310 - Check plugin ipmanager
2025-09-04 00:46:25,855 [INFO] PluginManage:359 - Loaded plugin ipmanager (category:base,tabindex:5)
2025-09-04 00:46:25,855 [INFO] PluginManage:310 - Check plugin lpbam
2025-09-04 00:46:25,866 [INFO] PluginManage:359 - Loaded plugin lpbam (category:base,tabindex:0)
2025-09-04 00:46:25,866 [INFO] PluginManage:310 - Check plugin memorymap
2025-09-04 00:46:25,882 [INFO] PluginManage:359 - Loaded plugin memorymap (category:base,tabindex:4)
2025-09-04 00:46:25,882 [INFO] PluginManage:310 - Check plugin pinoutandconfiguration
2025-09-04 00:46:25,894 [INFO] PluginManage:359 - Loaded plugin pinoutandconfiguration (category:base,tabindex:1)
2025-09-04 00:46:25,894 [INFO] PluginManage:310 - Check plugin pinoutconfig
2025-09-04 00:46:25,974 [WARN] SupportedApi:132 - Cannot load RTOS API schema: s4s-elt-must-match.1: The content of 'definitions' must match (annotation?, (simpleType | complexType)?, (unique | key | keyref)*)). A problem was found starting at: attribute.
2025-09-04 00:46:26,090 [INFO] PluginManage:359 - Loaded plugin pinoutconfig (category:base,tabindex:0)
2025-09-04 00:46:26,090 [INFO] PluginManage:310 - Check plugin power
2025-09-04 00:46:26,101 [INFO] PluginManage:359 - Loaded plugin power (category:power,tabindex:4)
2025-09-04 00:46:26,101 [INFO] PluginManage:310 - Check plugin projectmanager
2025-09-04 00:46:26,117 [INFO] PluginManage:359 - Loaded plugin projectmanager (category:projectmanager,tabindex:4)
2025-09-04 00:46:26,118 [INFO] PluginManage:310 - Check plugin rif
2025-09-04 00:46:26,127 [INFO] PluginManage:359 - Loaded plugin rif (category:base,tabindex:3)
2025-09-04 00:46:26,127 [INFO] PluginManage:310 - Check plugin thirdparty
2025-09-04 00:46:26,270 [INFO] PluginManage:359 - Loaded plugin thirdparty (category:base,tabindex:-1)
2025-09-04 00:46:26,269 [WARN] IntegrityCheckThread:84 - waiting for thirdparty lock release [integrity check]
2025-09-04 00:46:26,270 [INFO] PluginManage:310 - Check plugin tools
2025-09-04 00:46:26,270 [INFO] IntegrityCheckThread:86 - entering critical section [integrity check]
2025-09-04 00:46:26,270 [INFO] ThirdPartyUpdaterWithRetryManager:70 - Updater plugin not ready yet. [1/15]
2025-09-04 00:46:26,272 [INFO] PluginManage:359 - Loaded plugin tools (category:base,tabindex:7)
2025-09-04 00:46:26,272 [INFO] PluginManage:310 - Check plugin tutovideos
2025-09-04 00:46:26,428 [INFO] PluginManage:359 - Loaded plugin tutovideos (category:base,tabindex:-1)
2025-09-04 00:46:26,429 [INFO] PluginManage:310 - Check plugin updater
2025-09-04 00:46:26,450 [INFO] PluginManage:359 - Loaded plugin updater (category:base,tabindex:12)
2025-09-04 00:46:26,450 [INFO] PluginManage:310 - Check plugin userauth
2025-09-04 00:46:26,453 [INFO] UserAuth:118 - Init User Auth plugin
2025-09-04 00:46:26,453 [INFO] PluginManage:359 - Loaded plugin userauth (category:base,tabindex:14)
2025-09-04 00:46:26,454 [INFO] PluginManage:283 - PluginManage : Loaded plugins [18]
2025-09-04 00:46:26,638 [INFO] PinOutPanel:1589 - setPackage(No Configuration,No Configuration)
2025-09-04 00:46:26,720 [INFO] CADModel:165 - CPN selected for project level
2025-09-04 00:46:26,720 [INFO] CADModel:114 - Register for checkConnection events
2025-09-04 00:46:26,742 [INFO] IPUIPlugin:80 - create IPUIPlugin
2025-09-04 00:46:26,742 [INFO] PluginManager:220 - loadIPPluginJar : add adc
2025-09-04 00:46:26,746 [INFO] IPUIPlugin:80 - create IPUIPlugin
2025-09-04 00:46:26,746 [INFO] PluginManager:220 - loadIPPluginJar : add aes
2025-09-04 00:46:26,749 [INFO] IPUIPlugin:80 - create IPUIPlugin
2025-09-04 00:46:26,749 [INFO] PluginManager:220 - loadIPPluginJar : add can
2025-09-04 00:46:26,752 [INFO] IPUIPlugin:80 - create IPUIPlugin
2025-09-04 00:46:26,752 [INFO] PluginManager:220 - loadIPPluginJar : add comp
2025-09-04 00:46:26,756 [INFO] IPUIPlugin:80 - create IPUIPlugin
2025-09-04 00:46:26,756 [INFO] PluginManager:220 - loadIPPluginJar : add cryp
2025-09-04 00:46:26,759 [INFO] IPUIPlugin:80 - create IPUIPlugin
2025-09-04 00:46:26,759 [INFO] PluginManager:220 - loadIPPluginJar : add ddr_ctrl_phy
2025-09-04 00:46:26,763 [INFO] IPUIPlugin:80 - create IPUIPlugin
2025-09-04 00:46:26,763 [INFO] PluginManager:220 - loadIPPluginJar : add dfsdm
2025-09-04 00:46:26,768 [INFO] IPUIPlugin:80 - create IPUIPlugin
2025-09-04 00:46:26,768 [INFO] PluginManager:220 - loadIPPluginJar : add dma
2025-09-04 00:46:26,772 [INFO] IPUIPlugin:80 - create IPUIPlugin
2025-09-04 00:46:26,772 [INFO] PluginManager:220 - loadIPPluginJar : add dma3
2025-09-04 00:46:26,775 [INFO] IPUIPlugin:80 - create IPUIPlugin
2025-09-04 00:46:26,775 [INFO] PluginManager:220 - loadIPPluginJar : add extmemmanager
2025-09-04 00:46:26,777 [INFO] IPUIPlugin:80 - create IPUIPlugin
2025-09-04 00:46:26,777 [INFO] PluginManager:220 - loadIPPluginJar : add fatfs
2025-09-04 00:46:26,784 [INFO] IPUIPlugin:80 - create IPUIPlugin
2025-09-04 00:46:26,784 [INFO] PluginManager:220 - loadIPPluginJar : add fmc
2025-09-04 00:46:26,790 [INFO] IPUIPlugin:80 - create IPUIPlugin
2025-09-04 00:46:26,791 [INFO] PluginManager:220 - loadIPPluginJar : add freertos
2025-09-04 00:46:26,792 [INFO] IPUIPlugin:80 - create IPUIPlugin
2025-09-04 00:46:26,793 [INFO] PluginManager:220 - loadIPPluginJar : add genericplugin
2025-09-04 00:46:26,795 [INFO] IPUIPlugin:80 - create IPUIPlugin
2025-09-04 00:46:26,795 [INFO] PluginManager:220 - loadIPPluginJar : add gfxmmu
2025-09-04 00:46:26,799 [INFO] IPUIPlugin:80 - create IPUIPlugin
2025-09-04 00:46:26,799 [INFO] PluginManager:220 - loadIPPluginJar : add gic
2025-09-04 00:46:26,804 [INFO] IPUIPlugin:80 - create IPUIPlugin
2025-09-04 00:46:26,804 [INFO] PluginManager:220 - loadIPPluginJar : add gpio
2025-09-04 00:46:26,807 [INFO] IPUIPlugin:80 - create IPUIPlugin
2025-09-04 00:46:26,808 [INFO] PluginManager:220 - loadIPPluginJar : add gtzc
2025-09-04 00:46:26,810 [INFO] IPUIPlugin:80 - create IPUIPlugin
2025-09-04 00:46:26,810 [INFO] PluginManager:220 - loadIPPluginJar : add hash
2025-09-04 00:46:26,812 [INFO] IPUIPlugin:80 - create IPUIPlugin
2025-09-04 00:46:26,812 [INFO] PluginManager:220 - loadIPPluginJar : add i2c
2025-09-04 00:46:26,814 [INFO] IPUIPlugin:80 - create IPUIPlugin
2025-09-04 00:46:26,814 [INFO] PluginManager:220 - loadIPPluginJar : add i2s
2025-09-04 00:46:26,818 [INFO] IPUIPlugin:80 - create IPUIPlugin
2025-09-04 00:46:26,818 [INFO] PluginManager:220 - loadIPPluginJar : add i3c
2025-09-04 00:46:26,821 [INFO] IPUIPlugin:80 - create IPUIPlugin
2025-09-04 00:46:26,821 [INFO] PluginManager:220 - loadIPPluginJar : add ipddr
2025-09-04 00:46:26,827 [INFO] IPUIPlugin:80 - create IPUIPlugin
2025-09-04 00:46:26,828 [INFO] PluginManager:220 - loadIPPluginJar : add linkedlist
2025-09-04 00:46:26,830 [INFO] IPUIPlugin:80 - create IPUIPlugin
2025-09-04 00:46:26,830 [INFO] PluginManager:220 - loadIPPluginJar : add lorawan
2025-09-04 00:46:26,832 [INFO] IPUIPlugin:80 - create IPUIPlugin
2025-09-04 00:46:26,832 [INFO] PluginManager:220 - loadIPPluginJar : add ltdc
2025-09-04 00:46:26,837 [INFO] IPUIPlugin:80 - create IPUIPlugin
2025-09-04 00:46:26,838 [INFO] PluginManager:220 - loadIPPluginJar : add mdma
2025-09-04 00:46:26,841 [INFO] IPUIPlugin:80 - create IPUIPlugin
2025-09-04 00:46:26,841 [INFO] PluginManager:220 - loadIPPluginJar : add nvic
2025-09-04 00:46:26,844 [INFO] IPUIPlugin:80 - create IPUIPlugin
2025-09-04 00:46:26,844 [INFO] PluginManager:220 - loadIPPluginJar : add opamp
2025-09-04 00:46:26,847 [INFO] IPUIPlugin:80 - create IPUIPlugin
2025-09-04 00:46:26,847 [INFO] PluginManager:220 - loadIPPluginJar : add openamp
2025-09-04 00:46:26,851 [INFO] IPUIPlugin:80 - create IPUIPlugin
2025-09-04 00:46:26,851 [INFO] PluginManager:220 - loadIPPluginJar : add pdm2pcm
2025-09-04 00:46:26,856 [INFO] IPUIPlugin:80 - create IPUIPlugin
2025-09-04 00:46:26,857 [INFO] PluginManager:220 - loadIPPluginJar : add plateformsettings
2025-09-04 00:46:26,860 [INFO] IPUIPlugin:80 - create IPUIPlugin
2025-09-04 00:46:26,860 [INFO] PluginManager:220 - loadIPPluginJar : add quadspi
2025-09-04 00:46:26,862 [INFO] IPUIPlugin:80 - create IPUIPlugin
2025-09-04 00:46:26,862 [INFO] PluginManager:220 - loadIPPluginJar : add radio
2025-09-04 00:46:26,866 [INFO] IPUIPlugin:80 - create IPUIPlugin
2025-09-04 00:46:26,866 [INFO] PluginManager:220 - loadIPPluginJar : add resmgrutility
2025-09-04 00:46:26,871 [INFO] IPUIPlugin:80 - create IPUIPlugin
2025-09-04 00:46:26,871 [INFO] PluginManager:220 - loadIPPluginJar : add sai
2025-09-04 00:46:26,873 [INFO] IPUIPlugin:80 - create IPUIPlugin
2025-09-04 00:46:26,873 [INFO] PluginManager:220 - loadIPPluginJar : add spi
2025-09-04 00:46:26,879 [INFO] IPUIPlugin:80 - create IPUIPlugin
2025-09-04 00:46:26,879 [INFO] PluginManager:220 - loadIPPluginJar : add stm32_wpan
2025-09-04 00:46:26,881 [INFO] IPUIPlugin:80 - create IPUIPlugin
2025-09-04 00:46:26,881 [INFO] PluginManager:220 - loadIPPluginJar : add tim
2025-09-04 00:46:26,885 [INFO] IPUIPlugin:80 - create IPUIPlugin
2025-09-04 00:46:26,885 [INFO] PluginManager:220 - loadIPPluginJar : add touchsensing
2025-09-04 00:46:26,888 [INFO] IPUIPlugin:80 - create IPUIPlugin
2025-09-04 00:46:26,888 [INFO] PluginManager:220 - loadIPPluginJar : add tracer_emb
2025-09-04 00:46:26,890 [INFO] IPUIPlugin:80 - create IPUIPlugin
2025-09-04 00:46:26,890 [INFO] PluginManager:220 - loadIPPluginJar : add ts
2025-09-04 00:46:26,891 [INFO] IPUIPlugin:80 - create IPUIPlugin
2025-09-04 00:46:26,891 [INFO] PluginManager:220 - loadIPPluginJar : add tsc
2025-09-04 00:46:26,893 [INFO] IPUIPlugin:80 - create IPUIPlugin
2025-09-04 00:46:26,893 [INFO] PluginManager:220 - loadIPPluginJar : add ucpd
2025-09-04 00:46:26,895 [INFO] IPUIPlugin:80 - create IPUIPlugin
2025-09-04 00:46:26,895 [INFO] PluginManager:220 - loadIPPluginJar : add usart
2025-09-04 00:46:26,898 [INFO] IPUIPlugin:80 - create IPUIPlugin
2025-09-04 00:46:26,898 [INFO] PluginManager:220 - loadIPPluginJar : add usbx
2025-09-04 00:46:27,043 [FATAL] Updater:351 - Updater called before beeing initialized
2025-09-04 00:46:27,070 [INFO] RulesReader:64 - Compatibility file has been processed (302 Rules)
2025-09-04 00:46:27,081 [INFO] RulesReader:64 - Compatibility file has been processed (302 Rules)
2025-09-04 00:46:27,089 [INFO] CADModel:165 - CPN selected for project level
2025-09-04 00:46:27,089 [INFO] CADModel:114 - Register for checkConnection events
2025-09-04 00:46:27,089 [FATAL] Updater:351 - Updater called before beeing initialized
2025-09-04 00:46:27,089 [ERROR] CADModel:125 - Updater not yet initialized, retry later 
2025-09-04 00:46:27,267 [FATAL] Updater:351 - Updater called before beeing initialized
2025-09-04 00:46:27,269 [INFO] CADModel:165 - CPN selected for project level
2025-09-04 00:46:27,269 [INFO] CADModel:114 - Register for checkConnection events
2025-09-04 00:46:27,269 [FATAL] Updater:351 - Updater called before beeing initialized
2025-09-04 00:46:27,269 [ERROR] CADModel:125 - Updater not yet initialized, retry later 
2025-09-04 00:46:27,274 [FATAL] Updater:351 - Updater called before beeing initialized
2025-09-04 00:46:27,382 [FATAL] Updater:351 - Updater called before beeing initialized
2025-09-04 00:46:27,387 [INFO] DbMcusAds:53 - JSON generation date=Tue Jul 08 16:14:23 CST 2025 (1751962463593)
2025-09-04 00:46:27,387 [FATAL] Updater:351 - Updater called before beeing initialized
2025-09-04 00:46:27,424 [WARN] DetailPanel:346 - Failed to get advertising image, set to default
2025-09-04 00:46:27,629 [FATAL] Updater:351 - Updater called before beeing initialized
2025-09-04 00:46:27,632 [FATAL] Updater:351 - Updater called before beeing initialized
2025-09-04 00:46:27,632 [FATAL] Updater:351 - Updater called before beeing initialized
2025-09-04 00:46:27,632 [WARN] DetailPanel:346 - Failed to get advertising image, set to default
2025-09-04 00:46:27,633 [FATAL] Updater:351 - Updater called before beeing initialized
2025-09-04 00:46:27,688 [ERROR] Updater:1198 - MainUpdater not yet initialized. External WinMGr cannot be set.
2025-09-04 00:46:27,689 [INFO] Updater:1134 - Updater Version found : 6.14.1
2025-09-04 00:46:27,709 [INFO] ApplicationProperties:184 - Using Application install path: C:\ST\STM32CubeIDE_1.18.1\STM32CubeIDE\plugins\com.st.stm32cube.common.mx_6.14.1.202504091515
2025-09-04 00:46:29,277 [INFO] ThirdPartyUpdaterWithRetryManager:70 - Updater plugin not ready yet. [2/15]
2025-09-04 00:46:29,317 [ERROR] LogOutputStream:75 - [STDERR_REDIRECT] Sep 04, 2025 12:46:29 AM java.util.prefs.WindowsPreferences <init>
2025-09-04 00:46:29,318 [ERROR] LogOutputStream:75 - [STDERR_REDIRECT] WARNING: Could not open/create prefs root node Software\JavaSoft\Prefs at root 0xffffffff80000002. Windows RegCreateKeyEx(...) returned error code 5.
2025-09-04 00:46:29,318 [ERROR] LogOutputStream:75 - [STDERR_REDIRECT] 
2025-09-04 00:46:29,720 [INFO] MainUpdater:2872 - connection check result : 10
2025-09-04 00:46:29,720 [INFO] MainUpdater:3566 - Updater definition file requires update
2025-09-04 00:46:29,721 [INFO] MainUpdater:289 - Updater Check For Update Now.
2025-09-04 00:46:29,722 [INFO] MicroXplorer:498 - Change Database Version : DB.6.0.141
2025-09-04 00:46:29,729 [INFO] McuFinderGlobals:63 - Set McuFinder mode to 2 (CubeIDE integrated)
2025-09-04 00:46:29,729 [INFO] UserAuth:171 - activating auth plugin
2025-09-04 00:46:29,732 [INFO] UserAuth:484 - Internet connection configuration mode: 1
2025-09-04 00:46:29,749 [INFO] JxBrowserEngine:152 - Initiate JxBrowser Engine with user profile folder
2025-09-04 00:46:29,773 [INFO] ServerAccessManage:473 - Download File updaters.zip
2025-09-04 00:46:29,972 [INFO] FileExtend:242 - Unzip File : updaters.zip
2025-09-04 00:46:29,973 [INFO] FileExtend:257 - Standard Zip Deflate
2025-09-04 00:46:30,337 [INFO] ServerAccessManage:473 - Download File PacksControlFlags.xml
2025-09-04 00:46:30,434 [INFO] ServerAccessManage:473 - Download File cubemx.pidx
2025-09-04 00:46:30,528 [INFO] LoadServerUpdatesThread:375 - End of LoadServerUpdate Thread
2025-09-04 00:46:30,681 [INFO] CheckServerUpdateThread:120 - End of CheckServer Thread
2025-09-04 00:46:30,934 [INFO] WebApp:169 - Instantiating new browser for Auth
2025-09-04 00:46:31,534 [INFO] WebApp:463 - Apply proxy settings
2025-09-04 00:46:31,534 [INFO] WebApp:548 - Chromium requires no authentication
2025-09-04 00:46:31,544 [INFO] WebApp:491 - Direct internet connection detected
2025-09-04 00:46:31,565 [INFO] WebApp:894 - Register for checkConnection events
2025-09-04 00:46:31,565 [INFO] WebApp:463 - Apply proxy settings
2025-09-04 00:46:31,566 [INFO] WebApp:548 - Chromium requires no authentication
2025-09-04 00:46:31,566 [INFO] WebApp:491 - Direct internet connection detected
2025-09-04 00:46:31,748 [INFO] WebApp:225 - Starting web application
2025-09-04 00:46:31,748 [INFO] WebApp:593 - Web application path used C:\ST\STM32CubeIDE_1.18.1\STM32CubeIDE\plugins\com.st.stm32cube.common.mx_6.14.1.202504091515\db\plugins\mcufinder\reactClient1\index.html
2025-09-04 00:46:31,749 [INFO] WebApp:191 - Connection restablished
2025-09-04 00:46:32,586 [WARN] PackLoader:240 - Cannot read IP mode file for STMicroelectronics.FP-SNS-MOTENVWB1.1.4.0
2025-09-04 00:46:32,592 [WARN] PackLoader:240 - Cannot read IP mode file for STMicroelectronics.FP-ATR-ASTRA1.2.0.2
2025-09-04 00:46:32,600 [WARN] PackLoader:240 - Cannot read IP mode file for STMicroelectronics.X-CUBE-SMBUS.2.1.0
2025-09-04 00:46:32,607 [WARN] PackLoader:240 - Cannot read IP mode file for STMicroelectronics.X-CUBE-ST60.1.0.0
2025-09-04 00:46:32,648 [WARN] PackLoader:240 - Cannot read IP mode file for STMicroelectronics.X-CUBE-AZRTOS-F7.1.1.0
2025-09-04 00:46:32,684 [WARN] PackLoader:240 - Cannot read IP mode file for Infineon.AIROC-Wi-Fi-Bluetooth-STM32.1.7.0
2025-09-04 00:46:32,713 [WARN] PackLoader:240 - Cannot read IP mode file for STMicroelectronics.X-CUBE-AZRTOS-H7.3.4.0
2025-09-04 00:46:32,723 [WARN] PackLoader:240 - Cannot read IP mode file for STMicroelectronics.X-CUBE-DISPLAY.3.0.0
2025-09-04 00:46:32,737 [WARN] PackLoader:240 - Cannot read IP mode file for STMicroelectronics.X-CUBE-NFC10.1.0.0
2025-09-04 00:46:32,746 [WARN] PackLoader:240 - Cannot read IP mode file for STMicroelectronics.X-CUBE-BLEMGR.4.0.0
2025-09-04 00:46:32,755 [WARN] PackLoader:240 - Cannot read IP mode file for emotas.I-CUBE-CANOPEN.1.3.0
2025-09-04 00:46:32,759 [WARN] ConditionMgr:438 - getConditionDescription Invalid condition id : Cortex-A Device cause : null
2025-09-04 00:46:32,769 [WARN] ConditionMgr:1044 - genDependencies : Invalid condition id : Cortex-A Device cause : null
2025-09-04 00:46:32,769 [WARN] ConditionMgr:1044 - genDependencies : Invalid condition id : Cortex-A Device cause : null
2025-09-04 00:46:32,770 [WARN] ConditionMgr:1044 - genDependencies : Invalid condition id : Cortex-A Device cause : null
2025-09-04 00:46:32,775 [ERROR] Engine:466 - C:\Users\TUF\.stm32cubemx\thirdparties\pdsc\STMicroelectronics.FP-SNS-STBOX1.2.1.0.pdsc: PDSC version is not supported
2025-09-04 00:46:32,781 [WARN] PackLoader:240 - Cannot read IP mode file for STMicroelectronics.FP-SNS-SMARTAG2.1.2.0
2025-09-04 00:46:32,786 [WARN] PackLoader:240 - Cannot read IP mode file for STMicroelectronics.FP-SNS-FLIGHT1.5.1.0
2025-09-04 00:46:32,795 [INFO] LogOutputStream:77 - [STDOUT_REDIRECT] 1 : Invalid condition id : UX_CORESTACK_Condition cause : null
2025-09-04 00:46:32,796 [INFO] LogOutputStream:77 - [STDOUT_REDIRECT] 1 : Invalid condition id : UX_CORESTACK_Condition cause : null
2025-09-04 00:46:32,798 [INFO] LogOutputStream:77 - [STDOUT_REDIRECT] 1 : Invalid condition id : UX_CORESTACK_Condition cause : null
2025-09-04 00:46:32,798 [INFO] LogOutputStream:77 - [STDOUT_REDIRECT] 1 : Invalid condition id : UX_CORESTACK_Condition cause : null
2025-09-04 00:46:32,800 [INFO] LogOutputStream:77 - [STDOUT_REDIRECT] 1 : Invalid condition id : UX_CORESTACK_Condition cause : null
2025-09-04 00:46:32,802 [WARN] PackLoader:240 - Cannot read IP mode file for STMicroelectronics.X-CUBE-AZRTOS-WL.2.0.0
2025-09-04 00:46:32,807 [WARN] PackLoader:240 - Cannot read IP mode file for STMicroelectronics.FP-SNS-MOTENV1.5.0.0
2025-09-04 00:46:32,816 [WARN] PackLoader:240 - Cannot read IP mode file for WES.I-CUBE-Cesium.1.3.0
2025-09-04 00:46:32,821 [WARN] PackLoader:240 - Cannot read IP mode file for STMicroelectronics.X-CUBE-BLE2.3.3.0
2025-09-04 00:46:32,827 [WARN] PackLoader:240 - Cannot read IP mode file for STMicroelectronics.X-CUBE-NFC9.1.0.0
2025-09-04 00:46:32,835 [WARN] PackLoader:240 - Cannot read IP mode file for wolfSSL.I-CUBE-wolfSSL.5.8.0
2025-09-04 00:46:32,839 [WARN] PackLoader:240 - Cannot read IP mode file for STMicroelectronics.X-CUBE-BLE1.7.1.0
2025-09-04 00:46:32,843 [WARN] PackLoader:240 - Cannot read IP mode file for wolfSSL.I-CUBE-wolfMQTT.1.19.2
2025-09-04 00:46:32,850 [WARN] PackLoader:240 - Cannot read IP mode file for STMicroelectronics.X-CUBE-EEPRMA1.5.2.0
2025-09-04 00:46:32,855 [WARN] PackLoader:240 - Cannot read IP mode file for STMicroelectronics.X-CUBE-AI.10.1.0
2025-09-04 00:46:32,866 [WARN] PackLoader:240 - Cannot read IP mode file for STMicroelectronics.X-CUBE-AZRTOS-G0.1.1.0
2025-09-04 00:46:32,872 [WARN] PackLoader:240 - Cannot read IP mode file for STMicroelectronics.X-CUBE-SAFEA1.1.2.2
2025-09-04 00:46:32,878 [WARN] PackLoader:240 - Cannot read IP mode file for STMicroelectronics.X-CUBE-NFC4.3.0.0
2025-09-04 00:46:32,886 [WARN] PackLoader:240 - Cannot read IP mode file for EmbeddedOffice.I-CUBE-FS-RTOS.1.0.1
2025-09-04 00:46:32,889 [WARN] PackLoader:240 - Cannot read IP mode file for STMicroelectronics.X-CUBE-WB05N.2.0.0
2025-09-04 00:46:32,893 [WARN] PackLoader:240 - Cannot read IP mode file for wolfSSL.I-CUBE-wolfTPM.3.8.0
2025-09-04 00:46:32,897 [WARN] PackLoader:240 - Cannot read IP mode file for STMicroelectronics.X-CUBE-TCPP.4.2.0
2025-09-04 00:46:32,903 [WARN] PackLoader:240 - Cannot read IP mode file for RealThread.X-CUBE-RT-Thread_Nano.4.1.1
2025-09-04 00:46:32,908 [WARN] PackLoader:240 - Cannot read IP mode file for STMicroelectronics.FP-ATR-SIGFOX1.3.2.0
2025-09-04 00:46:32,913 [WARN] PackLoader:240 - Cannot read IP mode file for STMicroelectronics.X-CUBE-EEPRMA1.5.1.0
2025-09-04 00:46:32,919 [WARN] PackLoader:240 - Cannot read IP mode file for ITTIA_DB.I-CUBE-ITTIADB.8.9.0
2025-09-04 00:46:32,929 [WARN] PackLoader:240 - Cannot read IP mode file for STMicroelectronics.X-CUBE-ST67W61.1.0.0
2025-09-04 00:46:32,932 [WARN] PackLoader:240 - Cannot read IP mode file for STMicroelectronics.X-CUBE-AI.10.2.0
2025-09-04 00:46:32,953 [WARN] PackLoader:240 - Cannot read IP mode file for SEGGER.I-CUBE-embOS.1.3.1
2025-09-04 00:46:32,980 [WARN] PackLoader:240 - Cannot read IP mode file for STMicroelectronics.X-CUBE-ALGOBUILD.1.4.0
2025-09-04 00:46:33,021 [WARN] PackLoader:240 - Cannot read IP mode file for STMicroelectronics.X-CUBE-MEMS1.11.3.0
2025-09-04 00:46:33,125 [WARN] PackLoader:240 - Cannot read IP mode file for STMicroelectronics.X-CUBE-PM33A1.1.0.0
2025-09-04 00:46:33,135 [WARN] PackLoader:240 - Cannot read IP mode file for STMicroelectronics.X-CUBE-AZRTOS-F4.1.1.0
2025-09-04 00:46:33,141 [WARN] PackLoader:240 - Cannot read IP mode file for Avnet-IotConnect.X-CUBE-IoTC-DA16k-PMOD.1.0.0
2025-09-04 00:46:33,146 [WARN] PackLoader:240 - Cannot read IP mode file for STMicroelectronics.X-CUBE-ISPU.2.1.0
2025-09-04 00:46:33,151 [WARN] PackLoader:240 - Cannot read IP mode file for STMicroelectronics.X-CUBE-NFC12.1.0.0
2025-09-04 00:46:33,161 [WARN] PackLoader:240 - Cannot read IP mode file for STMicroelectronics.X-CUBE-AZRTOS-L5.2.0.0
2025-09-04 00:46:33,168 [WARN] PackLoader:240 - Cannot read IP mode file for STMicroelectronics.X-CUBE-NFC6.3.1.0
2025-09-04 00:46:33,176 [WARN] PackLoader:240 - Cannot read IP mode file for STMicroelectronics.X-CUBE-FREERTOS.1.3.1
2025-09-04 00:46:33,181 [WARN] PackLoader:240 - Cannot read IP mode file for STMicroelectronics.FP-SNS-STAIOTCFT.1.0.0
2025-09-04 00:46:33,186 [WARN] PackLoader:240 - Cannot read IP mode file for STMicroelectronics.X-CUBE-DPower.1.3.0
2025-09-04 00:46:33,200 [WARN] ConditionMgr:438 - getConditionDescription Invalid condition id : LAN8742 Phy interface Condition cause : null
2025-09-04 00:46:33,200 [WARN] PackLoader:240 - Cannot read IP mode file for STMicroelectronics.X-CUBE-AZRTOS-L4.2.0.0
2025-09-04 00:46:33,201 [WARN] ConditionMgr:1044 - genDependencies : Invalid condition id : LAN8742 Phy interface Condition cause : null
2025-09-04 00:46:33,201 [WARN] ConditionMgr:1044 - genDependencies : Invalid condition id : LAN8742 Phy interface Condition cause : null
2025-09-04 00:46:33,202 [WARN] ConditionMgr:1044 - genDependencies : Invalid condition id : LAN8742 Phy interface Condition cause : null
2025-09-04 00:46:33,208 [WARN] PackLoader:240 - Cannot read IP mode file for STMicroelectronics.X-CUBE-SFXS2LP1.4.0.0
2025-09-04 00:46:33,221 [WARN] PackLoader:240 - Cannot read IP mode file for STMicroelectronics.X-CUBE-AZRTOS-H7.3.3.0
2025-09-04 00:46:33,230 [WARN] PackLoader:240 - Cannot read IP mode file for STMicroelectronics.X-CUBE-BLEMGR.4.1.0
2025-09-04 00:46:33,241 [WARN] ConditionMgr:438 - getConditionDescription Invalid condition id : UX DEVICE CLASS RTOS Condition cause : null
2025-09-04 00:46:33,242 [WARN] ConditionMgr:438 - getConditionDescription Invalid condition id : UX DEVICE CLASS RTOS Condition cause : null
2025-09-04 00:46:33,243 [WARN] PackLoader:240 - Cannot read IP mode file for STMicroelectronics.X-CUBE-AZRTOS-WB.2.0.0
2025-09-04 00:46:33,243 [WARN] ConditionMgr:1044 - genDependencies : Invalid condition id : UX DEVICE CLASS RTOS Condition cause : null
2025-09-04 00:46:33,243 [WARN] ConditionMgr:1044 - genDependencies : Invalid condition id : UX DEVICE CLASS RTOS Condition cause : null
2025-09-04 00:46:33,243 [WARN] ConditionMgr:1044 - genDependencies : Invalid condition id : UX DEVICE CLASS RTOS Condition cause : null
2025-09-04 00:46:33,243 [WARN] ConditionMgr:1044 - genDependencies : Invalid condition id : UX DEVICE CLASS RTOS Condition cause : null
2025-09-04 00:46:33,243 [WARN] ConditionMgr:1044 - genDependencies : Invalid condition id : UX DEVICE CLASS RTOS Condition cause : null
2025-09-04 00:46:33,249 [WARN] PackLoader:240 - Cannot read IP mode file for STMicroelectronics.X-CUBE-GNSS1.7.0.1
2025-09-04 00:46:33,257 [WARN] PackLoader:240 - Cannot read IP mode file for STMicroelectronics.X-CUBE-TOUCHGFX.4.25.0
2025-09-04 00:46:33,264 [WARN] PackLoader:240 - Cannot read IP mode file for STMicroelectronics.FP-SNS-STBOX1.2.0.0
2025-09-04 00:46:33,272 [WARN] PackLoader:240 - Cannot read IP mode file for STMicroelectronics.X-CUBE-SUBG2.5.0.0
2025-09-04 00:46:33,287 [WARN] PackLoader:240 - Cannot read IP mode file for STMicroelectronics.X-CUBE-AZRTOS-H7RS.1.1.0
2025-09-04 00:46:33,292 [WARN] PackLoader:240 - Cannot read IP mode file for Cesanta.I-CUBE-Mongoose.7.13.0
2025-09-04 00:46:33,297 [WARN] PackLoader:240 - Cannot read IP mode file for STMicroelectronics.X-CUBE-AZRTOS-G4.2.0.0
2025-09-04 00:46:33,303 [WARN] PackLoader:240 - Cannot read IP mode file for wolfSSL.I-CUBE-wolfSSH.1.4.20
2025-09-04 00:46:33,307 [WARN] PackLoader:240 - Cannot read IP mode file for STMicroelectronics.X-CUBE-NFC7.2.0.0
2025-09-04 00:46:33,313 [WARN] PackLoader:240 - Cannot read IP mode file for STMicroelectronics.X-CUBE-IPS.3.1.0
2025-09-04 00:46:33,323 [WARN] PackLoader:240 - Cannot read IP mode file for STMicroelectronics.X-CUBE-ALS.1.0.2
2025-09-04 00:46:33,329 [WARN] PackLoader:240 - Cannot read IP mode file for portGmbH.I-Cube-SoM-uGOAL.1.1.0
2025-09-04 00:46:33,337 [WARN] PackLoader:240 - Cannot read IP mode file for STMicroelectronics.X-CUBE-TOF1.3.4.3
2025-09-04 00:46:33,344 [INFO] ThirdParty:978 - Integrity check success = true
2025-09-04 00:46:33,344 [INFO] IntegrityCheckThread:100 - exiting critical section [integrity check]
2025-09-04 00:46:33,344 [INFO] IntegrityCheckThread:103 - End integrity checks thread
2025-09-04 02:34:11,288 [ERROR] LogOutputStream:75 - [STDERR_REDIRECT] 
2025-09-04 02:34:11,290 [ERROR] LogOutputStream:75 - [STDERR_REDIRECT] 
2025-09-04 12:41:05,851 [INFO] Activator:176 - 


2025-09-04 12:41:05,852 [INFO] Activator:177 - !SESSION log4j initialized
2025-09-04 12:41:09,636 [INFO] LogOutputStream:77 - [STDOUT_REDIRECT] 
2025-09-04 12:41:10,731 [INFO] ApplicationProperties:184 - Using Application install path: C:\ST\STM32CubeIDE_1.18.1\STM32CubeIDE\plugins\com.st.stm32cube.common.mx_6.14.1.202504091515
2025-09-04 12:41:10,743 [INFO] DbMcusXml:78 - Set database path to: C:\ST\STM32CubeIDE_1.18.1\STM32CubeIDE\plugins\com.st.stm32cube.common.mx_6.14.1.202504091515\\db\/mcu/
2025-09-04 12:41:10,743 [INFO] ApiDb:274 - Set plugin database path to: C:\ST\STM32CubeIDE_1.18.1\STM32CubeIDE\plugins\com.st.stm32cube.common.mx_6.14.1.202504091515\\db\/plugins/boardmanager/
2025-09-04 12:41:10,744 [WARN] ApiDb:259 - Overriding images path with different value:  => C:\ST\STM32CubeIDE_1.18.1\STM32CubeIDE\plugins\com.st.stm32cube.common.mx_6.14.1.202504091515\\db\/plugins/mcufinder/images/
2025-09-04 12:41:10,749 [INFO] ApiDb:250 - Set database path to: C:\Users\TUF\.stmcufinder\plugins\mcufinder//mcu/
2025-09-04 12:41:10,751 [INFO] DbMcusAds:125 - Set database path to: C:\Users\TUF\.stmcufinder\plugins\mcufinder//mcu/
2025-09-04 12:41:10,752 [INFO] CrossReferenceDbSqlite:203 - Set database path to: C:\Users\TUF\.stmcufinder\plugins\mcufinder//mcu/cs/
2025-09-04 12:41:10,823 [INFO] RulesReader:64 - Compatibility file has been processed (302 Rules)
2025-09-04 12:41:10,883 [INFO] DbMcusXml:78 - Set database path to: C:\ST\STM32CubeIDE_1.18.1\STM32CubeIDE\plugins\com.st.stm32cube.common.mx_6.14.1.202504091515\\db\/mcu/
2025-09-04 12:41:10,883 [INFO] ApiDb:274 - Set plugin database path to: C:\ST\STM32CubeIDE_1.18.1\STM32CubeIDE\plugins\com.st.stm32cube.common.mx_6.14.1.202504091515\\db\/plugins/boardmanager/
2025-09-04 12:41:10,883 [INFO] ApiDb:261 - Set plugin images path to: C:\ST\STM32CubeIDE_1.18.1\STM32CubeIDE\plugins\com.st.stm32cube.common.mx_6.14.1.202504091515\\db\/plugins/mcufinder/images/
2025-09-04 12:41:10,884 [WARN] DbFile:41 - Overriding database path with different value: C:\Users\TUF\.stmcufinder\plugins\mcufinder/ => C:\Users\TUF\.stmcufinder\plugins\mcufinder
2025-09-04 12:41:10,884 [INFO] ApiDb:250 - Set database path to: C:\Users\TUF\.stmcufinder\plugins\mcufinder//mcu/
2025-09-04 12:41:10,884 [WARN] DbFile:41 - Overriding database path with different value: C:\Users\TUF\.stmcufinder\plugins\mcufinder/ => C:\Users\TUF\.stmcufinder\plugins\mcufinder
2025-09-04 12:41:10,884 [INFO] DbMcusAds:125 - Set database path to: C:\Users\TUF\.stmcufinder\plugins\mcufinder//mcu/
2025-09-04 12:41:10,884 [WARN] DbFile:41 - Overriding database path with different value: C:\Users\TUF\.stmcufinder\plugins\mcufinder/ => C:\Users\TUF\.stmcufinder\plugins\mcufinder
2025-09-04 12:41:10,884 [WARN] DbFile:41 - Overriding database path with different value: C:\Users\TUF\.stmcufinder\plugins\mcufinder/ => C:\Users\TUF\.stmcufinder\plugins\mcufinder
2025-09-04 12:41:10,884 [INFO] CrossReferenceDbSqlite:203 - Set database path to: C:\Users\TUF\.stmcufinder\plugins\mcufinder//mcu/cs/
2025-09-04 12:41:10,933 [INFO] MainPanel:272 - HeapMemory: 268435456
2025-09-04 12:41:11,005 [INFO] DbMcusXml:78 - Set database path to: C:\ST\STM32CubeIDE_1.18.1\STM32CubeIDE\plugins\com.st.stm32cube.common.mx_6.14.1.202504091515\\db\/mcu/
2025-09-04 12:41:11,005 [INFO] ApiDb:274 - Set plugin database path to: C:\ST\STM32CubeIDE_1.18.1\STM32CubeIDE\plugins\com.st.stm32cube.common.mx_6.14.1.202504091515\\db\/plugins/boardmanager/
2025-09-04 12:41:11,006 [INFO] ApiDb:261 - Set plugin images path to: C:\ST\STM32CubeIDE_1.18.1\STM32CubeIDE\plugins\com.st.stm32cube.common.mx_6.14.1.202504091515\\db\/plugins/mcufinder/images/
2025-09-04 12:41:11,006 [WARN] DbFile:41 - Overriding database path with different value: C:\Users\TUF\.stmcufinder\plugins\mcufinder/ => C:\Users\TUF\.stmcufinder\plugins\mcufinder
2025-09-04 12:41:11,006 [INFO] ApiDb:250 - Set database path to: C:\Users\TUF\.stmcufinder\plugins\mcufinder//mcu/
2025-09-04 12:41:11,006 [WARN] DbFile:41 - Overriding database path with different value: C:\Users\TUF\.stmcufinder\plugins\mcufinder/ => C:\Users\TUF\.stmcufinder\plugins\mcufinder
2025-09-04 12:41:11,006 [INFO] DbMcusAds:125 - Set database path to: C:\Users\TUF\.stmcufinder\plugins\mcufinder//mcu/
2025-09-04 12:41:11,006 [WARN] DbFile:41 - Overriding database path with different value: C:\Users\TUF\.stmcufinder\plugins\mcufinder/ => C:\Users\TUF\.stmcufinder\plugins\mcufinder
2025-09-04 12:41:11,006 [WARN] DbFile:41 - Overriding database path with different value: C:\Users\TUF\.stmcufinder\plugins\mcufinder/ => C:\Users\TUF\.stmcufinder\plugins\mcufinder
2025-09-04 12:41:11,006 [INFO] CrossReferenceDbSqlite:203 - Set database path to: C:\Users\TUF\.stmcufinder\plugins\mcufinder//mcu/cs/
2025-09-04 12:41:11,017 [INFO] ApplicationProperties:184 - Using Application install path: C:\ST\STM32CubeIDE_1.18.1\STM32CubeIDE\plugins\com.st.stm32cube.common.mx_6.14.1.202504091515
2025-09-04 12:41:11,019 [INFO] PluginManage:196 - Search for loadable plugins [exclusion list=, ]
2025-09-04 12:41:11,020 [INFO] PluginManage:310 - Check plugin analytics
2025-09-04 12:41:11,155 [INFO] AnalyticsPlugin:253 - Accepted Software Licenses: 
2025-09-04 12:41:11,155 [INFO] AnalyticsPlugin:255 - Accepted CMSIS Pack Licenses: 
2025-09-04 12:41:11,155 [INFO] AnalyticsPlugin:257 - Accepted Firmware Licenses: 
2025-09-04 12:41:11,157 [INFO] PluginManage:359 - Loaded plugin analytics (category:tool,tabindex:-1)
2025-09-04 12:41:11,158 [INFO] PluginManage:310 - Check plugin cadmodel
2025-09-04 12:41:11,162 [INFO] CADModel:105 - Init CAD model plugin
2025-09-04 12:41:11,162 [INFO] PluginManage:359 - Loaded plugin cadmodel (category:power,tabindex:5)
2025-09-04 12:41:11,162 [INFO] PluginManage:310 - Check plugin clock
2025-09-04 12:41:11,169 [INFO] PluginManage:359 - Loaded plugin clock (category:base,tabindex:2)
2025-09-04 12:41:11,169 [INFO] PluginManage:310 - Check plugin ddr
2025-09-04 12:41:11,172 [INFO] PluginManage:359 - Loaded plugin ddr (category:tool,tabindex:6)
2025-09-04 12:41:11,172 [INFO] PluginManage:310 - Check plugin filemanager
2025-09-04 12:41:11,270 [INFO] PluginManage:359 - Loaded plugin filemanager (category:base,tabindex:10)
2025-09-04 12:41:11,270 [INFO] PluginManage:310 - Check plugin ipmanager
2025-09-04 12:41:11,275 [INFO] PluginManage:359 - Loaded plugin ipmanager (category:base,tabindex:5)
2025-09-04 12:41:11,275 [INFO] PluginManage:310 - Check plugin lpbam
2025-09-04 12:41:11,281 [INFO] PluginManage:359 - Loaded plugin lpbam (category:base,tabindex:0)
2025-09-04 12:41:11,281 [INFO] PluginManage:310 - Check plugin memorymap
2025-09-04 12:41:11,289 [INFO] PluginManage:359 - Loaded plugin memorymap (category:base,tabindex:4)
2025-09-04 12:41:11,290 [INFO] PluginManage:310 - Check plugin pinoutandconfiguration
2025-09-04 12:41:11,295 [INFO] PluginManage:359 - Loaded plugin pinoutandconfiguration (category:base,tabindex:1)
2025-09-04 12:41:11,295 [INFO] PluginManage:310 - Check plugin pinoutconfig
2025-09-04 12:41:11,358 [WARN] SupportedApi:132 - Cannot load RTOS API schema: s4s-elt-must-match.1: The content of 'definitions' must match (annotation?, (simpleType | complexType)?, (unique | key | keyref)*)). A problem was found starting at: attribute.
2025-09-04 12:41:11,448 [INFO] PluginManage:359 - Loaded plugin pinoutconfig (category:base,tabindex:0)
2025-09-04 12:41:11,448 [INFO] PluginManage:310 - Check plugin power
2025-09-04 12:41:11,454 [INFO] PluginManage:359 - Loaded plugin power (category:power,tabindex:4)
2025-09-04 12:41:11,454 [INFO] PluginManage:310 - Check plugin projectmanager
2025-09-04 12:41:11,464 [INFO] PluginManage:359 - Loaded plugin projectmanager (category:projectmanager,tabindex:4)
2025-09-04 12:41:11,464 [INFO] PluginManage:310 - Check plugin rif
2025-09-04 12:41:11,470 [INFO] PluginManage:359 - Loaded plugin rif (category:base,tabindex:3)
2025-09-04 12:41:11,470 [INFO] PluginManage:310 - Check plugin thirdparty
2025-09-04 12:41:11,564 [WARN] IntegrityCheckThread:84 - waiting for thirdparty lock release [integrity check]
2025-09-04 12:41:11,565 [INFO] IntegrityCheckThread:86 - entering critical section [integrity check]
2025-09-04 12:41:11,565 [INFO] PluginManage:359 - Loaded plugin thirdparty (category:base,tabindex:-1)
2025-09-04 12:41:11,565 [INFO] PluginManage:310 - Check plugin tools
2025-09-04 12:41:11,565 [INFO] ThirdPartyUpdaterWithRetryManager:70 - Updater plugin not ready yet. [1/15]
2025-09-04 12:41:11,568 [INFO] PluginManage:359 - Loaded plugin tools (category:base,tabindex:7)
2025-09-04 12:41:11,568 [INFO] PluginManage:310 - Check plugin tutovideos
2025-09-04 12:41:11,689 [INFO] PluginManage:359 - Loaded plugin tutovideos (category:base,tabindex:-1)
2025-09-04 12:41:11,689 [INFO] PluginManage:310 - Check plugin updater
2025-09-04 12:41:11,704 [INFO] PluginManage:359 - Loaded plugin updater (category:base,tabindex:12)
2025-09-04 12:41:11,705 [INFO] PluginManage:310 - Check plugin userauth
2025-09-04 12:41:11,708 [INFO] UserAuth:118 - Init User Auth plugin
2025-09-04 12:41:11,708 [INFO] PluginManage:359 - Loaded plugin userauth (category:base,tabindex:14)
2025-09-04 12:41:11,709 [INFO] PluginManage:283 - PluginManage : Loaded plugins [18]
2025-09-04 12:41:11,847 [INFO] PinOutPanel:1589 - setPackage(No Configuration,No Configuration)
2025-09-04 12:41:11,905 [INFO] CADModel:165 - CPN selected for project level
2025-09-04 12:41:11,906 [INFO] CADModel:114 - Register for checkConnection events
2025-09-04 12:41:11,918 [INFO] IPUIPlugin:80 - create IPUIPlugin
2025-09-04 12:41:11,918 [INFO] PluginManager:220 - loadIPPluginJar : add adc
2025-09-04 12:41:11,920 [INFO] IPUIPlugin:80 - create IPUIPlugin
2025-09-04 12:41:11,921 [INFO] PluginManager:220 - loadIPPluginJar : add aes
2025-09-04 12:41:11,922 [INFO] IPUIPlugin:80 - create IPUIPlugin
2025-09-04 12:41:11,924 [INFO] PluginManager:220 - loadIPPluginJar : add can
2025-09-04 12:41:11,925 [INFO] IPUIPlugin:80 - create IPUIPlugin
2025-09-04 12:41:11,925 [INFO] PluginManager:220 - loadIPPluginJar : add comp
2025-09-04 12:41:11,927 [INFO] IPUIPlugin:80 - create IPUIPlugin
2025-09-04 12:41:11,927 [INFO] PluginManager:220 - loadIPPluginJar : add cryp
2025-09-04 12:41:11,931 [INFO] IPUIPlugin:80 - create IPUIPlugin
2025-09-04 12:41:11,931 [INFO] PluginManager:220 - loadIPPluginJar : add ddr_ctrl_phy
2025-09-04 12:41:11,932 [INFO] IPUIPlugin:80 - create IPUIPlugin
2025-09-04 12:41:11,933 [INFO] PluginManager:220 - loadIPPluginJar : add dfsdm
2025-09-04 12:41:11,937 [INFO] IPUIPlugin:80 - create IPUIPlugin
2025-09-04 12:41:11,937 [INFO] PluginManager:220 - loadIPPluginJar : add dma
2025-09-04 12:41:11,939 [INFO] IPUIPlugin:80 - create IPUIPlugin
2025-09-04 12:41:11,939 [INFO] PluginManager:220 - loadIPPluginJar : add dma3
2025-09-04 12:41:11,941 [INFO] IPUIPlugin:80 - create IPUIPlugin
2025-09-04 12:41:11,941 [INFO] PluginManager:220 - loadIPPluginJar : add extmemmanager
2025-09-04 12:41:11,942 [INFO] IPUIPlugin:80 - create IPUIPlugin
2025-09-04 12:41:11,943 [INFO] PluginManager:220 - loadIPPluginJar : add fatfs
2025-09-04 12:41:11,946 [INFO] IPUIPlugin:80 - create IPUIPlugin
2025-09-04 12:41:11,946 [INFO] PluginManager:220 - loadIPPluginJar : add fmc
2025-09-04 12:41:11,950 [INFO] IPUIPlugin:80 - create IPUIPlugin
2025-09-04 12:41:11,950 [INFO] PluginManager:220 - loadIPPluginJar : add freertos
2025-09-04 12:41:11,951 [INFO] IPUIPlugin:80 - create IPUIPlugin
2025-09-04 12:41:11,951 [INFO] PluginManager:220 - loadIPPluginJar : add genericplugin
2025-09-04 12:41:11,953 [INFO] IPUIPlugin:80 - create IPUIPlugin
2025-09-04 12:41:11,953 [INFO] PluginManager:220 - loadIPPluginJar : add gfxmmu
2025-09-04 12:41:11,956 [INFO] IPUIPlugin:80 - create IPUIPlugin
2025-09-04 12:41:11,956 [INFO] PluginManager:220 - loadIPPluginJar : add gic
2025-09-04 12:41:11,959 [INFO] IPUIPlugin:80 - create IPUIPlugin
2025-09-04 12:41:11,959 [INFO] PluginManager:220 - loadIPPluginJar : add gpio
2025-09-04 12:41:11,960 [INFO] IPUIPlugin:80 - create IPUIPlugin
2025-09-04 12:41:11,960 [INFO] PluginManager:220 - loadIPPluginJar : add gtzc
2025-09-04 12:41:11,962 [INFO] IPUIPlugin:80 - create IPUIPlugin
2025-09-04 12:41:11,962 [INFO] PluginManager:220 - loadIPPluginJar : add hash
2025-09-04 12:41:11,964 [INFO] IPUIPlugin:80 - create IPUIPlugin
2025-09-04 12:41:11,964 [INFO] PluginManager:220 - loadIPPluginJar : add i2c
2025-09-04 12:41:11,966 [INFO] IPUIPlugin:80 - create IPUIPlugin
2025-09-04 12:41:11,966 [INFO] PluginManager:220 - loadIPPluginJar : add i2s
2025-09-04 12:41:11,967 [INFO] IPUIPlugin:80 - create IPUIPlugin
2025-09-04 12:41:11,969 [INFO] PluginManager:220 - loadIPPluginJar : add i3c
2025-09-04 12:41:11,971 [INFO] IPUIPlugin:80 - create IPUIPlugin
2025-09-04 12:41:11,971 [INFO] PluginManager:220 - loadIPPluginJar : add ipddr
2025-09-04 12:41:11,977 [INFO] IPUIPlugin:80 - create IPUIPlugin
2025-09-04 12:41:11,977 [INFO] PluginManager:220 - loadIPPluginJar : add linkedlist
2025-09-04 12:41:11,980 [INFO] IPUIPlugin:80 - create IPUIPlugin
2025-09-04 12:41:11,980 [INFO] PluginManager:220 - loadIPPluginJar : add lorawan
2025-09-04 12:41:11,981 [INFO] IPUIPlugin:80 - create IPUIPlugin
2025-09-04 12:41:11,981 [INFO] PluginManager:220 - loadIPPluginJar : add ltdc
2025-09-04 12:41:11,985 [INFO] IPUIPlugin:80 - create IPUIPlugin
2025-09-04 12:41:11,985 [INFO] PluginManager:220 - loadIPPluginJar : add mdma
2025-09-04 12:41:11,988 [INFO] IPUIPlugin:80 - create IPUIPlugin
2025-09-04 12:41:11,988 [INFO] PluginManager:220 - loadIPPluginJar : add nvic
2025-09-04 12:41:11,991 [INFO] IPUIPlugin:80 - create IPUIPlugin
2025-09-04 12:41:11,991 [INFO] PluginManager:220 - loadIPPluginJar : add opamp
2025-09-04 12:41:11,994 [INFO] IPUIPlugin:80 - create IPUIPlugin
2025-09-04 12:41:11,994 [INFO] PluginManager:220 - loadIPPluginJar : add openamp
2025-09-04 12:41:11,996 [INFO] IPUIPlugin:80 - create IPUIPlugin
2025-09-04 12:41:11,996 [INFO] PluginManager:220 - loadIPPluginJar : add pdm2pcm
2025-09-04 12:41:12,001 [INFO] IPUIPlugin:80 - create IPUIPlugin
2025-09-04 12:41:12,003 [INFO] PluginManager:220 - loadIPPluginJar : add plateformsettings
2025-09-04 12:41:12,004 [INFO] IPUIPlugin:80 - create IPUIPlugin
2025-09-04 12:41:12,004 [INFO] PluginManager:220 - loadIPPluginJar : add quadspi
2025-09-04 12:41:12,006 [INFO] IPUIPlugin:80 - create IPUIPlugin
2025-09-04 12:41:12,006 [INFO] PluginManager:220 - loadIPPluginJar : add radio
2025-09-04 12:41:12,009 [INFO] IPUIPlugin:80 - create IPUIPlugin
2025-09-04 12:41:12,009 [INFO] PluginManager:220 - loadIPPluginJar : add resmgrutility
2025-09-04 12:41:12,013 [INFO] IPUIPlugin:80 - create IPUIPlugin
2025-09-04 12:41:12,014 [INFO] PluginManager:220 - loadIPPluginJar : add sai
2025-09-04 12:41:12,015 [INFO] IPUIPlugin:80 - create IPUIPlugin
2025-09-04 12:41:12,016 [INFO] PluginManager:220 - loadIPPluginJar : add spi
2025-09-04 12:41:12,020 [INFO] IPUIPlugin:80 - create IPUIPlugin
2025-09-04 12:41:12,021 [INFO] PluginManager:220 - loadIPPluginJar : add stm32_wpan
2025-09-04 12:41:12,022 [INFO] IPUIPlugin:80 - create IPUIPlugin
2025-09-04 12:41:12,023 [INFO] PluginManager:220 - loadIPPluginJar : add tim
2025-09-04 12:41:12,025 [INFO] IPUIPlugin:80 - create IPUIPlugin
2025-09-04 12:41:12,025 [INFO] PluginManager:220 - loadIPPluginJar : add touchsensing
2025-09-04 12:41:12,027 [INFO] IPUIPlugin:80 - create IPUIPlugin
2025-09-04 12:41:12,027 [INFO] PluginManager:220 - loadIPPluginJar : add tracer_emb
2025-09-04 12:41:12,029 [INFO] IPUIPlugin:80 - create IPUIPlugin
2025-09-04 12:41:12,029 [INFO] PluginManager:220 - loadIPPluginJar : add ts
2025-09-04 12:41:12,030 [INFO] IPUIPlugin:80 - create IPUIPlugin
2025-09-04 12:41:12,030 [INFO] PluginManager:220 - loadIPPluginJar : add tsc
2025-09-04 12:41:12,032 [INFO] IPUIPlugin:80 - create IPUIPlugin
2025-09-04 12:41:12,032 [INFO] PluginManager:220 - loadIPPluginJar : add ucpd
2025-09-04 12:41:12,034 [INFO] IPUIPlugin:80 - create IPUIPlugin
2025-09-04 12:41:12,034 [INFO] PluginManager:220 - loadIPPluginJar : add usart
2025-09-04 12:41:12,038 [INFO] IPUIPlugin:80 - create IPUIPlugin
2025-09-04 12:41:12,038 [INFO] PluginManager:220 - loadIPPluginJar : add usbx
2025-09-04 12:41:12,146 [FATAL] Updater:351 - Updater called before beeing initialized
2025-09-04 12:41:12,165 [INFO] RulesReader:64 - Compatibility file has been processed (302 Rules)
2025-09-04 12:41:12,177 [INFO] RulesReader:64 - Compatibility file has been processed (302 Rules)
2025-09-04 12:41:12,185 [INFO] CADModel:165 - CPN selected for project level
2025-09-04 12:41:12,185 [INFO] CADModel:114 - Register for checkConnection events
2025-09-04 12:41:12,185 [FATAL] Updater:351 - Updater called before beeing initialized
2025-09-04 12:41:12,186 [ERROR] CADModel:125 - Updater not yet initialized, retry later 
2025-09-04 12:41:12,285 [FATAL] Updater:351 - Updater called before beeing initialized
2025-09-04 12:41:12,286 [INFO] CADModel:165 - CPN selected for project level
2025-09-04 12:41:12,286 [INFO] CADModel:114 - Register for checkConnection events
2025-09-04 12:41:12,287 [FATAL] Updater:351 - Updater called before beeing initialized
2025-09-04 12:41:12,287 [ERROR] CADModel:125 - Updater not yet initialized, retry later 
2025-09-04 12:41:12,289 [FATAL] Updater:351 - Updater called before beeing initialized
2025-09-04 12:41:12,358 [FATAL] Updater:351 - Updater called before beeing initialized
2025-09-04 12:41:12,361 [INFO] DbMcusAds:53 - JSON generation date=Tue Jul 08 16:14:23 CST 2025 (1751962463593)
2025-09-04 12:41:12,361 [FATAL] Updater:351 - Updater called before beeing initialized
2025-09-04 12:41:12,386 [WARN] DetailPanel:346 - Failed to get advertising image, set to default
2025-09-04 12:41:12,528 [FATAL] Updater:351 - Updater called before beeing initialized
2025-09-04 12:41:12,531 [FATAL] Updater:351 - Updater called before beeing initialized
2025-09-04 12:41:12,531 [FATAL] Updater:351 - Updater called before beeing initialized
2025-09-04 12:41:12,531 [WARN] DetailPanel:346 - Failed to get advertising image, set to default
2025-09-04 12:41:12,532 [FATAL] Updater:351 - Updater called before beeing initialized
2025-09-04 12:41:12,565 [ERROR] Updater:1198 - MainUpdater not yet initialized. External WinMGr cannot be set.
2025-09-04 12:41:12,566 [INFO] Updater:1134 - Updater Version found : 6.14.1
2025-09-04 12:41:12,580 [INFO] ApplicationProperties:184 - Using Application install path: C:\ST\STM32CubeIDE_1.18.1\STM32CubeIDE\plugins\com.st.stm32cube.common.mx_6.14.1.202504091515
2025-09-04 12:41:14,155 [ERROR] LogOutputStream:75 - [STDERR_REDIRECT] Sep 04, 2025 12:41:14 PM java.util.prefs.WindowsPreferences <init>
2025-09-04 12:41:14,156 [ERROR] LogOutputStream:75 - [STDERR_REDIRECT] WARNING: Could not open/create prefs root node Software\JavaSoft\Prefs at root 0xffffffff80000002. Windows RegCreateKeyEx(...) returned error code 5.
2025-09-04 12:41:14,157 [ERROR] LogOutputStream:75 - [STDERR_REDIRECT] 
2025-09-04 12:41:14,568 [INFO] ThirdPartyUpdaterWithRetryManager:70 - Updater plugin not ready yet. [2/15]
2025-09-04 12:41:14,582 [INFO] MainUpdater:2872 - connection check result : 10
2025-09-04 12:41:14,582 [INFO] MainUpdater:289 - Updater Check For Update Now.
2025-09-04 12:41:14,582 [INFO] MicroXplorer:498 - Change Database Version : DB.6.0.141
2025-09-04 12:41:14,588 [INFO] McuFinderGlobals:63 - Set McuFinder mode to 2 (CubeIDE integrated)
2025-09-04 12:41:14,588 [INFO] UserAuth:171 - activating auth plugin
2025-09-04 12:41:14,591 [INFO] UserAuth:484 - Internet connection configuration mode: 1
2025-09-04 12:41:14,621 [INFO] JxBrowserEngine:152 - Initiate JxBrowser Engine with user profile folder
2025-09-04 12:41:14,742 [INFO] CheckServerUpdateThread:120 - End of CheckServer Thread
2025-09-04 12:41:15,945 [INFO] WebApp:169 - Instantiating new browser for Auth
2025-09-04 12:41:16,403 [INFO] WebApp:463 - Apply proxy settings
2025-09-04 12:41:16,404 [INFO] WebApp:548 - Chromium requires no authentication
2025-09-04 12:41:16,411 [INFO] WebApp:491 - Direct internet connection detected
2025-09-04 12:41:16,427 [INFO] WebApp:894 - Register for checkConnection events
2025-09-04 12:41:16,427 [INFO] WebApp:463 - Apply proxy settings
2025-09-04 12:41:16,427 [INFO] WebApp:548 - Chromium requires no authentication
2025-09-04 12:41:16,428 [INFO] WebApp:491 - Direct internet connection detected
2025-09-04 12:41:16,572 [INFO] WebApp:225 - Starting web application
2025-09-04 12:41:16,572 [INFO] WebApp:593 - Web application path used C:\ST\STM32CubeIDE_1.18.1\STM32CubeIDE\plugins\com.st.stm32cube.common.mx_6.14.1.202504091515\db\plugins\mcufinder\reactClient1\index.html
2025-09-04 12:41:16,682 [INFO] WebApp:191 - Connection restablished
2025-09-04 12:41:17,724 [WARN] PackLoader:240 - Cannot read IP mode file for STMicroelectronics.FP-SNS-MOTENVWB1.1.4.0
2025-09-04 12:41:17,731 [WARN] PackLoader:240 - Cannot read IP mode file for STMicroelectronics.FP-ATR-ASTRA1.2.0.2
2025-09-04 12:41:17,736 [WARN] PackLoader:240 - Cannot read IP mode file for STMicroelectronics.X-CUBE-SMBUS.2.1.0
2025-09-04 12:41:17,741 [WARN] PackLoader:240 - Cannot read IP mode file for STMicroelectronics.X-CUBE-ST60.1.0.0
2025-09-04 12:41:17,762 [WARN] PackLoader:240 - Cannot read IP mode file for STMicroelectronics.X-CUBE-AZRTOS-F7.1.1.0
2025-09-04 12:41:17,780 [WARN] PackLoader:240 - Cannot read IP mode file for Infineon.AIROC-Wi-Fi-Bluetooth-STM32.1.7.0
2025-09-04 12:41:17,800 [WARN] PackLoader:240 - Cannot read IP mode file for STMicroelectronics.X-CUBE-AZRTOS-H7.3.4.0
2025-09-04 12:41:17,807 [WARN] PackLoader:240 - Cannot read IP mode file for STMicroelectronics.X-CUBE-DISPLAY.3.0.0
2025-09-04 12:41:17,818 [WARN] PackLoader:240 - Cannot read IP mode file for STMicroelectronics.X-CUBE-NFC10.1.0.0
2025-09-04 12:41:17,825 [WARN] PackLoader:240 - Cannot read IP mode file for STMicroelectronics.X-CUBE-BLEMGR.4.0.0
2025-09-04 12:41:17,832 [WARN] PackLoader:240 - Cannot read IP mode file for emotas.I-CUBE-CANOPEN.1.3.0
2025-09-04 12:41:17,835 [WARN] ConditionMgr:438 - getConditionDescription Invalid condition id : Cortex-A Device cause : null
2025-09-04 12:41:17,847 [WARN] ConditionMgr:1044 - genDependencies : Invalid condition id : Cortex-A Device cause : null
2025-09-04 12:41:17,847 [WARN] ConditionMgr:1044 - genDependencies : Invalid condition id : Cortex-A Device cause : null
2025-09-04 12:41:17,847 [WARN] ConditionMgr:1044 - genDependencies : Invalid condition id : Cortex-A Device cause : null
2025-09-04 12:41:17,851 [ERROR] Engine:466 - C:\Users\TUF\.stm32cubemx\thirdparties\pdsc\STMicroelectronics.FP-SNS-STBOX1.2.1.0.pdsc: PDSC version is not supported
2025-09-04 12:41:17,854 [WARN] PackLoader:240 - Cannot read IP mode file for STMicroelectronics.FP-SNS-SMARTAG2.1.2.0
2025-09-04 12:41:17,857 [WARN] PackLoader:240 - Cannot read IP mode file for STMicroelectronics.FP-SNS-FLIGHT1.5.1.0
2025-09-04 12:41:17,863 [INFO] LogOutputStream:77 - [STDOUT_REDIRECT] 1 : Invalid condition id : UX_CORESTACK_Condition cause : null
2025-09-04 12:41:17,864 [INFO] LogOutputStream:77 - [STDOUT_REDIRECT] 1 : Invalid condition id : UX_CORESTACK_Condition cause : null
2025-09-04 12:41:17,865 [INFO] LogOutputStream:77 - [STDOUT_REDIRECT] 1 : Invalid condition id : UX_CORESTACK_Condition cause : null
2025-09-04 12:41:17,866 [INFO] LogOutputStream:77 - [STDOUT_REDIRECT] 1 : Invalid condition id : UX_CORESTACK_Condition cause : null
2025-09-04 12:41:17,866 [INFO] LogOutputStream:77 - [STDOUT_REDIRECT] 1 : Invalid condition id : UX_CORESTACK_Condition cause : null
2025-09-04 12:41:17,868 [WARN] PackLoader:240 - Cannot read IP mode file for STMicroelectronics.X-CUBE-AZRTOS-WL.2.0.0
2025-09-04 12:41:17,870 [WARN] PackLoader:240 - Cannot read IP mode file for STMicroelectronics.FP-SNS-MOTENV1.5.0.0
2025-09-04 12:41:17,877 [WARN] PackLoader:240 - Cannot read IP mode file for WES.I-CUBE-Cesium.1.3.0
2025-09-04 12:41:17,881 [WARN] PackLoader:240 - Cannot read IP mode file for STMicroelectronics.X-CUBE-BLE2.3.3.0
2025-09-04 12:41:17,884 [WARN] PackLoader:240 - Cannot read IP mode file for STMicroelectronics.X-CUBE-NFC9.1.0.0
2025-09-04 12:41:17,887 [WARN] PackLoader:240 - Cannot read IP mode file for wolfSSL.I-CUBE-wolfSSL.5.8.0
2025-09-04 12:41:17,890 [WARN] PackLoader:240 - Cannot read IP mode file for STMicroelectronics.X-CUBE-BLE1.7.1.0
2025-09-04 12:41:17,892 [WARN] PackLoader:240 - Cannot read IP mode file for wolfSSL.I-CUBE-wolfMQTT.1.19.2
2025-09-04 12:41:17,895 [WARN] PackLoader:240 - Cannot read IP mode file for STMicroelectronics.X-CUBE-EEPRMA1.5.2.0
2025-09-04 12:41:17,899 [WARN] PackLoader:240 - Cannot read IP mode file for STMicroelectronics.X-CUBE-AI.10.1.0
2025-09-04 12:41:17,914 [WARN] PackLoader:240 - Cannot read IP mode file for STMicroelectronics.X-CUBE-AZRTOS-G0.1.1.0
2025-09-04 12:41:17,920 [WARN] PackLoader:240 - Cannot read IP mode file for STMicroelectronics.X-CUBE-SAFEA1.1.2.2
2025-09-04 12:41:17,925 [WARN] PackLoader:240 - Cannot read IP mode file for STMicroelectronics.X-CUBE-NFC4.3.0.0
2025-09-04 12:41:17,931 [WARN] PackLoader:240 - Cannot read IP mode file for EmbeddedOffice.I-CUBE-FS-RTOS.1.0.1
2025-09-04 12:41:17,934 [WARN] PackLoader:240 - Cannot read IP mode file for STMicroelectronics.X-CUBE-WB05N.2.0.0
2025-09-04 12:41:17,937 [WARN] PackLoader:240 - Cannot read IP mode file for wolfSSL.I-CUBE-wolfTPM.3.8.0
2025-09-04 12:41:17,941 [WARN] PackLoader:240 - Cannot read IP mode file for STMicroelectronics.X-CUBE-TCPP.4.2.0
2025-09-04 12:41:17,945 [WARN] PackLoader:240 - Cannot read IP mode file for RealThread.X-CUBE-RT-Thread_Nano.4.1.1
2025-09-04 12:41:17,948 [WARN] PackLoader:240 - Cannot read IP mode file for STMicroelectronics.FP-ATR-SIGFOX1.3.2.0
2025-09-04 12:41:17,952 [WARN] PackLoader:240 - Cannot read IP mode file for STMicroelectronics.X-CUBE-EEPRMA1.5.1.0
2025-09-04 12:41:17,956 [WARN] PackLoader:240 - Cannot read IP mode file for ITTIA_DB.I-CUBE-ITTIADB.8.9.0
2025-09-04 12:41:17,967 [WARN] PackLoader:240 - Cannot read IP mode file for STMicroelectronics.X-CUBE-ST67W61.1.0.0
2025-09-04 12:41:17,971 [WARN] PackLoader:240 - Cannot read IP mode file for STMicroelectronics.X-CUBE-AI.10.2.0
2025-09-04 12:41:17,983 [WARN] PackLoader:240 - Cannot read IP mode file for SEGGER.I-CUBE-embOS.1.3.1
2025-09-04 12:41:18,002 [WARN] PackLoader:240 - Cannot read IP mode file for STMicroelectronics.X-CUBE-ALGOBUILD.1.4.0
2025-09-04 12:41:18,021 [WARN] PackLoader:240 - Cannot read IP mode file for STMicroelectronics.X-CUBE-MEMS1.11.3.0
2025-09-04 12:41:18,086 [WARN] PackLoader:240 - Cannot read IP mode file for STMicroelectronics.X-CUBE-PM33A1.1.0.0
2025-09-04 12:41:18,093 [WARN] PackLoader:240 - Cannot read IP mode file for STMicroelectronics.X-CUBE-AZRTOS-F4.1.1.0
2025-09-04 12:41:18,097 [WARN] PackLoader:240 - Cannot read IP mode file for Avnet-IotConnect.X-CUBE-IoTC-DA16k-PMOD.1.0.0
2025-09-04 12:41:18,099 [WARN] PackLoader:240 - Cannot read IP mode file for STMicroelectronics.X-CUBE-ISPU.2.1.0
2025-09-04 12:41:18,103 [WARN] PackLoader:240 - Cannot read IP mode file for STMicroelectronics.X-CUBE-NFC12.1.0.0
2025-09-04 12:41:18,112 [WARN] PackLoader:240 - Cannot read IP mode file for STMicroelectronics.X-CUBE-AZRTOS-L5.2.0.0
2025-09-04 12:41:18,117 [WARN] PackLoader:240 - Cannot read IP mode file for STMicroelectronics.X-CUBE-NFC6.3.1.0
2025-09-04 12:41:18,121 [WARN] PackLoader:240 - Cannot read IP mode file for STMicroelectronics.X-CUBE-FREERTOS.1.3.1
2025-09-04 12:41:18,125 [WARN] PackLoader:240 - Cannot read IP mode file for STMicroelectronics.FP-SNS-STAIOTCFT.1.0.0
2025-09-04 12:41:18,129 [WARN] PackLoader:240 - Cannot read IP mode file for STMicroelectronics.X-CUBE-DPower.1.3.0
2025-09-04 12:41:18,140 [WARN] ConditionMgr:438 - getConditionDescription Invalid condition id : LAN8742 Phy interface Condition cause : null
2025-09-04 12:41:18,140 [WARN] PackLoader:240 - Cannot read IP mode file for STMicroelectronics.X-CUBE-AZRTOS-L4.2.0.0
2025-09-04 12:41:18,142 [WARN] ConditionMgr:1044 - genDependencies : Invalid condition id : LAN8742 Phy interface Condition cause : null
2025-09-04 12:41:18,143 [WARN] ConditionMgr:1044 - genDependencies : Invalid condition id : LAN8742 Phy interface Condition cause : null
2025-09-04 12:41:18,143 [WARN] ConditionMgr:1044 - genDependencies : Invalid condition id : LAN8742 Phy interface Condition cause : null
2025-09-04 12:41:18,151 [WARN] PackLoader:240 - Cannot read IP mode file for STMicroelectronics.X-CUBE-SFXS2LP1.4.0.0
2025-09-04 12:41:18,163 [WARN] PackLoader:240 - Cannot read IP mode file for STMicroelectronics.X-CUBE-AZRTOS-H7.3.3.0
2025-09-04 12:41:18,182 [WARN] PackLoader:240 - Cannot read IP mode file for STMicroelectronics.X-CUBE-BLEMGR.4.1.0
2025-09-04 12:41:18,194 [WARN] ConditionMgr:438 - getConditionDescription Invalid condition id : UX DEVICE CLASS RTOS Condition cause : null
2025-09-04 12:41:18,194 [WARN] ConditionMgr:438 - getConditionDescription Invalid condition id : UX DEVICE CLASS RTOS Condition cause : null
2025-09-04 12:41:18,195 [WARN] PackLoader:240 - Cannot read IP mode file for STMicroelectronics.X-CUBE-AZRTOS-WB.2.0.0
2025-09-04 12:41:18,195 [WARN] ConditionMgr:1044 - genDependencies : Invalid condition id : UX DEVICE CLASS RTOS Condition cause : null
2025-09-04 12:41:18,195 [WARN] ConditionMgr:1044 - genDependencies : Invalid condition id : UX DEVICE CLASS RTOS Condition cause : null
2025-09-04 12:41:18,196 [WARN] ConditionMgr:1044 - genDependencies : Invalid condition id : UX DEVICE CLASS RTOS Condition cause : null
2025-09-04 12:41:18,196 [WARN] ConditionMgr:1044 - genDependencies : Invalid condition id : UX DEVICE CLASS RTOS Condition cause : null
2025-09-04 12:41:18,196 [WARN] ConditionMgr:1044 - genDependencies : Invalid condition id : UX DEVICE CLASS RTOS Condition cause : null
2025-09-04 12:41:18,201 [WARN] PackLoader:240 - Cannot read IP mode file for STMicroelectronics.X-CUBE-GNSS1.7.0.1
2025-09-04 12:41:18,207 [WARN] PackLoader:240 - Cannot read IP mode file for STMicroelectronics.X-CUBE-TOUCHGFX.4.25.0
2025-09-04 12:41:18,211 [WARN] PackLoader:240 - Cannot read IP mode file for STMicroelectronics.FP-SNS-STBOX1.2.0.0
2025-09-04 12:41:18,217 [WARN] PackLoader:240 - Cannot read IP mode file for STMicroelectronics.X-CUBE-SUBG2.5.0.0
2025-09-04 12:41:18,229 [WARN] PackLoader:240 - Cannot read IP mode file for STMicroelectronics.X-CUBE-AZRTOS-H7RS.1.1.0
2025-09-04 12:41:18,233 [WARN] PackLoader:240 - Cannot read IP mode file for Cesanta.I-CUBE-Mongoose.7.13.0
2025-09-04 12:41:18,241 [WARN] PackLoader:240 - Cannot read IP mode file for STMicroelectronics.X-CUBE-AZRTOS-G4.2.0.0
2025-09-04 12:41:18,245 [WARN] PackLoader:240 - Cannot read IP mode file for wolfSSL.I-CUBE-wolfSSH.1.4.20
2025-09-04 12:41:18,249 [WARN] PackLoader:240 - Cannot read IP mode file for STMicroelectronics.X-CUBE-NFC7.2.0.0
2025-09-04 12:41:18,258 [WARN] PackLoader:240 - Cannot read IP mode file for STMicroelectronics.X-CUBE-IPS.3.1.0
2025-09-04 12:41:18,264 [WARN] PackLoader:240 - Cannot read IP mode file for STMicroelectronics.X-CUBE-ALS.1.0.2
2025-09-04 12:41:18,269 [WARN] PackLoader:240 - Cannot read IP mode file for portGmbH.I-Cube-SoM-uGOAL.1.1.0
2025-09-04 12:41:18,274 [WARN] PackLoader:240 - Cannot read IP mode file for STMicroelectronics.X-CUBE-TOF1.3.4.3
2025-09-04 12:41:18,280 [INFO] ThirdParty:978 - Integrity check success = true
2025-09-04 12:41:18,280 [INFO] IntegrityCheckThread:100 - exiting critical section [integrity check]
2025-09-04 12:41:18,280 [INFO] IntegrityCheckThread:103 - End integrity checks thread
2025-09-04 12:43:26,175 [ERROR] LogOutputStream:75 - [STDERR_REDIRECT] 
