2025-09-07 02:31:43,523 [ERROR] LogOutputStream:75 - [STDERR_REDIRECT] 
2025-09-07 20:07:09,737 [INFO] Activator:176 - 


2025-09-07 20:07:09,738 [INFO] Activator:177 - !SESSION log4j initialized
2025-09-07 20:07:13,314 [INFO] LogOutputStream:77 - [STDOUT_REDIRECT] 
2025-09-07 20:07:14,236 [INFO] ApplicationProperties:184 - Using Application install path: C:\ST\STM32CubeIDE_1.18.1\STM32CubeIDE\plugins\com.st.stm32cube.common.mx_6.14.1.202504091515
2025-09-07 20:07:14,248 [INFO] DbMcusXml:78 - Set database path to: C:\ST\STM32CubeIDE_1.18.1\STM32CubeIDE\plugins\com.st.stm32cube.common.mx_6.14.1.202504091515\\db\/mcu/
2025-09-07 20:07:14,249 [INFO] ApiDb:274 - Set plugin database path to: C:\ST\STM32CubeIDE_1.18.1\STM32CubeIDE\plugins\com.st.stm32cube.common.mx_6.14.1.202504091515\\db\/plugins/boardmanager/
2025-09-07 20:07:14,251 [WARN] ApiDb:259 - Overriding images path with different value:  => C:\ST\STM32CubeIDE_1.18.1\STM32CubeIDE\plugins\com.st.stm32cube.common.mx_6.14.1.202504091515\\db\/plugins/mcufinder/images/
2025-09-07 20:07:14,256 [INFO] ApiDb:250 - Set database path to: C:\Users\TUF\.stmcufinder\plugins\mcufinder//mcu/
2025-09-07 20:07:14,258 [INFO] DbMcusAds:125 - Set database path to: C:\Users\TUF\.stmcufinder\plugins\mcufinder//mcu/
2025-09-07 20:07:14,259 [INFO] CrossReferenceDbSqlite:203 - Set database path to: C:\Users\TUF\.stmcufinder\plugins\mcufinder//mcu/cs/
2025-09-07 20:07:14,337 [INFO] RulesReader:64 - Compatibility file has been processed (302 Rules)
2025-09-07 20:07:14,403 [INFO] DbMcusXml:78 - Set database path to: C:\ST\STM32CubeIDE_1.18.1\STM32CubeIDE\plugins\com.st.stm32cube.common.mx_6.14.1.202504091515\\db\/mcu/
2025-09-07 20:07:14,403 [INFO] ApiDb:274 - Set plugin database path to: C:\ST\STM32CubeIDE_1.18.1\STM32CubeIDE\plugins\com.st.stm32cube.common.mx_6.14.1.202504091515\\db\/plugins/boardmanager/
2025-09-07 20:07:14,403 [INFO] ApiDb:261 - Set plugin images path to: C:\ST\STM32CubeIDE_1.18.1\STM32CubeIDE\plugins\com.st.stm32cube.common.mx_6.14.1.202504091515\\db\/plugins/mcufinder/images/
2025-09-07 20:07:14,403 [WARN] DbFile:41 - Overriding database path with different value: C:\Users\TUF\.stmcufinder\plugins\mcufinder/ => C:\Users\TUF\.stmcufinder\plugins\mcufinder
2025-09-07 20:07:14,404 [INFO] ApiDb:250 - Set database path to: C:\Users\TUF\.stmcufinder\plugins\mcufinder//mcu/
2025-09-07 20:07:14,404 [WARN] DbFile:41 - Overriding database path with different value: C:\Users\TUF\.stmcufinder\plugins\mcufinder/ => C:\Users\TUF\.stmcufinder\plugins\mcufinder
2025-09-07 20:07:14,404 [INFO] DbMcusAds:125 - Set database path to: C:\Users\TUF\.stmcufinder\plugins\mcufinder//mcu/
2025-09-07 20:07:14,404 [WARN] DbFile:41 - Overriding database path with different value: C:\Users\TUF\.stmcufinder\plugins\mcufinder/ => C:\Users\TUF\.stmcufinder\plugins\mcufinder
2025-09-07 20:07:14,404 [WARN] DbFile:41 - Overriding database path with different value: C:\Users\TUF\.stmcufinder\plugins\mcufinder/ => C:\Users\TUF\.stmcufinder\plugins\mcufinder
2025-09-07 20:07:14,404 [INFO] CrossReferenceDbSqlite:203 - Set database path to: C:\Users\TUF\.stmcufinder\plugins\mcufinder//mcu/cs/
2025-09-07 20:07:14,463 [INFO] MainPanel:272 - HeapMemory: 268435456
2025-09-07 20:07:14,546 [INFO] DbMcusXml:78 - Set database path to: C:\ST\STM32CubeIDE_1.18.1\STM32CubeIDE\plugins\com.st.stm32cube.common.mx_6.14.1.202504091515\\db\/mcu/
2025-09-07 20:07:14,546 [INFO] ApiDb:274 - Set plugin database path to: C:\ST\STM32CubeIDE_1.18.1\STM32CubeIDE\plugins\com.st.stm32cube.common.mx_6.14.1.202504091515\\db\/plugins/boardmanager/
2025-09-07 20:07:14,546 [INFO] ApiDb:261 - Set plugin images path to: C:\ST\STM32CubeIDE_1.18.1\STM32CubeIDE\plugins\com.st.stm32cube.common.mx_6.14.1.202504091515\\db\/plugins/mcufinder/images/
2025-09-07 20:07:14,546 [WARN] DbFile:41 - Overriding database path with different value: C:\Users\TUF\.stmcufinder\plugins\mcufinder/ => C:\Users\TUF\.stmcufinder\plugins\mcufinder
2025-09-07 20:07:14,546 [INFO] ApiDb:250 - Set database path to: C:\Users\TUF\.stmcufinder\plugins\mcufinder//mcu/
2025-09-07 20:07:14,546 [WARN] DbFile:41 - Overriding database path with different value: C:\Users\TUF\.stmcufinder\plugins\mcufinder/ => C:\Users\TUF\.stmcufinder\plugins\mcufinder
2025-09-07 20:07:14,546 [INFO] DbMcusAds:125 - Set database path to: C:\Users\TUF\.stmcufinder\plugins\mcufinder//mcu/
2025-09-07 20:07:14,547 [WARN] DbFile:41 - Overriding database path with different value: C:\Users\TUF\.stmcufinder\plugins\mcufinder/ => C:\Users\TUF\.stmcufinder\plugins\mcufinder
2025-09-07 20:07:14,547 [WARN] DbFile:41 - Overriding database path with different value: C:\Users\TUF\.stmcufinder\plugins\mcufinder/ => C:\Users\TUF\.stmcufinder\plugins\mcufinder
2025-09-07 20:07:14,547 [INFO] CrossReferenceDbSqlite:203 - Set database path to: C:\Users\TUF\.stmcufinder\plugins\mcufinder//mcu/cs/
2025-09-07 20:07:14,559 [INFO] ApplicationProperties:184 - Using Application install path: C:\ST\STM32CubeIDE_1.18.1\STM32CubeIDE\plugins\com.st.stm32cube.common.mx_6.14.1.202504091515
2025-09-07 20:07:14,560 [INFO] PluginManage:196 - Search for loadable plugins [exclusion list=, ]
2025-09-07 20:07:14,561 [INFO] PluginManage:310 - Check plugin analytics
2025-09-07 20:07:14,696 [INFO] AnalyticsPlugin:253 - Accepted Software Licenses: 
2025-09-07 20:07:14,696 [INFO] AnalyticsPlugin:255 - Accepted CMSIS Pack Licenses: 
2025-09-07 20:07:14,696 [INFO] AnalyticsPlugin:257 - Accepted Firmware Licenses: 
2025-09-07 20:07:14,699 [INFO] PluginManage:359 - Loaded plugin analytics (category:tool,tabindex:-1)
2025-09-07 20:07:14,699 [INFO] PluginManage:310 - Check plugin cadmodel
2025-09-07 20:07:14,706 [INFO] CADModel:105 - Init CAD model plugin
2025-09-07 20:07:14,706 [INFO] PluginManage:359 - Loaded plugin cadmodel (category:power,tabindex:5)
2025-09-07 20:07:14,706 [INFO] PluginManage:310 - Check plugin clock
2025-09-07 20:07:14,714 [INFO] PluginManage:359 - Loaded plugin clock (category:base,tabindex:2)
2025-09-07 20:07:14,714 [INFO] PluginManage:310 - Check plugin ddr
2025-09-07 20:07:14,715 [INFO] PluginManage:359 - Loaded plugin ddr (category:tool,tabindex:6)
2025-09-07 20:07:14,715 [INFO] PluginManage:310 - Check plugin filemanager
2025-09-07 20:07:14,826 [INFO] PluginManage:359 - Loaded plugin filemanager (category:base,tabindex:10)
2025-09-07 20:07:14,826 [INFO] PluginManage:310 - Check plugin ipmanager
2025-09-07 20:07:14,831 [INFO] PluginManage:359 - Loaded plugin ipmanager (category:base,tabindex:5)
2025-09-07 20:07:14,831 [INFO] PluginManage:310 - Check plugin lpbam
2025-09-07 20:07:14,837 [INFO] PluginManage:359 - Loaded plugin lpbam (category:base,tabindex:0)
2025-09-07 20:07:14,837 [INFO] PluginManage:310 - Check plugin memorymap
2025-09-07 20:07:14,847 [INFO] PluginManage:359 - Loaded plugin memorymap (category:base,tabindex:4)
2025-09-07 20:07:14,847 [INFO] PluginManage:310 - Check plugin pinoutandconfiguration
2025-09-07 20:07:14,854 [INFO] PluginManage:359 - Loaded plugin pinoutandconfiguration (category:base,tabindex:1)
2025-09-07 20:07:14,855 [INFO] PluginManage:310 - Check plugin pinoutconfig
2025-09-07 20:07:14,917 [WARN] SupportedApi:132 - Cannot load RTOS API schema: s4s-elt-must-match.1: The content of 'definitions' must match (annotation?, (simpleType | complexType)?, (unique | key | keyref)*)). A problem was found starting at: attribute.
2025-09-07 20:07:15,010 [INFO] PluginManage:359 - Loaded plugin pinoutconfig (category:base,tabindex:0)
2025-09-07 20:07:15,010 [INFO] PluginManage:310 - Check plugin power
2025-09-07 20:07:15,017 [INFO] PluginManage:359 - Loaded plugin power (category:power,tabindex:4)
2025-09-07 20:07:15,017 [INFO] PluginManage:310 - Check plugin projectmanager
2025-09-07 20:07:15,026 [INFO] PluginManage:359 - Loaded plugin projectmanager (category:projectmanager,tabindex:4)
2025-09-07 20:07:15,026 [INFO] PluginManage:310 - Check plugin rif
2025-09-07 20:07:15,035 [INFO] PluginManage:359 - Loaded plugin rif (category:base,tabindex:3)
2025-09-07 20:07:15,035 [INFO] PluginManage:310 - Check plugin thirdparty
2025-09-07 20:07:15,134 [INFO] PluginManage:359 - Loaded plugin thirdparty (category:base,tabindex:-1)
2025-09-07 20:07:15,134 [WARN] IntegrityCheckThread:84 - waiting for thirdparty lock release [integrity check]
2025-09-07 20:07:15,134 [INFO] PluginManage:310 - Check plugin tools
2025-09-07 20:07:15,134 [INFO] IntegrityCheckThread:86 - entering critical section [integrity check]
2025-09-07 20:07:15,134 [INFO] ThirdPartyUpdaterWithRetryManager:70 - Updater plugin not ready yet. [1/15]
2025-09-07 20:07:15,137 [INFO] PluginManage:359 - Loaded plugin tools (category:base,tabindex:7)
2025-09-07 20:07:15,137 [INFO] PluginManage:310 - Check plugin tutovideos
2025-09-07 20:07:15,250 [INFO] PluginManage:359 - Loaded plugin tutovideos (category:base,tabindex:-1)
2025-09-07 20:07:15,250 [INFO] PluginManage:310 - Check plugin updater
2025-09-07 20:07:15,265 [INFO] PluginManage:359 - Loaded plugin updater (category:base,tabindex:12)
2025-09-07 20:07:15,265 [INFO] PluginManage:310 - Check plugin userauth
2025-09-07 20:07:15,268 [INFO] UserAuth:118 - Init User Auth plugin
2025-09-07 20:07:15,269 [INFO] PluginManage:359 - Loaded plugin userauth (category:base,tabindex:14)
2025-09-07 20:07:15,269 [INFO] PluginManage:283 - PluginManage : Loaded plugins [18]
2025-09-07 20:07:15,405 [INFO] PinOutPanel:1589 - setPackage(No Configuration,No Configuration)
2025-09-07 20:07:15,467 [INFO] CADModel:165 - CPN selected for project level
2025-09-07 20:07:15,468 [INFO] CADModel:114 - Register for checkConnection events
2025-09-07 20:07:15,484 [INFO] IPUIPlugin:80 - create IPUIPlugin
2025-09-07 20:07:15,484 [INFO] PluginManager:220 - loadIPPluginJar : add adc
2025-09-07 20:07:15,487 [INFO] IPUIPlugin:80 - create IPUIPlugin
2025-09-07 20:07:15,487 [INFO] PluginManager:220 - loadIPPluginJar : add aes
2025-09-07 20:07:15,489 [INFO] IPUIPlugin:80 - create IPUIPlugin
2025-09-07 20:07:15,489 [INFO] PluginManager:220 - loadIPPluginJar : add can
2025-09-07 20:07:15,491 [INFO] IPUIPlugin:80 - create IPUIPlugin
2025-09-07 20:07:15,491 [INFO] PluginManager:220 - loadIPPluginJar : add comp
2025-09-07 20:07:15,493 [INFO] IPUIPlugin:80 - create IPUIPlugin
2025-09-07 20:07:15,493 [INFO] PluginManager:220 - loadIPPluginJar : add cryp
2025-09-07 20:07:15,496 [INFO] IPUIPlugin:80 - create IPUIPlugin
2025-09-07 20:07:15,496 [INFO] PluginManager:220 - loadIPPluginJar : add ddr_ctrl_phy
2025-09-07 20:07:15,498 [INFO] IPUIPlugin:80 - create IPUIPlugin
2025-09-07 20:07:15,498 [INFO] PluginManager:220 - loadIPPluginJar : add dfsdm
2025-09-07 20:07:15,503 [INFO] IPUIPlugin:80 - create IPUIPlugin
2025-09-07 20:07:15,504 [INFO] PluginManager:220 - loadIPPluginJar : add dma
2025-09-07 20:07:15,506 [INFO] IPUIPlugin:80 - create IPUIPlugin
2025-09-07 20:07:15,506 [INFO] PluginManager:220 - loadIPPluginJar : add dma3
2025-09-07 20:07:15,508 [INFO] IPUIPlugin:80 - create IPUIPlugin
2025-09-07 20:07:15,508 [INFO] PluginManager:220 - loadIPPluginJar : add extmemmanager
2025-09-07 20:07:15,510 [INFO] IPUIPlugin:80 - create IPUIPlugin
2025-09-07 20:07:15,510 [INFO] PluginManager:220 - loadIPPluginJar : add fatfs
2025-09-07 20:07:15,513 [INFO] IPUIPlugin:80 - create IPUIPlugin
2025-09-07 20:07:15,513 [INFO] PluginManager:220 - loadIPPluginJar : add fmc
2025-09-07 20:07:15,519 [INFO] IPUIPlugin:80 - create IPUIPlugin
2025-09-07 20:07:15,519 [INFO] PluginManager:220 - loadIPPluginJar : add freertos
2025-09-07 20:07:15,520 [INFO] IPUIPlugin:80 - create IPUIPlugin
2025-09-07 20:07:15,521 [INFO] PluginManager:220 - loadIPPluginJar : add genericplugin
2025-09-07 20:07:15,522 [INFO] IPUIPlugin:80 - create IPUIPlugin
2025-09-07 20:07:15,522 [INFO] PluginManager:220 - loadIPPluginJar : add gfxmmu
2025-09-07 20:07:15,526 [INFO] IPUIPlugin:80 - create IPUIPlugin
2025-09-07 20:07:15,526 [INFO] PluginManager:220 - loadIPPluginJar : add gic
2025-09-07 20:07:15,530 [INFO] IPUIPlugin:80 - create IPUIPlugin
2025-09-07 20:07:15,530 [INFO] PluginManager:220 - loadIPPluginJar : add gpio
2025-09-07 20:07:15,532 [INFO] IPUIPlugin:80 - create IPUIPlugin
2025-09-07 20:07:15,532 [INFO] PluginManager:220 - loadIPPluginJar : add gtzc
2025-09-07 20:07:15,534 [INFO] IPUIPlugin:80 - create IPUIPlugin
2025-09-07 20:07:15,534 [INFO] PluginManager:220 - loadIPPluginJar : add hash
2025-09-07 20:07:15,536 [INFO] IPUIPlugin:80 - create IPUIPlugin
2025-09-07 20:07:15,536 [INFO] PluginManager:220 - loadIPPluginJar : add i2c
2025-09-07 20:07:15,538 [INFO] IPUIPlugin:80 - create IPUIPlugin
2025-09-07 20:07:15,538 [INFO] PluginManager:220 - loadIPPluginJar : add i2s
2025-09-07 20:07:15,541 [INFO] IPUIPlugin:80 - create IPUIPlugin
2025-09-07 20:07:15,541 [INFO] PluginManager:220 - loadIPPluginJar : add i3c
2025-09-07 20:07:15,544 [INFO] IPUIPlugin:80 - create IPUIPlugin
2025-09-07 20:07:15,544 [INFO] PluginManager:220 - loadIPPluginJar : add ipddr
2025-09-07 20:07:15,550 [INFO] IPUIPlugin:80 - create IPUIPlugin
2025-09-07 20:07:15,550 [INFO] PluginManager:220 - loadIPPluginJar : add linkedlist
2025-09-07 20:07:15,553 [INFO] IPUIPlugin:80 - create IPUIPlugin
2025-09-07 20:07:15,553 [INFO] PluginManager:220 - loadIPPluginJar : add lorawan
2025-09-07 20:07:15,555 [INFO] IPUIPlugin:80 - create IPUIPlugin
2025-09-07 20:07:15,555 [INFO] PluginManager:220 - loadIPPluginJar : add ltdc
2025-09-07 20:07:15,559 [INFO] IPUIPlugin:80 - create IPUIPlugin
2025-09-07 20:07:15,559 [INFO] PluginManager:220 - loadIPPluginJar : add mdma
2025-09-07 20:07:15,562 [INFO] IPUIPlugin:80 - create IPUIPlugin
2025-09-07 20:07:15,562 [INFO] PluginManager:220 - loadIPPluginJar : add nvic
2025-09-07 20:07:15,564 [INFO] IPUIPlugin:80 - create IPUIPlugin
2025-09-07 20:07:15,564 [INFO] PluginManager:220 - loadIPPluginJar : add opamp
2025-09-07 20:07:15,567 [INFO] IPUIPlugin:80 - create IPUIPlugin
2025-09-07 20:07:15,567 [INFO] PluginManager:220 - loadIPPluginJar : add openamp
2025-09-07 20:07:15,570 [INFO] IPUIPlugin:80 - create IPUIPlugin
2025-09-07 20:07:15,570 [INFO] PluginManager:220 - loadIPPluginJar : add pdm2pcm
2025-09-07 20:07:15,575 [INFO] IPUIPlugin:80 - create IPUIPlugin
2025-09-07 20:07:15,576 [INFO] PluginManager:220 - loadIPPluginJar : add plateformsettings
2025-09-07 20:07:15,578 [INFO] IPUIPlugin:80 - create IPUIPlugin
2025-09-07 20:07:15,578 [INFO] PluginManager:220 - loadIPPluginJar : add quadspi
2025-09-07 20:07:15,580 [INFO] IPUIPlugin:80 - create IPUIPlugin
2025-09-07 20:07:15,580 [INFO] PluginManager:220 - loadIPPluginJar : add radio
2025-09-07 20:07:15,583 [INFO] IPUIPlugin:80 - create IPUIPlugin
2025-09-07 20:07:15,583 [INFO] PluginManager:220 - loadIPPluginJar : add resmgrutility
2025-09-07 20:07:15,585 [INFO] IPUIPlugin:80 - create IPUIPlugin
2025-09-07 20:07:15,586 [INFO] PluginManager:220 - loadIPPluginJar : add sai
2025-09-07 20:07:15,588 [INFO] IPUIPlugin:80 - create IPUIPlugin
2025-09-07 20:07:15,588 [INFO] PluginManager:220 - loadIPPluginJar : add spi
2025-09-07 20:07:15,594 [INFO] IPUIPlugin:80 - create IPUIPlugin
2025-09-07 20:07:15,594 [INFO] PluginManager:220 - loadIPPluginJar : add stm32_wpan
2025-09-07 20:07:15,596 [INFO] IPUIPlugin:80 - create IPUIPlugin
2025-09-07 20:07:15,596 [INFO] PluginManager:220 - loadIPPluginJar : add tim
2025-09-07 20:07:15,598 [INFO] IPUIPlugin:80 - create IPUIPlugin
2025-09-07 20:07:15,599 [INFO] PluginManager:220 - loadIPPluginJar : add touchsensing
2025-09-07 20:07:15,600 [INFO] IPUIPlugin:80 - create IPUIPlugin
2025-09-07 20:07:15,600 [INFO] PluginManager:220 - loadIPPluginJar : add tracer_emb
2025-09-07 20:07:15,602 [INFO] IPUIPlugin:80 - create IPUIPlugin
2025-09-07 20:07:15,602 [INFO] PluginManager:220 - loadIPPluginJar : add ts
2025-09-07 20:07:15,603 [INFO] IPUIPlugin:80 - create IPUIPlugin
2025-09-07 20:07:15,603 [INFO] PluginManager:220 - loadIPPluginJar : add tsc
2025-09-07 20:07:15,605 [INFO] IPUIPlugin:80 - create IPUIPlugin
2025-09-07 20:07:15,605 [INFO] PluginManager:220 - loadIPPluginJar : add ucpd
2025-09-07 20:07:15,608 [INFO] IPUIPlugin:80 - create IPUIPlugin
2025-09-07 20:07:15,608 [INFO] PluginManager:220 - loadIPPluginJar : add usart
2025-09-07 20:07:15,612 [INFO] IPUIPlugin:80 - create IPUIPlugin
2025-09-07 20:07:15,612 [INFO] PluginManager:220 - loadIPPluginJar : add usbx
2025-09-07 20:07:15,724 [FATAL] Updater:351 - Updater called before beeing initialized
2025-09-07 20:07:15,742 [INFO] RulesReader:64 - Compatibility file has been processed (302 Rules)
2025-09-07 20:07:15,749 [INFO] RulesReader:64 - Compatibility file has been processed (302 Rules)
2025-09-07 20:07:15,755 [INFO] CADModel:165 - CPN selected for project level
2025-09-07 20:07:15,755 [INFO] CADModel:114 - Register for checkConnection events
2025-09-07 20:07:15,755 [FATAL] Updater:351 - Updater called before beeing initialized
2025-09-07 20:07:15,755 [ERROR] CADModel:125 - Updater not yet initialized, retry later 
2025-09-07 20:07:15,862 [FATAL] Updater:351 - Updater called before beeing initialized
2025-09-07 20:07:15,865 [INFO] CADModel:165 - CPN selected for project level
2025-09-07 20:07:15,865 [INFO] CADModel:114 - Register for checkConnection events
2025-09-07 20:07:15,865 [FATAL] Updater:351 - Updater called before beeing initialized
2025-09-07 20:07:15,865 [ERROR] CADModel:125 - Updater not yet initialized, retry later 
2025-09-07 20:07:15,866 [FATAL] Updater:351 - Updater called before beeing initialized
2025-09-07 20:07:15,934 [FATAL] Updater:351 - Updater called before beeing initialized
2025-09-07 20:07:15,937 [INFO] DbMcusAds:53 - JSON generation date=Tue Jul 08 16:14:23 CST 2025 (1751962463593)
2025-09-07 20:07:15,937 [FATAL] Updater:351 - Updater called before beeing initialized
2025-09-07 20:07:15,963 [WARN] DetailPanel:346 - Failed to get advertising image, set to default
2025-09-07 20:07:16,111 [FATAL] Updater:351 - Updater called before beeing initialized
2025-09-07 20:07:16,113 [FATAL] Updater:351 - Updater called before beeing initialized
2025-09-07 20:07:16,113 [FATAL] Updater:351 - Updater called before beeing initialized
2025-09-07 20:07:16,114 [WARN] DetailPanel:346 - Failed to get advertising image, set to default
2025-09-07 20:07:16,114 [FATAL] Updater:351 - Updater called before beeing initialized
2025-09-07 20:07:16,145 [ERROR] Updater:1198 - MainUpdater not yet initialized. External WinMGr cannot be set.
2025-09-07 20:07:16,146 [INFO] Updater:1134 - Updater Version found : 6.14.1
2025-09-07 20:07:16,162 [INFO] ApplicationProperties:184 - Using Application install path: C:\ST\STM32CubeIDE_1.18.1\STM32CubeIDE\plugins\com.st.stm32cube.common.mx_6.14.1.202504091515
2025-09-07 20:07:17,729 [ERROR] LogOutputStream:75 - [STDERR_REDIRECT] Sep 07, 2025 8:07:17 PM java.util.prefs.WindowsPreferences <init>
2025-09-07 20:07:17,730 [ERROR] LogOutputStream:75 - [STDERR_REDIRECT] WARNING: Could not open/create prefs root node Software\JavaSoft\Prefs at root 0xffffffff80000002. Windows RegCreateKeyEx(...) returned error code 5.
2025-09-07 20:07:17,730 [ERROR] LogOutputStream:75 - [STDERR_REDIRECT] 
2025-09-07 20:07:18,071 [INFO] MainUpdater:2872 - connection check result : 10
2025-09-07 20:07:18,072 [INFO] MainUpdater:289 - Updater Check For Update Now.
2025-09-07 20:07:18,072 [INFO] MicroXplorer:498 - Change Database Version : DB.6.0.141
2025-09-07 20:07:18,078 [INFO] McuFinderGlobals:63 - Set McuFinder mode to 2 (CubeIDE integrated)
2025-09-07 20:07:18,078 [INFO] UserAuth:171 - activating auth plugin
2025-09-07 20:07:18,081 [INFO] UserAuth:484 - Internet connection configuration mode: 1
2025-09-07 20:07:18,107 [INFO] JxBrowserEngine:152 - Initiate JxBrowser Engine with user profile folder
2025-09-07 20:07:18,136 [WARN] MainUpdater:1193 - Updater busy. Cannot search thirdparties
2025-09-07 20:07:18,136 [INFO] ThirdPartyUpdaterWithRetryManager:96 - Updater plugin is busy. [1/15]
2025-09-07 20:07:18,224 [INFO] CheckServerUpdateThread:120 - End of CheckServer Thread
2025-09-07 20:07:19,342 [INFO] WebApp:169 - Instantiating new browser for Auth
2025-09-07 20:07:19,847 [INFO] WebApp:463 - Apply proxy settings
2025-09-07 20:07:19,848 [INFO] WebApp:548 - Chromium requires no authentication
2025-09-07 20:07:19,855 [INFO] WebApp:491 - Direct internet connection detected
2025-09-07 20:07:19,872 [INFO] WebApp:894 - Register for checkConnection events
2025-09-07 20:07:19,872 [INFO] WebApp:463 - Apply proxy settings
2025-09-07 20:07:19,872 [INFO] WebApp:548 - Chromium requires no authentication
2025-09-07 20:07:19,873 [INFO] WebApp:491 - Direct internet connection detected
2025-09-07 20:07:19,992 [INFO] WebApp:191 - Connection restablished
2025-09-07 20:07:20,019 [INFO] WebApp:225 - Starting web application
2025-09-07 20:07:20,019 [INFO] WebApp:593 - Web application path used C:\ST\STM32CubeIDE_1.18.1\STM32CubeIDE\plugins\com.st.stm32cube.common.mx_6.14.1.202504091515\db\plugins\mcufinder\reactClient1\index.html
2025-09-07 20:07:21,306 [WARN] PackLoader:240 - Cannot read IP mode file for STMicroelectronics.FP-SNS-MOTENVWB1.1.4.0
2025-09-07 20:07:21,312 [WARN] PackLoader:240 - Cannot read IP mode file for STMicroelectronics.FP-ATR-ASTRA1.2.0.2
2025-09-07 20:07:21,318 [WARN] PackLoader:240 - Cannot read IP mode file for STMicroelectronics.X-CUBE-SMBUS.2.1.0
2025-09-07 20:07:21,321 [WARN] PackLoader:240 - Cannot read IP mode file for STMicroelectronics.X-CUBE-ST60.1.0.0
2025-09-07 20:07:21,339 [WARN] PackLoader:240 - Cannot read IP mode file for STMicroelectronics.X-CUBE-AZRTOS-F7.1.1.0
2025-09-07 20:07:21,366 [WARN] PackLoader:240 - Cannot read IP mode file for Infineon.AIROC-Wi-Fi-Bluetooth-STM32.1.7.0
2025-09-07 20:07:21,404 [WARN] PackLoader:240 - Cannot read IP mode file for STMicroelectronics.X-CUBE-AZRTOS-H7.3.4.0
2025-09-07 20:07:21,416 [WARN] PackLoader:240 - Cannot read IP mode file for STMicroelectronics.X-CUBE-DISPLAY.3.0.0
2025-09-07 20:07:21,429 [WARN] PackLoader:240 - Cannot read IP mode file for STMicroelectronics.X-CUBE-NFC10.1.0.0
2025-09-07 20:07:21,437 [WARN] PackLoader:240 - Cannot read IP mode file for STMicroelectronics.X-CUBE-BLEMGR.4.0.0
2025-09-07 20:07:21,443 [WARN] PackLoader:240 - Cannot read IP mode file for emotas.I-CUBE-CANOPEN.1.3.0
2025-09-07 20:07:21,446 [WARN] ConditionMgr:438 - getConditionDescription Invalid condition id : Cortex-A Device cause : null
2025-09-07 20:07:21,456 [WARN] ConditionMgr:1044 - genDependencies : Invalid condition id : Cortex-A Device cause : null
2025-09-07 20:07:21,457 [WARN] ConditionMgr:1044 - genDependencies : Invalid condition id : Cortex-A Device cause : null
2025-09-07 20:07:21,457 [WARN] ConditionMgr:1044 - genDependencies : Invalid condition id : Cortex-A Device cause : null
2025-09-07 20:07:21,460 [ERROR] Engine:466 - C:\Users\TUF\.stm32cubemx\thirdparties\pdsc\STMicroelectronics.FP-SNS-STBOX1.2.1.0.pdsc: PDSC version is not supported
2025-09-07 20:07:21,463 [WARN] PackLoader:240 - Cannot read IP mode file for STMicroelectronics.FP-SNS-SMARTAG2.1.2.0
2025-09-07 20:07:21,466 [WARN] PackLoader:240 - Cannot read IP mode file for STMicroelectronics.FP-SNS-FLIGHT1.5.1.0
2025-09-07 20:07:21,472 [INFO] LogOutputStream:77 - [STDOUT_REDIRECT] 1 : Invalid condition id : UX_CORESTACK_Condition cause : null
2025-09-07 20:07:21,473 [INFO] LogOutputStream:77 - [STDOUT_REDIRECT] 1 : Invalid condition id : UX_CORESTACK_Condition cause : null
2025-09-07 20:07:21,474 [INFO] LogOutputStream:77 - [STDOUT_REDIRECT] 1 : Invalid condition id : UX_CORESTACK_Condition cause : null
2025-09-07 20:07:21,474 [INFO] LogOutputStream:77 - [STDOUT_REDIRECT] 1 : Invalid condition id : UX_CORESTACK_Condition cause : null
2025-09-07 20:07:21,475 [INFO] LogOutputStream:77 - [STDOUT_REDIRECT] 1 : Invalid condition id : UX_CORESTACK_Condition cause : null
2025-09-07 20:07:21,476 [WARN] PackLoader:240 - Cannot read IP mode file for STMicroelectronics.X-CUBE-AZRTOS-WL.2.0.0
2025-09-07 20:07:21,480 [WARN] PackLoader:240 - Cannot read IP mode file for STMicroelectronics.FP-SNS-MOTENV1.5.0.0
2025-09-07 20:07:21,486 [WARN] PackLoader:240 - Cannot read IP mode file for WES.I-CUBE-Cesium.1.3.0
2025-09-07 20:07:21,490 [WARN] PackLoader:240 - Cannot read IP mode file for STMicroelectronics.X-CUBE-BLE2.3.3.0
2025-09-07 20:07:21,494 [WARN] PackLoader:240 - Cannot read IP mode file for STMicroelectronics.X-CUBE-NFC9.1.0.0
2025-09-07 20:07:21,499 [WARN] PackLoader:240 - Cannot read IP mode file for wolfSSL.I-CUBE-wolfSSL.5.8.0
2025-09-07 20:07:21,502 [WARN] PackLoader:240 - Cannot read IP mode file for STMicroelectronics.X-CUBE-BLE1.7.1.0
2025-09-07 20:07:21,506 [WARN] PackLoader:240 - Cannot read IP mode file for wolfSSL.I-CUBE-wolfMQTT.1.19.2
2025-09-07 20:07:21,510 [WARN] PackLoader:240 - Cannot read IP mode file for STMicroelectronics.X-CUBE-EEPRMA1.5.2.0
2025-09-07 20:07:21,515 [WARN] PackLoader:240 - Cannot read IP mode file for STMicroelectronics.X-CUBE-AI.10.1.0
2025-09-07 20:07:21,522 [WARN] PackLoader:240 - Cannot read IP mode file for STMicroelectronics.X-CUBE-AZRTOS-G0.1.1.0
2025-09-07 20:07:21,528 [WARN] PackLoader:240 - Cannot read IP mode file for STMicroelectronics.X-CUBE-SAFEA1.1.2.2
2025-09-07 20:07:21,533 [WARN] PackLoader:240 - Cannot read IP mode file for STMicroelectronics.X-CUBE-NFC4.3.0.0
2025-09-07 20:07:21,537 [WARN] PackLoader:240 - Cannot read IP mode file for EmbeddedOffice.I-CUBE-FS-RTOS.1.0.1
2025-09-07 20:07:21,542 [WARN] PackLoader:240 - Cannot read IP mode file for STMicroelectronics.X-CUBE-WB05N.2.0.0
2025-09-07 20:07:21,545 [WARN] PackLoader:240 - Cannot read IP mode file for wolfSSL.I-CUBE-wolfTPM.3.8.0
2025-09-07 20:07:21,549 [WARN] PackLoader:240 - Cannot read IP mode file for STMicroelectronics.X-CUBE-TCPP.4.2.0
2025-09-07 20:07:21,553 [WARN] PackLoader:240 - Cannot read IP mode file for RealThread.X-CUBE-RT-Thread_Nano.4.1.1
2025-09-07 20:07:21,557 [WARN] PackLoader:240 - Cannot read IP mode file for STMicroelectronics.FP-ATR-SIGFOX1.3.2.0
2025-09-07 20:07:21,560 [WARN] PackLoader:240 - Cannot read IP mode file for STMicroelectronics.X-CUBE-EEPRMA1.5.1.0
2025-09-07 20:07:21,564 [WARN] PackLoader:240 - Cannot read IP mode file for ITTIA_DB.I-CUBE-ITTIADB.8.9.0
2025-09-07 20:07:21,570 [WARN] PackLoader:240 - Cannot read IP mode file for STMicroelectronics.X-CUBE-ST67W61.1.0.0
2025-09-07 20:07:21,572 [WARN] PackLoader:240 - Cannot read IP mode file for STMicroelectronics.X-CUBE-AI.10.2.0
2025-09-07 20:07:21,590 [WARN] PackLoader:240 - Cannot read IP mode file for SEGGER.I-CUBE-embOS.1.3.1
2025-09-07 20:07:21,614 [WARN] PackLoader:240 - Cannot read IP mode file for STMicroelectronics.X-CUBE-ALGOBUILD.1.4.0
2025-09-07 20:07:21,637 [WARN] PackLoader:240 - Cannot read IP mode file for STMicroelectronics.X-CUBE-MEMS1.11.3.0
2025-09-07 20:07:21,705 [WARN] PackLoader:240 - Cannot read IP mode file for STMicroelectronics.X-CUBE-PM33A1.1.0.0
2025-09-07 20:07:21,715 [WARN] PackLoader:240 - Cannot read IP mode file for STMicroelectronics.X-CUBE-AZRTOS-F4.1.1.0
2025-09-07 20:07:21,720 [WARN] PackLoader:240 - Cannot read IP mode file for Avnet-IotConnect.X-CUBE-IoTC-DA16k-PMOD.1.0.0
2025-09-07 20:07:21,723 [WARN] PackLoader:240 - Cannot read IP mode file for STMicroelectronics.X-CUBE-ISPU.2.1.0
2025-09-07 20:07:21,728 [WARN] PackLoader:240 - Cannot read IP mode file for STMicroelectronics.X-CUBE-NFC12.1.0.0
2025-09-07 20:07:21,736 [WARN] PackLoader:240 - Cannot read IP mode file for STMicroelectronics.X-CUBE-AZRTOS-L5.2.0.0
2025-09-07 20:07:21,742 [WARN] PackLoader:240 - Cannot read IP mode file for STMicroelectronics.X-CUBE-NFC6.3.1.0
2025-09-07 20:07:21,747 [WARN] PackLoader:240 - Cannot read IP mode file for STMicroelectronics.X-CUBE-FREERTOS.1.3.1
2025-09-07 20:07:21,751 [WARN] PackLoader:240 - Cannot read IP mode file for STMicroelectronics.FP-SNS-STAIOTCFT.1.0.0
2025-09-07 20:07:21,755 [WARN] PackLoader:240 - Cannot read IP mode file for STMicroelectronics.X-CUBE-DPower.1.3.0
2025-09-07 20:07:21,763 [WARN] ConditionMgr:438 - getConditionDescription Invalid condition id : LAN8742 Phy interface Condition cause : null
2025-09-07 20:07:21,763 [WARN] PackLoader:240 - Cannot read IP mode file for STMicroelectronics.X-CUBE-AZRTOS-L4.2.0.0
2025-09-07 20:07:21,764 [WARN] ConditionMgr:1044 - genDependencies : Invalid condition id : LAN8742 Phy interface Condition cause : null
2025-09-07 20:07:21,764 [WARN] ConditionMgr:1044 - genDependencies : Invalid condition id : LAN8742 Phy interface Condition cause : null
2025-09-07 20:07:21,764 [WARN] ConditionMgr:1044 - genDependencies : Invalid condition id : LAN8742 Phy interface Condition cause : null
2025-09-07 20:07:21,770 [WARN] PackLoader:240 - Cannot read IP mode file for STMicroelectronics.X-CUBE-SFXS2LP1.4.0.0
2025-09-07 20:07:21,780 [WARN] PackLoader:240 - Cannot read IP mode file for STMicroelectronics.X-CUBE-AZRTOS-H7.3.3.0
2025-09-07 20:07:21,796 [WARN] PackLoader:240 - Cannot read IP mode file for STMicroelectronics.X-CUBE-BLEMGR.4.1.0
2025-09-07 20:07:21,813 [WARN] ConditionMgr:438 - getConditionDescription Invalid condition id : UX DEVICE CLASS RTOS Condition cause : null
2025-09-07 20:07:21,814 [WARN] ConditionMgr:438 - getConditionDescription Invalid condition id : UX DEVICE CLASS RTOS Condition cause : null
2025-09-07 20:07:21,815 [WARN] PackLoader:240 - Cannot read IP mode file for STMicroelectronics.X-CUBE-AZRTOS-WB.2.0.0
2025-09-07 20:07:21,817 [WARN] ConditionMgr:1044 - genDependencies : Invalid condition id : UX DEVICE CLASS RTOS Condition cause : null
2025-09-07 20:07:21,817 [WARN] ConditionMgr:1044 - genDependencies : Invalid condition id : UX DEVICE CLASS RTOS Condition cause : null
2025-09-07 20:07:21,817 [WARN] ConditionMgr:1044 - genDependencies : Invalid condition id : UX DEVICE CLASS RTOS Condition cause : null
2025-09-07 20:07:21,818 [WARN] ConditionMgr:1044 - genDependencies : Invalid condition id : UX DEVICE CLASS RTOS Condition cause : null
2025-09-07 20:07:21,818 [WARN] ConditionMgr:1044 - genDependencies : Invalid condition id : UX DEVICE CLASS RTOS Condition cause : null
2025-09-07 20:07:21,823 [WARN] PackLoader:240 - Cannot read IP mode file for STMicroelectronics.X-CUBE-GNSS1.7.0.1
2025-09-07 20:07:21,850 [WARN] PackLoader:240 - Cannot read IP mode file for STMicroelectronics.X-CUBE-TOUCHGFX.4.25.0
2025-09-07 20:07:21,858 [WARN] PackLoader:240 - Cannot read IP mode file for STMicroelectronics.FP-SNS-STBOX1.2.0.0
2025-09-07 20:07:21,870 [WARN] PackLoader:240 - Cannot read IP mode file for STMicroelectronics.X-CUBE-SUBG2.5.0.0
2025-09-07 20:07:21,883 [WARN] PackLoader:240 - Cannot read IP mode file for STMicroelectronics.X-CUBE-AZRTOS-H7RS.1.1.0
2025-09-07 20:07:21,888 [WARN] PackLoader:240 - Cannot read IP mode file for Cesanta.I-CUBE-Mongoose.7.13.0
2025-09-07 20:07:21,896 [WARN] PackLoader:240 - Cannot read IP mode file for STMicroelectronics.X-CUBE-AZRTOS-G4.2.0.0
2025-09-07 20:07:21,901 [WARN] PackLoader:240 - Cannot read IP mode file for wolfSSL.I-CUBE-wolfSSH.1.4.20
2025-09-07 20:07:21,905 [WARN] PackLoader:240 - Cannot read IP mode file for STMicroelectronics.X-CUBE-NFC7.2.0.0
2025-09-07 20:07:21,914 [WARN] PackLoader:240 - Cannot read IP mode file for STMicroelectronics.X-CUBE-IPS.3.1.0
2025-09-07 20:07:21,921 [WARN] PackLoader:240 - Cannot read IP mode file for STMicroelectronics.X-CUBE-ALS.1.0.2
2025-09-07 20:07:21,925 [WARN] PackLoader:240 - Cannot read IP mode file for portGmbH.I-Cube-SoM-uGOAL.1.1.0
2025-09-07 20:07:21,931 [WARN] PackLoader:240 - Cannot read IP mode file for STMicroelectronics.X-CUBE-TOF1.3.4.3
2025-09-07 20:07:21,938 [INFO] ThirdParty:978 - Integrity check success = true
2025-09-07 20:07:21,938 [INFO] IntegrityCheckThread:100 - exiting critical section [integrity check]
2025-09-07 20:07:21,938 [INFO] IntegrityCheckThread:103 - End integrity checks thread
2025-09-07 21:31:24,643 [ERROR] LogOutputStream:75 - [STDERR_REDIRECT] 
