2025-08-23 22:00:37,016 [INFO] Activator:176 - 


2025-08-23 22:00:37,019 [INFO] Activator:177 - !SESSION log4j initialized
2025-08-23 22:00:41,062 [INFO] LogOutputStream:77 - [STDOUT_REDIRECT] 
2025-08-23 22:00:53,363 [INFO] ApplicationProperties:184 - Using Application install path: C:\ST\STM32CubeIDE_1.18.1\STM32CubeIDE\plugins\com.st.stm32cube.common.mx_6.14.1.202504091515
2025-08-23 22:00:53,380 [INFO] DbMcusXml:78 - Set database path to: C:\ST\STM32CubeIDE_1.18.1\STM32CubeIDE\plugins\com.st.stm32cube.common.mx_6.14.1.202504091515\\db\/mcu/
2025-08-23 22:00:53,380 [INFO] ApiDb:274 - Set plugin database path to: C:\ST\STM32CubeIDE_1.18.1\STM32CubeIDE\plugins\com.st.stm32cube.common.mx_6.14.1.202504091515\\db\/plugins/boardmanager/
2025-08-23 22:00:53,380 [WARN] ApiDb:259 - Overriding images path with different value:  => C:\ST\STM32CubeIDE_1.18.1\STM32CubeIDE\plugins\com.st.stm32cube.common.mx_6.14.1.202504091515\\db\/plugins/mcufinder/images/
2025-08-23 22:00:53,392 [INFO] ApiDb:250 - Set database path to: C:\Users\TUF\.stmcufinder\plugins\mcufinder//mcu/
2025-08-23 22:00:53,394 [INFO] DbMcusAds:125 - Set database path to: C:\Users\TUF\.stmcufinder\plugins\mcufinder//mcu/
2025-08-23 22:00:53,398 [INFO] CrossReferenceDbSqlite:203 - Set database path to: C:\Users\TUF\.stmcufinder\plugins\mcufinder//mcu/cs/
2025-08-23 22:00:53,514 [INFO] RulesReader:64 - Compatibility file has been processed (302 Rules)
2025-08-23 22:00:53,614 [INFO] DbMcusXml:78 - Set database path to: C:\ST\STM32CubeIDE_1.18.1\STM32CubeIDE\plugins\com.st.stm32cube.common.mx_6.14.1.202504091515\\db\/mcu/
2025-08-23 22:00:53,614 [INFO] ApiDb:274 - Set plugin database path to: C:\ST\STM32CubeIDE_1.18.1\STM32CubeIDE\plugins\com.st.stm32cube.common.mx_6.14.1.202504091515\\db\/plugins/boardmanager/
2025-08-23 22:00:53,614 [INFO] ApiDb:261 - Set plugin images path to: C:\ST\STM32CubeIDE_1.18.1\STM32CubeIDE\plugins\com.st.stm32cube.common.mx_6.14.1.202504091515\\db\/plugins/mcufinder/images/
2025-08-23 22:00:53,614 [WARN] DbFile:41 - Overriding database path with different value: C:\Users\TUF\.stmcufinder\plugins\mcufinder/ => C:\Users\TUF\.stmcufinder\plugins\mcufinder
2025-08-23 22:00:53,615 [INFO] ApiDb:250 - Set database path to: C:\Users\TUF\.stmcufinder\plugins\mcufinder//mcu/
2025-08-23 22:00:53,615 [WARN] DbFile:41 - Overriding database path with different value: C:\Users\TUF\.stmcufinder\plugins\mcufinder/ => C:\Users\TUF\.stmcufinder\plugins\mcufinder
2025-08-23 22:00:53,615 [INFO] DbMcusAds:125 - Set database path to: C:\Users\TUF\.stmcufinder\plugins\mcufinder//mcu/
2025-08-23 22:00:53,615 [WARN] DbFile:41 - Overriding database path with different value: C:\Users\TUF\.stmcufinder\plugins\mcufinder/ => C:\Users\TUF\.stmcufinder\plugins\mcufinder
2025-08-23 22:00:53,615 [WARN] DbFile:41 - Overriding database path with different value: C:\Users\TUF\.stmcufinder\plugins\mcufinder/ => C:\Users\TUF\.stmcufinder\plugins\mcufinder
2025-08-23 22:00:53,615 [INFO] CrossReferenceDbSqlite:203 - Set database path to: C:\Users\TUF\.stmcufinder\plugins\mcufinder//mcu/cs/
2025-08-23 22:00:53,703 [INFO] MainPanel:272 - HeapMemory: 268435456
2025-08-23 22:00:53,796 [INFO] DbMcusXml:78 - Set database path to: C:\ST\STM32CubeIDE_1.18.1\STM32CubeIDE\plugins\com.st.stm32cube.common.mx_6.14.1.202504091515\\db\/mcu/
2025-08-23 22:00:53,796 [INFO] ApiDb:274 - Set plugin database path to: C:\ST\STM32CubeIDE_1.18.1\STM32CubeIDE\plugins\com.st.stm32cube.common.mx_6.14.1.202504091515\\db\/plugins/boardmanager/
2025-08-23 22:00:53,796 [INFO] ApiDb:261 - Set plugin images path to: C:\ST\STM32CubeIDE_1.18.1\STM32CubeIDE\plugins\com.st.stm32cube.common.mx_6.14.1.202504091515\\db\/plugins/mcufinder/images/
2025-08-23 22:00:53,798 [WARN] DbFile:41 - Overriding database path with different value: C:\Users\TUF\.stmcufinder\plugins\mcufinder/ => C:\Users\TUF\.stmcufinder\plugins\mcufinder
2025-08-23 22:00:53,798 [INFO] ApiDb:250 - Set database path to: C:\Users\TUF\.stmcufinder\plugins\mcufinder//mcu/
2025-08-23 22:00:53,798 [WARN] DbFile:41 - Overriding database path with different value: C:\Users\TUF\.stmcufinder\plugins\mcufinder/ => C:\Users\TUF\.stmcufinder\plugins\mcufinder
2025-08-23 22:00:53,798 [INFO] DbMcusAds:125 - Set database path to: C:\Users\TUF\.stmcufinder\plugins\mcufinder//mcu/
2025-08-23 22:00:53,798 [WARN] DbFile:41 - Overriding database path with different value: C:\Users\TUF\.stmcufinder\plugins\mcufinder/ => C:\Users\TUF\.stmcufinder\plugins\mcufinder
2025-08-23 22:00:53,798 [WARN] DbFile:41 - Overriding database path with different value: C:\Users\TUF\.stmcufinder\plugins\mcufinder/ => C:\Users\TUF\.stmcufinder\plugins\mcufinder
2025-08-23 22:00:53,798 [INFO] CrossReferenceDbSqlite:203 - Set database path to: C:\Users\TUF\.stmcufinder\plugins\mcufinder//mcu/cs/
2025-08-23 22:00:53,817 [INFO] ApplicationProperties:184 - Using Application install path: C:\ST\STM32CubeIDE_1.18.1\STM32CubeIDE\plugins\com.st.stm32cube.common.mx_6.14.1.202504091515
2025-08-23 22:00:53,820 [INFO] PluginManage:196 - Search for loadable plugins [exclusion list=, ]
2025-08-23 22:00:53,822 [INFO] PluginManage:310 - Check plugin analytics
2025-08-23 22:00:54,015 [INFO] AnalyticsPlugin:253 - Accepted Software Licenses: 
2025-08-23 22:00:54,015 [INFO] AnalyticsPlugin:255 - Accepted CMSIS Pack Licenses: 
2025-08-23 22:00:54,016 [INFO] AnalyticsPlugin:257 - Accepted Firmware Licenses: 
2025-08-23 22:00:54,018 [INFO] PluginManage:359 - Loaded plugin analytics (category:tool,tabindex:-1)
2025-08-23 22:00:54,019 [INFO] PluginManage:310 - Check plugin cadmodel
2025-08-23 22:00:54,026 [INFO] CADModel:105 - Init CAD model plugin
2025-08-23 22:00:54,026 [INFO] PluginManage:359 - Loaded plugin cadmodel (category:power,tabindex:5)
2025-08-23 22:00:54,026 [INFO] PluginManage:310 - Check plugin clock
2025-08-23 22:00:54,038 [INFO] PluginManage:359 - Loaded plugin clock (category:base,tabindex:2)
2025-08-23 22:00:54,039 [INFO] PluginManage:310 - Check plugin ddr
2025-08-23 22:00:54,042 [INFO] PluginManage:359 - Loaded plugin ddr (category:tool,tabindex:6)
2025-08-23 22:00:54,042 [INFO] PluginManage:310 - Check plugin filemanager
2025-08-23 22:00:54,196 [INFO] PluginManage:359 - Loaded plugin filemanager (category:base,tabindex:10)
2025-08-23 22:00:54,196 [INFO] PluginManage:310 - Check plugin ipmanager
2025-08-23 22:00:54,202 [INFO] PluginManage:359 - Loaded plugin ipmanager (category:base,tabindex:5)
2025-08-23 22:00:54,202 [INFO] PluginManage:310 - Check plugin lpbam
2025-08-23 22:00:54,211 [INFO] PluginManage:359 - Loaded plugin lpbam (category:base,tabindex:0)
2025-08-23 22:00:54,211 [INFO] PluginManage:310 - Check plugin memorymap
2025-08-23 22:00:54,226 [INFO] PluginManage:359 - Loaded plugin memorymap (category:base,tabindex:4)
2025-08-23 22:00:54,226 [INFO] PluginManage:310 - Check plugin pinoutandconfiguration
2025-08-23 22:00:54,237 [INFO] PluginManage:359 - Loaded plugin pinoutandconfiguration (category:base,tabindex:1)
2025-08-23 22:00:54,237 [INFO] PluginManage:310 - Check plugin pinoutconfig
2025-08-23 22:00:54,344 [WARN] SupportedApi:132 - Cannot load RTOS API schema: s4s-elt-must-match.1: The content of 'definitions' must match (annotation?, (simpleType | complexType)?, (unique | key | keyref)*)). A problem was found starting at: attribute.
2025-08-23 22:00:54,477 [INFO] PluginManage:359 - Loaded plugin pinoutconfig (category:base,tabindex:0)
2025-08-23 22:00:54,477 [INFO] PluginManage:310 - Check plugin power
2025-08-23 22:00:54,486 [INFO] PluginManage:359 - Loaded plugin power (category:power,tabindex:4)
2025-08-23 22:00:54,486 [INFO] PluginManage:310 - Check plugin projectmanager
2025-08-23 22:00:54,502 [INFO] PluginManage:359 - Loaded plugin projectmanager (category:projectmanager,tabindex:4)
2025-08-23 22:00:54,502 [INFO] PluginManage:310 - Check plugin rif
2025-08-23 22:00:54,511 [INFO] PluginManage:359 - Loaded plugin rif (category:base,tabindex:3)
2025-08-23 22:00:54,511 [INFO] PluginManage:310 - Check plugin thirdparty
2025-08-23 22:00:54,657 [WARN] IntegrityCheckThread:84 - waiting for thirdparty lock release [integrity check]
2025-08-23 22:00:54,657 [INFO] PluginManage:359 - Loaded plugin thirdparty (category:base,tabindex:-1)
2025-08-23 22:00:54,658 [INFO] IntegrityCheckThread:86 - entering critical section [integrity check]
2025-08-23 22:00:54,658 [INFO] PluginManage:310 - Check plugin tools
2025-08-23 22:00:54,658 [INFO] ThirdPartyUpdaterWithRetryManager:70 - Updater plugin not ready yet. [1/15]
2025-08-23 22:00:54,661 [INFO] PluginManage:359 - Loaded plugin tools (category:base,tabindex:7)
2025-08-23 22:00:54,661 [INFO] PluginManage:310 - Check plugin tutovideos
2025-08-23 22:00:54,851 [INFO] PluginManage:359 - Loaded plugin tutovideos (category:base,tabindex:-1)
2025-08-23 22:00:54,851 [INFO] PluginManage:310 - Check plugin updater
2025-08-23 22:00:54,871 [INFO] PluginManage:359 - Loaded plugin updater (category:base,tabindex:12)
2025-08-23 22:00:54,871 [INFO] PluginManage:310 - Check plugin userauth
2025-08-23 22:00:54,876 [INFO] UserAuth:118 - Init User Auth plugin
2025-08-23 22:00:54,877 [INFO] PluginManage:359 - Loaded plugin userauth (category:base,tabindex:14)
2025-08-23 22:00:54,877 [INFO] PluginManage:283 - PluginManage : Loaded plugins [18]
2025-08-23 22:00:55,092 [INFO] PinOutPanel:1589 - setPackage(No Configuration,No Configuration)
2025-08-23 22:00:55,189 [INFO] CADModel:165 - CPN selected for project level
2025-08-23 22:00:55,189 [INFO] CADModel:114 - Register for checkConnection events
2025-08-23 22:00:55,208 [INFO] IPUIPlugin:80 - create IPUIPlugin
2025-08-23 22:00:55,209 [INFO] PluginManager:220 - loadIPPluginJar : add adc
2025-08-23 22:00:55,212 [INFO] IPUIPlugin:80 - create IPUIPlugin
2025-08-23 22:00:55,212 [INFO] PluginManager:220 - loadIPPluginJar : add aes
2025-08-23 22:00:55,214 [INFO] IPUIPlugin:80 - create IPUIPlugin
2025-08-23 22:00:55,215 [INFO] PluginManager:220 - loadIPPluginJar : add can
2025-08-23 22:00:55,216 [INFO] IPUIPlugin:80 - create IPUIPlugin
2025-08-23 22:00:55,216 [INFO] PluginManager:220 - loadIPPluginJar : add comp
2025-08-23 22:00:55,220 [INFO] IPUIPlugin:80 - create IPUIPlugin
2025-08-23 22:00:55,220 [INFO] PluginManager:220 - loadIPPluginJar : add cryp
2025-08-23 22:00:55,225 [INFO] IPUIPlugin:80 - create IPUIPlugin
2025-08-23 22:00:55,225 [INFO] PluginManager:220 - loadIPPluginJar : add ddr_ctrl_phy
2025-08-23 22:00:55,226 [INFO] IPUIPlugin:80 - create IPUIPlugin
2025-08-23 22:00:55,226 [INFO] PluginManager:220 - loadIPPluginJar : add dfsdm
2025-08-23 22:00:55,232 [INFO] IPUIPlugin:80 - create IPUIPlugin
2025-08-23 22:00:55,233 [INFO] PluginManager:220 - loadIPPluginJar : add dma
2025-08-23 22:00:55,236 [INFO] IPUIPlugin:80 - create IPUIPlugin
2025-08-23 22:00:55,236 [INFO] PluginManager:220 - loadIPPluginJar : add dma3
2025-08-23 22:00:55,240 [INFO] IPUIPlugin:80 - create IPUIPlugin
2025-08-23 22:00:55,240 [INFO] PluginManager:220 - loadIPPluginJar : add extmemmanager
2025-08-23 22:00:55,242 [INFO] IPUIPlugin:80 - create IPUIPlugin
2025-08-23 22:00:55,242 [INFO] PluginManager:220 - loadIPPluginJar : add fatfs
2025-08-23 22:00:55,246 [INFO] IPUIPlugin:80 - create IPUIPlugin
2025-08-23 22:00:55,246 [INFO] PluginManager:220 - loadIPPluginJar : add fmc
2025-08-23 22:00:55,253 [INFO] IPUIPlugin:80 - create IPUIPlugin
2025-08-23 22:00:55,254 [INFO] PluginManager:220 - loadIPPluginJar : add freertos
2025-08-23 22:00:55,257 [INFO] IPUIPlugin:80 - create IPUIPlugin
2025-08-23 22:00:55,257 [INFO] PluginManager:220 - loadIPPluginJar : add genericplugin
2025-08-23 22:00:55,259 [INFO] IPUIPlugin:80 - create IPUIPlugin
2025-08-23 22:00:55,260 [INFO] PluginManager:220 - loadIPPluginJar : add gfxmmu
2025-08-23 22:00:55,264 [INFO] IPUIPlugin:80 - create IPUIPlugin
2025-08-23 22:00:55,264 [INFO] PluginManager:220 - loadIPPluginJar : add gic
2025-08-23 22:00:55,270 [INFO] IPUIPlugin:80 - create IPUIPlugin
2025-08-23 22:00:55,270 [INFO] PluginManager:220 - loadIPPluginJar : add gpio
2025-08-23 22:00:55,274 [INFO] IPUIPlugin:80 - create IPUIPlugin
2025-08-23 22:00:55,274 [INFO] PluginManager:220 - loadIPPluginJar : add gtzc
2025-08-23 22:00:55,277 [INFO] IPUIPlugin:80 - create IPUIPlugin
2025-08-23 22:00:55,277 [INFO] PluginManager:220 - loadIPPluginJar : add hash
2025-08-23 22:00:55,280 [INFO] IPUIPlugin:80 - create IPUIPlugin
2025-08-23 22:00:55,281 [INFO] PluginManager:220 - loadIPPluginJar : add i2c
2025-08-23 22:00:55,284 [INFO] IPUIPlugin:80 - create IPUIPlugin
2025-08-23 22:00:55,284 [INFO] PluginManager:220 - loadIPPluginJar : add i2s
2025-08-23 22:00:55,288 [INFO] IPUIPlugin:80 - create IPUIPlugin
2025-08-23 22:00:55,288 [INFO] PluginManager:220 - loadIPPluginJar : add i3c
2025-08-23 22:00:55,292 [INFO] IPUIPlugin:80 - create IPUIPlugin
2025-08-23 22:00:55,292 [INFO] PluginManager:220 - loadIPPluginJar : add ipddr
2025-08-23 22:00:55,300 [INFO] IPUIPlugin:80 - create IPUIPlugin
2025-08-23 22:00:55,300 [INFO] PluginManager:220 - loadIPPluginJar : add linkedlist
2025-08-23 22:00:55,305 [INFO] IPUIPlugin:80 - create IPUIPlugin
2025-08-23 22:00:55,305 [INFO] PluginManager:220 - loadIPPluginJar : add lorawan
2025-08-23 22:00:55,307 [INFO] IPUIPlugin:80 - create IPUIPlugin
2025-08-23 22:00:55,307 [INFO] PluginManager:220 - loadIPPluginJar : add ltdc
2025-08-23 22:00:55,313 [INFO] IPUIPlugin:80 - create IPUIPlugin
2025-08-23 22:00:55,313 [INFO] PluginManager:220 - loadIPPluginJar : add mdma
2025-08-23 22:00:55,316 [INFO] IPUIPlugin:80 - create IPUIPlugin
2025-08-23 22:00:55,316 [INFO] PluginManager:220 - loadIPPluginJar : add nvic
2025-08-23 22:00:55,320 [INFO] IPUIPlugin:80 - create IPUIPlugin
2025-08-23 22:00:55,320 [INFO] PluginManager:220 - loadIPPluginJar : add opamp
2025-08-23 22:00:55,324 [INFO] IPUIPlugin:80 - create IPUIPlugin
2025-08-23 22:00:55,324 [INFO] PluginManager:220 - loadIPPluginJar : add openamp
2025-08-23 22:00:55,326 [INFO] IPUIPlugin:80 - create IPUIPlugin
2025-08-23 22:00:55,326 [INFO] PluginManager:220 - loadIPPluginJar : add pdm2pcm
2025-08-23 22:00:55,332 [INFO] IPUIPlugin:80 - create IPUIPlugin
2025-08-23 22:00:55,334 [INFO] PluginManager:220 - loadIPPluginJar : add plateformsettings
2025-08-23 22:00:55,336 [INFO] IPUIPlugin:80 - create IPUIPlugin
2025-08-23 22:00:55,336 [INFO] PluginManager:220 - loadIPPluginJar : add quadspi
2025-08-23 22:00:55,339 [INFO] IPUIPlugin:80 - create IPUIPlugin
2025-08-23 22:00:55,339 [INFO] PluginManager:220 - loadIPPluginJar : add radio
2025-08-23 22:00:55,343 [INFO] IPUIPlugin:80 - create IPUIPlugin
2025-08-23 22:00:55,343 [INFO] PluginManager:220 - loadIPPluginJar : add resmgrutility
2025-08-23 22:00:55,347 [INFO] IPUIPlugin:80 - create IPUIPlugin
2025-08-23 22:00:55,347 [INFO] PluginManager:220 - loadIPPluginJar : add sai
2025-08-23 22:00:55,350 [INFO] IPUIPlugin:80 - create IPUIPlugin
2025-08-23 22:00:55,351 [INFO] PluginManager:220 - loadIPPluginJar : add spi
2025-08-23 22:00:55,356 [INFO] IPUIPlugin:80 - create IPUIPlugin
2025-08-23 22:00:55,356 [INFO] PluginManager:220 - loadIPPluginJar : add stm32_wpan
2025-08-23 22:00:55,357 [INFO] IPUIPlugin:80 - create IPUIPlugin
2025-08-23 22:00:55,358 [INFO] PluginManager:220 - loadIPPluginJar : add tim
2025-08-23 22:00:55,360 [INFO] IPUIPlugin:80 - create IPUIPlugin
2025-08-23 22:00:55,360 [INFO] PluginManager:220 - loadIPPluginJar : add touchsensing
2025-08-23 22:00:55,362 [INFO] IPUIPlugin:80 - create IPUIPlugin
2025-08-23 22:00:55,362 [INFO] PluginManager:220 - loadIPPluginJar : add tracer_emb
2025-08-23 22:00:55,363 [INFO] IPUIPlugin:80 - create IPUIPlugin
2025-08-23 22:00:55,363 [INFO] PluginManager:220 - loadIPPluginJar : add ts
2025-08-23 22:00:55,365 [INFO] IPUIPlugin:80 - create IPUIPlugin
2025-08-23 22:00:55,365 [INFO] PluginManager:220 - loadIPPluginJar : add tsc
2025-08-23 22:00:55,366 [INFO] IPUIPlugin:80 - create IPUIPlugin
2025-08-23 22:00:55,366 [INFO] PluginManager:220 - loadIPPluginJar : add ucpd
2025-08-23 22:00:55,369 [INFO] IPUIPlugin:80 - create IPUIPlugin
2025-08-23 22:00:55,369 [INFO] PluginManager:220 - loadIPPluginJar : add usart
2025-08-23 22:00:55,372 [INFO] IPUIPlugin:80 - create IPUIPlugin
2025-08-23 22:00:55,372 [INFO] PluginManager:220 - loadIPPluginJar : add usbx
2025-08-23 22:00:55,523 [FATAL] Updater:351 - Updater called before beeing initialized
2025-08-23 22:00:55,553 [INFO] RulesReader:64 - Compatibility file has been processed (302 Rules)
2025-08-23 22:00:55,563 [INFO] RulesReader:64 - Compatibility file has been processed (302 Rules)
2025-08-23 22:00:55,570 [INFO] CADModel:165 - CPN selected for project level
2025-08-23 22:00:55,570 [INFO] CADModel:114 - Register for checkConnection events
2025-08-23 22:00:55,570 [FATAL] Updater:351 - Updater called before beeing initialized
2025-08-23 22:00:55,570 [ERROR] CADModel:125 - Updater not yet initialized, retry later 
2025-08-23 22:00:55,754 [FATAL] Updater:351 - Updater called before beeing initialized
2025-08-23 22:00:55,756 [INFO] CADModel:165 - CPN selected for project level
2025-08-23 22:00:55,757 [INFO] CADModel:114 - Register for checkConnection events
2025-08-23 22:00:55,757 [FATAL] Updater:351 - Updater called before beeing initialized
2025-08-23 22:00:55,757 [ERROR] CADModel:125 - Updater not yet initialized, retry later 
2025-08-23 22:00:55,763 [FATAL] Updater:351 - Updater called before beeing initialized
2025-08-23 22:00:55,861 [FATAL] Updater:351 - Updater called before beeing initialized
2025-08-23 22:00:55,866 [INFO] DbMcusAds:53 - JSON generation date=Tue Jul 08 16:14:23 CST 2025 (1751962463593)
2025-08-23 22:00:55,866 [FATAL] Updater:351 - Updater called before beeing initialized
2025-08-23 22:00:55,912 [WARN] DetailPanel:346 - Failed to get advertising image, set to default
2025-08-23 22:00:56,143 [FATAL] Updater:351 - Updater called before beeing initialized
2025-08-23 22:00:56,147 [FATAL] Updater:351 - Updater called before beeing initialized
2025-08-23 22:00:56,147 [FATAL] Updater:351 - Updater called before beeing initialized
2025-08-23 22:00:56,147 [WARN] DetailPanel:346 - Failed to get advertising image, set to default
2025-08-23 22:00:56,148 [FATAL] Updater:351 - Updater called before beeing initialized
2025-08-23 22:00:56,202 [ERROR] Updater:1198 - MainUpdater not yet initialized. External WinMGr cannot be set.
2025-08-23 22:00:56,205 [INFO] Updater:1134 - Updater Version found : 6.14.1
2025-08-23 22:00:56,227 [INFO] ApplicationProperties:184 - Using Application install path: C:\ST\STM32CubeIDE_1.18.1\STM32CubeIDE\plugins\com.st.stm32cube.common.mx_6.14.1.202504091515
2025-08-23 22:00:57,661 [INFO] ThirdPartyUpdaterWithRetryManager:70 - Updater plugin not ready yet. [2/15]
2025-08-23 22:00:57,839 [ERROR] LogOutputStream:75 - [STDERR_REDIRECT] Aug 23, 2025 10:00:57 PM java.util.prefs.WindowsPreferences <init>
2025-08-23 22:00:57,840 [ERROR] LogOutputStream:75 - [STDERR_REDIRECT] WARNING: Could not open/create prefs root node Software\JavaSoft\Prefs at root 0xffffffff80000002. Windows RegCreateKeyEx(...) returned error code 5.
2025-08-23 22:00:57,840 [ERROR] LogOutputStream:75 - [STDERR_REDIRECT] 
2025-08-23 22:00:58,249 [INFO] MainUpdater:2872 - connection check result : 10
2025-08-23 22:00:58,249 [INFO] MainUpdater:3566 - Updater definition file requires update
2025-08-23 22:00:58,251 [INFO] MainUpdater:289 - Updater Check For Update Now.
2025-08-23 22:00:58,251 [INFO] MicroXplorer:498 - Change Database Version : DB.6.0.141
2025-08-23 22:00:58,256 [INFO] McuFinderGlobals:63 - Set McuFinder mode to 2 (CubeIDE integrated)
2025-08-23 22:00:58,256 [INFO] UserAuth:171 - activating auth plugin
2025-08-23 22:00:58,258 [INFO] UserAuth:484 - Internet connection configuration mode: 1
2025-08-23 22:00:58,278 [INFO] JxBrowserEngine:152 - Initiate JxBrowser Engine with user profile folder
2025-08-23 22:00:58,305 [INFO] ServerAccessManage:473 - Download File updaters.zip
2025-08-23 22:00:58,427 [INFO] FileExtend:242 - Unzip File : updaters.zip
2025-08-23 22:00:58,427 [INFO] FileExtend:257 - Standard Zip Deflate
2025-08-23 22:00:58,806 [INFO] ServerAccessManage:473 - Download File PacksControlFlags.xml
2025-08-23 22:00:58,881 [INFO] ServerAccessManage:473 - Download File cubemx.pidx
2025-08-23 22:00:58,972 [INFO] LoadServerUpdatesThread:375 - End of LoadServerUpdate Thread
2025-08-23 22:00:59,127 [INFO] CheckServerUpdateThread:120 - End of CheckServer Thread
2025-08-23 22:00:59,536 [INFO] WebApp:169 - Instantiating new browser for Auth
2025-08-23 22:01:00,131 [INFO] WebApp:463 - Apply proxy settings
2025-08-23 22:01:00,132 [INFO] WebApp:548 - Chromium requires no authentication
2025-08-23 22:01:00,140 [INFO] WebApp:491 - Direct internet connection detected
2025-08-23 22:01:00,163 [INFO] WebApp:894 - Register for checkConnection events
2025-08-23 22:01:00,163 [INFO] WebApp:463 - Apply proxy settings
2025-08-23 22:01:00,163 [INFO] WebApp:548 - Chromium requires no authentication
2025-08-23 22:01:00,163 [INFO] WebApp:491 - Direct internet connection detected
2025-08-23 22:01:00,305 [INFO] WebApp:225 - Starting web application
2025-08-23 22:01:00,305 [INFO] WebApp:593 - Web application path used C:\ST\STM32CubeIDE_1.18.1\STM32CubeIDE\plugins\com.st.stm32cube.common.mx_6.14.1.202504091515\db\plugins\mcufinder\reactClient1\index.html
2025-08-23 22:01:00,456 [INFO] WebApp:191 - Connection restablished
2025-08-23 22:01:00,922 [WARN] PackLoader:240 - Cannot read IP mode file for STMicroelectronics.FP-SNS-MOTENVWB1.1.4.0
2025-08-23 22:01:00,930 [WARN] PackLoader:240 - Cannot read IP mode file for STMicroelectronics.FP-ATR-ASTRA1.2.0.2
2025-08-23 22:01:00,937 [WARN] PackLoader:240 - Cannot read IP mode file for STMicroelectronics.X-CUBE-SMBUS.2.1.0
2025-08-23 22:01:00,944 [WARN] PackLoader:240 - Cannot read IP mode file for STMicroelectronics.X-CUBE-ST60.1.0.0
2025-08-23 22:01:00,970 [WARN] PackLoader:240 - Cannot read IP mode file for STMicroelectronics.X-CUBE-AZRTOS-F7.1.1.0
2025-08-23 22:01:00,998 [WARN] PackLoader:240 - Cannot read IP mode file for Infineon.AIROC-Wi-Fi-Bluetooth-STM32.1.7.0
2025-08-23 22:01:01,023 [WARN] PackLoader:240 - Cannot read IP mode file for STMicroelectronics.X-CUBE-AZRTOS-H7.3.4.0
2025-08-23 22:01:01,034 [WARN] PackLoader:240 - Cannot read IP mode file for STMicroelectronics.X-CUBE-DISPLAY.3.0.0
2025-08-23 22:01:01,046 [WARN] PackLoader:240 - Cannot read IP mode file for STMicroelectronics.X-CUBE-NFC10.1.0.0
2025-08-23 22:01:01,058 [WARN] PackLoader:240 - Cannot read IP mode file for STMicroelectronics.X-CUBE-BLEMGR.4.0.0
2025-08-23 22:01:01,067 [WARN] PackLoader:240 - Cannot read IP mode file for emotas.I-CUBE-CANOPEN.1.3.0
2025-08-23 22:01:01,072 [WARN] ConditionMgr:438 - getConditionDescription Invalid condition id : Cortex-A Device cause : null
2025-08-23 22:01:01,086 [WARN] ConditionMgr:1044 - genDependencies : Invalid condition id : Cortex-A Device cause : null
2025-08-23 22:01:01,086 [WARN] ConditionMgr:1044 - genDependencies : Invalid condition id : Cortex-A Device cause : null
2025-08-23 22:01:01,086 [WARN] ConditionMgr:1044 - genDependencies : Invalid condition id : Cortex-A Device cause : null
2025-08-23 22:01:01,092 [ERROR] Engine:466 - C:\Users\TUF\.stm32cubemx\thirdparties\pdsc\STMicroelectronics.FP-SNS-STBOX1.2.1.0.pdsc: PDSC version is not supported
2025-08-23 22:01:01,103 [WARN] PackLoader:240 - Cannot read IP mode file for STMicroelectronics.FP-SNS-SMARTAG2.1.2.0
2025-08-23 22:01:01,116 [WARN] PackLoader:240 - Cannot read IP mode file for STMicroelectronics.FP-SNS-FLIGHT1.5.1.0
2025-08-23 22:01:01,128 [INFO] LogOutputStream:77 - [STDOUT_REDIRECT] 1 : Invalid condition id : UX_CORESTACK_Condition cause : null
2025-08-23 22:01:01,129 [INFO] LogOutputStream:77 - [STDOUT_REDIRECT] 1 : Invalid condition id : UX_CORESTACK_Condition cause : null
2025-08-23 22:01:01,130 [INFO] LogOutputStream:77 - [STDOUT_REDIRECT] 1 : Invalid condition id : UX_CORESTACK_Condition cause : null
2025-08-23 22:01:01,131 [INFO] LogOutputStream:77 - [STDOUT_REDIRECT] 1 : Invalid condition id : UX_CORESTACK_Condition cause : null
2025-08-23 22:01:01,132 [INFO] LogOutputStream:77 - [STDOUT_REDIRECT] 1 : Invalid condition id : UX_CORESTACK_Condition cause : null
2025-08-23 22:01:01,135 [WARN] PackLoader:240 - Cannot read IP mode file for STMicroelectronics.X-CUBE-AZRTOS-WL.2.0.0
2025-08-23 22:01:01,140 [WARN] PackLoader:240 - Cannot read IP mode file for STMicroelectronics.FP-SNS-MOTENV1.5.0.0
2025-08-23 22:01:01,150 [WARN] PackLoader:240 - Cannot read IP mode file for WES.I-CUBE-Cesium.1.3.0
2025-08-23 22:01:01,156 [WARN] PackLoader:240 - Cannot read IP mode file for STMicroelectronics.X-CUBE-BLE2.3.3.0
2025-08-23 22:01:01,161 [WARN] PackLoader:240 - Cannot read IP mode file for STMicroelectronics.X-CUBE-NFC9.1.0.0
2025-08-23 22:01:01,166 [WARN] PackLoader:240 - Cannot read IP mode file for wolfSSL.I-CUBE-wolfSSL.5.8.0
2025-08-23 22:01:01,171 [WARN] PackLoader:240 - Cannot read IP mode file for STMicroelectronics.X-CUBE-BLE1.7.1.0
2025-08-23 22:01:01,175 [WARN] PackLoader:240 - Cannot read IP mode file for wolfSSL.I-CUBE-wolfMQTT.1.19.2
2025-08-23 22:01:01,181 [WARN] PackLoader:240 - Cannot read IP mode file for STMicroelectronics.X-CUBE-EEPRMA1.5.2.0
2025-08-23 22:01:01,186 [WARN] PackLoader:240 - Cannot read IP mode file for STMicroelectronics.X-CUBE-AI.10.1.0
2025-08-23 22:01:01,199 [WARN] PackLoader:240 - Cannot read IP mode file for STMicroelectronics.X-CUBE-AZRTOS-G0.1.1.0
2025-08-23 22:01:01,209 [WARN] PackLoader:240 - Cannot read IP mode file for STMicroelectronics.X-CUBE-SAFEA1.1.2.2
2025-08-23 22:01:01,216 [WARN] PackLoader:240 - Cannot read IP mode file for STMicroelectronics.X-CUBE-NFC4.3.0.0
2025-08-23 22:01:01,225 [WARN] PackLoader:240 - Cannot read IP mode file for EmbeddedOffice.I-CUBE-FS-RTOS.1.0.1
2025-08-23 22:01:01,239 [WARN] PackLoader:240 - Cannot read IP mode file for STMicroelectronics.X-CUBE-WB05N.2.0.0
2025-08-23 22:01:01,244 [WARN] PackLoader:240 - Cannot read IP mode file for wolfSSL.I-CUBE-wolfTPM.3.8.0
2025-08-23 22:01:01,249 [WARN] PackLoader:240 - Cannot read IP mode file for STMicroelectronics.X-CUBE-TCPP.4.2.0
2025-08-23 22:01:01,255 [WARN] PackLoader:240 - Cannot read IP mode file for RealThread.X-CUBE-RT-Thread_Nano.4.1.1
2025-08-23 22:01:01,261 [WARN] PackLoader:240 - Cannot read IP mode file for STMicroelectronics.FP-ATR-SIGFOX1.3.2.0
2025-08-23 22:01:01,266 [WARN] PackLoader:240 - Cannot read IP mode file for STMicroelectronics.X-CUBE-EEPRMA1.5.1.0
2025-08-23 22:01:01,273 [WARN] PackLoader:240 - Cannot read IP mode file for ITTIA_DB.I-CUBE-ITTIADB.8.9.0
2025-08-23 22:01:01,279 [WARN] PackLoader:240 - Cannot read IP mode file for STMicroelectronics.X-CUBE-ST67W61.1.0.0
2025-08-23 22:01:01,283 [WARN] PackLoader:240 - Cannot read IP mode file for STMicroelectronics.X-CUBE-AI.10.2.0
2025-08-23 22:01:01,305 [WARN] PackLoader:240 - Cannot read IP mode file for SEGGER.I-CUBE-embOS.1.3.1
2025-08-23 22:01:01,337 [WARN] PackLoader:240 - Cannot read IP mode file for STMicroelectronics.X-CUBE-ALGOBUILD.1.4.0
2025-08-23 22:01:01,370 [WARN] PackLoader:240 - Cannot read IP mode file for STMicroelectronics.X-CUBE-MEMS1.11.3.0
2025-08-23 22:01:01,462 [WARN] PackLoader:240 - Cannot read IP mode file for STMicroelectronics.X-CUBE-PM33A1.1.0.0
2025-08-23 22:01:01,474 [WARN] PackLoader:240 - Cannot read IP mode file for STMicroelectronics.X-CUBE-AZRTOS-F4.1.1.0
2025-08-23 22:01:01,479 [WARN] PackLoader:240 - Cannot read IP mode file for Avnet-IotConnect.X-CUBE-IoTC-DA16k-PMOD.1.0.0
2025-08-23 22:01:01,482 [WARN] PackLoader:240 - Cannot read IP mode file for STMicroelectronics.X-CUBE-ISPU.2.1.0
2025-08-23 22:01:01,490 [WARN] PackLoader:240 - Cannot read IP mode file for STMicroelectronics.X-CUBE-NFC12.1.0.0
2025-08-23 22:01:01,500 [WARN] PackLoader:240 - Cannot read IP mode file for STMicroelectronics.X-CUBE-AZRTOS-L5.2.0.0
2025-08-23 22:01:01,509 [WARN] PackLoader:240 - Cannot read IP mode file for STMicroelectronics.X-CUBE-NFC6.3.1.0
2025-08-23 22:01:01,515 [WARN] PackLoader:240 - Cannot read IP mode file for STMicroelectronics.X-CUBE-FREERTOS.1.3.1
2025-08-23 22:01:01,520 [WARN] PackLoader:240 - Cannot read IP mode file for STMicroelectronics.FP-SNS-STAIOTCFT.1.0.0
2025-08-23 22:01:01,525 [WARN] PackLoader:240 - Cannot read IP mode file for STMicroelectronics.X-CUBE-DPower.1.3.0
2025-08-23 22:01:01,537 [WARN] ConditionMgr:438 - getConditionDescription Invalid condition id : LAN8742 Phy interface Condition cause : null
2025-08-23 22:01:01,537 [WARN] PackLoader:240 - Cannot read IP mode file for STMicroelectronics.X-CUBE-AZRTOS-L4.2.0.0
2025-08-23 22:01:01,538 [WARN] ConditionMgr:1044 - genDependencies : Invalid condition id : LAN8742 Phy interface Condition cause : null
2025-08-23 22:01:01,538 [WARN] ConditionMgr:1044 - genDependencies : Invalid condition id : LAN8742 Phy interface Condition cause : null
2025-08-23 22:01:01,538 [WARN] ConditionMgr:1044 - genDependencies : Invalid condition id : LAN8742 Phy interface Condition cause : null
2025-08-23 22:01:01,543 [WARN] PackLoader:240 - Cannot read IP mode file for STMicroelectronics.X-CUBE-SFXS2LP1.4.0.0
2025-08-23 22:01:01,560 [WARN] PackLoader:240 - Cannot read IP mode file for STMicroelectronics.X-CUBE-AZRTOS-H7.3.3.0
2025-08-23 22:01:01,570 [WARN] PackLoader:240 - Cannot read IP mode file for STMicroelectronics.X-CUBE-BLEMGR.4.1.0
2025-08-23 22:01:01,583 [WARN] ConditionMgr:438 - getConditionDescription Invalid condition id : UX DEVICE CLASS RTOS Condition cause : null
2025-08-23 22:01:01,583 [WARN] ConditionMgr:438 - getConditionDescription Invalid condition id : UX DEVICE CLASS RTOS Condition cause : null
2025-08-23 22:01:01,584 [WARN] PackLoader:240 - Cannot read IP mode file for STMicroelectronics.X-CUBE-AZRTOS-WB.2.0.0
2025-08-23 22:01:01,584 [WARN] ConditionMgr:1044 - genDependencies : Invalid condition id : UX DEVICE CLASS RTOS Condition cause : null
2025-08-23 22:01:01,584 [WARN] ConditionMgr:1044 - genDependencies : Invalid condition id : UX DEVICE CLASS RTOS Condition cause : null
2025-08-23 22:01:01,585 [WARN] ConditionMgr:1044 - genDependencies : Invalid condition id : UX DEVICE CLASS RTOS Condition cause : null
2025-08-23 22:01:01,585 [WARN] ConditionMgr:1044 - genDependencies : Invalid condition id : UX DEVICE CLASS RTOS Condition cause : null
2025-08-23 22:01:01,585 [WARN] ConditionMgr:1044 - genDependencies : Invalid condition id : UX DEVICE CLASS RTOS Condition cause : null
2025-08-23 22:01:01,590 [WARN] PackLoader:240 - Cannot read IP mode file for STMicroelectronics.X-CUBE-GNSS1.7.0.1
2025-08-23 22:01:01,596 [WARN] PackLoader:240 - Cannot read IP mode file for STMicroelectronics.X-CUBE-TOUCHGFX.4.25.0
2025-08-23 22:01:01,615 [WARN] PackLoader:240 - Cannot read IP mode file for STMicroelectronics.FP-SNS-STBOX1.2.0.0
2025-08-23 22:01:01,626 [WARN] PackLoader:240 - Cannot read IP mode file for STMicroelectronics.X-CUBE-SUBG2.5.0.0
2025-08-23 22:01:01,642 [WARN] PackLoader:240 - Cannot read IP mode file for STMicroelectronics.X-CUBE-AZRTOS-H7RS.1.1.0
2025-08-23 22:01:01,649 [WARN] PackLoader:240 - Cannot read IP mode file for Cesanta.I-CUBE-Mongoose.7.13.0
2025-08-23 22:01:01,658 [WARN] PackLoader:240 - Cannot read IP mode file for STMicroelectronics.X-CUBE-AZRTOS-G4.2.0.0
2025-08-23 22:01:01,661 [WARN] PackLoader:240 - Cannot read IP mode file for wolfSSL.I-CUBE-wolfSSH.1.4.20
2025-08-23 22:01:01,665 [WARN] PackLoader:240 - Cannot read IP mode file for STMicroelectronics.X-CUBE-NFC7.2.0.0
2025-08-23 22:01:01,673 [WARN] PackLoader:240 - Cannot read IP mode file for STMicroelectronics.X-CUBE-IPS.3.1.0
2025-08-23 22:01:01,680 [WARN] PackLoader:240 - Cannot read IP mode file for STMicroelectronics.X-CUBE-ALS.1.0.2
2025-08-23 22:01:01,685 [WARN] PackLoader:240 - Cannot read IP mode file for portGmbH.I-Cube-SoM-uGOAL.1.1.0
2025-08-23 22:01:01,691 [WARN] PackLoader:240 - Cannot read IP mode file for STMicroelectronics.X-CUBE-TOF1.3.4.3
2025-08-23 22:01:01,697 [INFO] ThirdParty:978 - Integrity check success = true
2025-08-23 22:01:01,697 [INFO] IntegrityCheckThread:100 - exiting critical section [integrity check]
2025-08-23 22:01:01,697 [INFO] IntegrityCheckThread:103 - End integrity checks thread
