2025-10-01 00:34:35,957 [INFO] Activator:176 - 


2025-10-01 00:34:35,961 [INFO] Activator:177 - !SESSION log4j initialized
2025-10-01 00:34:39,718 [INFO] LogOutputStream:77 - [STDOUT_REDIRECT] 
2025-10-01 00:34:40,987 [INFO] ApplicationProperties:184 - Using Application install path: C:\ST\STM32CubeIDE_1.18.1\STM32CubeIDE\plugins\com.st.stm32cube.common.mx_6.14.1.202504091515
2025-10-01 00:34:41,001 [INFO] DbMcusXml:78 - Set database path to: C:\ST\STM32CubeIDE_1.18.1\STM32CubeIDE\plugins\com.st.stm32cube.common.mx_6.14.1.202504091515\\db\/mcu/
2025-10-01 00:34:41,002 [INFO] ApiDb:274 - Set plugin database path to: C:\ST\STM32CubeIDE_1.18.1\STM32CubeIDE\plugins\com.st.stm32cube.common.mx_6.14.1.202504091515\\db\/plugins/boardmanager/
2025-10-01 00:34:41,002 [WARN] ApiDb:259 - Overriding images path with different value:  => C:\ST\STM32CubeIDE_1.18.1\STM32CubeIDE\plugins\com.st.stm32cube.common.mx_6.14.1.202504091515\\db\/plugins/mcufinder/images/
2025-10-01 00:34:41,007 [INFO] ApiDb:250 - Set database path to: C:\Users\TUF\.stmcufinder\plugins\mcufinder//mcu/
2025-10-01 00:34:41,008 [INFO] DbMcusAds:125 - Set database path to: C:\Users\TUF\.stmcufinder\plugins\mcufinder//mcu/
2025-10-01 00:34:41,009 [INFO] CrossReferenceDbSqlite:203 - Set database path to: C:\Users\TUF\.stmcufinder\plugins\mcufinder//mcu/cs/
2025-10-01 00:34:41,081 [INFO] RulesReader:64 - Compatibility file has been processed (302 Rules)
2025-10-01 00:34:41,142 [INFO] DbMcusXml:78 - Set database path to: C:\ST\STM32CubeIDE_1.18.1\STM32CubeIDE\plugins\com.st.stm32cube.common.mx_6.14.1.202504091515\\db\/mcu/
2025-10-01 00:34:41,142 [INFO] ApiDb:274 - Set plugin database path to: C:\ST\STM32CubeIDE_1.18.1\STM32CubeIDE\plugins\com.st.stm32cube.common.mx_6.14.1.202504091515\\db\/plugins/boardmanager/
2025-10-01 00:34:41,142 [INFO] ApiDb:261 - Set plugin images path to: C:\ST\STM32CubeIDE_1.18.1\STM32CubeIDE\plugins\com.st.stm32cube.common.mx_6.14.1.202504091515\\db\/plugins/mcufinder/images/
2025-10-01 00:34:41,142 [WARN] DbFile:41 - Overriding database path with different value: C:\Users\TUF\.stmcufinder\plugins\mcufinder/ => C:\Users\TUF\.stmcufinder\plugins\mcufinder
2025-10-01 00:34:41,143 [INFO] ApiDb:250 - Set database path to: C:\Users\TUF\.stmcufinder\plugins\mcufinder//mcu/
2025-10-01 00:34:41,143 [WARN] DbFile:41 - Overriding database path with different value: C:\Users\TUF\.stmcufinder\plugins\mcufinder/ => C:\Users\TUF\.stmcufinder\plugins\mcufinder
2025-10-01 00:34:41,143 [INFO] DbMcusAds:125 - Set database path to: C:\Users\TUF\.stmcufinder\plugins\mcufinder//mcu/
2025-10-01 00:34:41,143 [WARN] DbFile:41 - Overriding database path with different value: C:\Users\TUF\.stmcufinder\plugins\mcufinder/ => C:\Users\TUF\.stmcufinder\plugins\mcufinder
2025-10-01 00:34:41,143 [WARN] DbFile:41 - Overriding database path with different value: C:\Users\TUF\.stmcufinder\plugins\mcufinder/ => C:\Users\TUF\.stmcufinder\plugins\mcufinder
2025-10-01 00:34:41,143 [INFO] CrossReferenceDbSqlite:203 - Set database path to: C:\Users\TUF\.stmcufinder\plugins\mcufinder//mcu/cs/
2025-10-01 00:34:41,195 [INFO] MainPanel:272 - HeapMemory: 268435456
2025-10-01 00:34:41,270 [INFO] DbMcusXml:78 - Set database path to: C:\ST\STM32CubeIDE_1.18.1\STM32CubeIDE\plugins\com.st.stm32cube.common.mx_6.14.1.202504091515\\db\/mcu/
2025-10-01 00:34:41,270 [INFO] ApiDb:274 - Set plugin database path to: C:\ST\STM32CubeIDE_1.18.1\STM32CubeIDE\plugins\com.st.stm32cube.common.mx_6.14.1.202504091515\\db\/plugins/boardmanager/
2025-10-01 00:34:41,270 [INFO] ApiDb:261 - Set plugin images path to: C:\ST\STM32CubeIDE_1.18.1\STM32CubeIDE\plugins\com.st.stm32cube.common.mx_6.14.1.202504091515\\db\/plugins/mcufinder/images/
2025-10-01 00:34:41,270 [WARN] DbFile:41 - Overriding database path with different value: C:\Users\TUF\.stmcufinder\plugins\mcufinder/ => C:\Users\TUF\.stmcufinder\plugins\mcufinder
2025-10-01 00:34:41,270 [INFO] ApiDb:250 - Set database path to: C:\Users\TUF\.stmcufinder\plugins\mcufinder//mcu/
2025-10-01 00:34:41,270 [WARN] DbFile:41 - Overriding database path with different value: C:\Users\TUF\.stmcufinder\plugins\mcufinder/ => C:\Users\TUF\.stmcufinder\plugins\mcufinder
2025-10-01 00:34:41,270 [INFO] DbMcusAds:125 - Set database path to: C:\Users\TUF\.stmcufinder\plugins\mcufinder//mcu/
2025-10-01 00:34:41,271 [WARN] DbFile:41 - Overriding database path with different value: C:\Users\TUF\.stmcufinder\plugins\mcufinder/ => C:\Users\TUF\.stmcufinder\plugins\mcufinder
2025-10-01 00:34:41,271 [WARN] DbFile:41 - Overriding database path with different value: C:\Users\TUF\.stmcufinder\plugins\mcufinder/ => C:\Users\TUF\.stmcufinder\plugins\mcufinder
2025-10-01 00:34:41,271 [INFO] CrossReferenceDbSqlite:203 - Set database path to: C:\Users\TUF\.stmcufinder\plugins\mcufinder//mcu/cs/
2025-10-01 00:34:41,284 [INFO] ApplicationProperties:184 - Using Application install path: C:\ST\STM32CubeIDE_1.18.1\STM32CubeIDE\plugins\com.st.stm32cube.common.mx_6.14.1.202504091515
2025-10-01 00:34:41,285 [INFO] PluginManage:196 - Search for loadable plugins [exclusion list=, ]
2025-10-01 00:34:41,286 [INFO] PluginManage:310 - Check plugin analytics
2025-10-01 00:34:41,412 [INFO] AnalyticsPlugin:253 - Accepted Software Licenses: 
2025-10-01 00:34:41,412 [INFO] AnalyticsPlugin:255 - Accepted CMSIS Pack Licenses: STMicroelectronics.X-CUBE-AI.10.2.0
2025-10-01 00:34:41,412 [INFO] AnalyticsPlugin:257 - Accepted Firmware Licenses: 
2025-10-01 00:34:41,415 [INFO] PluginManage:359 - Loaded plugin analytics (category:tool,tabindex:-1)
2025-10-01 00:34:41,415 [INFO] PluginManage:310 - Check plugin cadmodel
2025-10-01 00:34:41,419 [INFO] CADModel:105 - Init CAD model plugin
2025-10-01 00:34:41,419 [INFO] PluginManage:359 - Loaded plugin cadmodel (category:power,tabindex:5)
2025-10-01 00:34:41,419 [INFO] PluginManage:310 - Check plugin clock
2025-10-01 00:34:41,427 [INFO] PluginManage:359 - Loaded plugin clock (category:base,tabindex:2)
2025-10-01 00:34:41,427 [INFO] PluginManage:310 - Check plugin ddr
2025-10-01 00:34:41,429 [INFO] PluginManage:359 - Loaded plugin ddr (category:tool,tabindex:6)
2025-10-01 00:34:41,429 [INFO] PluginManage:310 - Check plugin filemanager
2025-10-01 00:34:41,537 [INFO] PluginManage:359 - Loaded plugin filemanager (category:base,tabindex:10)
2025-10-01 00:34:41,537 [INFO] PluginManage:310 - Check plugin ipmanager
2025-10-01 00:34:41,542 [INFO] PluginManage:359 - Loaded plugin ipmanager (category:base,tabindex:5)
2025-10-01 00:34:41,543 [INFO] PluginManage:310 - Check plugin lpbam
2025-10-01 00:34:41,548 [INFO] PluginManage:359 - Loaded plugin lpbam (category:base,tabindex:0)
2025-10-01 00:34:41,548 [INFO] PluginManage:310 - Check plugin memorymap
2025-10-01 00:34:41,558 [INFO] PluginManage:359 - Loaded plugin memorymap (category:base,tabindex:4)
2025-10-01 00:34:41,558 [INFO] PluginManage:310 - Check plugin pinoutandconfiguration
2025-10-01 00:34:41,564 [INFO] PluginManage:359 - Loaded plugin pinoutandconfiguration (category:base,tabindex:1)
2025-10-01 00:34:41,565 [INFO] PluginManage:310 - Check plugin pinoutconfig
2025-10-01 00:34:41,643 [WARN] SupportedApi:132 - Cannot load RTOS API schema: s4s-elt-must-match.1: The content of 'definitions' must match (annotation?, (simpleType | complexType)?, (unique | key | keyref)*)). A problem was found starting at: attribute.
2025-10-01 00:34:41,734 [INFO] PluginManage:359 - Loaded plugin pinoutconfig (category:base,tabindex:0)
2025-10-01 00:34:41,734 [INFO] PluginManage:310 - Check plugin power
2025-10-01 00:34:41,741 [INFO] PluginManage:359 - Loaded plugin power (category:power,tabindex:4)
2025-10-01 00:34:41,741 [INFO] PluginManage:310 - Check plugin projectmanager
2025-10-01 00:34:41,753 [INFO] PluginManage:359 - Loaded plugin projectmanager (category:projectmanager,tabindex:4)
2025-10-01 00:34:41,753 [INFO] PluginManage:310 - Check plugin rif
2025-10-01 00:34:41,759 [INFO] PluginManage:359 - Loaded plugin rif (category:base,tabindex:3)
2025-10-01 00:34:41,759 [INFO] PluginManage:310 - Check plugin thirdparty
2025-10-01 00:34:41,860 [INFO] PluginManage:359 - Loaded plugin thirdparty (category:base,tabindex:-1)
2025-10-01 00:34:41,860 [WARN] IntegrityCheckThread:84 - waiting for thirdparty lock release [integrity check]
2025-10-01 00:34:41,860 [INFO] PluginManage:310 - Check plugin tools
2025-10-01 00:34:41,860 [INFO] IntegrityCheckThread:86 - entering critical section [integrity check]
2025-10-01 00:34:41,860 [INFO] ThirdPartyUpdaterWithRetryManager:70 - Updater plugin not ready yet. [1/15]
2025-10-01 00:34:41,862 [INFO] PluginManage:359 - Loaded plugin tools (category:base,tabindex:7)
2025-10-01 00:34:41,862 [INFO] PluginManage:310 - Check plugin tutovideos
2025-10-01 00:34:41,992 [INFO] PluginManage:359 - Loaded plugin tutovideos (category:base,tabindex:-1)
2025-10-01 00:34:41,992 [INFO] PluginManage:310 - Check plugin updater
2025-10-01 00:34:42,007 [INFO] PluginManage:359 - Loaded plugin updater (category:base,tabindex:12)
2025-10-01 00:34:42,007 [INFO] PluginManage:310 - Check plugin userauth
2025-10-01 00:34:42,010 [INFO] UserAuth:118 - Init User Auth plugin
2025-10-01 00:34:42,011 [INFO] PluginManage:359 - Loaded plugin userauth (category:base,tabindex:14)
2025-10-01 00:34:42,011 [INFO] PluginManage:283 - PluginManage : Loaded plugins [18]
2025-10-01 00:34:42,159 [INFO] PinOutPanel:1589 - setPackage(No Configuration,No Configuration)
2025-10-01 00:34:42,221 [INFO] CADModel:165 - CPN selected for project level
2025-10-01 00:34:42,221 [INFO] CADModel:114 - Register for checkConnection events
2025-10-01 00:34:42,233 [INFO] IPUIPlugin:80 - create IPUIPlugin
2025-10-01 00:34:42,234 [INFO] PluginManager:220 - loadIPPluginJar : add adc
2025-10-01 00:34:42,236 [INFO] IPUIPlugin:80 - create IPUIPlugin
2025-10-01 00:34:42,236 [INFO] PluginManager:220 - loadIPPluginJar : add aes
2025-10-01 00:34:42,238 [INFO] IPUIPlugin:80 - create IPUIPlugin
2025-10-01 00:34:42,238 [INFO] PluginManager:220 - loadIPPluginJar : add can
2025-10-01 00:34:42,240 [INFO] IPUIPlugin:80 - create IPUIPlugin
2025-10-01 00:34:42,240 [INFO] PluginManager:220 - loadIPPluginJar : add comp
2025-10-01 00:34:42,241 [INFO] IPUIPlugin:80 - create IPUIPlugin
2025-10-01 00:34:42,241 [INFO] PluginManager:220 - loadIPPluginJar : add cryp
2025-10-01 00:34:42,244 [INFO] IPUIPlugin:80 - create IPUIPlugin
2025-10-01 00:34:42,244 [INFO] PluginManager:220 - loadIPPluginJar : add ddr_ctrl_phy
2025-10-01 00:34:42,246 [INFO] IPUIPlugin:80 - create IPUIPlugin
2025-10-01 00:34:42,246 [INFO] PluginManager:220 - loadIPPluginJar : add dfsdm
2025-10-01 00:34:42,250 [INFO] IPUIPlugin:80 - create IPUIPlugin
2025-10-01 00:34:42,251 [INFO] PluginManager:220 - loadIPPluginJar : add dma
2025-10-01 00:34:42,253 [INFO] IPUIPlugin:80 - create IPUIPlugin
2025-10-01 00:34:42,253 [INFO] PluginManager:220 - loadIPPluginJar : add dma3
2025-10-01 00:34:42,255 [INFO] IPUIPlugin:80 - create IPUIPlugin
2025-10-01 00:34:42,255 [INFO] PluginManager:220 - loadIPPluginJar : add extmemmanager
2025-10-01 00:34:42,257 [INFO] IPUIPlugin:80 - create IPUIPlugin
2025-10-01 00:34:42,257 [INFO] PluginManager:220 - loadIPPluginJar : add fatfs
2025-10-01 00:34:42,260 [INFO] IPUIPlugin:80 - create IPUIPlugin
2025-10-01 00:34:42,260 [INFO] PluginManager:220 - loadIPPluginJar : add fmc
2025-10-01 00:34:42,265 [INFO] IPUIPlugin:80 - create IPUIPlugin
2025-10-01 00:34:42,265 [INFO] PluginManager:220 - loadIPPluginJar : add freertos
2025-10-01 00:34:42,266 [INFO] IPUIPlugin:80 - create IPUIPlugin
2025-10-01 00:34:42,266 [INFO] PluginManager:220 - loadIPPluginJar : add genericplugin
2025-10-01 00:34:42,267 [INFO] IPUIPlugin:80 - create IPUIPlugin
2025-10-01 00:34:42,267 [INFO] PluginManager:220 - loadIPPluginJar : add gfxmmu
2025-10-01 00:34:42,270 [INFO] IPUIPlugin:80 - create IPUIPlugin
2025-10-01 00:34:42,270 [INFO] PluginManager:220 - loadIPPluginJar : add gic
2025-10-01 00:34:42,273 [INFO] IPUIPlugin:80 - create IPUIPlugin
2025-10-01 00:34:42,273 [INFO] PluginManager:220 - loadIPPluginJar : add gpio
2025-10-01 00:34:42,276 [INFO] IPUIPlugin:80 - create IPUIPlugin
2025-10-01 00:34:42,276 [INFO] PluginManager:220 - loadIPPluginJar : add gtzc
2025-10-01 00:34:42,278 [INFO] IPUIPlugin:80 - create IPUIPlugin
2025-10-01 00:34:42,278 [INFO] PluginManager:220 - loadIPPluginJar : add hash
2025-10-01 00:34:42,280 [INFO] IPUIPlugin:80 - create IPUIPlugin
2025-10-01 00:34:42,280 [INFO] PluginManager:220 - loadIPPluginJar : add i2c
2025-10-01 00:34:42,281 [INFO] IPUIPlugin:80 - create IPUIPlugin
2025-10-01 00:34:42,281 [INFO] PluginManager:220 - loadIPPluginJar : add i2s
2025-10-01 00:34:42,283 [INFO] IPUIPlugin:80 - create IPUIPlugin
2025-10-01 00:34:42,283 [INFO] PluginManager:220 - loadIPPluginJar : add i3c
2025-10-01 00:34:42,286 [INFO] IPUIPlugin:80 - create IPUIPlugin
2025-10-01 00:34:42,286 [INFO] PluginManager:220 - loadIPPluginJar : add ipddr
2025-10-01 00:34:42,292 [INFO] IPUIPlugin:80 - create IPUIPlugin
2025-10-01 00:34:42,292 [INFO] PluginManager:220 - loadIPPluginJar : add linkedlist
2025-10-01 00:34:42,295 [INFO] IPUIPlugin:80 - create IPUIPlugin
2025-10-01 00:34:42,295 [INFO] PluginManager:220 - loadIPPluginJar : add lorawan
2025-10-01 00:34:42,296 [INFO] IPUIPlugin:80 - create IPUIPlugin
2025-10-01 00:34:42,296 [INFO] PluginManager:220 - loadIPPluginJar : add ltdc
2025-10-01 00:34:42,300 [INFO] IPUIPlugin:80 - create IPUIPlugin
2025-10-01 00:34:42,300 [INFO] PluginManager:220 - loadIPPluginJar : add mdma
2025-10-01 00:34:42,303 [INFO] IPUIPlugin:80 - create IPUIPlugin
2025-10-01 00:34:42,303 [INFO] PluginManager:220 - loadIPPluginJar : add nvic
2025-10-01 00:34:42,305 [INFO] IPUIPlugin:80 - create IPUIPlugin
2025-10-01 00:34:42,305 [INFO] PluginManager:220 - loadIPPluginJar : add opamp
2025-10-01 00:34:42,307 [INFO] IPUIPlugin:80 - create IPUIPlugin
2025-10-01 00:34:42,307 [INFO] PluginManager:220 - loadIPPluginJar : add openamp
2025-10-01 00:34:42,309 [INFO] IPUIPlugin:80 - create IPUIPlugin
2025-10-01 00:34:42,309 [INFO] PluginManager:220 - loadIPPluginJar : add pdm2pcm
2025-10-01 00:34:42,314 [INFO] IPUIPlugin:80 - create IPUIPlugin
2025-10-01 00:34:42,315 [INFO] PluginManager:220 - loadIPPluginJar : add plateformsettings
2025-10-01 00:34:42,316 [INFO] IPUIPlugin:80 - create IPUIPlugin
2025-10-01 00:34:42,316 [INFO] PluginManager:220 - loadIPPluginJar : add quadspi
2025-10-01 00:34:42,317 [INFO] IPUIPlugin:80 - create IPUIPlugin
2025-10-01 00:34:42,318 [INFO] PluginManager:220 - loadIPPluginJar : add radio
2025-10-01 00:34:42,321 [INFO] IPUIPlugin:80 - create IPUIPlugin
2025-10-01 00:34:42,321 [INFO] PluginManager:220 - loadIPPluginJar : add resmgrutility
2025-10-01 00:34:42,323 [INFO] IPUIPlugin:80 - create IPUIPlugin
2025-10-01 00:34:42,323 [INFO] PluginManager:220 - loadIPPluginJar : add sai
2025-10-01 00:34:42,326 [INFO] IPUIPlugin:80 - create IPUIPlugin
2025-10-01 00:34:42,326 [INFO] PluginManager:220 - loadIPPluginJar : add spi
2025-10-01 00:34:42,332 [INFO] IPUIPlugin:80 - create IPUIPlugin
2025-10-01 00:34:42,332 [INFO] PluginManager:220 - loadIPPluginJar : add stm32_wpan
2025-10-01 00:34:42,334 [INFO] IPUIPlugin:80 - create IPUIPlugin
2025-10-01 00:34:42,334 [INFO] PluginManager:220 - loadIPPluginJar : add tim
2025-10-01 00:34:42,337 [INFO] IPUIPlugin:80 - create IPUIPlugin
2025-10-01 00:34:42,337 [INFO] PluginManager:220 - loadIPPluginJar : add touchsensing
2025-10-01 00:34:42,339 [INFO] IPUIPlugin:80 - create IPUIPlugin
2025-10-01 00:34:42,339 [INFO] PluginManager:220 - loadIPPluginJar : add tracer_emb
2025-10-01 00:34:42,341 [INFO] IPUIPlugin:80 - create IPUIPlugin
2025-10-01 00:34:42,341 [INFO] PluginManager:220 - loadIPPluginJar : add ts
2025-10-01 00:34:42,342 [INFO] IPUIPlugin:80 - create IPUIPlugin
2025-10-01 00:34:42,343 [INFO] PluginManager:220 - loadIPPluginJar : add tsc
2025-10-01 00:34:42,344 [INFO] IPUIPlugin:80 - create IPUIPlugin
2025-10-01 00:34:42,344 [INFO] PluginManager:220 - loadIPPluginJar : add ucpd
2025-10-01 00:34:42,346 [INFO] IPUIPlugin:80 - create IPUIPlugin
2025-10-01 00:34:42,346 [INFO] PluginManager:220 - loadIPPluginJar : add usart
2025-10-01 00:34:42,348 [INFO] IPUIPlugin:80 - create IPUIPlugin
2025-10-01 00:34:42,348 [INFO] PluginManager:220 - loadIPPluginJar : add usbx
2025-10-01 00:34:42,457 [FATAL] Updater:351 - Updater called before beeing initialized
2025-10-01 00:34:42,479 [INFO] RulesReader:64 - Compatibility file has been processed (302 Rules)
2025-10-01 00:34:42,486 [INFO] RulesReader:64 - Compatibility file has been processed (302 Rules)
2025-10-01 00:34:42,494 [INFO] CADModel:165 - CPN selected for project level
2025-10-01 00:34:42,494 [INFO] CADModel:114 - Register for checkConnection events
2025-10-01 00:34:42,495 [FATAL] Updater:351 - Updater called before beeing initialized
2025-10-01 00:34:42,495 [ERROR] CADModel:125 - Updater not yet initialized, retry later 
2025-10-01 00:34:42,601 [FATAL] Updater:351 - Updater called before beeing initialized
2025-10-01 00:34:42,602 [INFO] CADModel:165 - CPN selected for project level
2025-10-01 00:34:42,602 [INFO] CADModel:114 - Register for checkConnection events
2025-10-01 00:34:42,602 [FATAL] Updater:351 - Updater called before beeing initialized
2025-10-01 00:34:42,602 [ERROR] CADModel:125 - Updater not yet initialized, retry later 
2025-10-01 00:34:42,605 [FATAL] Updater:351 - Updater called before beeing initialized
2025-10-01 00:34:42,678 [FATAL] Updater:351 - Updater called before beeing initialized
2025-10-01 00:34:42,682 [INFO] DbMcusAds:53 - JSON generation date=Tue Jul 08 16:14:23 CST 2025 (1751962463593)
2025-10-01 00:34:42,682 [FATAL] Updater:351 - Updater called before beeing initialized
2025-10-01 00:34:42,707 [WARN] DetailPanel:346 - Failed to get advertising image, set to default
2025-10-01 00:34:42,861 [FATAL] Updater:351 - Updater called before beeing initialized
2025-10-01 00:34:42,862 [FATAL] Updater:351 - Updater called before beeing initialized
2025-10-01 00:34:42,862 [FATAL] Updater:351 - Updater called before beeing initialized
2025-10-01 00:34:42,863 [WARN] DetailPanel:346 - Failed to get advertising image, set to default
2025-10-01 00:34:42,863 [FATAL] Updater:351 - Updater called before beeing initialized
2025-10-01 00:34:42,892 [ERROR] Updater:1198 - MainUpdater not yet initialized. External WinMGr cannot be set.
2025-10-01 00:34:42,894 [INFO] Updater:1134 - Updater Version found : 6.14.1
2025-10-01 00:34:42,908 [INFO] ApplicationProperties:184 - Using Application install path: C:\ST\STM32CubeIDE_1.18.1\STM32CubeIDE\plugins\com.st.stm32cube.common.mx_6.14.1.202504091515
2025-10-01 00:34:44,487 [ERROR] LogOutputStream:75 - [STDERR_REDIRECT] Oct 01, 2025 12:34:44 AM java.util.prefs.WindowsPreferences <init>
2025-10-01 00:34:44,488 [ERROR] LogOutputStream:75 - [STDERR_REDIRECT] WARNING: Could not open/create prefs root node Software\JavaSoft\Prefs at root 0xffffffff80000002. Windows RegCreateKeyEx(...) returned error code 5.
2025-10-01 00:34:44,488 [ERROR] LogOutputStream:75 - [STDERR_REDIRECT] 
2025-10-01 00:34:44,696 [INFO] MainUpdater:2872 - connection check result : 10
2025-10-01 00:34:44,696 [INFO] MainUpdater:289 - Updater Check For Update Now.
2025-10-01 00:34:44,696 [INFO] MicroXplorer:498 - Change Database Version : DB.6.0.141
2025-10-01 00:34:44,700 [INFO] McuFinderGlobals:63 - Set McuFinder mode to 2 (CubeIDE integrated)
2025-10-01 00:34:44,700 [INFO] UserAuth:484 - Internet connection configuration mode: 1
2025-10-01 00:34:44,731 [INFO] JxBrowserEngine:152 - Initiate JxBrowser Engine with user profile folder
2025-10-01 00:34:44,848 [INFO] CheckServerUpdateThread:120 - End of CheckServer Thread
2025-10-01 00:34:45,016 [WARN] PackLoader:240 - Cannot read IP mode file for STMicroelectronics.FP-SNS-MOTENVWB1.1.4.0
2025-10-01 00:34:45,023 [WARN] PackLoader:240 - Cannot read IP mode file for STMicroelectronics.FP-ATR-ASTRA1.2.0.2
2025-10-01 00:34:45,030 [WARN] PackLoader:240 - Cannot read IP mode file for STMicroelectronics.X-CUBE-SMBUS.2.1.0
2025-10-01 00:34:45,034 [WARN] PackLoader:240 - Cannot read IP mode file for STMicroelectronics.X-CUBE-ST60.1.0.0
2025-10-01 00:34:45,060 [WARN] PackLoader:240 - Cannot read IP mode file for STMicroelectronics.X-CUBE-AZRTOS-F7.1.1.0
2025-10-01 00:34:45,083 [WARN] PackLoader:240 - Cannot read IP mode file for Infineon.AIROC-Wi-Fi-Bluetooth-STM32.1.7.0
2025-10-01 00:34:45,105 [WARN] PackLoader:240 - Cannot read IP mode file for STMicroelectronics.X-CUBE-AZRTOS-H7.3.4.0
2025-10-01 00:34:45,113 [WARN] PackLoader:240 - Cannot read IP mode file for STMicroelectronics.X-CUBE-DISPLAY.3.0.0
2025-10-01 00:34:45,123 [WARN] PackLoader:240 - Cannot read IP mode file for STMicroelectronics.X-CUBE-NFC10.1.0.0
2025-10-01 00:34:45,139 [WARN] PackLoader:240 - Cannot read IP mode file for STMicroelectronics.X-CUBE-BLEMGR.4.0.0
2025-10-01 00:34:45,144 [WARN] PackLoader:240 - Cannot read IP mode file for emotas.I-CUBE-CANOPEN.1.3.0
2025-10-01 00:34:45,148 [WARN] ConditionMgr:438 - getConditionDescription Invalid condition id : Cortex-A Device cause : null
2025-10-01 00:34:45,180 [WARN] ConditionMgr:1044 - genDependencies : Invalid condition id : Cortex-A Device cause : null
2025-10-01 00:34:45,180 [WARN] ConditionMgr:1044 - genDependencies : Invalid condition id : Cortex-A Device cause : null
2025-10-01 00:34:45,180 [WARN] ConditionMgr:1044 - genDependencies : Invalid condition id : Cortex-A Device cause : null
2025-10-01 00:34:45,185 [ERROR] Engine:466 - C:\Users\TUF\.stm32cubemx\thirdparties\pdsc\STMicroelectronics.FP-SNS-STBOX1.2.1.0.pdsc: PDSC version is not supported
2025-10-01 00:34:45,188 [WARN] PackLoader:240 - Cannot read IP mode file for STMicroelectronics.FP-SNS-SMARTAG2.1.2.0
2025-10-01 00:34:45,191 [WARN] PackLoader:240 - Cannot read IP mode file for STMicroelectronics.FP-SNS-FLIGHT1.5.1.0
2025-10-01 00:34:45,197 [INFO] LogOutputStream:77 - [STDOUT_REDIRECT] 1 : Invalid condition id : UX_CORESTACK_Condition cause : null
2025-10-01 00:34:45,198 [INFO] LogOutputStream:77 - [STDOUT_REDIRECT] 1 : Invalid condition id : UX_CORESTACK_Condition cause : null
2025-10-01 00:34:45,198 [INFO] LogOutputStream:77 - [STDOUT_REDIRECT] 1 : Invalid condition id : UX_CORESTACK_Condition cause : null
2025-10-01 00:34:45,199 [INFO] LogOutputStream:77 - [STDOUT_REDIRECT] 1 : Invalid condition id : UX_CORESTACK_Condition cause : null
2025-10-01 00:34:45,200 [INFO] LogOutputStream:77 - [STDOUT_REDIRECT] 1 : Invalid condition id : UX_CORESTACK_Condition cause : null
2025-10-01 00:34:45,202 [WARN] PackLoader:240 - Cannot read IP mode file for STMicroelectronics.X-CUBE-AZRTOS-WL.2.0.0
2025-10-01 00:34:45,207 [WARN] PackLoader:240 - Cannot read IP mode file for STMicroelectronics.FP-SNS-MOTENV1.5.0.0
2025-10-01 00:34:45,214 [WARN] PackLoader:240 - Cannot read IP mode file for WES.I-CUBE-Cesium.1.3.0
2025-10-01 00:34:45,219 [WARN] PackLoader:240 - Cannot read IP mode file for STMicroelectronics.X-CUBE-BLE2.3.3.0
2025-10-01 00:34:45,226 [WARN] PackLoader:240 - Cannot read IP mode file for STMicroelectronics.X-CUBE-NFC9.1.0.0
2025-10-01 00:34:45,231 [WARN] PackLoader:240 - Cannot read IP mode file for wolfSSL.I-CUBE-wolfSSL.5.8.0
2025-10-01 00:34:45,235 [WARN] PackLoader:240 - Cannot read IP mode file for STMicroelectronics.X-CUBE-BLE1.7.1.0
2025-10-01 00:34:45,238 [WARN] PackLoader:240 - Cannot read IP mode file for wolfSSL.I-CUBE-wolfMQTT.1.19.2
2025-10-01 00:34:45,242 [WARN] PackLoader:240 - Cannot read IP mode file for STMicroelectronics.X-CUBE-EEPRMA1.5.2.0
2025-10-01 00:34:45,246 [WARN] PackLoader:240 - Cannot read IP mode file for STMicroelectronics.X-CUBE-AI.10.1.0
2025-10-01 00:34:45,254 [WARN] PackLoader:240 - Cannot read IP mode file for STMicroelectronics.X-CUBE-AZRTOS-G0.1.1.0
2025-10-01 00:34:45,259 [WARN] PackLoader:240 - Cannot read IP mode file for STMicroelectronics.X-CUBE-SAFEA1.1.2.2
2025-10-01 00:34:45,263 [WARN] PackLoader:240 - Cannot read IP mode file for STMicroelectronics.X-CUBE-NFC4.3.0.0
2025-10-01 00:34:45,270 [WARN] PackLoader:240 - Cannot read IP mode file for EmbeddedOffice.I-CUBE-FS-RTOS.1.0.1
2025-10-01 00:34:45,274 [WARN] PackLoader:240 - Cannot read IP mode file for STMicroelectronics.X-CUBE-WB05N.2.0.0
2025-10-01 00:34:45,280 [WARN] PackLoader:240 - Cannot read IP mode file for wolfSSL.I-CUBE-wolfTPM.3.8.0
2025-10-01 00:34:45,284 [WARN] PackLoader:240 - Cannot read IP mode file for STMicroelectronics.X-CUBE-TCPP.4.2.0
2025-10-01 00:34:45,288 [WARN] PackLoader:240 - Cannot read IP mode file for RealThread.X-CUBE-RT-Thread_Nano.4.1.1
2025-10-01 00:34:45,291 [WARN] PackLoader:240 - Cannot read IP mode file for STMicroelectronics.FP-ATR-SIGFOX1.3.2.0
2025-10-01 00:34:45,293 [WARN] PackLoader:240 - Cannot read IP mode file for STMicroelectronics.X-CUBE-EEPRMA1.5.1.0
2025-10-01 00:34:45,297 [WARN] PackLoader:240 - Cannot read IP mode file for ITTIA_DB.I-CUBE-ITTIADB.8.9.0
2025-10-01 00:34:45,304 [WARN] PackLoader:240 - Cannot read IP mode file for STMicroelectronics.X-CUBE-ST67W61.1.0.0
2025-10-01 00:34:45,309 [WARN] PackLoader:240 - Cannot read IP mode file for STMicroelectronics.X-CUBE-AI.10.2.0
2025-10-01 00:34:45,382 [WARN] PackLoader:240 - Cannot read IP mode file for SEGGER.I-CUBE-embOS.1.3.1
2025-10-01 00:34:45,403 [WARN] PackLoader:240 - Cannot read IP mode file for STMicroelectronics.X-CUBE-ALGOBUILD.1.4.0
2025-10-01 00:34:45,424 [WARN] PackLoader:240 - Cannot read IP mode file for STMicroelectronics.X-CUBE-MEMS1.11.3.0
2025-10-01 00:34:45,478 [WARN] PackLoader:240 - Cannot read IP mode file for STMicroelectronics.X-CUBE-PM33A1.1.0.0
2025-10-01 00:34:45,491 [WARN] PackLoader:240 - Cannot read IP mode file for STMicroelectronics.X-CUBE-AZRTOS-F4.1.1.0
2025-10-01 00:34:45,498 [WARN] PackLoader:240 - Cannot read IP mode file for Avnet-IotConnect.X-CUBE-IoTC-DA16k-PMOD.1.0.0
2025-10-01 00:34:45,501 [WARN] PackLoader:240 - Cannot read IP mode file for STMicroelectronics.X-CUBE-ISPU.2.1.0
2025-10-01 00:34:45,506 [WARN] PackLoader:240 - Cannot read IP mode file for STMicroelectronics.X-CUBE-NFC12.1.0.0
2025-10-01 00:34:45,514 [WARN] PackLoader:240 - Cannot read IP mode file for STMicroelectronics.X-CUBE-AZRTOS-L5.2.0.0
2025-10-01 00:34:45,520 [WARN] PackLoader:240 - Cannot read IP mode file for STMicroelectronics.X-CUBE-NFC6.3.1.0
2025-10-01 00:34:45,525 [WARN] PackLoader:240 - Cannot read IP mode file for STMicroelectronics.X-CUBE-FREERTOS.1.3.1
2025-10-01 00:34:45,529 [WARN] PackLoader:240 - Cannot read IP mode file for STMicroelectronics.FP-SNS-STAIOTCFT.1.0.0
2025-10-01 00:34:45,534 [WARN] PackLoader:240 - Cannot read IP mode file for STMicroelectronics.X-CUBE-DPower.1.3.0
2025-10-01 00:34:45,541 [WARN] ConditionMgr:438 - getConditionDescription Invalid condition id : LAN8742 Phy interface Condition cause : null
2025-10-01 00:34:45,541 [WARN] PackLoader:240 - Cannot read IP mode file for STMicroelectronics.X-CUBE-AZRTOS-L4.2.0.0
2025-10-01 00:34:45,543 [WARN] ConditionMgr:1044 - genDependencies : Invalid condition id : LAN8742 Phy interface Condition cause : null
2025-10-01 00:34:45,543 [WARN] ConditionMgr:1044 - genDependencies : Invalid condition id : LAN8742 Phy interface Condition cause : null
2025-10-01 00:34:45,543 [WARN] ConditionMgr:1044 - genDependencies : Invalid condition id : LAN8742 Phy interface Condition cause : null
2025-10-01 00:34:45,557 [WARN] PackLoader:240 - Cannot read IP mode file for STMicroelectronics.X-CUBE-SFXS2LP1.4.0.0
2025-10-01 00:34:45,607 [WARN] PackLoader:240 - Cannot read IP mode file for STMicroelectronics.X-CUBE-AZRTOS-H7.3.3.0
2025-10-01 00:34:45,615 [WARN] PackLoader:240 - Cannot read IP mode file for STMicroelectronics.X-CUBE-BLEMGR.4.1.0
2025-10-01 00:34:45,623 [WARN] ConditionMgr:438 - getConditionDescription Invalid condition id : UX DEVICE CLASS RTOS Condition cause : null
2025-10-01 00:34:45,624 [WARN] ConditionMgr:438 - getConditionDescription Invalid condition id : UX DEVICE CLASS RTOS Condition cause : null
2025-10-01 00:34:45,624 [WARN] PackLoader:240 - Cannot read IP mode file for STMicroelectronics.X-CUBE-AZRTOS-WB.2.0.0
2025-10-01 00:34:45,625 [WARN] ConditionMgr:1044 - genDependencies : Invalid condition id : UX DEVICE CLASS RTOS Condition cause : null
2025-10-01 00:34:45,625 [WARN] ConditionMgr:1044 - genDependencies : Invalid condition id : UX DEVICE CLASS RTOS Condition cause : null
2025-10-01 00:34:45,625 [WARN] ConditionMgr:1044 - genDependencies : Invalid condition id : UX DEVICE CLASS RTOS Condition cause : null
2025-10-01 00:34:45,625 [WARN] ConditionMgr:1044 - genDependencies : Invalid condition id : UX DEVICE CLASS RTOS Condition cause : null
2025-10-01 00:34:45,625 [WARN] ConditionMgr:1044 - genDependencies : Invalid condition id : UX DEVICE CLASS RTOS Condition cause : null
2025-10-01 00:34:45,629 [WARN] PackLoader:240 - Cannot read IP mode file for STMicroelectronics.X-CUBE-GNSS1.7.0.1
2025-10-01 00:34:45,634 [WARN] PackLoader:240 - Cannot read IP mode file for STMicroelectronics.X-CUBE-TOUCHGFX.4.25.0
2025-10-01 00:34:45,636 [WARN] PackLoader:240 - Cannot read IP mode file for STMicroelectronics.FP-SNS-STBOX1.2.0.0
2025-10-01 00:34:45,641 [WARN] PackLoader:240 - Cannot read IP mode file for STMicroelectronics.X-CUBE-SUBG2.5.0.0
2025-10-01 00:34:45,651 [WARN] PackLoader:240 - Cannot read IP mode file for STMicroelectronics.X-CUBE-AZRTOS-H7RS.1.1.0
2025-10-01 00:34:45,655 [WARN] PackLoader:240 - Cannot read IP mode file for Cesanta.I-CUBE-Mongoose.7.13.0
2025-10-01 00:34:45,661 [WARN] PackLoader:240 - Cannot read IP mode file for STMicroelectronics.X-CUBE-AZRTOS-G4.2.0.0
2025-10-01 00:34:45,664 [WARN] PackLoader:240 - Cannot read IP mode file for wolfSSL.I-CUBE-wolfSSH.1.4.20
2025-10-01 00:34:45,667 [WARN] PackLoader:240 - Cannot read IP mode file for STMicroelectronics.X-CUBE-NFC7.2.0.0
2025-10-01 00:34:45,678 [WARN] PackLoader:240 - Cannot read IP mode file for STMicroelectronics.X-CUBE-IPS.3.1.0
2025-10-01 00:34:45,693 [WARN] PackLoader:240 - Cannot read IP mode file for STMicroelectronics.X-CUBE-ALS.1.0.2
2025-10-01 00:34:45,699 [WARN] PackLoader:240 - Cannot read IP mode file for STMicroelectronics.X-CUBE-STSE01.1.0.0
2025-10-01 00:34:45,704 [WARN] PackLoader:240 - Cannot read IP mode file for portGmbH.I-Cube-SoM-uGOAL.1.1.0
2025-10-01 00:34:45,728 [WARN] PackLoader:240 - Cannot read IP mode file for STMicroelectronics.X-CUBE-TOF1.3.4.3
2025-10-01 00:34:45,734 [INFO] ThirdParty:978 - Integrity check success = true
2025-10-01 00:34:45,734 [INFO] IntegrityCheckThread:100 - exiting critical section [integrity check]
2025-10-01 00:34:45,734 [INFO] IntegrityCheckThread:103 - End integrity checks thread
2025-10-01 00:34:46,118 [INFO] WebApp:169 - Instantiating new browser for Auth
2025-10-01 00:34:46,624 [INFO] WebApp:463 - Apply proxy settings
2025-10-01 00:34:46,624 [INFO] WebApp:548 - Chromium requires no authentication
2025-10-01 00:34:46,631 [INFO] WebApp:491 - Direct internet connection detected
2025-10-01 00:34:46,647 [INFO] WebApp:894 - Register for checkConnection events
2025-10-01 00:34:46,647 [INFO] WebApp:463 - Apply proxy settings
2025-10-01 00:34:46,647 [INFO] WebApp:548 - Chromium requires no authentication
2025-10-01 00:34:46,648 [INFO] WebApp:491 - Direct internet connection detected
2025-10-01 00:34:46,756 [INFO] WebApp:191 - Connection restablished
2025-10-01 00:34:46,783 [INFO] WebApp:225 - Starting web application
2025-10-01 00:34:46,784 [INFO] WebApp:593 - Web application path used C:\ST\STM32CubeIDE_1.18.1\STM32CubeIDE\plugins\com.st.stm32cube.common.mx_6.14.1.202504091515\db\plugins\mcufinder\reactClient1\index.html
2025-10-01 00:34:46,969 [INFO] UserAuth:484 - Internet connection configuration mode: 1
2025-10-01 01:40:02,719 [ERROR] LogOutputStream:75 - [STDERR_REDIRECT] 
2025-10-01 01:40:02,724 [ERROR] LogOutputStream:75 - [STDERR_REDIRECT] 
