2025-09-03 00:10:02,833 [INFO] Activator:176 - 


2025-09-03 00:10:02,840 [INFO] Activator:177 - !SESSION log4j initialized
2025-09-03 00:10:10,033 [INFO] LogOutputStream:77 - [STDOUT_REDIRECT] 
2025-09-03 00:10:12,188 [INFO] ApplicationProperties:184 - Using Application install path: C:\ST\STM32CubeIDE_1.18.1\STM32CubeIDE\plugins\com.st.stm32cube.common.mx_6.14.1.202504091515
2025-09-03 00:10:12,210 [INFO] DbMcusXml:78 - Set database path to: C:\ST\STM32CubeIDE_1.18.1\STM32CubeIDE\plugins\com.st.stm32cube.common.mx_6.14.1.202504091515\\db\/mcu/
2025-09-03 00:10:12,210 [INFO] ApiDb:274 - Set plugin database path to: C:\ST\STM32CubeIDE_1.18.1\STM32CubeIDE\plugins\com.st.stm32cube.common.mx_6.14.1.202504091515\\db\/plugins/boardmanager/
2025-09-03 00:10:12,211 [WARN] ApiDb:259 - Overriding images path with different value:  => C:\ST\STM32CubeIDE_1.18.1\STM32CubeIDE\plugins\com.st.stm32cube.common.mx_6.14.1.202504091515\\db\/plugins/mcufinder/images/
2025-09-03 00:10:12,227 [INFO] ApiDb:250 - Set database path to: C:\Users\TUF\.stmcufinder\plugins\mcufinder//mcu/
2025-09-03 00:10:12,229 [INFO] DbMcusAds:125 - Set database path to: C:\Users\TUF\.stmcufinder\plugins\mcufinder//mcu/
2025-09-03 00:10:12,231 [INFO] CrossReferenceDbSqlite:203 - Set database path to: C:\Users\TUF\.stmcufinder\plugins\mcufinder//mcu/cs/
2025-09-03 00:10:12,383 [INFO] RulesReader:64 - Compatibility file has been processed (302 Rules)
2025-09-03 00:10:12,516 [INFO] DbMcusXml:78 - Set database path to: C:\ST\STM32CubeIDE_1.18.1\STM32CubeIDE\plugins\com.st.stm32cube.common.mx_6.14.1.202504091515\\db\/mcu/
2025-09-03 00:10:12,516 [INFO] ApiDb:274 - Set plugin database path to: C:\ST\STM32CubeIDE_1.18.1\STM32CubeIDE\plugins\com.st.stm32cube.common.mx_6.14.1.202504091515\\db\/plugins/boardmanager/
2025-09-03 00:10:12,516 [INFO] ApiDb:261 - Set plugin images path to: C:\ST\STM32CubeIDE_1.18.1\STM32CubeIDE\plugins\com.st.stm32cube.common.mx_6.14.1.202504091515\\db\/plugins/mcufinder/images/
2025-09-03 00:10:12,516 [WARN] DbFile:41 - Overriding database path with different value: C:\Users\TUF\.stmcufinder\plugins\mcufinder/ => C:\Users\TUF\.stmcufinder\plugins\mcufinder
2025-09-03 00:10:12,518 [INFO] ApiDb:250 - Set database path to: C:\Users\TUF\.stmcufinder\plugins\mcufinder//mcu/
2025-09-03 00:10:12,518 [WARN] DbFile:41 - Overriding database path with different value: C:\Users\TUF\.stmcufinder\plugins\mcufinder/ => C:\Users\TUF\.stmcufinder\plugins\mcufinder
2025-09-03 00:10:12,518 [INFO] DbMcusAds:125 - Set database path to: C:\Users\TUF\.stmcufinder\plugins\mcufinder//mcu/
2025-09-03 00:10:12,518 [WARN] DbFile:41 - Overriding database path with different value: C:\Users\TUF\.stmcufinder\plugins\mcufinder/ => C:\Users\TUF\.stmcufinder\plugins\mcufinder
2025-09-03 00:10:12,518 [WARN] DbFile:41 - Overriding database path with different value: C:\Users\TUF\.stmcufinder\plugins\mcufinder/ => C:\Users\TUF\.stmcufinder\plugins\mcufinder
2025-09-03 00:10:12,518 [INFO] CrossReferenceDbSqlite:203 - Set database path to: C:\Users\TUF\.stmcufinder\plugins\mcufinder//mcu/cs/
2025-09-03 00:10:12,620 [INFO] MainPanel:272 - HeapMemory: 268435456
2025-09-03 00:10:12,758 [INFO] DbMcusXml:78 - Set database path to: C:\ST\STM32CubeIDE_1.18.1\STM32CubeIDE\plugins\com.st.stm32cube.common.mx_6.14.1.202504091515\\db\/mcu/
2025-09-03 00:10:12,759 [INFO] ApiDb:274 - Set plugin database path to: C:\ST\STM32CubeIDE_1.18.1\STM32CubeIDE\plugins\com.st.stm32cube.common.mx_6.14.1.202504091515\\db\/plugins/boardmanager/
2025-09-03 00:10:12,759 [INFO] ApiDb:261 - Set plugin images path to: C:\ST\STM32CubeIDE_1.18.1\STM32CubeIDE\plugins\com.st.stm32cube.common.mx_6.14.1.202504091515\\db\/plugins/mcufinder/images/
2025-09-03 00:10:12,759 [WARN] DbFile:41 - Overriding database path with different value: C:\Users\TUF\.stmcufinder\plugins\mcufinder/ => C:\Users\TUF\.stmcufinder\plugins\mcufinder
2025-09-03 00:10:12,759 [INFO] ApiDb:250 - Set database path to: C:\Users\TUF\.stmcufinder\plugins\mcufinder//mcu/
2025-09-03 00:10:12,759 [WARN] DbFile:41 - Overriding database path with different value: C:\Users\TUF\.stmcufinder\plugins\mcufinder/ => C:\Users\TUF\.stmcufinder\plugins\mcufinder
2025-09-03 00:10:12,760 [INFO] DbMcusAds:125 - Set database path to: C:\Users\TUF\.stmcufinder\plugins\mcufinder//mcu/
2025-09-03 00:10:12,760 [WARN] DbFile:41 - Overriding database path with different value: C:\Users\TUF\.stmcufinder\plugins\mcufinder/ => C:\Users\TUF\.stmcufinder\plugins\mcufinder
2025-09-03 00:10:12,760 [WARN] DbFile:41 - Overriding database path with different value: C:\Users\TUF\.stmcufinder\plugins\mcufinder/ => C:\Users\TUF\.stmcufinder\plugins\mcufinder
2025-09-03 00:10:12,761 [INFO] CrossReferenceDbSqlite:203 - Set database path to: C:\Users\TUF\.stmcufinder\plugins\mcufinder//mcu/cs/
2025-09-03 00:10:12,785 [INFO] ApplicationProperties:184 - Using Application install path: C:\ST\STM32CubeIDE_1.18.1\STM32CubeIDE\plugins\com.st.stm32cube.common.mx_6.14.1.202504091515
2025-09-03 00:10:12,786 [INFO] PluginManage:196 - Search for loadable plugins [exclusion list=, ]
2025-09-03 00:10:12,789 [INFO] PluginManage:310 - Check plugin analytics
2025-09-03 00:10:13,065 [INFO] AnalyticsPlugin:253 - Accepted Software Licenses: 
2025-09-03 00:10:13,067 [INFO] AnalyticsPlugin:255 - Accepted CMSIS Pack Licenses: 
2025-09-03 00:10:13,067 [INFO] AnalyticsPlugin:257 - Accepted Firmware Licenses: 
2025-09-03 00:10:13,072 [INFO] PluginManage:359 - Loaded plugin analytics (category:tool,tabindex:-1)
2025-09-03 00:10:13,072 [INFO] PluginManage:310 - Check plugin cadmodel
2025-09-03 00:10:13,079 [INFO] CADModel:105 - Init CAD model plugin
2025-09-03 00:10:13,080 [INFO] PluginManage:359 - Loaded plugin cadmodel (category:power,tabindex:5)
2025-09-03 00:10:13,080 [INFO] PluginManage:310 - Check plugin clock
2025-09-03 00:10:13,092 [INFO] PluginManage:359 - Loaded plugin clock (category:base,tabindex:2)
2025-09-03 00:10:13,092 [INFO] PluginManage:310 - Check plugin ddr
2025-09-03 00:10:13,096 [INFO] PluginManage:359 - Loaded plugin ddr (category:tool,tabindex:6)
2025-09-03 00:10:13,096 [INFO] PluginManage:310 - Check plugin filemanager
2025-09-03 00:10:13,290 [INFO] PluginManage:359 - Loaded plugin filemanager (category:base,tabindex:10)
2025-09-03 00:10:13,291 [INFO] PluginManage:310 - Check plugin ipmanager
2025-09-03 00:10:13,301 [INFO] PluginManage:359 - Loaded plugin ipmanager (category:base,tabindex:5)
2025-09-03 00:10:13,302 [INFO] PluginManage:310 - Check plugin lpbam
2025-09-03 00:10:13,314 [INFO] PluginManage:359 - Loaded plugin lpbam (category:base,tabindex:0)
2025-09-03 00:10:13,314 [INFO] PluginManage:310 - Check plugin memorymap
2025-09-03 00:10:13,333 [INFO] PluginManage:359 - Loaded plugin memorymap (category:base,tabindex:4)
2025-09-03 00:10:13,333 [INFO] PluginManage:310 - Check plugin pinoutandconfiguration
2025-09-03 00:10:13,344 [INFO] PluginManage:359 - Loaded plugin pinoutandconfiguration (category:base,tabindex:1)
2025-09-03 00:10:13,345 [INFO] PluginManage:310 - Check plugin pinoutconfig
2025-09-03 00:10:13,471 [WARN] SupportedApi:132 - Cannot load RTOS API schema: s4s-elt-must-match.1: The content of 'definitions' must match (annotation?, (simpleType | complexType)?, (unique | key | keyref)*)). A problem was found starting at: attribute.
2025-09-03 00:10:13,657 [INFO] PluginManage:359 - Loaded plugin pinoutconfig (category:base,tabindex:0)
2025-09-03 00:10:13,657 [INFO] PluginManage:310 - Check plugin power
2025-09-03 00:10:13,669 [INFO] PluginManage:359 - Loaded plugin power (category:power,tabindex:4)
2025-09-03 00:10:13,670 [INFO] PluginManage:310 - Check plugin projectmanager
2025-09-03 00:10:13,690 [INFO] PluginManage:359 - Loaded plugin projectmanager (category:projectmanager,tabindex:4)
2025-09-03 00:10:13,690 [INFO] PluginManage:310 - Check plugin rif
2025-09-03 00:10:13,699 [INFO] PluginManage:359 - Loaded plugin rif (category:base,tabindex:3)
2025-09-03 00:10:13,699 [INFO] PluginManage:310 - Check plugin thirdparty
2025-09-03 00:10:13,895 [INFO] PluginManage:359 - Loaded plugin thirdparty (category:base,tabindex:-1)
2025-09-03 00:10:13,895 [WARN] IntegrityCheckThread:84 - waiting for thirdparty lock release [integrity check]
2025-09-03 00:10:13,896 [INFO] PluginManage:310 - Check plugin tools
2025-09-03 00:10:13,896 [INFO] IntegrityCheckThread:86 - entering critical section [integrity check]
2025-09-03 00:10:13,897 [INFO] ThirdPartyUpdaterWithRetryManager:70 - Updater plugin not ready yet. [1/15]
2025-09-03 00:10:13,901 [INFO] PluginManage:359 - Loaded plugin tools (category:base,tabindex:7)
2025-09-03 00:10:13,901 [INFO] PluginManage:310 - Check plugin tutovideos
2025-09-03 00:10:14,140 [INFO] PluginManage:359 - Loaded plugin tutovideos (category:base,tabindex:-1)
2025-09-03 00:10:14,140 [INFO] PluginManage:310 - Check plugin updater
2025-09-03 00:10:14,169 [INFO] PluginManage:359 - Loaded plugin updater (category:base,tabindex:12)
2025-09-03 00:10:14,169 [INFO] PluginManage:310 - Check plugin userauth
2025-09-03 00:10:14,174 [INFO] UserAuth:118 - Init User Auth plugin
2025-09-03 00:10:14,175 [INFO] PluginManage:359 - Loaded plugin userauth (category:base,tabindex:14)
2025-09-03 00:10:14,176 [INFO] PluginManage:283 - PluginManage : Loaded plugins [18]
2025-09-03 00:10:14,454 [INFO] PinOutPanel:1589 - setPackage(No Configuration,No Configuration)
2025-09-03 00:10:14,570 [INFO] CADModel:165 - CPN selected for project level
2025-09-03 00:10:14,570 [INFO] CADModel:114 - Register for checkConnection events
2025-09-03 00:10:14,594 [INFO] IPUIPlugin:80 - create IPUIPlugin
2025-09-03 00:10:14,595 [INFO] PluginManager:220 - loadIPPluginJar : add adc
2025-09-03 00:10:14,599 [INFO] IPUIPlugin:80 - create IPUIPlugin
2025-09-03 00:10:14,599 [INFO] PluginManager:220 - loadIPPluginJar : add aes
2025-09-03 00:10:14,603 [INFO] IPUIPlugin:80 - create IPUIPlugin
2025-09-03 00:10:14,604 [INFO] PluginManager:220 - loadIPPluginJar : add can
2025-09-03 00:10:14,607 [INFO] IPUIPlugin:80 - create IPUIPlugin
2025-09-03 00:10:14,607 [INFO] PluginManager:220 - loadIPPluginJar : add comp
2025-09-03 00:10:14,611 [INFO] IPUIPlugin:80 - create IPUIPlugin
2025-09-03 00:10:14,611 [INFO] PluginManager:220 - loadIPPluginJar : add cryp
2025-09-03 00:10:14,615 [INFO] IPUIPlugin:80 - create IPUIPlugin
2025-09-03 00:10:14,615 [INFO] PluginManager:220 - loadIPPluginJar : add ddr_ctrl_phy
2025-09-03 00:10:14,619 [INFO] IPUIPlugin:80 - create IPUIPlugin
2025-09-03 00:10:14,619 [INFO] PluginManager:220 - loadIPPluginJar : add dfsdm
2025-09-03 00:10:14,626 [INFO] IPUIPlugin:80 - create IPUIPlugin
2025-09-03 00:10:14,626 [INFO] PluginManager:220 - loadIPPluginJar : add dma
2025-09-03 00:10:14,631 [INFO] IPUIPlugin:80 - create IPUIPlugin
2025-09-03 00:10:14,631 [INFO] PluginManager:220 - loadIPPluginJar : add dma3
2025-09-03 00:10:14,634 [INFO] IPUIPlugin:80 - create IPUIPlugin
2025-09-03 00:10:14,634 [INFO] PluginManager:220 - loadIPPluginJar : add extmemmanager
2025-09-03 00:10:14,636 [INFO] IPUIPlugin:80 - create IPUIPlugin
2025-09-03 00:10:14,636 [INFO] PluginManager:220 - loadIPPluginJar : add fatfs
2025-09-03 00:10:14,643 [INFO] IPUIPlugin:80 - create IPUIPlugin
2025-09-03 00:10:14,643 [INFO] PluginManager:220 - loadIPPluginJar : add fmc
2025-09-03 00:10:14,651 [INFO] IPUIPlugin:80 - create IPUIPlugin
2025-09-03 00:10:14,651 [INFO] PluginManager:220 - loadIPPluginJar : add freertos
2025-09-03 00:10:14,653 [INFO] IPUIPlugin:80 - create IPUIPlugin
2025-09-03 00:10:14,654 [INFO] PluginManager:220 - loadIPPluginJar : add genericplugin
2025-09-03 00:10:14,656 [INFO] IPUIPlugin:80 - create IPUIPlugin
2025-09-03 00:10:14,656 [INFO] PluginManager:220 - loadIPPluginJar : add gfxmmu
2025-09-03 00:10:14,662 [INFO] IPUIPlugin:80 - create IPUIPlugin
2025-09-03 00:10:14,662 [INFO] PluginManager:220 - loadIPPluginJar : add gic
2025-09-03 00:10:14,669 [INFO] IPUIPlugin:80 - create IPUIPlugin
2025-09-03 00:10:14,669 [INFO] PluginManager:220 - loadIPPluginJar : add gpio
2025-09-03 00:10:14,673 [INFO] IPUIPlugin:80 - create IPUIPlugin
2025-09-03 00:10:14,673 [INFO] PluginManager:220 - loadIPPluginJar : add gtzc
2025-09-03 00:10:14,677 [INFO] IPUIPlugin:80 - create IPUIPlugin
2025-09-03 00:10:14,677 [INFO] PluginManager:220 - loadIPPluginJar : add hash
2025-09-03 00:10:14,681 [INFO] IPUIPlugin:80 - create IPUIPlugin
2025-09-03 00:10:14,681 [INFO] PluginManager:220 - loadIPPluginJar : add i2c
2025-09-03 00:10:14,684 [INFO] IPUIPlugin:80 - create IPUIPlugin
2025-09-03 00:10:14,684 [INFO] PluginManager:220 - loadIPPluginJar : add i2s
2025-09-03 00:10:14,688 [INFO] IPUIPlugin:80 - create IPUIPlugin
2025-09-03 00:10:14,689 [INFO] PluginManager:220 - loadIPPluginJar : add i3c
2025-09-03 00:10:14,693 [INFO] IPUIPlugin:80 - create IPUIPlugin
2025-09-03 00:10:14,693 [INFO] PluginManager:220 - loadIPPluginJar : add ipddr
2025-09-03 00:10:14,703 [INFO] IPUIPlugin:80 - create IPUIPlugin
2025-09-03 00:10:14,703 [INFO] PluginManager:220 - loadIPPluginJar : add linkedlist
2025-09-03 00:10:14,707 [INFO] IPUIPlugin:80 - create IPUIPlugin
2025-09-03 00:10:14,707 [INFO] PluginManager:220 - loadIPPluginJar : add lorawan
2025-09-03 00:10:14,710 [INFO] IPUIPlugin:80 - create IPUIPlugin
2025-09-03 00:10:14,710 [INFO] PluginManager:220 - loadIPPluginJar : add ltdc
2025-09-03 00:10:14,726 [INFO] IPUIPlugin:80 - create IPUIPlugin
2025-09-03 00:10:14,726 [INFO] PluginManager:220 - loadIPPluginJar : add mdma
2025-09-03 00:10:14,732 [INFO] IPUIPlugin:80 - create IPUIPlugin
2025-09-03 00:10:14,732 [INFO] PluginManager:220 - loadIPPluginJar : add nvic
2025-09-03 00:10:14,736 [INFO] IPUIPlugin:80 - create IPUIPlugin
2025-09-03 00:10:14,736 [INFO] PluginManager:220 - loadIPPluginJar : add opamp
2025-09-03 00:10:14,741 [INFO] IPUIPlugin:80 - create IPUIPlugin
2025-09-03 00:10:14,741 [INFO] PluginManager:220 - loadIPPluginJar : add openamp
2025-09-03 00:10:14,745 [INFO] IPUIPlugin:80 - create IPUIPlugin
2025-09-03 00:10:14,745 [INFO] PluginManager:220 - loadIPPluginJar : add pdm2pcm
2025-09-03 00:10:14,753 [INFO] IPUIPlugin:80 - create IPUIPlugin
2025-09-03 00:10:14,757 [INFO] PluginManager:220 - loadIPPluginJar : add plateformsettings
2025-09-03 00:10:14,759 [INFO] IPUIPlugin:80 - create IPUIPlugin
2025-09-03 00:10:14,759 [INFO] PluginManager:220 - loadIPPluginJar : add quadspi
2025-09-03 00:10:14,762 [INFO] IPUIPlugin:80 - create IPUIPlugin
2025-09-03 00:10:14,763 [INFO] PluginManager:220 - loadIPPluginJar : add radio
2025-09-03 00:10:14,770 [INFO] IPUIPlugin:80 - create IPUIPlugin
2025-09-03 00:10:14,771 [INFO] PluginManager:220 - loadIPPluginJar : add resmgrutility
2025-09-03 00:10:14,775 [INFO] IPUIPlugin:80 - create IPUIPlugin
2025-09-03 00:10:14,775 [INFO] PluginManager:220 - loadIPPluginJar : add sai
2025-09-03 00:10:14,780 [INFO] IPUIPlugin:80 - create IPUIPlugin
2025-09-03 00:10:14,780 [INFO] PluginManager:220 - loadIPPluginJar : add spi
2025-09-03 00:10:14,791 [INFO] IPUIPlugin:80 - create IPUIPlugin
2025-09-03 00:10:14,791 [INFO] PluginManager:220 - loadIPPluginJar : add stm32_wpan
2025-09-03 00:10:14,794 [INFO] IPUIPlugin:80 - create IPUIPlugin
2025-09-03 00:10:14,794 [INFO] PluginManager:220 - loadIPPluginJar : add tim
2025-09-03 00:10:14,801 [INFO] IPUIPlugin:80 - create IPUIPlugin
2025-09-03 00:10:14,802 [INFO] PluginManager:220 - loadIPPluginJar : add touchsensing
2025-09-03 00:10:14,805 [INFO] IPUIPlugin:80 - create IPUIPlugin
2025-09-03 00:10:14,805 [INFO] PluginManager:220 - loadIPPluginJar : add tracer_emb
2025-09-03 00:10:14,808 [INFO] IPUIPlugin:80 - create IPUIPlugin
2025-09-03 00:10:14,809 [INFO] PluginManager:220 - loadIPPluginJar : add ts
2025-09-03 00:10:14,812 [INFO] IPUIPlugin:80 - create IPUIPlugin
2025-09-03 00:10:14,812 [INFO] PluginManager:220 - loadIPPluginJar : add tsc
2025-09-03 00:10:14,816 [INFO] IPUIPlugin:80 - create IPUIPlugin
2025-09-03 00:10:14,816 [INFO] PluginManager:220 - loadIPPluginJar : add ucpd
2025-09-03 00:10:14,822 [INFO] IPUIPlugin:80 - create IPUIPlugin
2025-09-03 00:10:14,822 [INFO] PluginManager:220 - loadIPPluginJar : add usart
2025-09-03 00:10:14,827 [INFO] IPUIPlugin:80 - create IPUIPlugin
2025-09-03 00:10:14,827 [INFO] PluginManager:220 - loadIPPluginJar : add usbx
2025-09-03 00:10:14,982 [FATAL] Updater:351 - Updater called before beeing initialized
2025-09-03 00:10:15,030 [INFO] RulesReader:64 - Compatibility file has been processed (302 Rules)
2025-09-03 00:10:15,050 [INFO] RulesReader:64 - Compatibility file has been processed (302 Rules)
2025-09-03 00:10:15,066 [INFO] CADModel:165 - CPN selected for project level
2025-09-03 00:10:15,066 [INFO] CADModel:114 - Register for checkConnection events
2025-09-03 00:10:15,068 [FATAL] Updater:351 - Updater called before beeing initialized
2025-09-03 00:10:15,068 [ERROR] CADModel:125 - Updater not yet initialized, retry later 
2025-09-03 00:10:15,417 [FATAL] Updater:351 - Updater called before beeing initialized
2025-09-03 00:10:15,423 [INFO] CADModel:165 - CPN selected for project level
2025-09-03 00:10:15,423 [INFO] CADModel:114 - Register for checkConnection events
2025-09-03 00:10:15,423 [FATAL] Updater:351 - Updater called before beeing initialized
2025-09-03 00:10:15,423 [ERROR] CADModel:125 - Updater not yet initialized, retry later 
2025-09-03 00:10:15,431 [FATAL] Updater:351 - Updater called before beeing initialized
2025-09-03 00:10:15,618 [FATAL] Updater:351 - Updater called before beeing initialized
2025-09-03 00:10:15,624 [INFO] DbMcusAds:53 - JSON generation date=Tue Jul 08 16:14:23 CST 2025 (1751962463593)
2025-09-03 00:10:15,624 [FATAL] Updater:351 - Updater called before beeing initialized
2025-09-03 00:10:15,673 [WARN] DetailPanel:346 - Failed to get advertising image, set to default
2025-09-03 00:10:15,985 [FATAL] Updater:351 - Updater called before beeing initialized
2025-09-03 00:10:15,991 [FATAL] Updater:351 - Updater called before beeing initialized
2025-09-03 00:10:15,992 [FATAL] Updater:351 - Updater called before beeing initialized
2025-09-03 00:10:15,992 [WARN] DetailPanel:346 - Failed to get advertising image, set to default
2025-09-03 00:10:15,993 [FATAL] Updater:351 - Updater called before beeing initialized
2025-09-03 00:10:16,074 [ERROR] Updater:1198 - MainUpdater not yet initialized. External WinMGr cannot be set.
2025-09-03 00:10:16,080 [INFO] Updater:1134 - Updater Version found : 6.14.1
2025-09-03 00:10:16,112 [INFO] ApplicationProperties:184 - Using Application install path: C:\ST\STM32CubeIDE_1.18.1\STM32CubeIDE\plugins\com.st.stm32cube.common.mx_6.14.1.202504091515
2025-09-03 00:10:16,899 [INFO] ThirdPartyUpdaterWithRetryManager:70 - Updater plugin not ready yet. [2/15]
2025-09-03 00:10:17,696 [ERROR] LogOutputStream:75 - [STDERR_REDIRECT] Sep 03, 2025 12:10:17 AM java.util.prefs.WindowsPreferences <init>
2025-09-03 00:10:17,699 [ERROR] LogOutputStream:75 - [STDERR_REDIRECT] WARNING: Could not open/create prefs root node Software\JavaSoft\Prefs at root 0xffffffff80000002. Windows RegCreateKeyEx(...) returned error code 5.
2025-09-03 00:10:17,699 [ERROR] LogOutputStream:75 - [STDERR_REDIRECT] 
2025-09-03 00:10:18,198 [INFO] MainUpdater:2872 - connection check result : 10
2025-09-03 00:10:18,199 [INFO] MainUpdater:289 - Updater Check For Update Now.
2025-09-03 00:10:18,199 [INFO] MicroXplorer:498 - Change Database Version : DB.6.0.141
2025-09-03 00:10:18,208 [INFO] McuFinderGlobals:63 - Set McuFinder mode to 2 (CubeIDE integrated)
2025-09-03 00:10:18,209 [INFO] UserAuth:171 - activating auth plugin
2025-09-03 00:10:18,213 [INFO] UserAuth:484 - Internet connection configuration mode: 1
2025-09-03 00:10:18,257 [INFO] JxBrowserEngine:152 - Initiate JxBrowser Engine with user profile folder
2025-09-03 00:10:18,394 [INFO] CheckServerUpdateThread:120 - End of CheckServer Thread
2025-09-03 00:10:20,043 [INFO] WebApp:169 - Instantiating new browser for Auth
2025-09-03 00:10:20,325 [WARN] PackLoader:240 - Cannot read IP mode file for STMicroelectronics.FP-SNS-MOTENVWB1.1.4.0
2025-09-03 00:10:20,343 [WARN] PackLoader:240 - Cannot read IP mode file for STMicroelectronics.FP-ATR-ASTRA1.2.0.2
2025-09-03 00:10:20,365 [WARN] PackLoader:240 - Cannot read IP mode file for STMicroelectronics.X-CUBE-SMBUS.2.1.0
2025-09-03 00:10:20,375 [WARN] PackLoader:240 - Cannot read IP mode file for STMicroelectronics.X-CUBE-ST60.1.0.0
2025-09-03 00:10:20,428 [WARN] PackLoader:240 - Cannot read IP mode file for STMicroelectronics.X-CUBE-AZRTOS-F7.1.1.0
2025-09-03 00:10:20,524 [WARN] PackLoader:240 - Cannot read IP mode file for Infineon.AIROC-Wi-Fi-Bluetooth-STM32.1.7.0
2025-09-03 00:10:20,588 [WARN] PackLoader:240 - Cannot read IP mode file for STMicroelectronics.X-CUBE-AZRTOS-H7.3.4.0
2025-09-03 00:10:20,618 [WARN] PackLoader:240 - Cannot read IP mode file for STMicroelectronics.X-CUBE-DISPLAY.3.0.0
2025-09-03 00:10:20,648 [WARN] PackLoader:240 - Cannot read IP mode file for STMicroelectronics.X-CUBE-NFC10.1.0.0
2025-09-03 00:10:20,671 [WARN] PackLoader:240 - Cannot read IP mode file for STMicroelectronics.X-CUBE-BLEMGR.4.0.0
2025-09-03 00:10:20,689 [WARN] PackLoader:240 - Cannot read IP mode file for emotas.I-CUBE-CANOPEN.1.3.0
2025-09-03 00:10:20,701 [WARN] ConditionMgr:438 - getConditionDescription Invalid condition id : Cortex-A Device cause : null
2025-09-03 00:10:20,731 [WARN] ConditionMgr:1044 - genDependencies : Invalid condition id : Cortex-A Device cause : null
2025-09-03 00:10:20,731 [WARN] ConditionMgr:1044 - genDependencies : Invalid condition id : Cortex-A Device cause : null
2025-09-03 00:10:20,731 [WARN] ConditionMgr:1044 - genDependencies : Invalid condition id : Cortex-A Device cause : null
2025-09-03 00:10:20,741 [ERROR] Engine:466 - C:\Users\TUF\.stm32cubemx\thirdparties\pdsc\STMicroelectronics.FP-SNS-STBOX1.2.1.0.pdsc: PDSC version is not supported
2025-09-03 00:10:20,747 [WARN] PackLoader:240 - Cannot read IP mode file for STMicroelectronics.FP-SNS-SMARTAG2.1.2.0
2025-09-03 00:10:20,754 [WARN] PackLoader:240 - Cannot read IP mode file for STMicroelectronics.FP-SNS-FLIGHT1.5.1.0
2025-09-03 00:10:20,767 [INFO] LogOutputStream:77 - [STDOUT_REDIRECT] 1 : Invalid condition id : UX_CORESTACK_Condition cause : null
2025-09-03 00:10:20,770 [INFO] LogOutputStream:77 - [STDOUT_REDIRECT] 1 : Invalid condition id : UX_CORESTACK_Condition cause : null
2025-09-03 00:10:20,772 [INFO] LogOutputStream:77 - [STDOUT_REDIRECT] 1 : Invalid condition id : UX_CORESTACK_Condition cause : null
2025-09-03 00:10:20,774 [INFO] LogOutputStream:77 - [STDOUT_REDIRECT] 1 : Invalid condition id : UX_CORESTACK_Condition cause : null
2025-09-03 00:10:20,776 [INFO] LogOutputStream:77 - [STDOUT_REDIRECT] 1 : Invalid condition id : UX_CORESTACK_Condition cause : null
2025-09-03 00:10:20,779 [WARN] PackLoader:240 - Cannot read IP mode file for STMicroelectronics.X-CUBE-AZRTOS-WL.2.0.0
2025-09-03 00:10:20,786 [WARN] PackLoader:240 - Cannot read IP mode file for STMicroelectronics.FP-SNS-MOTENV1.5.0.0
2025-09-03 00:10:20,804 [WARN] PackLoader:240 - Cannot read IP mode file for WES.I-CUBE-Cesium.1.3.0
2025-09-03 00:10:20,811 [WARN] PackLoader:240 - Cannot read IP mode file for STMicroelectronics.X-CUBE-BLE2.3.3.0
2025-09-03 00:10:20,818 [WARN] PackLoader:240 - Cannot read IP mode file for STMicroelectronics.X-CUBE-NFC9.1.0.0
2025-09-03 00:10:20,824 [WARN] PackLoader:240 - Cannot read IP mode file for wolfSSL.I-CUBE-wolfSSL.5.8.0
2025-09-03 00:10:20,833 [WARN] PackLoader:240 - Cannot read IP mode file for STMicroelectronics.X-CUBE-BLE1.7.1.0
2025-09-03 00:10:20,838 [WARN] PackLoader:240 - Cannot read IP mode file for wolfSSL.I-CUBE-wolfMQTT.1.19.2
2025-09-03 00:10:20,844 [WARN] PackLoader:240 - Cannot read IP mode file for STMicroelectronics.X-CUBE-EEPRMA1.5.2.0
2025-09-03 00:10:20,851 [WARN] PackLoader:240 - Cannot read IP mode file for STMicroelectronics.X-CUBE-AI.10.1.0
2025-09-03 00:10:20,868 [WARN] PackLoader:240 - Cannot read IP mode file for STMicroelectronics.X-CUBE-AZRTOS-G0.1.1.0
2025-09-03 00:10:20,878 [WARN] PackLoader:240 - Cannot read IP mode file for STMicroelectronics.X-CUBE-SAFEA1.1.2.2
2025-09-03 00:10:20,890 [WARN] PackLoader:240 - Cannot read IP mode file for STMicroelectronics.X-CUBE-NFC4.3.0.0
2025-09-03 00:10:20,901 [WARN] PackLoader:240 - Cannot read IP mode file for EmbeddedOffice.I-CUBE-FS-RTOS.1.0.1
2025-09-03 00:10:20,910 [WARN] PackLoader:240 - Cannot read IP mode file for STMicroelectronics.X-CUBE-WB05N.2.0.0
2025-09-03 00:10:20,914 [WARN] PackLoader:240 - Cannot read IP mode file for wolfSSL.I-CUBE-wolfTPM.3.8.0
2025-09-03 00:10:20,922 [WARN] PackLoader:240 - Cannot read IP mode file for STMicroelectronics.X-CUBE-TCPP.4.2.0
2025-09-03 00:10:20,931 [WARN] PackLoader:240 - Cannot read IP mode file for RealThread.X-CUBE-RT-Thread_Nano.4.1.1
2025-09-03 00:10:20,936 [WARN] PackLoader:240 - Cannot read IP mode file for STMicroelectronics.FP-ATR-SIGFOX1.3.2.0
2025-09-03 00:10:20,942 [WARN] PackLoader:240 - Cannot read IP mode file for STMicroelectronics.X-CUBE-EEPRMA1.5.1.0
2025-09-03 00:10:20,960 [WARN] PackLoader:240 - Cannot read IP mode file for ITTIA_DB.I-CUBE-ITTIADB.8.9.0
2025-09-03 00:10:20,976 [WARN] PackLoader:240 - Cannot read IP mode file for STMicroelectronics.X-CUBE-ST67W61.1.0.0
2025-09-03 00:10:20,981 [WARN] PackLoader:240 - Cannot read IP mode file for STMicroelectronics.X-CUBE-AI.10.2.0
2025-09-03 00:10:21,011 [WARN] PackLoader:240 - Cannot read IP mode file for SEGGER.I-CUBE-embOS.1.3.1
2025-09-03 00:10:21,046 [WARN] PackLoader:240 - Cannot read IP mode file for STMicroelectronics.X-CUBE-ALGOBUILD.1.4.0
2025-09-03 00:10:21,084 [WARN] PackLoader:240 - Cannot read IP mode file for STMicroelectronics.X-CUBE-MEMS1.11.3.0
2025-09-03 00:10:21,302 [WARN] PackLoader:240 - Cannot read IP mode file for STMicroelectronics.X-CUBE-PM33A1.1.0.0
2025-09-03 00:10:21,318 [WARN] PackLoader:240 - Cannot read IP mode file for STMicroelectronics.X-CUBE-AZRTOS-F4.1.1.0
2025-09-03 00:10:21,325 [WARN] PackLoader:240 - Cannot read IP mode file for Avnet-IotConnect.X-CUBE-IoTC-DA16k-PMOD.1.0.0
2025-09-03 00:10:21,331 [WARN] PackLoader:240 - Cannot read IP mode file for STMicroelectronics.X-CUBE-ISPU.2.1.0
2025-09-03 00:10:21,340 [WARN] PackLoader:240 - Cannot read IP mode file for STMicroelectronics.X-CUBE-NFC12.1.0.0
2025-09-03 00:10:21,354 [WARN] PackLoader:240 - Cannot read IP mode file for STMicroelectronics.X-CUBE-AZRTOS-L5.2.0.0
2025-09-03 00:10:21,363 [WARN] PackLoader:240 - Cannot read IP mode file for STMicroelectronics.X-CUBE-NFC6.3.1.0
2025-09-03 00:10:21,373 [WARN] PackLoader:240 - Cannot read IP mode file for STMicroelectronics.X-CUBE-FREERTOS.1.3.1
2025-09-03 00:10:21,380 [WARN] PackLoader:240 - Cannot read IP mode file for STMicroelectronics.FP-SNS-STAIOTCFT.1.0.0
2025-09-03 00:10:21,386 [WARN] PackLoader:240 - Cannot read IP mode file for STMicroelectronics.X-CUBE-DPower.1.3.0
2025-09-03 00:10:21,410 [WARN] ConditionMgr:438 - getConditionDescription Invalid condition id : LAN8742 Phy interface Condition cause : null
2025-09-03 00:10:21,411 [WARN] PackLoader:240 - Cannot read IP mode file for STMicroelectronics.X-CUBE-AZRTOS-L4.2.0.0
2025-09-03 00:10:21,413 [WARN] ConditionMgr:1044 - genDependencies : Invalid condition id : LAN8742 Phy interface Condition cause : null
2025-09-03 00:10:21,414 [WARN] ConditionMgr:1044 - genDependencies : Invalid condition id : LAN8742 Phy interface Condition cause : null
2025-09-03 00:10:21,414 [WARN] ConditionMgr:1044 - genDependencies : Invalid condition id : LAN8742 Phy interface Condition cause : null
2025-09-03 00:10:21,429 [WARN] PackLoader:240 - Cannot read IP mode file for STMicroelectronics.X-CUBE-SFXS2LP1.4.0.0
2025-09-03 00:10:21,454 [WARN] PackLoader:240 - Cannot read IP mode file for STMicroelectronics.X-CUBE-AZRTOS-H7.3.3.0
2025-09-03 00:10:21,501 [WARN] PackLoader:240 - Cannot read IP mode file for STMicroelectronics.X-CUBE-BLEMGR.4.1.0
2025-09-03 00:10:21,528 [WARN] ConditionMgr:438 - getConditionDescription Invalid condition id : UX DEVICE CLASS RTOS Condition cause : null
2025-09-03 00:10:21,528 [WARN] ConditionMgr:438 - getConditionDescription Invalid condition id : UX DEVICE CLASS RTOS Condition cause : null
2025-09-03 00:10:21,530 [WARN] PackLoader:240 - Cannot read IP mode file for STMicroelectronics.X-CUBE-AZRTOS-WB.2.0.0
2025-09-03 00:10:21,531 [WARN] ConditionMgr:1044 - genDependencies : Invalid condition id : UX DEVICE CLASS RTOS Condition cause : null
2025-09-03 00:10:21,531 [WARN] ConditionMgr:1044 - genDependencies : Invalid condition id : UX DEVICE CLASS RTOS Condition cause : null
2025-09-03 00:10:21,531 [WARN] ConditionMgr:1044 - genDependencies : Invalid condition id : UX DEVICE CLASS RTOS Condition cause : null
2025-09-03 00:10:21,532 [WARN] ConditionMgr:1044 - genDependencies : Invalid condition id : UX DEVICE CLASS RTOS Condition cause : null
2025-09-03 00:10:21,532 [WARN] ConditionMgr:1044 - genDependencies : Invalid condition id : UX DEVICE CLASS RTOS Condition cause : null
2025-09-03 00:10:21,544 [WARN] PackLoader:240 - Cannot read IP mode file for STMicroelectronics.X-CUBE-GNSS1.7.0.1
2025-09-03 00:10:21,559 [WARN] PackLoader:240 - Cannot read IP mode file for STMicroelectronics.X-CUBE-TOUCHGFX.4.25.0
2025-09-03 00:10:21,565 [WARN] PackLoader:240 - Cannot read IP mode file for STMicroelectronics.FP-SNS-STBOX1.2.0.0
2025-09-03 00:10:21,577 [WARN] PackLoader:240 - Cannot read IP mode file for STMicroelectronics.X-CUBE-SUBG2.5.0.0
2025-09-03 00:10:21,594 [WARN] PackLoader:240 - Cannot read IP mode file for STMicroelectronics.X-CUBE-AZRTOS-H7RS.1.1.0
2025-09-03 00:10:21,602 [WARN] PackLoader:240 - Cannot read IP mode file for Cesanta.I-CUBE-Mongoose.7.13.0
2025-09-03 00:10:21,612 [WARN] PackLoader:240 - Cannot read IP mode file for STMicroelectronics.X-CUBE-AZRTOS-G4.2.0.0
2025-09-03 00:10:21,619 [WARN] PackLoader:240 - Cannot read IP mode file for wolfSSL.I-CUBE-wolfSSH.1.4.20
2025-09-03 00:10:21,626 [WARN] PackLoader:240 - Cannot read IP mode file for STMicroelectronics.X-CUBE-NFC7.2.0.0
2025-09-03 00:10:21,638 [WARN] PackLoader:240 - Cannot read IP mode file for STMicroelectronics.X-CUBE-IPS.3.1.0
2025-09-03 00:10:21,647 [WARN] PackLoader:240 - Cannot read IP mode file for STMicroelectronics.X-CUBE-ALS.1.0.2
2025-09-03 00:10:21,655 [WARN] PackLoader:240 - Cannot read IP mode file for portGmbH.I-Cube-SoM-uGOAL.1.1.0
2025-09-03 00:10:21,665 [WARN] PackLoader:240 - Cannot read IP mode file for STMicroelectronics.X-CUBE-TOF1.3.4.3
2025-09-03 00:10:21,674 [INFO] ThirdParty:978 - Integrity check success = true
2025-09-03 00:10:21,674 [INFO] IntegrityCheckThread:100 - exiting critical section [integrity check]
2025-09-03 00:10:21,674 [INFO] IntegrityCheckThread:103 - End integrity checks thread
2025-09-03 00:10:22,652 [INFO] WebApp:463 - Apply proxy settings
2025-09-03 00:10:22,653 [INFO] WebApp:548 - Chromium requires no authentication
2025-09-03 00:10:22,665 [INFO] WebApp:491 - Direct internet connection detected
2025-09-03 00:10:22,704 [INFO] WebApp:894 - Register for checkConnection events
2025-09-03 00:10:22,704 [INFO] WebApp:463 - Apply proxy settings
2025-09-03 00:10:22,705 [INFO] WebApp:548 - Chromium requires no authentication
2025-09-03 00:10:22,706 [INFO] WebApp:491 - Direct internet connection detected
2025-09-03 00:10:22,919 [INFO] WebApp:191 - Connection restablished
2025-09-03 00:10:22,920 [INFO] WebApp:225 - Starting web application
2025-09-03 00:10:22,921 [INFO] WebApp:593 - Web application path used C:\ST\STM32CubeIDE_1.18.1\STM32CubeIDE\plugins\com.st.stm32cube.common.mx_6.14.1.202504091515\db\plugins\mcufinder\reactClient1\index.html
2025-09-03 00:19:37,411 [ERROR] LogOutputStream:75 - [STDERR_REDIRECT] 
