2025-08-30 01:29:50,616 [INFO] Activator:176 - 


2025-08-30 01:29:50,625 [INFO] Activator:177 - !SESSION log4j initialized
2025-08-30 01:29:55,629 [INFO] LogOutputStream:77 - [STDOUT_REDIRECT] 
2025-08-30 01:29:56,928 [INFO] ApplicationProperties:184 - Using Application install path: C:\ST\STM32CubeIDE_1.18.1\STM32CubeIDE\plugins\com.st.stm32cube.common.mx_6.14.1.202504091515
2025-08-30 01:29:56,942 [INFO] DbMcusXml:78 - Set database path to: C:\ST\STM32CubeIDE_1.18.1\STM32CubeIDE\plugins\com.st.stm32cube.common.mx_6.14.1.202504091515\\db\/mcu/
2025-08-30 01:29:56,942 [INFO] ApiDb:274 - Set plugin database path to: C:\ST\STM32CubeIDE_1.18.1\STM32CubeIDE\plugins\com.st.stm32cube.common.mx_6.14.1.202504091515\\db\/plugins/boardmanager/
2025-08-30 01:29:56,942 [WARN] ApiDb:259 - Overriding images path with different value:  => C:\ST\STM32CubeIDE_1.18.1\STM32CubeIDE\plugins\com.st.stm32cube.common.mx_6.14.1.202504091515\\db\/plugins/mcufinder/images/
2025-08-30 01:29:56,950 [INFO] ApiDb:250 - Set database path to: C:\Users\TUF\.stmcufinder\plugins\mcufinder//mcu/
2025-08-30 01:29:56,951 [INFO] DbMcusAds:125 - Set database path to: C:\Users\TUF\.stmcufinder\plugins\mcufinder//mcu/
2025-08-30 01:29:56,953 [INFO] CrossReferenceDbSqlite:203 - Set database path to: C:\Users\TUF\.stmcufinder\plugins\mcufinder//mcu/cs/
2025-08-30 01:29:57,034 [INFO] RulesReader:64 - Compatibility file has been processed (302 Rules)
2025-08-30 01:29:57,098 [INFO] DbMcusXml:78 - Set database path to: C:\ST\STM32CubeIDE_1.18.1\STM32CubeIDE\plugins\com.st.stm32cube.common.mx_6.14.1.202504091515\\db\/mcu/
2025-08-30 01:29:57,098 [INFO] ApiDb:274 - Set plugin database path to: C:\ST\STM32CubeIDE_1.18.1\STM32CubeIDE\plugins\com.st.stm32cube.common.mx_6.14.1.202504091515\\db\/plugins/boardmanager/
2025-08-30 01:29:57,098 [INFO] ApiDb:261 - Set plugin images path to: C:\ST\STM32CubeIDE_1.18.1\STM32CubeIDE\plugins\com.st.stm32cube.common.mx_6.14.1.202504091515\\db\/plugins/mcufinder/images/
2025-08-30 01:29:57,098 [WARN] DbFile:41 - Overriding database path with different value: C:\Users\TUF\.stmcufinder\plugins\mcufinder/ => C:\Users\TUF\.stmcufinder\plugins\mcufinder
2025-08-30 01:29:57,098 [INFO] ApiDb:250 - Set database path to: C:\Users\TUF\.stmcufinder\plugins\mcufinder//mcu/
2025-08-30 01:29:57,098 [WARN] DbFile:41 - Overriding database path with different value: C:\Users\TUF\.stmcufinder\plugins\mcufinder/ => C:\Users\TUF\.stmcufinder\plugins\mcufinder
2025-08-30 01:29:57,098 [INFO] DbMcusAds:125 - Set database path to: C:\Users\TUF\.stmcufinder\plugins\mcufinder//mcu/
2025-08-30 01:29:57,098 [WARN] DbFile:41 - Overriding database path with different value: C:\Users\TUF\.stmcufinder\plugins\mcufinder/ => C:\Users\TUF\.stmcufinder\plugins\mcufinder
2025-08-30 01:29:57,098 [WARN] DbFile:41 - Overriding database path with different value: C:\Users\TUF\.stmcufinder\plugins\mcufinder/ => C:\Users\TUF\.stmcufinder\plugins\mcufinder
2025-08-30 01:29:57,099 [INFO] CrossReferenceDbSqlite:203 - Set database path to: C:\Users\TUF\.stmcufinder\plugins\mcufinder//mcu/cs/
2025-08-30 01:29:57,152 [INFO] MainPanel:272 - HeapMemory: 268435456
2025-08-30 01:29:57,226 [INFO] DbMcusXml:78 - Set database path to: C:\ST\STM32CubeIDE_1.18.1\STM32CubeIDE\plugins\com.st.stm32cube.common.mx_6.14.1.202504091515\\db\/mcu/
2025-08-30 01:29:57,226 [INFO] ApiDb:274 - Set plugin database path to: C:\ST\STM32CubeIDE_1.18.1\STM32CubeIDE\plugins\com.st.stm32cube.common.mx_6.14.1.202504091515\\db\/plugins/boardmanager/
2025-08-30 01:29:57,226 [INFO] ApiDb:261 - Set plugin images path to: C:\ST\STM32CubeIDE_1.18.1\STM32CubeIDE\plugins\com.st.stm32cube.common.mx_6.14.1.202504091515\\db\/plugins/mcufinder/images/
2025-08-30 01:29:57,226 [WARN] DbFile:41 - Overriding database path with different value: C:\Users\TUF\.stmcufinder\plugins\mcufinder/ => C:\Users\TUF\.stmcufinder\plugins\mcufinder
2025-08-30 01:29:57,226 [INFO] ApiDb:250 - Set database path to: C:\Users\TUF\.stmcufinder\plugins\mcufinder//mcu/
2025-08-30 01:29:57,226 [WARN] DbFile:41 - Overriding database path with different value: C:\Users\TUF\.stmcufinder\plugins\mcufinder/ => C:\Users\TUF\.stmcufinder\plugins\mcufinder
2025-08-30 01:29:57,228 [INFO] DbMcusAds:125 - Set database path to: C:\Users\TUF\.stmcufinder\plugins\mcufinder//mcu/
2025-08-30 01:29:57,228 [WARN] DbFile:41 - Overriding database path with different value: C:\Users\TUF\.stmcufinder\plugins\mcufinder/ => C:\Users\TUF\.stmcufinder\plugins\mcufinder
2025-08-30 01:29:57,228 [WARN] DbFile:41 - Overriding database path with different value: C:\Users\TUF\.stmcufinder\plugins\mcufinder/ => C:\Users\TUF\.stmcufinder\plugins\mcufinder
2025-08-30 01:29:57,228 [INFO] CrossReferenceDbSqlite:203 - Set database path to: C:\Users\TUF\.stmcufinder\plugins\mcufinder//mcu/cs/
2025-08-30 01:29:57,240 [INFO] ApplicationProperties:184 - Using Application install path: C:\ST\STM32CubeIDE_1.18.1\STM32CubeIDE\plugins\com.st.stm32cube.common.mx_6.14.1.202504091515
2025-08-30 01:29:57,241 [INFO] PluginManage:196 - Search for loadable plugins [exclusion list=, ]
2025-08-30 01:29:57,242 [INFO] PluginManage:310 - Check plugin analytics
2025-08-30 01:29:57,385 [INFO] AnalyticsPlugin:253 - Accepted Software Licenses: 
2025-08-30 01:29:57,385 [INFO] AnalyticsPlugin:255 - Accepted CMSIS Pack Licenses: 
2025-08-30 01:29:57,385 [INFO] AnalyticsPlugin:257 - Accepted Firmware Licenses: 
2025-08-30 01:29:57,389 [INFO] PluginManage:359 - Loaded plugin analytics (category:tool,tabindex:-1)
2025-08-30 01:29:57,389 [INFO] PluginManage:310 - Check plugin cadmodel
2025-08-30 01:29:57,395 [INFO] CADModel:105 - Init CAD model plugin
2025-08-30 01:29:57,395 [INFO] PluginManage:359 - Loaded plugin cadmodel (category:power,tabindex:5)
2025-08-30 01:29:57,395 [INFO] PluginManage:310 - Check plugin clock
2025-08-30 01:29:57,404 [INFO] PluginManage:359 - Loaded plugin clock (category:base,tabindex:2)
2025-08-30 01:29:57,404 [INFO] PluginManage:310 - Check plugin ddr
2025-08-30 01:29:57,406 [INFO] PluginManage:359 - Loaded plugin ddr (category:tool,tabindex:6)
2025-08-30 01:29:57,406 [INFO] PluginManage:310 - Check plugin filemanager
2025-08-30 01:29:57,525 [INFO] PluginManage:359 - Loaded plugin filemanager (category:base,tabindex:10)
2025-08-30 01:29:57,526 [INFO] PluginManage:310 - Check plugin ipmanager
2025-08-30 01:29:57,533 [INFO] PluginManage:359 - Loaded plugin ipmanager (category:base,tabindex:5)
2025-08-30 01:29:57,533 [INFO] PluginManage:310 - Check plugin lpbam
2025-08-30 01:29:57,540 [INFO] PluginManage:359 - Loaded plugin lpbam (category:base,tabindex:0)
2025-08-30 01:29:57,540 [INFO] PluginManage:310 - Check plugin memorymap
2025-08-30 01:29:57,551 [INFO] PluginManage:359 - Loaded plugin memorymap (category:base,tabindex:4)
2025-08-30 01:29:57,551 [INFO] PluginManage:310 - Check plugin pinoutandconfiguration
2025-08-30 01:29:57,559 [INFO] PluginManage:359 - Loaded plugin pinoutandconfiguration (category:base,tabindex:1)
2025-08-30 01:29:57,559 [INFO] PluginManage:310 - Check plugin pinoutconfig
2025-08-30 01:29:57,620 [WARN] SupportedApi:132 - Cannot load RTOS API schema: s4s-elt-must-match.1: The content of 'definitions' must match (annotation?, (simpleType | complexType)?, (unique | key | keyref)*)). A problem was found starting at: attribute.
2025-08-30 01:29:57,708 [INFO] PluginManage:359 - Loaded plugin pinoutconfig (category:base,tabindex:0)
2025-08-30 01:29:57,708 [INFO] PluginManage:310 - Check plugin power
2025-08-30 01:29:57,716 [INFO] PluginManage:359 - Loaded plugin power (category:power,tabindex:4)
2025-08-30 01:29:57,716 [INFO] PluginManage:310 - Check plugin projectmanager
2025-08-30 01:29:57,728 [INFO] PluginManage:359 - Loaded plugin projectmanager (category:projectmanager,tabindex:4)
2025-08-30 01:29:57,728 [INFO] PluginManage:310 - Check plugin rif
2025-08-30 01:29:57,734 [INFO] PluginManage:359 - Loaded plugin rif (category:base,tabindex:3)
2025-08-30 01:29:57,734 [INFO] PluginManage:310 - Check plugin thirdparty
2025-08-30 01:29:57,833 [INFO] PluginManage:359 - Loaded plugin thirdparty (category:base,tabindex:-1)
2025-08-30 01:29:57,834 [WARN] IntegrityCheckThread:84 - waiting for thirdparty lock release [integrity check]
2025-08-30 01:29:57,834 [INFO] PluginManage:310 - Check plugin tools
2025-08-30 01:29:57,834 [INFO] IntegrityCheckThread:86 - entering critical section [integrity check]
2025-08-30 01:29:57,834 [INFO] ThirdPartyUpdaterWithRetryManager:70 - Updater plugin not ready yet. [1/15]
2025-08-30 01:29:57,836 [INFO] PluginManage:359 - Loaded plugin tools (category:base,tabindex:7)
2025-08-30 01:29:57,836 [INFO] PluginManage:310 - Check plugin tutovideos
2025-08-30 01:29:57,967 [INFO] PluginManage:359 - Loaded plugin tutovideos (category:base,tabindex:-1)
2025-08-30 01:29:57,967 [INFO] PluginManage:310 - Check plugin updater
2025-08-30 01:29:57,982 [INFO] PluginManage:359 - Loaded plugin updater (category:base,tabindex:12)
2025-08-30 01:29:57,982 [INFO] PluginManage:310 - Check plugin userauth
2025-08-30 01:29:57,985 [INFO] UserAuth:118 - Init User Auth plugin
2025-08-30 01:29:57,986 [INFO] PluginManage:359 - Loaded plugin userauth (category:base,tabindex:14)
2025-08-30 01:29:57,986 [INFO] PluginManage:283 - PluginManage : Loaded plugins [18]
2025-08-30 01:29:58,130 [INFO] PinOutPanel:1589 - setPackage(No Configuration,No Configuration)
2025-08-30 01:29:58,191 [INFO] CADModel:165 - CPN selected for project level
2025-08-30 01:29:58,191 [INFO] CADModel:114 - Register for checkConnection events
2025-08-30 01:29:58,205 [INFO] IPUIPlugin:80 - create IPUIPlugin
2025-08-30 01:29:58,205 [INFO] PluginManager:220 - loadIPPluginJar : add adc
2025-08-30 01:29:58,207 [INFO] IPUIPlugin:80 - create IPUIPlugin
2025-08-30 01:29:58,207 [INFO] PluginManager:220 - loadIPPluginJar : add aes
2025-08-30 01:29:58,209 [INFO] IPUIPlugin:80 - create IPUIPlugin
2025-08-30 01:29:58,209 [INFO] PluginManager:220 - loadIPPluginJar : add can
2025-08-30 01:29:58,210 [INFO] IPUIPlugin:80 - create IPUIPlugin
2025-08-30 01:29:58,210 [INFO] PluginManager:220 - loadIPPluginJar : add comp
2025-08-30 01:29:58,213 [INFO] IPUIPlugin:80 - create IPUIPlugin
2025-08-30 01:29:58,213 [INFO] PluginManager:220 - loadIPPluginJar : add cryp
2025-08-30 01:29:58,216 [INFO] IPUIPlugin:80 - create IPUIPlugin
2025-08-30 01:29:58,216 [INFO] PluginManager:220 - loadIPPluginJar : add ddr_ctrl_phy
2025-08-30 01:29:58,219 [INFO] IPUIPlugin:80 - create IPUIPlugin
2025-08-30 01:29:58,219 [INFO] PluginManager:220 - loadIPPluginJar : add dfsdm
2025-08-30 01:29:58,223 [INFO] IPUIPlugin:80 - create IPUIPlugin
2025-08-30 01:29:58,223 [INFO] PluginManager:220 - loadIPPluginJar : add dma
2025-08-30 01:29:58,225 [INFO] IPUIPlugin:80 - create IPUIPlugin
2025-08-30 01:29:58,225 [INFO] PluginManager:220 - loadIPPluginJar : add dma3
2025-08-30 01:29:58,227 [INFO] IPUIPlugin:80 - create IPUIPlugin
2025-08-30 01:29:58,227 [INFO] PluginManager:220 - loadIPPluginJar : add extmemmanager
2025-08-30 01:29:58,229 [INFO] IPUIPlugin:80 - create IPUIPlugin
2025-08-30 01:29:58,229 [INFO] PluginManager:220 - loadIPPluginJar : add fatfs
2025-08-30 01:29:58,233 [INFO] IPUIPlugin:80 - create IPUIPlugin
2025-08-30 01:29:58,233 [INFO] PluginManager:220 - loadIPPluginJar : add fmc
2025-08-30 01:29:58,237 [INFO] IPUIPlugin:80 - create IPUIPlugin
2025-08-30 01:29:58,237 [INFO] PluginManager:220 - loadIPPluginJar : add freertos
2025-08-30 01:29:58,238 [INFO] IPUIPlugin:80 - create IPUIPlugin
2025-08-30 01:29:58,238 [INFO] PluginManager:220 - loadIPPluginJar : add genericplugin
2025-08-30 01:29:58,239 [INFO] IPUIPlugin:80 - create IPUIPlugin
2025-08-30 01:29:58,240 [INFO] PluginManager:220 - loadIPPluginJar : add gfxmmu
2025-08-30 01:29:58,243 [INFO] IPUIPlugin:80 - create IPUIPlugin
2025-08-30 01:29:58,243 [INFO] PluginManager:220 - loadIPPluginJar : add gic
2025-08-30 01:29:58,245 [INFO] IPUIPlugin:80 - create IPUIPlugin
2025-08-30 01:29:58,246 [INFO] PluginManager:220 - loadIPPluginJar : add gpio
2025-08-30 01:29:58,248 [INFO] IPUIPlugin:80 - create IPUIPlugin
2025-08-30 01:29:58,248 [INFO] PluginManager:220 - loadIPPluginJar : add gtzc
2025-08-30 01:29:58,250 [INFO] IPUIPlugin:80 - create IPUIPlugin
2025-08-30 01:29:58,250 [INFO] PluginManager:220 - loadIPPluginJar : add hash
2025-08-30 01:29:58,252 [INFO] IPUIPlugin:80 - create IPUIPlugin
2025-08-30 01:29:58,252 [INFO] PluginManager:220 - loadIPPluginJar : add i2c
2025-08-30 01:29:58,253 [INFO] IPUIPlugin:80 - create IPUIPlugin
2025-08-30 01:29:58,253 [INFO] PluginManager:220 - loadIPPluginJar : add i2s
2025-08-30 01:29:58,256 [INFO] IPUIPlugin:80 - create IPUIPlugin
2025-08-30 01:29:58,256 [INFO] PluginManager:220 - loadIPPluginJar : add i3c
2025-08-30 01:29:58,258 [INFO] IPUIPlugin:80 - create IPUIPlugin
2025-08-30 01:29:58,258 [INFO] PluginManager:220 - loadIPPluginJar : add ipddr
2025-08-30 01:29:58,263 [INFO] IPUIPlugin:80 - create IPUIPlugin
2025-08-30 01:29:58,263 [INFO] PluginManager:220 - loadIPPluginJar : add linkedlist
2025-08-30 01:29:58,266 [INFO] IPUIPlugin:80 - create IPUIPlugin
2025-08-30 01:29:58,266 [INFO] PluginManager:220 - loadIPPluginJar : add lorawan
2025-08-30 01:29:58,267 [INFO] IPUIPlugin:80 - create IPUIPlugin
2025-08-30 01:29:58,267 [INFO] PluginManager:220 - loadIPPluginJar : add ltdc
2025-08-30 01:29:58,272 [INFO] IPUIPlugin:80 - create IPUIPlugin
2025-08-30 01:29:58,272 [INFO] PluginManager:220 - loadIPPluginJar : add mdma
2025-08-30 01:29:58,274 [INFO] IPUIPlugin:80 - create IPUIPlugin
2025-08-30 01:29:58,275 [INFO] PluginManager:220 - loadIPPluginJar : add nvic
2025-08-30 01:29:58,277 [INFO] IPUIPlugin:80 - create IPUIPlugin
2025-08-30 01:29:58,277 [INFO] PluginManager:220 - loadIPPluginJar : add opamp
2025-08-30 01:29:58,279 [INFO] IPUIPlugin:80 - create IPUIPlugin
2025-08-30 01:29:58,279 [INFO] PluginManager:220 - loadIPPluginJar : add openamp
2025-08-30 01:29:58,281 [INFO] IPUIPlugin:80 - create IPUIPlugin
2025-08-30 01:29:58,281 [INFO] PluginManager:220 - loadIPPluginJar : add pdm2pcm
2025-08-30 01:29:58,286 [INFO] IPUIPlugin:80 - create IPUIPlugin
2025-08-30 01:29:58,287 [INFO] PluginManager:220 - loadIPPluginJar : add plateformsettings
2025-08-30 01:29:58,288 [INFO] IPUIPlugin:80 - create IPUIPlugin
2025-08-30 01:29:58,288 [INFO] PluginManager:220 - loadIPPluginJar : add quadspi
2025-08-30 01:29:58,289 [INFO] IPUIPlugin:80 - create IPUIPlugin
2025-08-30 01:29:58,290 [INFO] PluginManager:220 - loadIPPluginJar : add radio
2025-08-30 01:29:58,292 [INFO] IPUIPlugin:80 - create IPUIPlugin
2025-08-30 01:29:58,293 [INFO] PluginManager:220 - loadIPPluginJar : add resmgrutility
2025-08-30 01:29:58,295 [INFO] IPUIPlugin:80 - create IPUIPlugin
2025-08-30 01:29:58,295 [INFO] PluginManager:220 - loadIPPluginJar : add sai
2025-08-30 01:29:58,297 [INFO] IPUIPlugin:80 - create IPUIPlugin
2025-08-30 01:29:58,297 [INFO] PluginManager:220 - loadIPPluginJar : add spi
2025-08-30 01:29:58,302 [INFO] IPUIPlugin:80 - create IPUIPlugin
2025-08-30 01:29:58,302 [INFO] PluginManager:220 - loadIPPluginJar : add stm32_wpan
2025-08-30 01:29:58,303 [INFO] IPUIPlugin:80 - create IPUIPlugin
2025-08-30 01:29:58,303 [INFO] PluginManager:220 - loadIPPluginJar : add tim
2025-08-30 01:29:58,306 [INFO] IPUIPlugin:80 - create IPUIPlugin
2025-08-30 01:29:58,306 [INFO] PluginManager:220 - loadIPPluginJar : add touchsensing
2025-08-30 01:29:58,307 [INFO] IPUIPlugin:80 - create IPUIPlugin
2025-08-30 01:29:58,307 [INFO] PluginManager:220 - loadIPPluginJar : add tracer_emb
2025-08-30 01:29:58,309 [INFO] IPUIPlugin:80 - create IPUIPlugin
2025-08-30 01:29:58,309 [INFO] PluginManager:220 - loadIPPluginJar : add ts
2025-08-30 01:29:58,310 [INFO] IPUIPlugin:80 - create IPUIPlugin
2025-08-30 01:29:58,310 [INFO] PluginManager:220 - loadIPPluginJar : add tsc
2025-08-30 01:29:58,313 [INFO] IPUIPlugin:80 - create IPUIPlugin
2025-08-30 01:29:58,313 [INFO] PluginManager:220 - loadIPPluginJar : add ucpd
2025-08-30 01:29:58,314 [INFO] IPUIPlugin:80 - create IPUIPlugin
2025-08-30 01:29:58,314 [INFO] PluginManager:220 - loadIPPluginJar : add usart
2025-08-30 01:29:58,316 [INFO] IPUIPlugin:80 - create IPUIPlugin
2025-08-30 01:29:58,316 [INFO] PluginManager:220 - loadIPPluginJar : add usbx
2025-08-30 01:29:58,433 [FATAL] Updater:351 - Updater called before beeing initialized
2025-08-30 01:29:58,452 [INFO] RulesReader:64 - Compatibility file has been processed (302 Rules)
2025-08-30 01:29:58,463 [INFO] RulesReader:64 - Compatibility file has been processed (302 Rules)
2025-08-30 01:29:58,470 [INFO] CADModel:165 - CPN selected for project level
2025-08-30 01:29:58,470 [INFO] CADModel:114 - Register for checkConnection events
2025-08-30 01:29:58,470 [FATAL] Updater:351 - Updater called before beeing initialized
2025-08-30 01:29:58,470 [ERROR] CADModel:125 - Updater not yet initialized, retry later 
2025-08-30 01:29:58,573 [FATAL] Updater:351 - Updater called before beeing initialized
2025-08-30 01:29:58,575 [INFO] CADModel:165 - CPN selected for project level
2025-08-30 01:29:58,575 [INFO] CADModel:114 - Register for checkConnection events
2025-08-30 01:29:58,575 [FATAL] Updater:351 - Updater called before beeing initialized
2025-08-30 01:29:58,575 [ERROR] CADModel:125 - Updater not yet initialized, retry later 
2025-08-30 01:29:58,577 [FATAL] Updater:351 - Updater called before beeing initialized
2025-08-30 01:29:58,645 [FATAL] Updater:351 - Updater called before beeing initialized
2025-08-30 01:29:58,649 [INFO] DbMcusAds:53 - JSON generation date=Tue Jul 08 16:14:23 CST 2025 (1751962463593)
2025-08-30 01:29:58,649 [FATAL] Updater:351 - Updater called before beeing initialized
2025-08-30 01:29:58,674 [WARN] DetailPanel:346 - Failed to get advertising image, set to default
2025-08-30 01:29:58,823 [FATAL] Updater:351 - Updater called before beeing initialized
2025-08-30 01:29:58,825 [FATAL] Updater:351 - Updater called before beeing initialized
2025-08-30 01:29:58,825 [FATAL] Updater:351 - Updater called before beeing initialized
2025-08-30 01:29:58,825 [WARN] DetailPanel:346 - Failed to get advertising image, set to default
2025-08-30 01:29:58,826 [FATAL] Updater:351 - Updater called before beeing initialized
2025-08-30 01:29:58,857 [ERROR] Updater:1198 - MainUpdater not yet initialized. External WinMGr cannot be set.
2025-08-30 01:29:58,859 [INFO] Updater:1134 - Updater Version found : 6.14.1
2025-08-30 01:29:58,873 [INFO] ApplicationProperties:184 - Using Application install path: C:\ST\STM32CubeIDE_1.18.1\STM32CubeIDE\plugins\com.st.stm32cube.common.mx_6.14.1.202504091515
2025-08-30 01:30:00,440 [ERROR] LogOutputStream:75 - [STDERR_REDIRECT] Aug 30, 2025 1:30:00 AM java.util.prefs.WindowsPreferences <init>
2025-08-30 01:30:00,441 [ERROR] LogOutputStream:75 - [STDERR_REDIRECT] WARNING: Could not open/create prefs root node Software\JavaSoft\Prefs at root 0xffffffff80000002. Windows RegCreateKeyEx(...) returned error code 5.
2025-08-30 01:30:00,441 [ERROR] LogOutputStream:75 - [STDERR_REDIRECT] 
2025-08-30 01:30:00,726 [INFO] MainUpdater:2872 - connection check result : 10
2025-08-30 01:30:00,726 [INFO] MainUpdater:289 - Updater Check For Update Now.
2025-08-30 01:30:00,726 [INFO] MicroXplorer:498 - Change Database Version : DB.6.0.141
2025-08-30 01:30:00,735 [INFO] McuFinderGlobals:63 - Set McuFinder mode to 2 (CubeIDE integrated)
2025-08-30 01:30:00,736 [INFO] UserAuth:171 - activating auth plugin
2025-08-30 01:30:00,740 [INFO] UserAuth:484 - Internet connection configuration mode: 1
2025-08-30 01:30:00,771 [INFO] JxBrowserEngine:152 - Initiate JxBrowser Engine with user profile folder
2025-08-30 01:30:00,841 [WARN] MainUpdater:1193 - Updater busy. Cannot search thirdparties
2025-08-30 01:30:00,841 [INFO] ThirdPartyUpdaterWithRetryManager:96 - Updater plugin is busy. [1/15]
2025-08-30 01:30:00,888 [INFO] CheckServerUpdateThread:120 - End of CheckServer Thread
2025-08-30 01:30:01,988 [INFO] WebApp:169 - Instantiating new browser for Auth
2025-08-30 01:30:02,475 [INFO] WebApp:463 - Apply proxy settings
2025-08-30 01:30:02,475 [INFO] WebApp:548 - Chromium requires no authentication
2025-08-30 01:30:02,482 [INFO] WebApp:491 - Direct internet connection detected
2025-08-30 01:30:02,499 [INFO] WebApp:894 - Register for checkConnection events
2025-08-30 01:30:02,499 [INFO] WebApp:463 - Apply proxy settings
2025-08-30 01:30:02,499 [INFO] WebApp:548 - Chromium requires no authentication
2025-08-30 01:30:02,500 [INFO] WebApp:491 - Direct internet connection detected
2025-08-30 01:30:02,655 [INFO] WebApp:225 - Starting web application
2025-08-30 01:30:02,655 [INFO] WebApp:593 - Web application path used C:\ST\STM32CubeIDE_1.18.1\STM32CubeIDE\plugins\com.st.stm32cube.common.mx_6.14.1.202504091515\db\plugins\mcufinder\reactClient1\index.html
2025-08-30 01:30:02,755 [INFO] WebApp:191 - Connection restablished
2025-08-30 01:30:04,051 [WARN] PackLoader:240 - Cannot read IP mode file for STMicroelectronics.FP-SNS-MOTENVWB1.1.4.0
2025-08-30 01:30:04,057 [WARN] PackLoader:240 - Cannot read IP mode file for STMicroelectronics.FP-ATR-ASTRA1.2.0.2
2025-08-30 01:30:04,063 [WARN] PackLoader:240 - Cannot read IP mode file for STMicroelectronics.X-CUBE-SMBUS.2.1.0
2025-08-30 01:30:04,068 [WARN] PackLoader:240 - Cannot read IP mode file for STMicroelectronics.X-CUBE-ST60.1.0.0
2025-08-30 01:30:04,091 [WARN] PackLoader:240 - Cannot read IP mode file for STMicroelectronics.X-CUBE-AZRTOS-F7.1.1.0
2025-08-30 01:30:04,111 [WARN] PackLoader:240 - Cannot read IP mode file for Infineon.AIROC-Wi-Fi-Bluetooth-STM32.1.7.0
2025-08-30 01:30:04,133 [WARN] PackLoader:240 - Cannot read IP mode file for STMicroelectronics.X-CUBE-AZRTOS-H7.3.4.0
2025-08-30 01:30:04,141 [WARN] PackLoader:240 - Cannot read IP mode file for STMicroelectronics.X-CUBE-DISPLAY.3.0.0
2025-08-30 01:30:04,153 [WARN] PackLoader:240 - Cannot read IP mode file for STMicroelectronics.X-CUBE-NFC10.1.0.0
2025-08-30 01:30:04,163 [WARN] PackLoader:240 - Cannot read IP mode file for STMicroelectronics.X-CUBE-BLEMGR.4.0.0
2025-08-30 01:30:04,171 [WARN] PackLoader:240 - Cannot read IP mode file for emotas.I-CUBE-CANOPEN.1.3.0
2025-08-30 01:30:04,175 [WARN] ConditionMgr:438 - getConditionDescription Invalid condition id : Cortex-A Device cause : null
2025-08-30 01:30:04,186 [WARN] ConditionMgr:1044 - genDependencies : Invalid condition id : Cortex-A Device cause : null
2025-08-30 01:30:04,186 [WARN] ConditionMgr:1044 - genDependencies : Invalid condition id : Cortex-A Device cause : null
2025-08-30 01:30:04,186 [WARN] ConditionMgr:1044 - genDependencies : Invalid condition id : Cortex-A Device cause : null
2025-08-30 01:30:04,190 [ERROR] Engine:466 - C:\Users\TUF\.stm32cubemx\thirdparties\pdsc\STMicroelectronics.FP-SNS-STBOX1.2.1.0.pdsc: PDSC version is not supported
2025-08-30 01:30:04,194 [WARN] PackLoader:240 - Cannot read IP mode file for STMicroelectronics.FP-SNS-SMARTAG2.1.2.0
2025-08-30 01:30:04,198 [WARN] PackLoader:240 - Cannot read IP mode file for STMicroelectronics.FP-SNS-FLIGHT1.5.1.0
2025-08-30 01:30:04,204 [INFO] LogOutputStream:77 - [STDOUT_REDIRECT] 1 : Invalid condition id : UX_CORESTACK_Condition cause : null
2025-08-30 01:30:04,205 [INFO] LogOutputStream:77 - [STDOUT_REDIRECT] 1 : Invalid condition id : UX_CORESTACK_Condition cause : null
2025-08-30 01:30:04,205 [INFO] LogOutputStream:77 - [STDOUT_REDIRECT] 1 : Invalid condition id : UX_CORESTACK_Condition cause : null
2025-08-30 01:30:04,206 [INFO] LogOutputStream:77 - [STDOUT_REDIRECT] 1 : Invalid condition id : UX_CORESTACK_Condition cause : null
2025-08-30 01:30:04,208 [INFO] LogOutputStream:77 - [STDOUT_REDIRECT] 1 : Invalid condition id : UX_CORESTACK_Condition cause : null
2025-08-30 01:30:04,209 [WARN] PackLoader:240 - Cannot read IP mode file for STMicroelectronics.X-CUBE-AZRTOS-WL.2.0.0
2025-08-30 01:30:04,214 [WARN] PackLoader:240 - Cannot read IP mode file for STMicroelectronics.FP-SNS-MOTENV1.5.0.0
2025-08-30 01:30:04,222 [WARN] PackLoader:240 - Cannot read IP mode file for WES.I-CUBE-Cesium.1.3.0
2025-08-30 01:30:04,228 [WARN] PackLoader:240 - Cannot read IP mode file for STMicroelectronics.X-CUBE-BLE2.3.3.0
2025-08-30 01:30:04,233 [WARN] PackLoader:240 - Cannot read IP mode file for STMicroelectronics.X-CUBE-NFC9.1.0.0
2025-08-30 01:30:04,246 [WARN] PackLoader:240 - Cannot read IP mode file for wolfSSL.I-CUBE-wolfSSL.5.8.0
2025-08-30 01:30:04,252 [WARN] PackLoader:240 - Cannot read IP mode file for STMicroelectronics.X-CUBE-BLE1.7.1.0
2025-08-30 01:30:04,256 [WARN] PackLoader:240 - Cannot read IP mode file for wolfSSL.I-CUBE-wolfMQTT.1.19.2
2025-08-30 01:30:04,265 [WARN] PackLoader:240 - Cannot read IP mode file for STMicroelectronics.X-CUBE-EEPRMA1.5.2.0
2025-08-30 01:30:04,273 [WARN] PackLoader:240 - Cannot read IP mode file for STMicroelectronics.X-CUBE-AI.10.1.0
2025-08-30 01:30:04,286 [WARN] PackLoader:240 - Cannot read IP mode file for STMicroelectronics.X-CUBE-AZRTOS-G0.1.1.0
2025-08-30 01:30:04,292 [WARN] PackLoader:240 - Cannot read IP mode file for STMicroelectronics.X-CUBE-SAFEA1.1.2.2
2025-08-30 01:30:04,297 [WARN] PackLoader:240 - Cannot read IP mode file for STMicroelectronics.X-CUBE-NFC4.3.0.0
2025-08-30 01:30:04,303 [WARN] PackLoader:240 - Cannot read IP mode file for EmbeddedOffice.I-CUBE-FS-RTOS.1.0.1
2025-08-30 01:30:04,308 [WARN] PackLoader:240 - Cannot read IP mode file for STMicroelectronics.X-CUBE-WB05N.2.0.0
2025-08-30 01:30:04,312 [WARN] PackLoader:240 - Cannot read IP mode file for wolfSSL.I-CUBE-wolfTPM.3.8.0
2025-08-30 01:30:04,316 [WARN] PackLoader:240 - Cannot read IP mode file for STMicroelectronics.X-CUBE-TCPP.4.2.0
2025-08-30 01:30:04,319 [WARN] PackLoader:240 - Cannot read IP mode file for RealThread.X-CUBE-RT-Thread_Nano.4.1.1
2025-08-30 01:30:04,323 [WARN] PackLoader:240 - Cannot read IP mode file for STMicroelectronics.FP-ATR-SIGFOX1.3.2.0
2025-08-30 01:30:04,327 [WARN] PackLoader:240 - Cannot read IP mode file for STMicroelectronics.X-CUBE-EEPRMA1.5.1.0
2025-08-30 01:30:04,332 [WARN] PackLoader:240 - Cannot read IP mode file for ITTIA_DB.I-CUBE-ITTIADB.8.9.0
2025-08-30 01:30:04,339 [WARN] PackLoader:240 - Cannot read IP mode file for STMicroelectronics.X-CUBE-ST67W61.1.0.0
2025-08-30 01:30:04,343 [WARN] PackLoader:240 - Cannot read IP mode file for STMicroelectronics.X-CUBE-AI.10.2.0
2025-08-30 01:30:04,360 [WARN] PackLoader:240 - Cannot read IP mode file for SEGGER.I-CUBE-embOS.1.3.1
2025-08-30 01:30:04,386 [WARN] PackLoader:240 - Cannot read IP mode file for STMicroelectronics.X-CUBE-ALGOBUILD.1.4.0
2025-08-30 01:30:04,415 [WARN] PackLoader:240 - Cannot read IP mode file for STMicroelectronics.X-CUBE-MEMS1.11.3.0
2025-08-30 01:30:04,517 [WARN] PackLoader:240 - Cannot read IP mode file for STMicroelectronics.X-CUBE-PM33A1.1.0.0
2025-08-30 01:30:04,532 [WARN] PackLoader:240 - Cannot read IP mode file for STMicroelectronics.X-CUBE-AZRTOS-F4.1.1.0
2025-08-30 01:30:04,541 [WARN] PackLoader:240 - Cannot read IP mode file for Avnet-IotConnect.X-CUBE-IoTC-DA16k-PMOD.1.0.0
2025-08-30 01:30:04,548 [WARN] PackLoader:240 - Cannot read IP mode file for STMicroelectronics.X-CUBE-ISPU.2.1.0
2025-08-30 01:30:04,556 [WARN] PackLoader:240 - Cannot read IP mode file for STMicroelectronics.X-CUBE-NFC12.1.0.0
2025-08-30 01:30:04,566 [WARN] PackLoader:240 - Cannot read IP mode file for STMicroelectronics.X-CUBE-AZRTOS-L5.2.0.0
2025-08-30 01:30:04,575 [WARN] PackLoader:240 - Cannot read IP mode file for STMicroelectronics.X-CUBE-NFC6.3.1.0
2025-08-30 01:30:04,580 [WARN] PackLoader:240 - Cannot read IP mode file for STMicroelectronics.X-CUBE-FREERTOS.1.3.1
2025-08-30 01:30:04,590 [WARN] PackLoader:240 - Cannot read IP mode file for STMicroelectronics.FP-SNS-STAIOTCFT.1.0.0
2025-08-30 01:30:04,601 [WARN] PackLoader:240 - Cannot read IP mode file for STMicroelectronics.X-CUBE-DPower.1.3.0
2025-08-30 01:30:04,615 [WARN] ConditionMgr:438 - getConditionDescription Invalid condition id : LAN8742 Phy interface Condition cause : null
2025-08-30 01:30:04,617 [WARN] PackLoader:240 - Cannot read IP mode file for STMicroelectronics.X-CUBE-AZRTOS-L4.2.0.0
2025-08-30 01:30:04,619 [WARN] ConditionMgr:1044 - genDependencies : Invalid condition id : LAN8742 Phy interface Condition cause : null
2025-08-30 01:30:04,619 [WARN] ConditionMgr:1044 - genDependencies : Invalid condition id : LAN8742 Phy interface Condition cause : null
2025-08-30 01:30:04,619 [WARN] ConditionMgr:1044 - genDependencies : Invalid condition id : LAN8742 Phy interface Condition cause : null
2025-08-30 01:30:04,627 [WARN] PackLoader:240 - Cannot read IP mode file for STMicroelectronics.X-CUBE-SFXS2LP1.4.0.0
2025-08-30 01:30:04,669 [WARN] PackLoader:240 - Cannot read IP mode file for STMicroelectronics.X-CUBE-AZRTOS-H7.3.3.0
2025-08-30 01:30:04,685 [WARN] PackLoader:240 - Cannot read IP mode file for STMicroelectronics.X-CUBE-BLEMGR.4.1.0
2025-08-30 01:30:04,705 [WARN] ConditionMgr:438 - getConditionDescription Invalid condition id : UX DEVICE CLASS RTOS Condition cause : null
2025-08-30 01:30:04,705 [WARN] ConditionMgr:438 - getConditionDescription Invalid condition id : UX DEVICE CLASS RTOS Condition cause : null
2025-08-30 01:30:04,707 [WARN] PackLoader:240 - Cannot read IP mode file for STMicroelectronics.X-CUBE-AZRTOS-WB.2.0.0
2025-08-30 01:30:04,708 [WARN] ConditionMgr:1044 - genDependencies : Invalid condition id : UX DEVICE CLASS RTOS Condition cause : null
2025-08-30 01:30:04,709 [WARN] ConditionMgr:1044 - genDependencies : Invalid condition id : UX DEVICE CLASS RTOS Condition cause : null
2025-08-30 01:30:04,709 [WARN] ConditionMgr:1044 - genDependencies : Invalid condition id : UX DEVICE CLASS RTOS Condition cause : null
2025-08-30 01:30:04,709 [WARN] ConditionMgr:1044 - genDependencies : Invalid condition id : UX DEVICE CLASS RTOS Condition cause : null
2025-08-30 01:30:04,709 [WARN] ConditionMgr:1044 - genDependencies : Invalid condition id : UX DEVICE CLASS RTOS Condition cause : null
2025-08-30 01:30:04,718 [WARN] PackLoader:240 - Cannot read IP mode file for STMicroelectronics.X-CUBE-GNSS1.7.0.1
2025-08-30 01:30:04,727 [WARN] PackLoader:240 - Cannot read IP mode file for STMicroelectronics.X-CUBE-TOUCHGFX.4.25.0
2025-08-30 01:30:04,733 [WARN] PackLoader:240 - Cannot read IP mode file for STMicroelectronics.FP-SNS-STBOX1.2.0.0
2025-08-30 01:30:04,744 [WARN] PackLoader:240 - Cannot read IP mode file for STMicroelectronics.X-CUBE-SUBG2.5.0.0
2025-08-30 01:30:04,759 [WARN] PackLoader:240 - Cannot read IP mode file for STMicroelectronics.X-CUBE-AZRTOS-H7RS.1.1.0
2025-08-30 01:30:04,765 [WARN] PackLoader:240 - Cannot read IP mode file for Cesanta.I-CUBE-Mongoose.7.13.0
2025-08-30 01:30:04,773 [WARN] PackLoader:240 - Cannot read IP mode file for STMicroelectronics.X-CUBE-AZRTOS-G4.2.0.0
2025-08-30 01:30:04,778 [WARN] PackLoader:240 - Cannot read IP mode file for wolfSSL.I-CUBE-wolfSSH.1.4.20
2025-08-30 01:30:04,782 [WARN] PackLoader:240 - Cannot read IP mode file for STMicroelectronics.X-CUBE-NFC7.2.0.0
2025-08-30 01:30:04,789 [WARN] PackLoader:240 - Cannot read IP mode file for STMicroelectronics.X-CUBE-IPS.3.1.0
2025-08-30 01:30:04,797 [WARN] PackLoader:240 - Cannot read IP mode file for STMicroelectronics.X-CUBE-ALS.1.0.2
2025-08-30 01:30:04,802 [WARN] PackLoader:240 - Cannot read IP mode file for portGmbH.I-Cube-SoM-uGOAL.1.1.0
2025-08-30 01:30:04,808 [WARN] PackLoader:240 - Cannot read IP mode file for STMicroelectronics.X-CUBE-TOF1.3.4.3
2025-08-30 01:30:04,815 [INFO] ThirdParty:978 - Integrity check success = true
2025-08-30 01:30:04,815 [INFO] IntegrityCheckThread:100 - exiting critical section [integrity check]
2025-08-30 01:30:04,815 [INFO] IntegrityCheckThread:103 - End integrity checks thread
2025-08-30 02:14:11,896 [ERROR] LogOutputStream:75 - [STDERR_REDIRECT] 
2025-08-30 02:14:11,900 [ERROR] LogOutputStream:75 - [STDERR_REDIRECT] 
2025-08-30 12:48:48,077 [INFO] Activator:176 - 


2025-08-30 12:48:48,078 [INFO] Activator:177 - !SESSION log4j initialized
2025-08-30 12:48:52,419 [INFO] LogOutputStream:77 - [STDOUT_REDIRECT] 
2025-08-30 12:48:54,111 [INFO] ApplicationProperties:184 - Using Application install path: C:\ST\STM32CubeIDE_1.18.1\STM32CubeIDE\plugins\com.st.stm32cube.common.mx_6.14.1.202504091515
2025-08-30 12:48:54,129 [INFO] DbMcusXml:78 - Set database path to: C:\ST\STM32CubeIDE_1.18.1\STM32CubeIDE\plugins\com.st.stm32cube.common.mx_6.14.1.202504091515\\db\/mcu/
2025-08-30 12:48:54,129 [INFO] ApiDb:274 - Set plugin database path to: C:\ST\STM32CubeIDE_1.18.1\STM32CubeIDE\plugins\com.st.stm32cube.common.mx_6.14.1.202504091515\\db\/plugins/boardmanager/
2025-08-30 12:48:54,130 [WARN] ApiDb:259 - Overriding images path with different value:  => C:\ST\STM32CubeIDE_1.18.1\STM32CubeIDE\plugins\com.st.stm32cube.common.mx_6.14.1.202504091515\\db\/plugins/mcufinder/images/
2025-08-30 12:48:54,145 [INFO] ApiDb:250 - Set database path to: C:\Users\TUF\.stmcufinder\plugins\mcufinder//mcu/
2025-08-30 12:48:54,146 [INFO] DbMcusAds:125 - Set database path to: C:\Users\TUF\.stmcufinder\plugins\mcufinder//mcu/
2025-08-30 12:48:54,148 [INFO] CrossReferenceDbSqlite:203 - Set database path to: C:\Users\TUF\.stmcufinder\plugins\mcufinder//mcu/cs/
2025-08-30 12:48:54,254 [INFO] RulesReader:64 - Compatibility file has been processed (302 Rules)
2025-08-30 12:48:54,365 [INFO] DbMcusXml:78 - Set database path to: C:\ST\STM32CubeIDE_1.18.1\STM32CubeIDE\plugins\com.st.stm32cube.common.mx_6.14.1.202504091515\\db\/mcu/
2025-08-30 12:48:54,365 [INFO] ApiDb:274 - Set plugin database path to: C:\ST\STM32CubeIDE_1.18.1\STM32CubeIDE\plugins\com.st.stm32cube.common.mx_6.14.1.202504091515\\db\/plugins/boardmanager/
2025-08-30 12:48:54,365 [INFO] ApiDb:261 - Set plugin images path to: C:\ST\STM32CubeIDE_1.18.1\STM32CubeIDE\plugins\com.st.stm32cube.common.mx_6.14.1.202504091515\\db\/plugins/mcufinder/images/
2025-08-30 12:48:54,366 [WARN] DbFile:41 - Overriding database path with different value: C:\Users\TUF\.stmcufinder\plugins\mcufinder/ => C:\Users\TUF\.stmcufinder\plugins\mcufinder
2025-08-30 12:48:54,366 [INFO] ApiDb:250 - Set database path to: C:\Users\TUF\.stmcufinder\plugins\mcufinder//mcu/
2025-08-30 12:48:54,366 [WARN] DbFile:41 - Overriding database path with different value: C:\Users\TUF\.stmcufinder\plugins\mcufinder/ => C:\Users\TUF\.stmcufinder\plugins\mcufinder
2025-08-30 12:48:54,366 [INFO] DbMcusAds:125 - Set database path to: C:\Users\TUF\.stmcufinder\plugins\mcufinder//mcu/
2025-08-30 12:48:54,366 [WARN] DbFile:41 - Overriding database path with different value: C:\Users\TUF\.stmcufinder\plugins\mcufinder/ => C:\Users\TUF\.stmcufinder\plugins\mcufinder
2025-08-30 12:48:54,366 [WARN] DbFile:41 - Overriding database path with different value: C:\Users\TUF\.stmcufinder\plugins\mcufinder/ => C:\Users\TUF\.stmcufinder\plugins\mcufinder
2025-08-30 12:48:54,366 [INFO] CrossReferenceDbSqlite:203 - Set database path to: C:\Users\TUF\.stmcufinder\plugins\mcufinder//mcu/cs/
2025-08-30 12:48:54,456 [INFO] MainPanel:272 - HeapMemory: 268435456
2025-08-30 12:48:54,589 [INFO] DbMcusXml:78 - Set database path to: C:\ST\STM32CubeIDE_1.18.1\STM32CubeIDE\plugins\com.st.stm32cube.common.mx_6.14.1.202504091515\\db\/mcu/
2025-08-30 12:48:54,589 [INFO] ApiDb:274 - Set plugin database path to: C:\ST\STM32CubeIDE_1.18.1\STM32CubeIDE\plugins\com.st.stm32cube.common.mx_6.14.1.202504091515\\db\/plugins/boardmanager/
2025-08-30 12:48:54,589 [INFO] ApiDb:261 - Set plugin images path to: C:\ST\STM32CubeIDE_1.18.1\STM32CubeIDE\plugins\com.st.stm32cube.common.mx_6.14.1.202504091515\\db\/plugins/mcufinder/images/
2025-08-30 12:48:54,589 [WARN] DbFile:41 - Overriding database path with different value: C:\Users\TUF\.stmcufinder\plugins\mcufinder/ => C:\Users\TUF\.stmcufinder\plugins\mcufinder
2025-08-30 12:48:54,589 [INFO] ApiDb:250 - Set database path to: C:\Users\TUF\.stmcufinder\plugins\mcufinder//mcu/
2025-08-30 12:48:54,590 [WARN] DbFile:41 - Overriding database path with different value: C:\Users\TUF\.stmcufinder\plugins\mcufinder/ => C:\Users\TUF\.stmcufinder\plugins\mcufinder
2025-08-30 12:48:54,590 [INFO] DbMcusAds:125 - Set database path to: C:\Users\TUF\.stmcufinder\plugins\mcufinder//mcu/
2025-08-30 12:48:54,590 [WARN] DbFile:41 - Overriding database path with different value: C:\Users\TUF\.stmcufinder\plugins\mcufinder/ => C:\Users\TUF\.stmcufinder\plugins\mcufinder
2025-08-30 12:48:54,590 [WARN] DbFile:41 - Overriding database path with different value: C:\Users\TUF\.stmcufinder\plugins\mcufinder/ => C:\Users\TUF\.stmcufinder\plugins\mcufinder
2025-08-30 12:48:54,590 [INFO] CrossReferenceDbSqlite:203 - Set database path to: C:\Users\TUF\.stmcufinder\plugins\mcufinder//mcu/cs/
2025-08-30 12:48:54,614 [INFO] ApplicationProperties:184 - Using Application install path: C:\ST\STM32CubeIDE_1.18.1\STM32CubeIDE\plugins\com.st.stm32cube.common.mx_6.14.1.202504091515
2025-08-30 12:48:54,616 [INFO] PluginManage:196 - Search for loadable plugins [exclusion list=, ]
2025-08-30 12:48:54,618 [INFO] PluginManage:310 - Check plugin analytics
2025-08-30 12:48:54,782 [INFO] AnalyticsPlugin:253 - Accepted Software Licenses: 
2025-08-30 12:48:54,782 [INFO] AnalyticsPlugin:255 - Accepted CMSIS Pack Licenses: 
2025-08-30 12:48:54,782 [INFO] AnalyticsPlugin:257 - Accepted Firmware Licenses: 
2025-08-30 12:48:54,787 [INFO] PluginManage:359 - Loaded plugin analytics (category:tool,tabindex:-1)
2025-08-30 12:48:54,788 [INFO] PluginManage:310 - Check plugin cadmodel
2025-08-30 12:48:54,797 [INFO] CADModel:105 - Init CAD model plugin
2025-08-30 12:48:54,797 [INFO] PluginManage:359 - Loaded plugin cadmodel (category:power,tabindex:5)
2025-08-30 12:48:54,797 [INFO] PluginManage:310 - Check plugin clock
2025-08-30 12:48:54,816 [INFO] PluginManage:359 - Loaded plugin clock (category:base,tabindex:2)
2025-08-30 12:48:54,816 [INFO] PluginManage:310 - Check plugin ddr
2025-08-30 12:48:54,820 [INFO] PluginManage:359 - Loaded plugin ddr (category:tool,tabindex:6)
2025-08-30 12:48:54,821 [INFO] PluginManage:310 - Check plugin filemanager
2025-08-30 12:48:54,999 [INFO] PluginManage:359 - Loaded plugin filemanager (category:base,tabindex:10)
2025-08-30 12:48:54,999 [INFO] PluginManage:310 - Check plugin ipmanager
2025-08-30 12:48:55,010 [INFO] PluginManage:359 - Loaded plugin ipmanager (category:base,tabindex:5)
2025-08-30 12:48:55,011 [INFO] PluginManage:310 - Check plugin lpbam
2025-08-30 12:48:55,021 [INFO] PluginManage:359 - Loaded plugin lpbam (category:base,tabindex:0)
2025-08-30 12:48:55,021 [INFO] PluginManage:310 - Check plugin memorymap
2025-08-30 12:48:55,043 [INFO] PluginManage:359 - Loaded plugin memorymap (category:base,tabindex:4)
2025-08-30 12:48:55,043 [INFO] PluginManage:310 - Check plugin pinoutandconfiguration
2025-08-30 12:48:55,054 [INFO] PluginManage:359 - Loaded plugin pinoutandconfiguration (category:base,tabindex:1)
2025-08-30 12:48:55,054 [INFO] PluginManage:310 - Check plugin pinoutconfig
2025-08-30 12:48:55,164 [WARN] SupportedApi:132 - Cannot load RTOS API schema: s4s-elt-must-match.1: The content of 'definitions' must match (annotation?, (simpleType | complexType)?, (unique | key | keyref)*)). A problem was found starting at: attribute.
2025-08-30 12:48:55,340 [INFO] PluginManage:359 - Loaded plugin pinoutconfig (category:base,tabindex:0)
2025-08-30 12:48:55,341 [INFO] PluginManage:310 - Check plugin power
2025-08-30 12:48:55,352 [INFO] PluginManage:359 - Loaded plugin power (category:power,tabindex:4)
2025-08-30 12:48:55,352 [INFO] PluginManage:310 - Check plugin projectmanager
2025-08-30 12:48:55,369 [INFO] PluginManage:359 - Loaded plugin projectmanager (category:projectmanager,tabindex:4)
2025-08-30 12:48:55,370 [INFO] PluginManage:310 - Check plugin rif
2025-08-30 12:48:55,380 [INFO] PluginManage:359 - Loaded plugin rif (category:base,tabindex:3)
2025-08-30 12:48:55,380 [INFO] PluginManage:310 - Check plugin thirdparty
2025-08-30 12:48:55,556 [INFO] PluginManage:359 - Loaded plugin thirdparty (category:base,tabindex:-1)
2025-08-30 12:48:55,556 [WARN] IntegrityCheckThread:84 - waiting for thirdparty lock release [integrity check]
2025-08-30 12:48:55,556 [INFO] PluginManage:310 - Check plugin tools
2025-08-30 12:48:55,556 [INFO] IntegrityCheckThread:86 - entering critical section [integrity check]
2025-08-30 12:48:55,557 [INFO] ThirdPartyUpdaterWithRetryManager:70 - Updater plugin not ready yet. [1/15]
2025-08-30 12:48:55,561 [INFO] PluginManage:359 - Loaded plugin tools (category:base,tabindex:7)
2025-08-30 12:48:55,561 [INFO] PluginManage:310 - Check plugin tutovideos
2025-08-30 12:48:55,737 [INFO] PluginManage:359 - Loaded plugin tutovideos (category:base,tabindex:-1)
2025-08-30 12:48:55,737 [INFO] PluginManage:310 - Check plugin updater
2025-08-30 12:48:55,781 [INFO] PluginManage:359 - Loaded plugin updater (category:base,tabindex:12)
2025-08-30 12:48:55,781 [INFO] PluginManage:310 - Check plugin userauth
2025-08-30 12:48:55,786 [INFO] UserAuth:118 - Init User Auth plugin
2025-08-30 12:48:55,787 [INFO] PluginManage:359 - Loaded plugin userauth (category:base,tabindex:14)
2025-08-30 12:48:55,788 [INFO] PluginManage:283 - PluginManage : Loaded plugins [18]
2025-08-30 12:48:56,084 [INFO] PinOutPanel:1589 - setPackage(No Configuration,No Configuration)
2025-08-30 12:48:56,217 [INFO] CADModel:165 - CPN selected for project level
2025-08-30 12:48:56,217 [INFO] CADModel:114 - Register for checkConnection events
2025-08-30 12:48:56,241 [INFO] IPUIPlugin:80 - create IPUIPlugin
2025-08-30 12:48:56,241 [INFO] PluginManager:220 - loadIPPluginJar : add adc
2025-08-30 12:48:56,246 [INFO] IPUIPlugin:80 - create IPUIPlugin
2025-08-30 12:48:56,246 [INFO] PluginManager:220 - loadIPPluginJar : add aes
2025-08-30 12:48:56,251 [INFO] IPUIPlugin:80 - create IPUIPlugin
2025-08-30 12:48:56,252 [INFO] PluginManager:220 - loadIPPluginJar : add can
2025-08-30 12:48:56,255 [INFO] IPUIPlugin:80 - create IPUIPlugin
2025-08-30 12:48:56,255 [INFO] PluginManager:220 - loadIPPluginJar : add comp
2025-08-30 12:48:56,262 [INFO] IPUIPlugin:80 - create IPUIPlugin
2025-08-30 12:48:56,263 [INFO] PluginManager:220 - loadIPPluginJar : add cryp
2025-08-30 12:48:56,268 [INFO] IPUIPlugin:80 - create IPUIPlugin
2025-08-30 12:48:56,269 [INFO] PluginManager:220 - loadIPPluginJar : add ddr_ctrl_phy
2025-08-30 12:48:56,273 [INFO] IPUIPlugin:80 - create IPUIPlugin
2025-08-30 12:48:56,273 [INFO] PluginManager:220 - loadIPPluginJar : add dfsdm
2025-08-30 12:48:56,280 [INFO] IPUIPlugin:80 - create IPUIPlugin
2025-08-30 12:48:56,280 [INFO] PluginManager:220 - loadIPPluginJar : add dma
2025-08-30 12:48:56,286 [INFO] IPUIPlugin:80 - create IPUIPlugin
2025-08-30 12:48:56,287 [INFO] PluginManager:220 - loadIPPluginJar : add dma3
2025-08-30 12:48:56,291 [INFO] IPUIPlugin:80 - create IPUIPlugin
2025-08-30 12:48:56,291 [INFO] PluginManager:220 - loadIPPluginJar : add extmemmanager
2025-08-30 12:48:56,294 [INFO] IPUIPlugin:80 - create IPUIPlugin
2025-08-30 12:48:56,295 [INFO] PluginManager:220 - loadIPPluginJar : add fatfs
2025-08-30 12:48:56,301 [INFO] IPUIPlugin:80 - create IPUIPlugin
2025-08-30 12:48:56,301 [INFO] PluginManager:220 - loadIPPluginJar : add fmc
2025-08-30 12:48:56,309 [INFO] IPUIPlugin:80 - create IPUIPlugin
2025-08-30 12:48:56,310 [INFO] PluginManager:220 - loadIPPluginJar : add freertos
2025-08-30 12:48:56,312 [INFO] IPUIPlugin:80 - create IPUIPlugin
2025-08-30 12:48:56,312 [INFO] PluginManager:220 - loadIPPluginJar : add genericplugin
2025-08-30 12:48:56,316 [INFO] IPUIPlugin:80 - create IPUIPlugin
2025-08-30 12:48:56,316 [INFO] PluginManager:220 - loadIPPluginJar : add gfxmmu
2025-08-30 12:48:56,324 [INFO] IPUIPlugin:80 - create IPUIPlugin
2025-08-30 12:48:56,324 [INFO] PluginManager:220 - loadIPPluginJar : add gic
2025-08-30 12:48:56,330 [INFO] IPUIPlugin:80 - create IPUIPlugin
2025-08-30 12:48:56,330 [INFO] PluginManager:220 - loadIPPluginJar : add gpio
2025-08-30 12:48:56,334 [INFO] IPUIPlugin:80 - create IPUIPlugin
2025-08-30 12:48:56,334 [INFO] PluginManager:220 - loadIPPluginJar : add gtzc
2025-08-30 12:48:56,337 [INFO] IPUIPlugin:80 - create IPUIPlugin
2025-08-30 12:48:56,337 [INFO] PluginManager:220 - loadIPPluginJar : add hash
2025-08-30 12:48:56,340 [INFO] IPUIPlugin:80 - create IPUIPlugin
2025-08-30 12:48:56,341 [INFO] PluginManager:220 - loadIPPluginJar : add i2c
2025-08-30 12:48:56,345 [INFO] IPUIPlugin:80 - create IPUIPlugin
2025-08-30 12:48:56,345 [INFO] PluginManager:220 - loadIPPluginJar : add i2s
2025-08-30 12:48:56,350 [INFO] IPUIPlugin:80 - create IPUIPlugin
2025-08-30 12:48:56,350 [INFO] PluginManager:220 - loadIPPluginJar : add i3c
2025-08-30 12:48:56,355 [INFO] IPUIPlugin:80 - create IPUIPlugin
2025-08-30 12:48:56,356 [INFO] PluginManager:220 - loadIPPluginJar : add ipddr
2025-08-30 12:48:56,365 [INFO] IPUIPlugin:80 - create IPUIPlugin
2025-08-30 12:48:56,366 [INFO] PluginManager:220 - loadIPPluginJar : add linkedlist
2025-08-30 12:48:56,374 [INFO] IPUIPlugin:80 - create IPUIPlugin
2025-08-30 12:48:56,374 [INFO] PluginManager:220 - loadIPPluginJar : add lorawan
2025-08-30 12:48:56,376 [INFO] IPUIPlugin:80 - create IPUIPlugin
2025-08-30 12:48:56,376 [INFO] PluginManager:220 - loadIPPluginJar : add ltdc
2025-08-30 12:48:56,382 [INFO] IPUIPlugin:80 - create IPUIPlugin
2025-08-30 12:48:56,382 [INFO] PluginManager:220 - loadIPPluginJar : add mdma
2025-08-30 12:48:56,387 [INFO] IPUIPlugin:80 - create IPUIPlugin
2025-08-30 12:48:56,387 [INFO] PluginManager:220 - loadIPPluginJar : add nvic
2025-08-30 12:48:56,394 [INFO] IPUIPlugin:80 - create IPUIPlugin
2025-08-30 12:48:56,394 [INFO] PluginManager:220 - loadIPPluginJar : add opamp
2025-08-30 12:48:56,399 [INFO] IPUIPlugin:80 - create IPUIPlugin
2025-08-30 12:48:56,399 [INFO] PluginManager:220 - loadIPPluginJar : add openamp
2025-08-30 12:48:56,403 [INFO] IPUIPlugin:80 - create IPUIPlugin
2025-08-30 12:48:56,403 [INFO] PluginManager:220 - loadIPPluginJar : add pdm2pcm
2025-08-30 12:48:56,412 [INFO] IPUIPlugin:80 - create IPUIPlugin
2025-08-30 12:48:56,414 [INFO] PluginManager:220 - loadIPPluginJar : add plateformsettings
2025-08-30 12:48:56,417 [INFO] IPUIPlugin:80 - create IPUIPlugin
2025-08-30 12:48:56,417 [INFO] PluginManager:220 - loadIPPluginJar : add quadspi
2025-08-30 12:48:56,420 [INFO] IPUIPlugin:80 - create IPUIPlugin
2025-08-30 12:48:56,420 [INFO] PluginManager:220 - loadIPPluginJar : add radio
2025-08-30 12:48:56,425 [INFO] IPUIPlugin:80 - create IPUIPlugin
2025-08-30 12:48:56,426 [INFO] PluginManager:220 - loadIPPluginJar : add resmgrutility
2025-08-30 12:48:56,430 [INFO] IPUIPlugin:80 - create IPUIPlugin
2025-08-30 12:48:56,430 [INFO] PluginManager:220 - loadIPPluginJar : add sai
2025-08-30 12:48:56,434 [INFO] IPUIPlugin:80 - create IPUIPlugin
2025-08-30 12:48:56,434 [INFO] PluginManager:220 - loadIPPluginJar : add spi
2025-08-30 12:48:56,443 [INFO] IPUIPlugin:80 - create IPUIPlugin
2025-08-30 12:48:56,443 [INFO] PluginManager:220 - loadIPPluginJar : add stm32_wpan
2025-08-30 12:48:56,446 [INFO] IPUIPlugin:80 - create IPUIPlugin
2025-08-30 12:48:56,446 [INFO] PluginManager:220 - loadIPPluginJar : add tim
2025-08-30 12:48:56,453 [INFO] IPUIPlugin:80 - create IPUIPlugin
2025-08-30 12:48:56,454 [INFO] PluginManager:220 - loadIPPluginJar : add touchsensing
2025-08-30 12:48:56,458 [INFO] IPUIPlugin:80 - create IPUIPlugin
2025-08-30 12:48:56,458 [INFO] PluginManager:220 - loadIPPluginJar : add tracer_emb
2025-08-30 12:48:56,462 [INFO] IPUIPlugin:80 - create IPUIPlugin
2025-08-30 12:48:56,462 [INFO] PluginManager:220 - loadIPPluginJar : add ts
2025-08-30 12:48:56,464 [INFO] IPUIPlugin:80 - create IPUIPlugin
2025-08-30 12:48:56,465 [INFO] PluginManager:220 - loadIPPluginJar : add tsc
2025-08-30 12:48:56,468 [INFO] IPUIPlugin:80 - create IPUIPlugin
2025-08-30 12:48:56,468 [INFO] PluginManager:220 - loadIPPluginJar : add ucpd
2025-08-30 12:48:56,472 [INFO] IPUIPlugin:80 - create IPUIPlugin
2025-08-30 12:48:56,472 [INFO] PluginManager:220 - loadIPPluginJar : add usart
2025-08-30 12:48:56,477 [INFO] IPUIPlugin:80 - create IPUIPlugin
2025-08-30 12:48:56,477 [INFO] PluginManager:220 - loadIPPluginJar : add usbx
2025-08-30 12:48:56,622 [FATAL] Updater:351 - Updater called before beeing initialized
2025-08-30 12:48:56,652 [INFO] RulesReader:64 - Compatibility file has been processed (302 Rules)
2025-08-30 12:48:56,664 [INFO] RulesReader:64 - Compatibility file has been processed (302 Rules)
2025-08-30 12:48:56,676 [INFO] CADModel:165 - CPN selected for project level
2025-08-30 12:48:56,676 [INFO] CADModel:114 - Register for checkConnection events
2025-08-30 12:48:56,676 [FATAL] Updater:351 - Updater called before beeing initialized
2025-08-30 12:48:56,676 [ERROR] CADModel:125 - Updater not yet initialized, retry later 
2025-08-30 12:48:56,846 [FATAL] Updater:351 - Updater called before beeing initialized
2025-08-30 12:48:56,848 [INFO] CADModel:165 - CPN selected for project level
2025-08-30 12:48:56,848 [INFO] CADModel:114 - Register for checkConnection events
2025-08-30 12:48:56,848 [FATAL] Updater:351 - Updater called before beeing initialized
2025-08-30 12:48:56,848 [ERROR] CADModel:125 - Updater not yet initialized, retry later 
2025-08-30 12:48:56,851 [FATAL] Updater:351 - Updater called before beeing initialized
2025-08-30 12:48:56,972 [FATAL] Updater:351 - Updater called before beeing initialized
2025-08-30 12:48:56,976 [INFO] DbMcusAds:53 - JSON generation date=Tue Jul 08 16:14:23 CST 2025 (1751962463593)
2025-08-30 12:48:56,976 [FATAL] Updater:351 - Updater called before beeing initialized
2025-08-30 12:48:57,018 [WARN] DetailPanel:346 - Failed to get advertising image, set to default
2025-08-30 12:48:57,240 [FATAL] Updater:351 - Updater called before beeing initialized
2025-08-30 12:48:57,242 [FATAL] Updater:351 - Updater called before beeing initialized
2025-08-30 12:48:57,242 [FATAL] Updater:351 - Updater called before beeing initialized
2025-08-30 12:48:57,242 [WARN] DetailPanel:346 - Failed to get advertising image, set to default
2025-08-30 12:48:57,243 [FATAL] Updater:351 - Updater called before beeing initialized
2025-08-30 12:48:57,297 [ERROR] Updater:1198 - MainUpdater not yet initialized. External WinMGr cannot be set.
2025-08-30 12:48:57,299 [INFO] Updater:1134 - Updater Version found : 6.14.1
2025-08-30 12:48:57,319 [INFO] ApplicationProperties:184 - Using Application install path: C:\ST\STM32CubeIDE_1.18.1\STM32CubeIDE\plugins\com.st.stm32cube.common.mx_6.14.1.202504091515
2025-08-30 12:48:58,559 [INFO] ThirdPartyUpdaterWithRetryManager:70 - Updater plugin not ready yet. [2/15]
2025-08-30 12:48:58,925 [ERROR] LogOutputStream:75 - [STDERR_REDIRECT] Aug 30, 2025 12:48:58 PM java.util.prefs.WindowsPreferences <init>
2025-08-30 12:48:58,926 [ERROR] LogOutputStream:75 - [STDERR_REDIRECT] WARNING: Could not open/create prefs root node Software\JavaSoft\Prefs at root 0xffffffff80000002. Windows RegCreateKeyEx(...) returned error code 5.
2025-08-30 12:48:58,926 [ERROR] LogOutputStream:75 - [STDERR_REDIRECT] 
2025-08-30 12:48:59,321 [INFO] MainUpdater:2872 - connection check result : 10
2025-08-30 12:48:59,322 [INFO] MainUpdater:289 - Updater Check For Update Now.
2025-08-30 12:48:59,322 [INFO] MicroXplorer:498 - Change Database Version : DB.6.0.141
2025-08-30 12:48:59,329 [INFO] McuFinderGlobals:63 - Set McuFinder mode to 2 (CubeIDE integrated)
2025-08-30 12:48:59,330 [INFO] UserAuth:171 - activating auth plugin
2025-08-30 12:48:59,336 [INFO] UserAuth:484 - Internet connection configuration mode: 1
2025-08-30 12:48:59,373 [INFO] JxBrowserEngine:152 - Initiate JxBrowser Engine with user profile folder
2025-08-30 12:48:59,527 [INFO] CheckServerUpdateThread:120 - End of CheckServer Thread
2025-08-30 12:49:01,011 [INFO] WebApp:169 - Instantiating new browser for Auth
2025-08-30 12:49:01,669 [INFO] WebApp:463 - Apply proxy settings
2025-08-30 12:49:01,670 [INFO] WebApp:548 - Chromium requires no authentication
2025-08-30 12:49:01,678 [INFO] WebApp:491 - Direct internet connection detected
2025-08-30 12:49:01,703 [INFO] WebApp:894 - Register for checkConnection events
2025-08-30 12:49:01,704 [INFO] WebApp:463 - Apply proxy settings
2025-08-30 12:49:01,704 [INFO] WebApp:548 - Chromium requires no authentication
2025-08-30 12:49:01,704 [INFO] WebApp:491 - Direct internet connection detected
2025-08-30 12:49:01,894 [WARN] PackLoader:240 - Cannot read IP mode file for STMicroelectronics.FP-SNS-MOTENVWB1.1.4.0
2025-08-30 12:49:01,907 [INFO] WebApp:225 - Starting web application
2025-08-30 12:49:01,907 [INFO] WebApp:593 - Web application path used C:\ST\STM32CubeIDE_1.18.1\STM32CubeIDE\plugins\com.st.stm32cube.common.mx_6.14.1.202504091515\db\plugins\mcufinder\reactClient1\index.html
2025-08-30 12:49:01,907 [WARN] PackLoader:240 - Cannot read IP mode file for STMicroelectronics.FP-ATR-ASTRA1.2.0.2
2025-08-30 12:49:01,919 [WARN] PackLoader:240 - Cannot read IP mode file for STMicroelectronics.X-CUBE-SMBUS.2.1.0
2025-08-30 12:49:01,926 [WARN] PackLoader:240 - Cannot read IP mode file for STMicroelectronics.X-CUBE-ST60.1.0.0
2025-08-30 12:49:01,931 [INFO] WebApp:191 - Connection restablished
2025-08-30 12:49:01,954 [WARN] PackLoader:240 - Cannot read IP mode file for STMicroelectronics.X-CUBE-AZRTOS-F7.1.1.0
2025-08-30 12:49:01,988 [WARN] PackLoader:240 - Cannot read IP mode file for Infineon.AIROC-Wi-Fi-Bluetooth-STM32.1.7.0
2025-08-30 12:49:02,026 [WARN] PackLoader:240 - Cannot read IP mode file for STMicroelectronics.X-CUBE-AZRTOS-H7.3.4.0
2025-08-30 12:49:02,040 [WARN] PackLoader:240 - Cannot read IP mode file for STMicroelectronics.X-CUBE-DISPLAY.3.0.0
2025-08-30 12:49:02,102 [WARN] PackLoader:240 - Cannot read IP mode file for STMicroelectronics.X-CUBE-NFC10.1.0.0
2025-08-30 12:49:02,115 [WARN] PackLoader:240 - Cannot read IP mode file for STMicroelectronics.X-CUBE-BLEMGR.4.0.0
2025-08-30 12:49:02,126 [WARN] PackLoader:240 - Cannot read IP mode file for emotas.I-CUBE-CANOPEN.1.3.0
2025-08-30 12:49:02,132 [WARN] ConditionMgr:438 - getConditionDescription Invalid condition id : Cortex-A Device cause : null
2025-08-30 12:49:02,159 [WARN] ConditionMgr:1044 - genDependencies : Invalid condition id : Cortex-A Device cause : null
2025-08-30 12:49:02,159 [WARN] ConditionMgr:1044 - genDependencies : Invalid condition id : Cortex-A Device cause : null
2025-08-30 12:49:02,159 [WARN] ConditionMgr:1044 - genDependencies : Invalid condition id : Cortex-A Device cause : null
2025-08-30 12:49:02,166 [ERROR] Engine:466 - C:\Users\TUF\.stm32cubemx\thirdparties\pdsc\STMicroelectronics.FP-SNS-STBOX1.2.1.0.pdsc: PDSC version is not supported
2025-08-30 12:49:02,172 [WARN] PackLoader:240 - Cannot read IP mode file for STMicroelectronics.FP-SNS-SMARTAG2.1.2.0
2025-08-30 12:49:02,178 [WARN] PackLoader:240 - Cannot read IP mode file for STMicroelectronics.FP-SNS-FLIGHT1.5.1.0
2025-08-30 12:49:02,194 [INFO] LogOutputStream:77 - [STDOUT_REDIRECT] 1 : Invalid condition id : UX_CORESTACK_Condition cause : null
2025-08-30 12:49:02,195 [INFO] LogOutputStream:77 - [STDOUT_REDIRECT] 1 : Invalid condition id : UX_CORESTACK_Condition cause : null
2025-08-30 12:49:02,197 [INFO] LogOutputStream:77 - [STDOUT_REDIRECT] 1 : Invalid condition id : UX_CORESTACK_Condition cause : null
2025-08-30 12:49:02,198 [INFO] LogOutputStream:77 - [STDOUT_REDIRECT] 1 : Invalid condition id : UX_CORESTACK_Condition cause : null
2025-08-30 12:49:02,199 [INFO] LogOutputStream:77 - [STDOUT_REDIRECT] 1 : Invalid condition id : UX_CORESTACK_Condition cause : null
2025-08-30 12:49:02,202 [WARN] PackLoader:240 - Cannot read IP mode file for STMicroelectronics.X-CUBE-AZRTOS-WL.2.0.0
2025-08-30 12:49:02,210 [WARN] PackLoader:240 - Cannot read IP mode file for STMicroelectronics.FP-SNS-MOTENV1.5.0.0
2025-08-30 12:49:02,223 [WARN] PackLoader:240 - Cannot read IP mode file for WES.I-CUBE-Cesium.1.3.0
2025-08-30 12:49:02,230 [WARN] PackLoader:240 - Cannot read IP mode file for STMicroelectronics.X-CUBE-BLE2.3.3.0
2025-08-30 12:49:02,238 [WARN] PackLoader:240 - Cannot read IP mode file for STMicroelectronics.X-CUBE-NFC9.1.0.0
2025-08-30 12:49:02,245 [WARN] PackLoader:240 - Cannot read IP mode file for wolfSSL.I-CUBE-wolfSSL.5.8.0
2025-08-30 12:49:02,250 [WARN] PackLoader:240 - Cannot read IP mode file for STMicroelectronics.X-CUBE-BLE1.7.1.0
2025-08-30 12:49:02,254 [WARN] PackLoader:240 - Cannot read IP mode file for wolfSSL.I-CUBE-wolfMQTT.1.19.2
2025-08-30 12:49:02,261 [WARN] PackLoader:240 - Cannot read IP mode file for STMicroelectronics.X-CUBE-EEPRMA1.5.2.0
2025-08-30 12:49:02,269 [WARN] PackLoader:240 - Cannot read IP mode file for STMicroelectronics.X-CUBE-AI.10.1.0
2025-08-30 12:49:02,283 [WARN] PackLoader:240 - Cannot read IP mode file for STMicroelectronics.X-CUBE-AZRTOS-G0.1.1.0
2025-08-30 12:49:02,291 [WARN] PackLoader:240 - Cannot read IP mode file for STMicroelectronics.X-CUBE-SAFEA1.1.2.2
2025-08-30 12:49:02,298 [WARN] PackLoader:240 - Cannot read IP mode file for STMicroelectronics.X-CUBE-NFC4.3.0.0
2025-08-30 12:49:02,308 [WARN] PackLoader:240 - Cannot read IP mode file for EmbeddedOffice.I-CUBE-FS-RTOS.1.0.1
2025-08-30 12:49:02,315 [WARN] PackLoader:240 - Cannot read IP mode file for STMicroelectronics.X-CUBE-WB05N.2.0.0
2025-08-30 12:49:02,320 [WARN] PackLoader:240 - Cannot read IP mode file for wolfSSL.I-CUBE-wolfTPM.3.8.0
2025-08-30 12:49:02,326 [WARN] PackLoader:240 - Cannot read IP mode file for STMicroelectronics.X-CUBE-TCPP.4.2.0
2025-08-30 12:49:02,334 [WARN] PackLoader:240 - Cannot read IP mode file for RealThread.X-CUBE-RT-Thread_Nano.4.1.1
2025-08-30 12:49:02,338 [WARN] PackLoader:240 - Cannot read IP mode file for STMicroelectronics.FP-ATR-SIGFOX1.3.2.0
2025-08-30 12:49:02,343 [WARN] PackLoader:240 - Cannot read IP mode file for STMicroelectronics.X-CUBE-EEPRMA1.5.1.0
2025-08-30 12:49:02,349 [WARN] PackLoader:240 - Cannot read IP mode file for ITTIA_DB.I-CUBE-ITTIADB.8.9.0
2025-08-30 12:49:02,359 [WARN] PackLoader:240 - Cannot read IP mode file for STMicroelectronics.X-CUBE-ST67W61.1.0.0
2025-08-30 12:49:02,364 [WARN] PackLoader:240 - Cannot read IP mode file for STMicroelectronics.X-CUBE-AI.10.2.0
2025-08-30 12:49:02,390 [WARN] PackLoader:240 - Cannot read IP mode file for SEGGER.I-CUBE-embOS.1.3.1
2025-08-30 12:49:02,560 [WARN] PackLoader:240 - Cannot read IP mode file for STMicroelectronics.X-CUBE-ALGOBUILD.1.4.0
2025-08-30 12:49:02,590 [WARN] PackLoader:240 - Cannot read IP mode file for STMicroelectronics.X-CUBE-MEMS1.11.3.0
2025-08-30 12:49:02,716 [WARN] PackLoader:240 - Cannot read IP mode file for STMicroelectronics.X-CUBE-PM33A1.1.0.0
2025-08-30 12:49:02,729 [WARN] PackLoader:240 - Cannot read IP mode file for STMicroelectronics.X-CUBE-AZRTOS-F4.1.1.0
2025-08-30 12:49:02,736 [WARN] PackLoader:240 - Cannot read IP mode file for Avnet-IotConnect.X-CUBE-IoTC-DA16k-PMOD.1.0.0
2025-08-30 12:49:02,740 [WARN] PackLoader:240 - Cannot read IP mode file for STMicroelectronics.X-CUBE-ISPU.2.1.0
2025-08-30 12:49:02,746 [WARN] PackLoader:240 - Cannot read IP mode file for STMicroelectronics.X-CUBE-NFC12.1.0.0
2025-08-30 12:49:02,762 [WARN] PackLoader:240 - Cannot read IP mode file for STMicroelectronics.X-CUBE-AZRTOS-L5.2.0.0
2025-08-30 12:49:02,773 [WARN] PackLoader:240 - Cannot read IP mode file for STMicroelectronics.X-CUBE-NFC6.3.1.0
2025-08-30 12:49:02,781 [WARN] PackLoader:240 - Cannot read IP mode file for STMicroelectronics.X-CUBE-FREERTOS.1.3.1
2025-08-30 12:49:02,787 [WARN] PackLoader:240 - Cannot read IP mode file for STMicroelectronics.FP-SNS-STAIOTCFT.1.0.0
2025-08-30 12:49:02,794 [WARN] PackLoader:240 - Cannot read IP mode file for STMicroelectronics.X-CUBE-DPower.1.3.0
2025-08-30 12:49:02,812 [WARN] ConditionMgr:438 - getConditionDescription Invalid condition id : LAN8742 Phy interface Condition cause : null
2025-08-30 12:49:02,812 [WARN] PackLoader:240 - Cannot read IP mode file for STMicroelectronics.X-CUBE-AZRTOS-L4.2.0.0
2025-08-30 12:49:02,813 [WARN] ConditionMgr:1044 - genDependencies : Invalid condition id : LAN8742 Phy interface Condition cause : null
2025-08-30 12:49:02,814 [WARN] ConditionMgr:1044 - genDependencies : Invalid condition id : LAN8742 Phy interface Condition cause : null
2025-08-30 12:49:02,814 [WARN] ConditionMgr:1044 - genDependencies : Invalid condition id : LAN8742 Phy interface Condition cause : null
2025-08-30 12:49:02,823 [WARN] PackLoader:240 - Cannot read IP mode file for STMicroelectronics.X-CUBE-SFXS2LP1.4.0.0
2025-08-30 12:49:02,839 [WARN] PackLoader:240 - Cannot read IP mode file for STMicroelectronics.X-CUBE-AZRTOS-H7.3.3.0
2025-08-30 12:49:02,849 [WARN] PackLoader:240 - Cannot read IP mode file for STMicroelectronics.X-CUBE-BLEMGR.4.1.0
2025-08-30 12:49:02,865 [WARN] ConditionMgr:438 - getConditionDescription Invalid condition id : UX DEVICE CLASS RTOS Condition cause : null
2025-08-30 12:49:02,865 [WARN] ConditionMgr:438 - getConditionDescription Invalid condition id : UX DEVICE CLASS RTOS Condition cause : null
2025-08-30 12:49:02,868 [WARN] PackLoader:240 - Cannot read IP mode file for STMicroelectronics.X-CUBE-AZRTOS-WB.2.0.0
2025-08-30 12:49:02,868 [WARN] ConditionMgr:1044 - genDependencies : Invalid condition id : UX DEVICE CLASS RTOS Condition cause : null
2025-08-30 12:49:02,868 [WARN] ConditionMgr:1044 - genDependencies : Invalid condition id : UX DEVICE CLASS RTOS Condition cause : null
2025-08-30 12:49:02,869 [WARN] ConditionMgr:1044 - genDependencies : Invalid condition id : UX DEVICE CLASS RTOS Condition cause : null
2025-08-30 12:49:02,869 [WARN] ConditionMgr:1044 - genDependencies : Invalid condition id : UX DEVICE CLASS RTOS Condition cause : null
2025-08-30 12:49:02,869 [WARN] ConditionMgr:1044 - genDependencies : Invalid condition id : UX DEVICE CLASS RTOS Condition cause : null
2025-08-30 12:49:02,874 [WARN] PackLoader:240 - Cannot read IP mode file for STMicroelectronics.X-CUBE-GNSS1.7.0.1
2025-08-30 12:49:02,883 [WARN] PackLoader:240 - Cannot read IP mode file for STMicroelectronics.X-CUBE-TOUCHGFX.4.25.0
2025-08-30 12:49:02,889 [WARN] PackLoader:240 - Cannot read IP mode file for STMicroelectronics.FP-SNS-STBOX1.2.0.0
2025-08-30 12:49:02,899 [WARN] PackLoader:240 - Cannot read IP mode file for STMicroelectronics.X-CUBE-SUBG2.5.0.0
2025-08-30 12:49:02,945 [WARN] PackLoader:240 - Cannot read IP mode file for STMicroelectronics.X-CUBE-AZRTOS-H7RS.1.1.0
2025-08-30 12:49:02,956 [WARN] PackLoader:240 - Cannot read IP mode file for Cesanta.I-CUBE-Mongoose.7.13.0
2025-08-30 12:49:02,971 [WARN] PackLoader:240 - Cannot read IP mode file for STMicroelectronics.X-CUBE-AZRTOS-G4.2.0.0
2025-08-30 12:49:02,977 [WARN] PackLoader:240 - Cannot read IP mode file for wolfSSL.I-CUBE-wolfSSH.1.4.20
2025-08-30 12:49:02,983 [WARN] PackLoader:240 - Cannot read IP mode file for STMicroelectronics.X-CUBE-NFC7.2.0.0
2025-08-30 12:49:02,995 [WARN] PackLoader:240 - Cannot read IP mode file for STMicroelectronics.X-CUBE-IPS.3.1.0
2025-08-30 12:49:03,005 [WARN] PackLoader:240 - Cannot read IP mode file for STMicroelectronics.X-CUBE-ALS.1.0.2
2025-08-30 12:49:03,013 [WARN] PackLoader:240 - Cannot read IP mode file for portGmbH.I-Cube-SoM-uGOAL.1.1.0
2025-08-30 12:49:03,022 [WARN] PackLoader:240 - Cannot read IP mode file for STMicroelectronics.X-CUBE-TOF1.3.4.3
2025-08-30 12:49:03,029 [INFO] ThirdParty:978 - Integrity check success = true
2025-08-30 12:49:03,030 [INFO] IntegrityCheckThread:100 - exiting critical section [integrity check]
2025-08-30 12:49:03,030 [INFO] IntegrityCheckThread:103 - End integrity checks thread
2025-08-30 18:19:24,028 [INFO] WebApp:194 - Connection lost
2025-08-30 20:17:35,761 [INFO] WebApp:191 - Connection restablished
2025-08-30 20:17:38,959 [INFO] WebApp:194 - Connection lost
2025-08-30 20:17:39,060 [INFO] WebApp:191 - Connection restablished
2025-08-30 22:29:05,731 [ERROR] LogOutputStream:75 - [STDERR_REDIRECT] 
2025-08-30 23:53:56,812 [INFO] Activator:176 - 


2025-08-30 23:53:56,813 [INFO] Activator:177 - !SESSION log4j initialized
2025-08-30 23:54:00,995 [INFO] LogOutputStream:77 - [STDOUT_REDIRECT] 
2025-08-30 23:54:12,423 [INFO] ApplicationProperties:184 - Using Application install path: C:\ST\STM32CubeIDE_1.18.1\STM32CubeIDE\plugins\com.st.stm32cube.common.mx_6.14.1.202504091515
2025-08-30 23:54:12,435 [INFO] DbMcusXml:78 - Set database path to: C:\ST\STM32CubeIDE_1.18.1\STM32CubeIDE\plugins\com.st.stm32cube.common.mx_6.14.1.202504091515\\db\/mcu/
2025-08-30 23:54:12,436 [INFO] ApiDb:274 - Set plugin database path to: C:\ST\STM32CubeIDE_1.18.1\STM32CubeIDE\plugins\com.st.stm32cube.common.mx_6.14.1.202504091515\\db\/plugins/boardmanager/
2025-08-30 23:54:12,436 [WARN] ApiDb:259 - Overriding images path with different value:  => C:\ST\STM32CubeIDE_1.18.1\STM32CubeIDE\plugins\com.st.stm32cube.common.mx_6.14.1.202504091515\\db\/plugins/mcufinder/images/
2025-08-30 23:54:12,446 [INFO] ApiDb:250 - Set database path to: C:\Users\TUF\.stmcufinder\plugins\mcufinder//mcu/
2025-08-30 23:54:12,447 [INFO] DbMcusAds:125 - Set database path to: C:\Users\TUF\.stmcufinder\plugins\mcufinder//mcu/
2025-08-30 23:54:12,453 [INFO] CrossReferenceDbSqlite:203 - Set database path to: C:\Users\TUF\.stmcufinder\plugins\mcufinder//mcu/cs/
2025-08-30 23:54:12,528 [INFO] RulesReader:64 - Compatibility file has been processed (302 Rules)
2025-08-30 23:54:12,589 [INFO] DbMcusXml:78 - Set database path to: C:\ST\STM32CubeIDE_1.18.1\STM32CubeIDE\plugins\com.st.stm32cube.common.mx_6.14.1.202504091515\\db\/mcu/
2025-08-30 23:54:12,589 [INFO] ApiDb:274 - Set plugin database path to: C:\ST\STM32CubeIDE_1.18.1\STM32CubeIDE\plugins\com.st.stm32cube.common.mx_6.14.1.202504091515\\db\/plugins/boardmanager/
2025-08-30 23:54:12,589 [INFO] ApiDb:261 - Set plugin images path to: C:\ST\STM32CubeIDE_1.18.1\STM32CubeIDE\plugins\com.st.stm32cube.common.mx_6.14.1.202504091515\\db\/plugins/mcufinder/images/
2025-08-30 23:54:12,589 [WARN] DbFile:41 - Overriding database path with different value: C:\Users\TUF\.stmcufinder\plugins\mcufinder/ => C:\Users\TUF\.stmcufinder\plugins\mcufinder
2025-08-30 23:54:12,590 [INFO] ApiDb:250 - Set database path to: C:\Users\TUF\.stmcufinder\plugins\mcufinder//mcu/
2025-08-30 23:54:12,590 [WARN] DbFile:41 - Overriding database path with different value: C:\Users\TUF\.stmcufinder\plugins\mcufinder/ => C:\Users\TUF\.stmcufinder\plugins\mcufinder
2025-08-30 23:54:12,590 [INFO] DbMcusAds:125 - Set database path to: C:\Users\TUF\.stmcufinder\plugins\mcufinder//mcu/
2025-08-30 23:54:12,590 [WARN] DbFile:41 - Overriding database path with different value: C:\Users\TUF\.stmcufinder\plugins\mcufinder/ => C:\Users\TUF\.stmcufinder\plugins\mcufinder
2025-08-30 23:54:12,590 [WARN] DbFile:41 - Overriding database path with different value: C:\Users\TUF\.stmcufinder\plugins\mcufinder/ => C:\Users\TUF\.stmcufinder\plugins\mcufinder
2025-08-30 23:54:12,590 [INFO] CrossReferenceDbSqlite:203 - Set database path to: C:\Users\TUF\.stmcufinder\plugins\mcufinder//mcu/cs/
2025-08-30 23:54:12,645 [INFO] MainPanel:272 - HeapMemory: 268435456
2025-08-30 23:54:12,718 [INFO] DbMcusXml:78 - Set database path to: C:\ST\STM32CubeIDE_1.18.1\STM32CubeIDE\plugins\com.st.stm32cube.common.mx_6.14.1.202504091515\\db\/mcu/
2025-08-30 23:54:12,718 [INFO] ApiDb:274 - Set plugin database path to: C:\ST\STM32CubeIDE_1.18.1\STM32CubeIDE\plugins\com.st.stm32cube.common.mx_6.14.1.202504091515\\db\/plugins/boardmanager/
2025-08-30 23:54:12,718 [INFO] ApiDb:261 - Set plugin images path to: C:\ST\STM32CubeIDE_1.18.1\STM32CubeIDE\plugins\com.st.stm32cube.common.mx_6.14.1.202504091515\\db\/plugins/mcufinder/images/
2025-08-30 23:54:12,719 [WARN] DbFile:41 - Overriding database path with different value: C:\Users\TUF\.stmcufinder\plugins\mcufinder/ => C:\Users\TUF\.stmcufinder\plugins\mcufinder
2025-08-30 23:54:12,719 [INFO] ApiDb:250 - Set database path to: C:\Users\TUF\.stmcufinder\plugins\mcufinder//mcu/
2025-08-30 23:54:12,719 [WARN] DbFile:41 - Overriding database path with different value: C:\Users\TUF\.stmcufinder\plugins\mcufinder/ => C:\Users\TUF\.stmcufinder\plugins\mcufinder
2025-08-30 23:54:12,719 [INFO] DbMcusAds:125 - Set database path to: C:\Users\TUF\.stmcufinder\plugins\mcufinder//mcu/
2025-08-30 23:54:12,719 [WARN] DbFile:41 - Overriding database path with different value: C:\Users\TUF\.stmcufinder\plugins\mcufinder/ => C:\Users\TUF\.stmcufinder\plugins\mcufinder
2025-08-30 23:54:12,719 [WARN] DbFile:41 - Overriding database path with different value: C:\Users\TUF\.stmcufinder\plugins\mcufinder/ => C:\Users\TUF\.stmcufinder\plugins\mcufinder
2025-08-30 23:54:12,719 [INFO] CrossReferenceDbSqlite:203 - Set database path to: C:\Users\TUF\.stmcufinder\plugins\mcufinder//mcu/cs/
2025-08-30 23:54:12,732 [INFO] ApplicationProperties:184 - Using Application install path: C:\ST\STM32CubeIDE_1.18.1\STM32CubeIDE\plugins\com.st.stm32cube.common.mx_6.14.1.202504091515
2025-08-30 23:54:12,733 [INFO] PluginManage:196 - Search for loadable plugins [exclusion list=, ]
2025-08-30 23:54:12,734 [INFO] PluginManage:310 - Check plugin analytics
2025-08-30 23:54:33,400 [INFO] AnalyticsPlugin:253 - Accepted Software Licenses: 
2025-08-30 23:54:33,400 [INFO] AnalyticsPlugin:255 - Accepted CMSIS Pack Licenses: 
2025-08-30 23:54:33,400 [INFO] AnalyticsPlugin:257 - Accepted Firmware Licenses: 
2025-08-30 23:54:33,402 [INFO] PluginManage:359 - Loaded plugin analytics (category:tool,tabindex:-1)
2025-08-30 23:54:33,402 [INFO] PluginManage:310 - Check plugin cadmodel
2025-08-30 23:54:33,406 [INFO] CADModel:105 - Init CAD model plugin
2025-08-30 23:54:33,406 [INFO] PluginManage:359 - Loaded plugin cadmodel (category:power,tabindex:5)
2025-08-30 23:54:33,406 [INFO] PluginManage:310 - Check plugin clock
2025-08-30 23:54:33,413 [INFO] PluginManage:359 - Loaded plugin clock (category:base,tabindex:2)
2025-08-30 23:54:33,413 [INFO] PluginManage:310 - Check plugin ddr
2025-08-30 23:54:33,415 [INFO] PluginManage:359 - Loaded plugin ddr (category:tool,tabindex:6)
2025-08-30 23:54:33,415 [INFO] PluginManage:310 - Check plugin filemanager
2025-08-30 23:54:33,514 [INFO] PluginManage:359 - Loaded plugin filemanager (category:base,tabindex:10)
2025-08-30 23:54:33,514 [INFO] PluginManage:310 - Check plugin ipmanager
2025-08-30 23:54:33,519 [INFO] PluginManage:359 - Loaded plugin ipmanager (category:base,tabindex:5)
2025-08-30 23:54:33,519 [INFO] PluginManage:310 - Check plugin lpbam
2025-08-30 23:54:33,524 [INFO] PluginManage:359 - Loaded plugin lpbam (category:base,tabindex:0)
2025-08-30 23:54:33,525 [INFO] PluginManage:310 - Check plugin memorymap
2025-08-30 23:54:33,534 [INFO] PluginManage:359 - Loaded plugin memorymap (category:base,tabindex:4)
2025-08-30 23:54:33,535 [INFO] PluginManage:310 - Check plugin pinoutandconfiguration
2025-08-30 23:54:33,540 [INFO] PluginManage:359 - Loaded plugin pinoutandconfiguration (category:base,tabindex:1)
2025-08-30 23:54:33,540 [INFO] PluginManage:310 - Check plugin pinoutconfig
2025-08-30 23:54:33,595 [WARN] SupportedApi:132 - Cannot load RTOS API schema: s4s-elt-must-match.1: The content of 'definitions' must match (annotation?, (simpleType | complexType)?, (unique | key | keyref)*)). A problem was found starting at: attribute.
2025-08-30 23:54:33,684 [INFO] PluginManage:359 - Loaded plugin pinoutconfig (category:base,tabindex:0)
2025-08-30 23:54:33,684 [INFO] PluginManage:310 - Check plugin power
2025-08-30 23:54:33,692 [INFO] PluginManage:359 - Loaded plugin power (category:power,tabindex:4)
2025-08-30 23:54:33,692 [INFO] PluginManage:310 - Check plugin projectmanager
2025-08-30 23:54:33,703 [INFO] PluginManage:359 - Loaded plugin projectmanager (category:projectmanager,tabindex:4)
2025-08-30 23:54:33,703 [INFO] PluginManage:310 - Check plugin rif
2025-08-30 23:54:33,709 [INFO] PluginManage:359 - Loaded plugin rif (category:base,tabindex:3)
2025-08-30 23:54:33,709 [INFO] PluginManage:310 - Check plugin thirdparty
2025-08-30 23:54:33,807 [INFO] PluginManage:359 - Loaded plugin thirdparty (category:base,tabindex:-1)
2025-08-30 23:54:33,808 [INFO] PluginManage:310 - Check plugin tools
2025-08-30 23:54:33,807 [WARN] IntegrityCheckThread:84 - waiting for thirdparty lock release [integrity check]
2025-08-30 23:54:33,808 [INFO] IntegrityCheckThread:86 - entering critical section [integrity check]
2025-08-30 23:54:33,808 [INFO] ThirdPartyUpdaterWithRetryManager:70 - Updater plugin not ready yet. [1/15]
2025-08-30 23:54:33,810 [INFO] PluginManage:359 - Loaded plugin tools (category:base,tabindex:7)
2025-08-30 23:54:33,810 [INFO] PluginManage:310 - Check plugin tutovideos
2025-08-30 23:54:33,927 [INFO] PluginManage:359 - Loaded plugin tutovideos (category:base,tabindex:-1)
2025-08-30 23:54:33,928 [INFO] PluginManage:310 - Check plugin updater
2025-08-30 23:54:33,942 [INFO] PluginManage:359 - Loaded plugin updater (category:base,tabindex:12)
2025-08-30 23:54:33,942 [INFO] PluginManage:310 - Check plugin userauth
2025-08-30 23:54:33,944 [INFO] UserAuth:118 - Init User Auth plugin
2025-08-30 23:54:33,945 [INFO] PluginManage:359 - Loaded plugin userauth (category:base,tabindex:14)
2025-08-30 23:54:33,945 [INFO] PluginManage:283 - PluginManage : Loaded plugins [18]
2025-08-30 23:54:34,081 [INFO] PinOutPanel:1589 - setPackage(No Configuration,No Configuration)
2025-08-30 23:54:34,143 [INFO] CADModel:165 - CPN selected for project level
2025-08-30 23:54:34,143 [INFO] CADModel:114 - Register for checkConnection events
2025-08-30 23:54:34,159 [INFO] IPUIPlugin:80 - create IPUIPlugin
2025-08-30 23:54:34,159 [INFO] PluginManager:220 - loadIPPluginJar : add adc
2025-08-30 23:54:34,162 [INFO] IPUIPlugin:80 - create IPUIPlugin
2025-08-30 23:54:34,162 [INFO] PluginManager:220 - loadIPPluginJar : add aes
2025-08-30 23:54:34,164 [INFO] IPUIPlugin:80 - create IPUIPlugin
2025-08-30 23:54:34,164 [INFO] PluginManager:220 - loadIPPluginJar : add can
2025-08-30 23:54:34,166 [INFO] IPUIPlugin:80 - create IPUIPlugin
2025-08-30 23:54:34,166 [INFO] PluginManager:220 - loadIPPluginJar : add comp
2025-08-30 23:54:34,168 [INFO] IPUIPlugin:80 - create IPUIPlugin
2025-08-30 23:54:34,168 [INFO] PluginManager:220 - loadIPPluginJar : add cryp
2025-08-30 23:54:34,170 [INFO] IPUIPlugin:80 - create IPUIPlugin
2025-08-30 23:54:34,170 [INFO] PluginManager:220 - loadIPPluginJar : add ddr_ctrl_phy
2025-08-30 23:54:34,173 [INFO] IPUIPlugin:80 - create IPUIPlugin
2025-08-30 23:54:34,173 [INFO] PluginManager:220 - loadIPPluginJar : add dfsdm
2025-08-30 23:54:34,177 [INFO] IPUIPlugin:80 - create IPUIPlugin
2025-08-30 23:54:34,178 [INFO] PluginManager:220 - loadIPPluginJar : add dma
2025-08-30 23:54:34,180 [INFO] IPUIPlugin:80 - create IPUIPlugin
2025-08-30 23:54:34,181 [INFO] PluginManager:220 - loadIPPluginJar : add dma3
2025-08-30 23:54:34,183 [INFO] IPUIPlugin:80 - create IPUIPlugin
2025-08-30 23:54:34,184 [INFO] PluginManager:220 - loadIPPluginJar : add extmemmanager
2025-08-30 23:54:34,186 [INFO] IPUIPlugin:80 - create IPUIPlugin
2025-08-30 23:54:34,186 [INFO] PluginManager:220 - loadIPPluginJar : add fatfs
2025-08-30 23:54:34,189 [INFO] IPUIPlugin:80 - create IPUIPlugin
2025-08-30 23:54:34,190 [INFO] PluginManager:220 - loadIPPluginJar : add fmc
2025-08-30 23:54:34,194 [INFO] IPUIPlugin:80 - create IPUIPlugin
2025-08-30 23:54:34,194 [INFO] PluginManager:220 - loadIPPluginJar : add freertos
2025-08-30 23:54:34,195 [INFO] IPUIPlugin:80 - create IPUIPlugin
2025-08-30 23:54:34,195 [INFO] PluginManager:220 - loadIPPluginJar : add genericplugin
2025-08-30 23:54:34,197 [INFO] IPUIPlugin:80 - create IPUIPlugin
2025-08-30 23:54:34,197 [INFO] PluginManager:220 - loadIPPluginJar : add gfxmmu
2025-08-30 23:54:34,200 [INFO] IPUIPlugin:80 - create IPUIPlugin
2025-08-30 23:54:34,200 [INFO] PluginManager:220 - loadIPPluginJar : add gic
2025-08-30 23:54:34,203 [INFO] IPUIPlugin:80 - create IPUIPlugin
2025-08-30 23:54:34,203 [INFO] PluginManager:220 - loadIPPluginJar : add gpio
2025-08-30 23:54:34,205 [INFO] IPUIPlugin:80 - create IPUIPlugin
2025-08-30 23:54:34,205 [INFO] PluginManager:220 - loadIPPluginJar : add gtzc
2025-08-30 23:54:34,207 [INFO] IPUIPlugin:80 - create IPUIPlugin
2025-08-30 23:54:34,207 [INFO] PluginManager:220 - loadIPPluginJar : add hash
2025-08-30 23:54:34,209 [INFO] IPUIPlugin:80 - create IPUIPlugin
2025-08-30 23:54:34,209 [INFO] PluginManager:220 - loadIPPluginJar : add i2c
2025-08-30 23:54:34,211 [INFO] IPUIPlugin:80 - create IPUIPlugin
2025-08-30 23:54:34,211 [INFO] PluginManager:220 - loadIPPluginJar : add i2s
2025-08-30 23:54:34,212 [INFO] IPUIPlugin:80 - create IPUIPlugin
2025-08-30 23:54:34,213 [INFO] PluginManager:220 - loadIPPluginJar : add i3c
2025-08-30 23:54:34,215 [INFO] IPUIPlugin:80 - create IPUIPlugin
2025-08-30 23:54:34,215 [INFO] PluginManager:220 - loadIPPluginJar : add ipddr
2025-08-30 23:54:34,221 [INFO] IPUIPlugin:80 - create IPUIPlugin
2025-08-30 23:54:34,221 [INFO] PluginManager:220 - loadIPPluginJar : add linkedlist
2025-08-30 23:54:34,224 [INFO] IPUIPlugin:80 - create IPUIPlugin
2025-08-30 23:54:34,224 [INFO] PluginManager:220 - loadIPPluginJar : add lorawan
2025-08-30 23:54:34,225 [INFO] IPUIPlugin:80 - create IPUIPlugin
2025-08-30 23:54:34,225 [INFO] PluginManager:220 - loadIPPluginJar : add ltdc
2025-08-30 23:54:34,229 [INFO] IPUIPlugin:80 - create IPUIPlugin
2025-08-30 23:54:34,229 [INFO] PluginManager:220 - loadIPPluginJar : add mdma
2025-08-30 23:54:34,232 [INFO] IPUIPlugin:80 - create IPUIPlugin
2025-08-30 23:54:34,232 [INFO] PluginManager:220 - loadIPPluginJar : add nvic
2025-08-30 23:54:34,235 [INFO] IPUIPlugin:80 - create IPUIPlugin
2025-08-30 23:54:34,235 [INFO] PluginManager:220 - loadIPPluginJar : add opamp
2025-08-30 23:54:34,237 [INFO] IPUIPlugin:80 - create IPUIPlugin
2025-08-30 23:54:34,237 [INFO] PluginManager:220 - loadIPPluginJar : add openamp
2025-08-30 23:54:34,240 [INFO] IPUIPlugin:80 - create IPUIPlugin
2025-08-30 23:54:34,240 [INFO] PluginManager:220 - loadIPPluginJar : add pdm2pcm
2025-08-30 23:54:34,244 [INFO] IPUIPlugin:80 - create IPUIPlugin
2025-08-30 23:54:34,246 [INFO] PluginManager:220 - loadIPPluginJar : add plateformsettings
2025-08-30 23:54:34,247 [INFO] IPUIPlugin:80 - create IPUIPlugin
2025-08-30 23:54:34,247 [INFO] PluginManager:220 - loadIPPluginJar : add quadspi
2025-08-30 23:54:34,250 [INFO] IPUIPlugin:80 - create IPUIPlugin
2025-08-30 23:54:34,250 [INFO] PluginManager:220 - loadIPPluginJar : add radio
2025-08-30 23:54:34,253 [INFO] IPUIPlugin:80 - create IPUIPlugin
2025-08-30 23:54:34,253 [INFO] PluginManager:220 - loadIPPluginJar : add resmgrutility
2025-08-30 23:54:34,255 [INFO] IPUIPlugin:80 - create IPUIPlugin
2025-08-30 23:54:34,256 [INFO] PluginManager:220 - loadIPPluginJar : add sai
2025-08-30 23:54:34,257 [INFO] IPUIPlugin:80 - create IPUIPlugin
2025-08-30 23:54:34,257 [INFO] PluginManager:220 - loadIPPluginJar : add spi
2025-08-30 23:54:34,263 [INFO] IPUIPlugin:80 - create IPUIPlugin
2025-08-30 23:54:34,263 [INFO] PluginManager:220 - loadIPPluginJar : add stm32_wpan
2025-08-30 23:54:34,264 [INFO] IPUIPlugin:80 - create IPUIPlugin
2025-08-30 23:54:34,264 [INFO] PluginManager:220 - loadIPPluginJar : add tim
2025-08-30 23:54:34,267 [INFO] IPUIPlugin:80 - create IPUIPlugin
2025-08-30 23:54:34,267 [INFO] PluginManager:220 - loadIPPluginJar : add touchsensing
2025-08-30 23:54:34,268 [INFO] IPUIPlugin:80 - create IPUIPlugin
2025-08-30 23:54:34,268 [INFO] PluginManager:220 - loadIPPluginJar : add tracer_emb
2025-08-30 23:54:34,270 [INFO] IPUIPlugin:80 - create IPUIPlugin
2025-08-30 23:54:34,270 [INFO] PluginManager:220 - loadIPPluginJar : add ts
2025-08-30 23:54:34,271 [INFO] IPUIPlugin:80 - create IPUIPlugin
2025-08-30 23:54:34,272 [INFO] PluginManager:220 - loadIPPluginJar : add tsc
2025-08-30 23:54:34,273 [INFO] IPUIPlugin:80 - create IPUIPlugin
2025-08-30 23:54:34,273 [INFO] PluginManager:220 - loadIPPluginJar : add ucpd
2025-08-30 23:54:34,275 [INFO] IPUIPlugin:80 - create IPUIPlugin
2025-08-30 23:54:34,275 [INFO] PluginManager:220 - loadIPPluginJar : add usart
2025-08-30 23:54:34,277 [INFO] IPUIPlugin:80 - create IPUIPlugin
2025-08-30 23:54:34,277 [INFO] PluginManager:220 - loadIPPluginJar : add usbx
2025-08-30 23:54:34,386 [FATAL] Updater:351 - Updater called before beeing initialized
2025-08-30 23:54:34,406 [INFO] RulesReader:64 - Compatibility file has been processed (302 Rules)
2025-08-30 23:54:34,412 [INFO] RulesReader:64 - Compatibility file has been processed (302 Rules)
2025-08-30 23:54:34,419 [INFO] CADModel:165 - CPN selected for project level
2025-08-30 23:54:34,419 [INFO] CADModel:114 - Register for checkConnection events
2025-08-30 23:54:34,419 [FATAL] Updater:351 - Updater called before beeing initialized
2025-08-30 23:54:34,419 [ERROR] CADModel:125 - Updater not yet initialized, retry later 
2025-08-30 23:54:34,519 [FATAL] Updater:351 - Updater called before beeing initialized
2025-08-30 23:54:34,521 [INFO] CADModel:165 - CPN selected for project level
2025-08-30 23:54:34,521 [INFO] CADModel:114 - Register for checkConnection events
2025-08-30 23:54:34,521 [FATAL] Updater:351 - Updater called before beeing initialized
2025-08-30 23:54:34,521 [ERROR] CADModel:125 - Updater not yet initialized, retry later 
2025-08-30 23:54:34,523 [FATAL] Updater:351 - Updater called before beeing initialized
2025-08-30 23:54:34,594 [FATAL] Updater:351 - Updater called before beeing initialized
2025-08-30 23:54:34,597 [INFO] DbMcusAds:53 - JSON generation date=Tue Jul 08 16:14:23 CST 2025 (1751962463593)
2025-08-30 23:54:34,597 [FATAL] Updater:351 - Updater called before beeing initialized
2025-08-30 23:54:34,623 [WARN] DetailPanel:346 - Failed to get advertising image, set to default
2025-08-30 23:54:34,773 [FATAL] Updater:351 - Updater called before beeing initialized
2025-08-30 23:54:34,776 [FATAL] Updater:351 - Updater called before beeing initialized
2025-08-30 23:54:34,776 [FATAL] Updater:351 - Updater called before beeing initialized
2025-08-30 23:54:34,776 [WARN] DetailPanel:346 - Failed to get advertising image, set to default
2025-08-30 23:54:34,776 [FATAL] Updater:351 - Updater called before beeing initialized
2025-08-30 23:54:34,810 [ERROR] Updater:1198 - MainUpdater not yet initialized. External WinMGr cannot be set.
2025-08-30 23:54:34,812 [INFO] Updater:1134 - Updater Version found : 6.14.1
2025-08-30 23:54:34,830 [INFO] ApplicationProperties:184 - Using Application install path: C:\ST\STM32CubeIDE_1.18.1\STM32CubeIDE\plugins\com.st.stm32cube.common.mx_6.14.1.202504091515
2025-08-30 23:54:36,400 [ERROR] LogOutputStream:75 - [STDERR_REDIRECT] Aug 30, 2025 11:54:36 PM java.util.prefs.WindowsPreferences <init>
2025-08-30 23:54:36,401 [ERROR] LogOutputStream:75 - [STDERR_REDIRECT] WARNING: Could not open/create prefs root node Software\JavaSoft\Prefs at root 0xffffffff80000002. Windows RegCreateKeyEx(...) returned error code 5.
2025-08-30 23:54:36,401 [ERROR] LogOutputStream:75 - [STDERR_REDIRECT] 
2025-08-30 23:54:36,695 [INFO] MainUpdater:2872 - connection check result : 10
2025-08-30 23:54:36,696 [INFO] MainUpdater:289 - Updater Check For Update Now.
2025-08-30 23:54:36,696 [INFO] MicroXplorer:498 - Change Database Version : DB.6.0.141
2025-08-30 23:54:36,701 [INFO] McuFinderGlobals:63 - Set McuFinder mode to 2 (CubeIDE integrated)
2025-08-30 23:54:36,701 [INFO] UserAuth:171 - activating auth plugin
2025-08-30 23:54:36,704 [INFO] UserAuth:484 - Internet connection configuration mode: 1
2025-08-30 23:54:36,734 [INFO] JxBrowserEngine:152 - Initiate JxBrowser Engine with user profile folder
2025-08-30 23:54:36,810 [WARN] MainUpdater:1193 - Updater busy. Cannot search thirdparties
2025-08-30 23:54:36,810 [INFO] ThirdPartyUpdaterWithRetryManager:96 - Updater plugin is busy. [1/15]
2025-08-30 23:54:36,854 [INFO] CheckServerUpdateThread:120 - End of CheckServer Thread
2025-08-30 23:54:37,592 [INFO] WebApp:169 - Instantiating new browser for Auth
2025-08-30 23:54:38,152 [INFO] WebApp:463 - Apply proxy settings
2025-08-30 23:54:38,153 [INFO] WebApp:548 - Chromium requires no authentication
2025-08-30 23:54:38,164 [INFO] WebApp:491 - Direct internet connection detected
2025-08-30 23:54:38,195 [INFO] WebApp:894 - Register for checkConnection events
2025-08-30 23:54:38,195 [INFO] WebApp:463 - Apply proxy settings
2025-08-30 23:54:38,196 [INFO] WebApp:548 - Chromium requires no authentication
2025-08-30 23:54:38,196 [INFO] WebApp:491 - Direct internet connection detected
2025-08-30 23:54:38,410 [INFO] WebApp:191 - Connection restablished
2025-08-30 23:54:38,433 [INFO] WebApp:225 - Starting web application
2025-08-30 23:54:38,434 [INFO] WebApp:593 - Web application path used C:\ST\STM32CubeIDE_1.18.1\STM32CubeIDE\plugins\com.st.stm32cube.common.mx_6.14.1.202504091515\db\plugins\mcufinder\reactClient1\index.html
2025-08-30 23:54:39,993 [WARN] PackLoader:240 - Cannot read IP mode file for STMicroelectronics.FP-SNS-MOTENVWB1.1.4.0
2025-08-30 23:54:39,999 [WARN] PackLoader:240 - Cannot read IP mode file for STMicroelectronics.FP-ATR-ASTRA1.2.0.2
2025-08-30 23:54:40,004 [WARN] PackLoader:240 - Cannot read IP mode file for STMicroelectronics.X-CUBE-SMBUS.2.1.0
2025-08-30 23:54:40,008 [WARN] PackLoader:240 - Cannot read IP mode file for STMicroelectronics.X-CUBE-ST60.1.0.0
2025-08-30 23:54:40,025 [WARN] PackLoader:240 - Cannot read IP mode file for STMicroelectronics.X-CUBE-AZRTOS-F7.1.1.0
2025-08-30 23:54:40,041 [WARN] PackLoader:240 - Cannot read IP mode file for Infineon.AIROC-Wi-Fi-Bluetooth-STM32.1.7.0
2025-08-30 23:54:40,057 [WARN] PackLoader:240 - Cannot read IP mode file for STMicroelectronics.X-CUBE-AZRTOS-H7.3.4.0
2025-08-30 23:54:40,065 [WARN] PackLoader:240 - Cannot read IP mode file for STMicroelectronics.X-CUBE-DISPLAY.3.0.0
2025-08-30 23:54:40,073 [WARN] PackLoader:240 - Cannot read IP mode file for STMicroelectronics.X-CUBE-NFC10.1.0.0
2025-08-30 23:54:40,080 [WARN] PackLoader:240 - Cannot read IP mode file for STMicroelectronics.X-CUBE-BLEMGR.4.0.0
2025-08-30 23:54:40,084 [WARN] PackLoader:240 - Cannot read IP mode file for emotas.I-CUBE-CANOPEN.1.3.0
2025-08-30 23:54:40,088 [WARN] ConditionMgr:438 - getConditionDescription Invalid condition id : Cortex-A Device cause : null
2025-08-30 23:54:40,096 [WARN] ConditionMgr:1044 - genDependencies : Invalid condition id : Cortex-A Device cause : null
2025-08-30 23:54:40,096 [WARN] ConditionMgr:1044 - genDependencies : Invalid condition id : Cortex-A Device cause : null
2025-08-30 23:54:40,097 [WARN] ConditionMgr:1044 - genDependencies : Invalid condition id : Cortex-A Device cause : null
2025-08-30 23:54:40,100 [ERROR] Engine:466 - C:\Users\TUF\.stm32cubemx\thirdparties\pdsc\STMicroelectronics.FP-SNS-STBOX1.2.1.0.pdsc: PDSC version is not supported
2025-08-30 23:54:40,116 [WARN] PackLoader:240 - Cannot read IP mode file for STMicroelectronics.FP-SNS-SMARTAG2.1.2.0
2025-08-30 23:54:40,120 [WARN] PackLoader:240 - Cannot read IP mode file for STMicroelectronics.FP-SNS-FLIGHT1.5.1.0
2025-08-30 23:54:40,125 [INFO] LogOutputStream:77 - [STDOUT_REDIRECT] 1 : Invalid condition id : UX_CORESTACK_Condition cause : null
2025-08-30 23:54:40,125 [INFO] LogOutputStream:77 - [STDOUT_REDIRECT] 1 : Invalid condition id : UX_CORESTACK_Condition cause : null
2025-08-30 23:54:40,126 [INFO] LogOutputStream:77 - [STDOUT_REDIRECT] 1 : Invalid condition id : UX_CORESTACK_Condition cause : null
2025-08-30 23:54:40,126 [INFO] LogOutputStream:77 - [STDOUT_REDIRECT] 1 : Invalid condition id : UX_CORESTACK_Condition cause : null
2025-08-30 23:54:40,127 [INFO] LogOutputStream:77 - [STDOUT_REDIRECT] 1 : Invalid condition id : UX_CORESTACK_Condition cause : null
2025-08-30 23:54:40,128 [WARN] PackLoader:240 - Cannot read IP mode file for STMicroelectronics.X-CUBE-AZRTOS-WL.2.0.0
2025-08-30 23:54:40,131 [WARN] PackLoader:240 - Cannot read IP mode file for STMicroelectronics.FP-SNS-MOTENV1.5.0.0
2025-08-30 23:54:40,137 [WARN] PackLoader:240 - Cannot read IP mode file for WES.I-CUBE-Cesium.1.3.0
2025-08-30 23:54:40,141 [WARN] PackLoader:240 - Cannot read IP mode file for STMicroelectronics.X-CUBE-BLE2.3.3.0
2025-08-30 23:54:40,151 [WARN] PackLoader:240 - Cannot read IP mode file for STMicroelectronics.X-CUBE-NFC9.1.0.0
2025-08-30 23:54:40,157 [WARN] PackLoader:240 - Cannot read IP mode file for wolfSSL.I-CUBE-wolfSSL.5.8.0
2025-08-30 23:54:40,162 [WARN] PackLoader:240 - Cannot read IP mode file for STMicroelectronics.X-CUBE-BLE1.7.1.0
2025-08-30 23:54:40,167 [WARN] PackLoader:240 - Cannot read IP mode file for wolfSSL.I-CUBE-wolfMQTT.1.19.2
2025-08-30 23:54:40,172 [WARN] PackLoader:240 - Cannot read IP mode file for STMicroelectronics.X-CUBE-EEPRMA1.5.2.0
2025-08-30 23:54:40,176 [WARN] PackLoader:240 - Cannot read IP mode file for STMicroelectronics.X-CUBE-AI.10.1.0
2025-08-30 23:54:40,187 [WARN] PackLoader:240 - Cannot read IP mode file for STMicroelectronics.X-CUBE-AZRTOS-G0.1.1.0
2025-08-30 23:54:40,193 [WARN] PackLoader:240 - Cannot read IP mode file for STMicroelectronics.X-CUBE-SAFEA1.1.2.2
2025-08-30 23:54:40,198 [WARN] PackLoader:240 - Cannot read IP mode file for STMicroelectronics.X-CUBE-NFC4.3.0.0
2025-08-30 23:54:40,204 [WARN] PackLoader:240 - Cannot read IP mode file for EmbeddedOffice.I-CUBE-FS-RTOS.1.0.1
2025-08-30 23:54:40,209 [WARN] PackLoader:240 - Cannot read IP mode file for STMicroelectronics.X-CUBE-WB05N.2.0.0
2025-08-30 23:54:40,212 [WARN] PackLoader:240 - Cannot read IP mode file for wolfSSL.I-CUBE-wolfTPM.3.8.0
2025-08-30 23:54:40,217 [WARN] PackLoader:240 - Cannot read IP mode file for STMicroelectronics.X-CUBE-TCPP.4.2.0
2025-08-30 23:54:40,221 [WARN] PackLoader:240 - Cannot read IP mode file for RealThread.X-CUBE-RT-Thread_Nano.4.1.1
2025-08-30 23:54:40,224 [WARN] PackLoader:240 - Cannot read IP mode file for STMicroelectronics.FP-ATR-SIGFOX1.3.2.0
2025-08-30 23:54:40,230 [WARN] PackLoader:240 - Cannot read IP mode file for STMicroelectronics.X-CUBE-EEPRMA1.5.1.0
2025-08-30 23:54:40,236 [WARN] PackLoader:240 - Cannot read IP mode file for ITTIA_DB.I-CUBE-ITTIADB.8.9.0
2025-08-30 23:54:40,243 [WARN] PackLoader:240 - Cannot read IP mode file for STMicroelectronics.X-CUBE-ST67W61.1.0.0
2025-08-30 23:54:40,248 [WARN] PackLoader:240 - Cannot read IP mode file for STMicroelectronics.X-CUBE-AI.10.2.0
2025-08-30 23:54:40,263 [WARN] PackLoader:240 - Cannot read IP mode file for SEGGER.I-CUBE-embOS.1.3.1
2025-08-30 23:54:40,290 [WARN] PackLoader:240 - Cannot read IP mode file for STMicroelectronics.X-CUBE-ALGOBUILD.1.4.0
2025-08-30 23:54:40,322 [WARN] PackLoader:240 - Cannot read IP mode file for STMicroelectronics.X-CUBE-MEMS1.11.3.0
2025-08-30 23:54:40,390 [WARN] PackLoader:240 - Cannot read IP mode file for STMicroelectronics.X-CUBE-PM33A1.1.0.0
2025-08-30 23:54:40,399 [WARN] PackLoader:240 - Cannot read IP mode file for STMicroelectronics.X-CUBE-AZRTOS-F4.1.1.0
2025-08-30 23:54:40,404 [WARN] PackLoader:240 - Cannot read IP mode file for Avnet-IotConnect.X-CUBE-IoTC-DA16k-PMOD.1.0.0
2025-08-30 23:54:40,407 [WARN] PackLoader:240 - Cannot read IP mode file for STMicroelectronics.X-CUBE-ISPU.2.1.0
2025-08-30 23:54:40,412 [WARN] PackLoader:240 - Cannot read IP mode file for STMicroelectronics.X-CUBE-NFC12.1.0.0
2025-08-30 23:54:40,421 [WARN] PackLoader:240 - Cannot read IP mode file for STMicroelectronics.X-CUBE-AZRTOS-L5.2.0.0
2025-08-30 23:54:40,428 [WARN] PackLoader:240 - Cannot read IP mode file for STMicroelectronics.X-CUBE-NFC6.3.1.0
2025-08-30 23:54:40,433 [WARN] PackLoader:240 - Cannot read IP mode file for STMicroelectronics.X-CUBE-FREERTOS.1.3.1
2025-08-30 23:54:40,441 [WARN] PackLoader:240 - Cannot read IP mode file for STMicroelectronics.FP-SNS-STAIOTCFT.1.0.0
2025-08-30 23:54:40,449 [WARN] PackLoader:240 - Cannot read IP mode file for STMicroelectronics.X-CUBE-DPower.1.3.0
2025-08-30 23:54:40,459 [WARN] ConditionMgr:438 - getConditionDescription Invalid condition id : LAN8742 Phy interface Condition cause : null
2025-08-30 23:54:40,461 [WARN] PackLoader:240 - Cannot read IP mode file for STMicroelectronics.X-CUBE-AZRTOS-L4.2.0.0
2025-08-30 23:54:40,461 [WARN] ConditionMgr:1044 - genDependencies : Invalid condition id : LAN8742 Phy interface Condition cause : null
2025-08-30 23:54:40,461 [WARN] ConditionMgr:1044 - genDependencies : Invalid condition id : LAN8742 Phy interface Condition cause : null
2025-08-30 23:54:40,462 [WARN] ConditionMgr:1044 - genDependencies : Invalid condition id : LAN8742 Phy interface Condition cause : null
2025-08-30 23:54:40,469 [WARN] PackLoader:240 - Cannot read IP mode file for STMicroelectronics.X-CUBE-SFXS2LP1.4.0.0
2025-08-30 23:54:40,499 [WARN] PackLoader:240 - Cannot read IP mode file for STMicroelectronics.X-CUBE-AZRTOS-H7.3.3.0
2025-08-30 23:54:40,508 [WARN] PackLoader:240 - Cannot read IP mode file for STMicroelectronics.X-CUBE-BLEMGR.4.1.0
2025-08-30 23:54:40,517 [WARN] ConditionMgr:438 - getConditionDescription Invalid condition id : UX DEVICE CLASS RTOS Condition cause : null
2025-08-30 23:54:40,518 [WARN] ConditionMgr:438 - getConditionDescription Invalid condition id : UX DEVICE CLASS RTOS Condition cause : null
2025-08-30 23:54:40,518 [WARN] PackLoader:240 - Cannot read IP mode file for STMicroelectronics.X-CUBE-AZRTOS-WB.2.0.0
2025-08-30 23:54:40,519 [WARN] ConditionMgr:1044 - genDependencies : Invalid condition id : UX DEVICE CLASS RTOS Condition cause : null
2025-08-30 23:54:40,519 [WARN] ConditionMgr:1044 - genDependencies : Invalid condition id : UX DEVICE CLASS RTOS Condition cause : null
2025-08-30 23:54:40,519 [WARN] ConditionMgr:1044 - genDependencies : Invalid condition id : UX DEVICE CLASS RTOS Condition cause : null
2025-08-30 23:54:40,519 [WARN] ConditionMgr:1044 - genDependencies : Invalid condition id : UX DEVICE CLASS RTOS Condition cause : null
2025-08-30 23:54:40,519 [WARN] ConditionMgr:1044 - genDependencies : Invalid condition id : UX DEVICE CLASS RTOS Condition cause : null
2025-08-30 23:54:40,523 [WARN] PackLoader:240 - Cannot read IP mode file for STMicroelectronics.X-CUBE-GNSS1.7.0.1
2025-08-30 23:54:40,530 [WARN] PackLoader:240 - Cannot read IP mode file for STMicroelectronics.X-CUBE-TOUCHGFX.4.25.0
2025-08-30 23:54:40,533 [WARN] PackLoader:240 - Cannot read IP mode file for STMicroelectronics.FP-SNS-STBOX1.2.0.0
2025-08-30 23:54:40,539 [WARN] PackLoader:240 - Cannot read IP mode file for STMicroelectronics.X-CUBE-SUBG2.5.0.0
2025-08-30 23:54:40,549 [WARN] PackLoader:240 - Cannot read IP mode file for STMicroelectronics.X-CUBE-AZRTOS-H7RS.1.1.0
2025-08-30 23:54:40,554 [WARN] PackLoader:240 - Cannot read IP mode file for Cesanta.I-CUBE-Mongoose.7.13.0
2025-08-30 23:54:40,560 [WARN] PackLoader:240 - Cannot read IP mode file for STMicroelectronics.X-CUBE-AZRTOS-G4.2.0.0
2025-08-30 23:54:40,564 [WARN] PackLoader:240 - Cannot read IP mode file for wolfSSL.I-CUBE-wolfSSH.1.4.20
2025-08-30 23:54:40,567 [WARN] PackLoader:240 - Cannot read IP mode file for STMicroelectronics.X-CUBE-NFC7.2.0.0
2025-08-30 23:54:40,574 [WARN] PackLoader:240 - Cannot read IP mode file for STMicroelectronics.X-CUBE-IPS.3.1.0
2025-08-30 23:54:40,580 [WARN] PackLoader:240 - Cannot read IP mode file for STMicroelectronics.X-CUBE-ALS.1.0.2
2025-08-30 23:54:40,584 [WARN] PackLoader:240 - Cannot read IP mode file for portGmbH.I-Cube-SoM-uGOAL.1.1.0
2025-08-30 23:54:40,591 [WARN] PackLoader:240 - Cannot read IP mode file for STMicroelectronics.X-CUBE-TOF1.3.4.3
2025-08-30 23:54:40,596 [INFO] ThirdParty:978 - Integrity check success = true
2025-08-30 23:54:40,596 [INFO] IntegrityCheckThread:100 - exiting critical section [integrity check]
2025-08-30 23:54:40,596 [INFO] IntegrityCheckThread:103 - End integrity checks thread
