2025-08-12 01:39:42,248 [INFO] Activator:176 - 


2025-08-12 01:39:42,252 [INFO] Activator:177 - !SESSION log4j initialized
2025-08-12 01:39:46,709 [INFO] LogOutputStream:77 - [STDOUT_REDIRECT] 
2025-08-12 01:39:48,234 [INFO] ApplicationProperties:184 - Using Application install path: C:\ST\STM32CubeIDE_1.18.1\STM32CubeIDE\plugins\com.st.stm32cube.common.mx_6.14.1.202504091515
2025-08-12 01:39:48,256 [INFO] DbMcusXml:78 - Set database path to: C:\ST\STM32CubeIDE_1.18.1\STM32CubeIDE\plugins\com.st.stm32cube.common.mx_6.14.1.202504091515\\db\/mcu/
2025-08-12 01:39:48,256 [INFO] ApiDb:274 - Set plugin database path to: C:\ST\STM32CubeIDE_1.18.1\STM32CubeIDE\plugins\com.st.stm32cube.common.mx_6.14.1.202504091515\\db\/plugins/boardmanager/
2025-08-12 01:39:48,257 [WARN] ApiDb:259 - Overriding images path with different value:  => C:\ST\STM32CubeIDE_1.18.1\STM32CubeIDE\plugins\com.st.stm32cube.common.mx_6.14.1.202504091515\\db\/plugins/mcufinder/images/
2025-08-12 01:39:48,271 [INFO] ApiDb:250 - Set database path to: C:\Users\TUF\.stmcufinder\plugins\mcufinder//mcu/
2025-08-12 01:39:48,272 [INFO] DbMcusAds:125 - Set database path to: C:\Users\TUF\.stmcufinder\plugins\mcufinder//mcu/
2025-08-12 01:39:48,275 [INFO] CrossReferenceDbSqlite:203 - Set database path to: C:\Users\TUF\.stmcufinder\plugins\mcufinder//mcu/cs/
2025-08-12 01:39:48,389 [INFO] RulesReader:64 - Compatibility file has been processed (302 Rules)
2025-08-12 01:39:48,504 [INFO] DbMcusXml:78 - Set database path to: C:\ST\STM32CubeIDE_1.18.1\STM32CubeIDE\plugins\com.st.stm32cube.common.mx_6.14.1.202504091515\\db\/mcu/
2025-08-12 01:39:48,504 [INFO] ApiDb:274 - Set plugin database path to: C:\ST\STM32CubeIDE_1.18.1\STM32CubeIDE\plugins\com.st.stm32cube.common.mx_6.14.1.202504091515\\db\/plugins/boardmanager/
2025-08-12 01:39:48,504 [INFO] ApiDb:261 - Set plugin images path to: C:\ST\STM32CubeIDE_1.18.1\STM32CubeIDE\plugins\com.st.stm32cube.common.mx_6.14.1.202504091515\\db\/plugins/mcufinder/images/
2025-08-12 01:39:48,506 [WARN] DbFile:41 - Overriding database path with different value: C:\Users\TUF\.stmcufinder\plugins\mcufinder/ => C:\Users\TUF\.stmcufinder\plugins\mcufinder
2025-08-12 01:39:48,506 [INFO] ApiDb:250 - Set database path to: C:\Users\TUF\.stmcufinder\plugins\mcufinder//mcu/
2025-08-12 01:39:48,506 [WARN] DbFile:41 - Overriding database path with different value: C:\Users\TUF\.stmcufinder\plugins\mcufinder/ => C:\Users\TUF\.stmcufinder\plugins\mcufinder
2025-08-12 01:39:48,506 [INFO] DbMcusAds:125 - Set database path to: C:\Users\TUF\.stmcufinder\plugins\mcufinder//mcu/
2025-08-12 01:39:48,506 [WARN] DbFile:41 - Overriding database path with different value: C:\Users\TUF\.stmcufinder\plugins\mcufinder/ => C:\Users\TUF\.stmcufinder\plugins\mcufinder
2025-08-12 01:39:48,507 [WARN] DbFile:41 - Overriding database path with different value: C:\Users\TUF\.stmcufinder\plugins\mcufinder/ => C:\Users\TUF\.stmcufinder\plugins\mcufinder
2025-08-12 01:39:48,507 [INFO] CrossReferenceDbSqlite:203 - Set database path to: C:\Users\TUF\.stmcufinder\plugins\mcufinder//mcu/cs/
2025-08-12 01:39:48,602 [INFO] MainPanel:272 - HeapMemory: 268435456
2025-08-12 01:39:48,720 [INFO] DbMcusXml:78 - Set database path to: C:\ST\STM32CubeIDE_1.18.1\STM32CubeIDE\plugins\com.st.stm32cube.common.mx_6.14.1.202504091515\\db\/mcu/
2025-08-12 01:39:48,720 [INFO] ApiDb:274 - Set plugin database path to: C:\ST\STM32CubeIDE_1.18.1\STM32CubeIDE\plugins\com.st.stm32cube.common.mx_6.14.1.202504091515\\db\/plugins/boardmanager/
2025-08-12 01:39:48,721 [INFO] ApiDb:261 - Set plugin images path to: C:\ST\STM32CubeIDE_1.18.1\STM32CubeIDE\plugins\com.st.stm32cube.common.mx_6.14.1.202504091515\\db\/plugins/mcufinder/images/
2025-08-12 01:39:48,721 [WARN] DbFile:41 - Overriding database path with different value: C:\Users\TUF\.stmcufinder\plugins\mcufinder/ => C:\Users\TUF\.stmcufinder\plugins\mcufinder
2025-08-12 01:39:48,721 [INFO] ApiDb:250 - Set database path to: C:\Users\TUF\.stmcufinder\plugins\mcufinder//mcu/
2025-08-12 01:39:48,721 [WARN] DbFile:41 - Overriding database path with different value: C:\Users\TUF\.stmcufinder\plugins\mcufinder/ => C:\Users\TUF\.stmcufinder\plugins\mcufinder
2025-08-12 01:39:48,721 [INFO] DbMcusAds:125 - Set database path to: C:\Users\TUF\.stmcufinder\plugins\mcufinder//mcu/
2025-08-12 01:39:48,721 [WARN] DbFile:41 - Overriding database path with different value: C:\Users\TUF\.stmcufinder\plugins\mcufinder/ => C:\Users\TUF\.stmcufinder\plugins\mcufinder
2025-08-12 01:39:48,722 [WARN] DbFile:41 - Overriding database path with different value: C:\Users\TUF\.stmcufinder\plugins\mcufinder/ => C:\Users\TUF\.stmcufinder\plugins\mcufinder
2025-08-12 01:39:48,722 [INFO] CrossReferenceDbSqlite:203 - Set database path to: C:\Users\TUF\.stmcufinder\plugins\mcufinder//mcu/cs/
2025-08-12 01:39:48,745 [INFO] ApplicationProperties:184 - Using Application install path: C:\ST\STM32CubeIDE_1.18.1\STM32CubeIDE\plugins\com.st.stm32cube.common.mx_6.14.1.202504091515
2025-08-12 01:39:48,746 [INFO] PluginManage:196 - Search for loadable plugins [exclusion list=, ]
2025-08-12 01:39:48,747 [INFO] PluginManage:310 - Check plugin analytics
2025-08-12 01:39:48,948 [INFO] AnalyticsPlugin:253 - Accepted Software Licenses: 
2025-08-12 01:39:48,948 [INFO] AnalyticsPlugin:255 - Accepted CMSIS Pack Licenses: 
2025-08-12 01:39:48,948 [INFO] AnalyticsPlugin:257 - Accepted Firmware Licenses: 
2025-08-12 01:39:48,954 [INFO] PluginManage:359 - Loaded plugin analytics (category:tool,tabindex:-1)
2025-08-12 01:39:48,956 [INFO] PluginManage:310 - Check plugin cadmodel
2025-08-12 01:39:48,966 [INFO] CADModel:105 - Init CAD model plugin
2025-08-12 01:39:48,968 [INFO] PluginManage:359 - Loaded plugin cadmodel (category:power,tabindex:5)
2025-08-12 01:39:48,968 [INFO] PluginManage:310 - Check plugin clock
2025-08-12 01:39:48,987 [INFO] PluginManage:359 - Loaded plugin clock (category:base,tabindex:2)
2025-08-12 01:39:48,987 [INFO] PluginManage:310 - Check plugin ddr
2025-08-12 01:39:48,992 [INFO] PluginManage:359 - Loaded plugin ddr (category:tool,tabindex:6)
2025-08-12 01:39:48,992 [INFO] PluginManage:310 - Check plugin filemanager
2025-08-12 01:39:49,175 [INFO] PluginManage:359 - Loaded plugin filemanager (category:base,tabindex:10)
2025-08-12 01:39:49,175 [INFO] PluginManage:310 - Check plugin ipmanager
2025-08-12 01:39:49,186 [INFO] PluginManage:359 - Loaded plugin ipmanager (category:base,tabindex:5)
2025-08-12 01:39:49,187 [INFO] PluginManage:310 - Check plugin lpbam
2025-08-12 01:39:49,198 [INFO] PluginManage:359 - Loaded plugin lpbam (category:base,tabindex:0)
2025-08-12 01:39:49,198 [INFO] PluginManage:310 - Check plugin memorymap
2025-08-12 01:39:49,216 [INFO] PluginManage:359 - Loaded plugin memorymap (category:base,tabindex:4)
2025-08-12 01:39:49,216 [INFO] PluginManage:310 - Check plugin pinoutandconfiguration
2025-08-12 01:39:49,228 [INFO] PluginManage:359 - Loaded plugin pinoutandconfiguration (category:base,tabindex:1)
2025-08-12 01:39:49,228 [INFO] PluginManage:310 - Check plugin pinoutconfig
2025-08-12 01:39:49,343 [WARN] SupportedApi:132 - Cannot load RTOS API schema: s4s-elt-must-match.1: The content of 'definitions' must match (annotation?, (simpleType | complexType)?, (unique | key | keyref)*)). A problem was found starting at: attribute.
2025-08-12 01:39:49,490 [INFO] PluginManage:359 - Loaded plugin pinoutconfig (category:base,tabindex:0)
2025-08-12 01:39:49,490 [INFO] PluginManage:310 - Check plugin power
2025-08-12 01:39:49,501 [INFO] PluginManage:359 - Loaded plugin power (category:power,tabindex:4)
2025-08-12 01:39:49,501 [INFO] PluginManage:310 - Check plugin projectmanager
2025-08-12 01:39:49,521 [INFO] PluginManage:359 - Loaded plugin projectmanager (category:projectmanager,tabindex:4)
2025-08-12 01:39:49,521 [INFO] PluginManage:310 - Check plugin rif
2025-08-12 01:39:49,529 [INFO] PluginManage:359 - Loaded plugin rif (category:base,tabindex:3)
2025-08-12 01:39:49,529 [INFO] PluginManage:310 - Check plugin thirdparty
2025-08-12 01:39:49,694 [INFO] PluginManage:359 - Loaded plugin thirdparty (category:base,tabindex:-1)
2025-08-12 01:39:49,694 [WARN] IntegrityCheckThread:84 - waiting for thirdparty lock release [integrity check]
2025-08-12 01:39:49,694 [INFO] PluginManage:310 - Check plugin tools
2025-08-12 01:39:49,694 [INFO] IntegrityCheckThread:86 - entering critical section [integrity check]
2025-08-12 01:39:49,694 [INFO] ThirdPartyUpdaterWithRetryManager:70 - Updater plugin not ready yet. [1/15]
2025-08-12 01:39:49,699 [INFO] PluginManage:359 - Loaded plugin tools (category:base,tabindex:7)
2025-08-12 01:39:49,699 [INFO] PluginManage:310 - Check plugin tutovideos
2025-08-12 01:39:49,893 [INFO] PluginManage:359 - Loaded plugin tutovideos (category:base,tabindex:-1)
2025-08-12 01:39:49,893 [INFO] PluginManage:310 - Check plugin updater
2025-08-12 01:39:49,915 [INFO] PluginManage:359 - Loaded plugin updater (category:base,tabindex:12)
2025-08-12 01:39:49,915 [INFO] PluginManage:310 - Check plugin userauth
2025-08-12 01:39:49,919 [INFO] UserAuth:118 - Init User Auth plugin
2025-08-12 01:39:49,920 [INFO] PluginManage:359 - Loaded plugin userauth (category:base,tabindex:14)
2025-08-12 01:39:49,921 [INFO] PluginManage:283 - PluginManage : Loaded plugins [18]
2025-08-12 01:39:50,153 [INFO] PinOutPanel:1589 - setPackage(No Configuration,No Configuration)
2025-08-12 01:39:50,257 [INFO] CADModel:165 - CPN selected for project level
2025-08-12 01:39:50,257 [INFO] CADModel:114 - Register for checkConnection events
2025-08-12 01:39:50,282 [INFO] IPUIPlugin:80 - create IPUIPlugin
2025-08-12 01:39:50,282 [INFO] PluginManager:220 - loadIPPluginJar : add adc
2025-08-12 01:39:50,286 [INFO] IPUIPlugin:80 - create IPUIPlugin
2025-08-12 01:39:50,286 [INFO] PluginManager:220 - loadIPPluginJar : add aes
2025-08-12 01:39:50,290 [INFO] IPUIPlugin:80 - create IPUIPlugin
2025-08-12 01:39:50,291 [INFO] PluginManager:220 - loadIPPluginJar : add can
2025-08-12 01:39:50,293 [INFO] IPUIPlugin:80 - create IPUIPlugin
2025-08-12 01:39:50,294 [INFO] PluginManager:220 - loadIPPluginJar : add comp
2025-08-12 01:39:50,296 [INFO] IPUIPlugin:80 - create IPUIPlugin
2025-08-12 01:39:50,297 [INFO] PluginManager:220 - loadIPPluginJar : add cryp
2025-08-12 01:39:50,301 [INFO] IPUIPlugin:80 - create IPUIPlugin
2025-08-12 01:39:50,301 [INFO] PluginManager:220 - loadIPPluginJar : add ddr_ctrl_phy
2025-08-12 01:39:50,303 [INFO] IPUIPlugin:80 - create IPUIPlugin
2025-08-12 01:39:50,304 [INFO] PluginManager:220 - loadIPPluginJar : add dfsdm
2025-08-12 01:39:50,312 [INFO] IPUIPlugin:80 - create IPUIPlugin
2025-08-12 01:39:50,312 [INFO] PluginManager:220 - loadIPPluginJar : add dma
2025-08-12 01:39:50,317 [INFO] IPUIPlugin:80 - create IPUIPlugin
2025-08-12 01:39:50,317 [INFO] PluginManager:220 - loadIPPluginJar : add dma3
2025-08-12 01:39:50,322 [INFO] IPUIPlugin:80 - create IPUIPlugin
2025-08-12 01:39:50,322 [INFO] PluginManager:220 - loadIPPluginJar : add extmemmanager
2025-08-12 01:39:50,326 [INFO] IPUIPlugin:80 - create IPUIPlugin
2025-08-12 01:39:50,326 [INFO] PluginManager:220 - loadIPPluginJar : add fatfs
2025-08-12 01:39:50,332 [INFO] IPUIPlugin:80 - create IPUIPlugin
2025-08-12 01:39:50,332 [INFO] PluginManager:220 - loadIPPluginJar : add fmc
2025-08-12 01:39:50,339 [INFO] IPUIPlugin:80 - create IPUIPlugin
2025-08-12 01:39:50,340 [INFO] PluginManager:220 - loadIPPluginJar : add freertos
2025-08-12 01:39:50,342 [INFO] IPUIPlugin:80 - create IPUIPlugin
2025-08-12 01:39:50,342 [INFO] PluginManager:220 - loadIPPluginJar : add genericplugin
2025-08-12 01:39:50,346 [INFO] IPUIPlugin:80 - create IPUIPlugin
2025-08-12 01:39:50,346 [INFO] PluginManager:220 - loadIPPluginJar : add gfxmmu
2025-08-12 01:39:50,353 [INFO] IPUIPlugin:80 - create IPUIPlugin
2025-08-12 01:39:50,353 [INFO] PluginManager:220 - loadIPPluginJar : add gic
2025-08-12 01:39:50,358 [INFO] IPUIPlugin:80 - create IPUIPlugin
2025-08-12 01:39:50,358 [INFO] PluginManager:220 - loadIPPluginJar : add gpio
2025-08-12 01:39:50,362 [INFO] IPUIPlugin:80 - create IPUIPlugin
2025-08-12 01:39:50,362 [INFO] PluginManager:220 - loadIPPluginJar : add gtzc
2025-08-12 01:39:50,366 [INFO] IPUIPlugin:80 - create IPUIPlugin
2025-08-12 01:39:50,366 [INFO] PluginManager:220 - loadIPPluginJar : add hash
2025-08-12 01:39:50,370 [INFO] IPUIPlugin:80 - create IPUIPlugin
2025-08-12 01:39:50,370 [INFO] PluginManager:220 - loadIPPluginJar : add i2c
2025-08-12 01:39:50,373 [INFO] IPUIPlugin:80 - create IPUIPlugin
2025-08-12 01:39:50,373 [INFO] PluginManager:220 - loadIPPluginJar : add i2s
2025-08-12 01:39:50,376 [INFO] IPUIPlugin:80 - create IPUIPlugin
2025-08-12 01:39:50,376 [INFO] PluginManager:220 - loadIPPluginJar : add i3c
2025-08-12 01:39:50,380 [INFO] IPUIPlugin:80 - create IPUIPlugin
2025-08-12 01:39:50,381 [INFO] PluginManager:220 - loadIPPluginJar : add ipddr
2025-08-12 01:39:50,389 [INFO] IPUIPlugin:80 - create IPUIPlugin
2025-08-12 01:39:50,390 [INFO] PluginManager:220 - loadIPPluginJar : add linkedlist
2025-08-12 01:39:50,392 [INFO] IPUIPlugin:80 - create IPUIPlugin
2025-08-12 01:39:50,392 [INFO] PluginManager:220 - loadIPPluginJar : add lorawan
2025-08-12 01:39:50,394 [INFO] IPUIPlugin:80 - create IPUIPlugin
2025-08-12 01:39:50,394 [INFO] PluginManager:220 - loadIPPluginJar : add ltdc
2025-08-12 01:39:50,400 [INFO] IPUIPlugin:80 - create IPUIPlugin
2025-08-12 01:39:50,400 [INFO] PluginManager:220 - loadIPPluginJar : add mdma
2025-08-12 01:39:50,405 [INFO] IPUIPlugin:80 - create IPUIPlugin
2025-08-12 01:39:50,405 [INFO] PluginManager:220 - loadIPPluginJar : add nvic
2025-08-12 01:39:50,409 [INFO] IPUIPlugin:80 - create IPUIPlugin
2025-08-12 01:39:50,409 [INFO] PluginManager:220 - loadIPPluginJar : add opamp
2025-08-12 01:39:50,413 [INFO] IPUIPlugin:80 - create IPUIPlugin
2025-08-12 01:39:50,413 [INFO] PluginManager:220 - loadIPPluginJar : add openamp
2025-08-12 01:39:50,417 [INFO] IPUIPlugin:80 - create IPUIPlugin
2025-08-12 01:39:50,417 [INFO] PluginManager:220 - loadIPPluginJar : add pdm2pcm
2025-08-12 01:39:50,423 [INFO] IPUIPlugin:80 - create IPUIPlugin
2025-08-12 01:39:50,425 [INFO] PluginManager:220 - loadIPPluginJar : add plateformsettings
2025-08-12 01:39:50,428 [INFO] IPUIPlugin:80 - create IPUIPlugin
2025-08-12 01:39:50,428 [INFO] PluginManager:220 - loadIPPluginJar : add quadspi
2025-08-12 01:39:50,431 [INFO] IPUIPlugin:80 - create IPUIPlugin
2025-08-12 01:39:50,432 [INFO] PluginManager:220 - loadIPPluginJar : add radio
2025-08-12 01:39:50,435 [INFO] IPUIPlugin:80 - create IPUIPlugin
2025-08-12 01:39:50,435 [INFO] PluginManager:220 - loadIPPluginJar : add resmgrutility
2025-08-12 01:39:50,437 [INFO] IPUIPlugin:80 - create IPUIPlugin
2025-08-12 01:39:50,437 [INFO] PluginManager:220 - loadIPPluginJar : add sai
2025-08-12 01:39:50,440 [INFO] IPUIPlugin:80 - create IPUIPlugin
2025-08-12 01:39:50,441 [INFO] PluginManager:220 - loadIPPluginJar : add spi
2025-08-12 01:39:50,448 [INFO] IPUIPlugin:80 - create IPUIPlugin
2025-08-12 01:39:50,448 [INFO] PluginManager:220 - loadIPPluginJar : add stm32_wpan
2025-08-12 01:39:50,450 [INFO] IPUIPlugin:80 - create IPUIPlugin
2025-08-12 01:39:50,451 [INFO] PluginManager:220 - loadIPPluginJar : add tim
2025-08-12 01:39:50,454 [INFO] IPUIPlugin:80 - create IPUIPlugin
2025-08-12 01:39:50,455 [INFO] PluginManager:220 - loadIPPluginJar : add touchsensing
2025-08-12 01:39:50,457 [INFO] IPUIPlugin:80 - create IPUIPlugin
2025-08-12 01:39:50,457 [INFO] PluginManager:220 - loadIPPluginJar : add tracer_emb
2025-08-12 01:39:50,459 [INFO] IPUIPlugin:80 - create IPUIPlugin
2025-08-12 01:39:50,459 [INFO] PluginManager:220 - loadIPPluginJar : add ts
2025-08-12 01:39:50,461 [INFO] IPUIPlugin:80 - create IPUIPlugin
2025-08-12 01:39:50,461 [INFO] PluginManager:220 - loadIPPluginJar : add tsc
2025-08-12 01:39:50,462 [INFO] IPUIPlugin:80 - create IPUIPlugin
2025-08-12 01:39:50,463 [INFO] PluginManager:220 - loadIPPluginJar : add ucpd
2025-08-12 01:39:50,467 [INFO] IPUIPlugin:80 - create IPUIPlugin
2025-08-12 01:39:50,467 [INFO] PluginManager:220 - loadIPPluginJar : add usart
2025-08-12 01:39:50,471 [INFO] IPUIPlugin:80 - create IPUIPlugin
2025-08-12 01:39:50,471 [INFO] PluginManager:220 - loadIPPluginJar : add usbx
2025-08-12 01:39:50,611 [FATAL] Updater:351 - Updater called before beeing initialized
2025-08-12 01:39:50,640 [INFO] RulesReader:64 - Compatibility file has been processed (302 Rules)
2025-08-12 01:39:50,650 [INFO] RulesReader:64 - Compatibility file has been processed (302 Rules)
2025-08-12 01:39:50,660 [INFO] CADModel:165 - CPN selected for project level
2025-08-12 01:39:50,660 [INFO] CADModel:114 - Register for checkConnection events
2025-08-12 01:39:50,660 [FATAL] Updater:351 - Updater called before beeing initialized
2025-08-12 01:39:50,660 [ERROR] CADModel:125 - Updater not yet initialized, retry later 
2025-08-12 01:39:50,838 [FATAL] Updater:351 - Updater called before beeing initialized
2025-08-12 01:39:50,840 [INFO] CADModel:165 - CPN selected for project level
2025-08-12 01:39:50,840 [INFO] CADModel:114 - Register for checkConnection events
2025-08-12 01:39:50,840 [FATAL] Updater:351 - Updater called before beeing initialized
2025-08-12 01:39:50,840 [ERROR] CADModel:125 - Updater not yet initialized, retry later 
2025-08-12 01:39:50,845 [FATAL] Updater:351 - Updater called before beeing initialized
2025-08-12 01:39:50,962 [FATAL] Updater:351 - Updater called before beeing initialized
2025-08-12 01:39:50,967 [INFO] DbMcusAds:53 - JSON generation date=Tue Jul 08 16:14:23 CST 2025 (1751962463593)
2025-08-12 01:39:50,967 [FATAL] Updater:351 - Updater called before beeing initialized
2025-08-12 01:39:51,013 [WARN] DetailPanel:346 - Failed to get advertising image, set to default
2025-08-12 01:39:51,237 [FATAL] Updater:351 - Updater called before beeing initialized
2025-08-12 01:39:51,241 [FATAL] Updater:351 - Updater called before beeing initialized
2025-08-12 01:39:51,241 [FATAL] Updater:351 - Updater called before beeing initialized
2025-08-12 01:39:51,241 [WARN] DetailPanel:346 - Failed to get advertising image, set to default
2025-08-12 01:39:51,242 [FATAL] Updater:351 - Updater called before beeing initialized
2025-08-12 01:39:51,286 [ERROR] Updater:1198 - MainUpdater not yet initialized. External WinMGr cannot be set.
2025-08-12 01:39:51,291 [INFO] Updater:1134 - Updater Version found : 6.14.1
2025-08-12 01:39:51,315 [INFO] ApplicationProperties:184 - Using Application install path: C:\ST\STM32CubeIDE_1.18.1\STM32CubeIDE\plugins\com.st.stm32cube.common.mx_6.14.1.202504091515
2025-08-12 01:39:52,699 [INFO] ThirdPartyUpdaterWithRetryManager:70 - Updater plugin not ready yet. [2/15]
2025-08-12 01:39:52,922 [ERROR] LogOutputStream:75 - [STDERR_REDIRECT] Aug 12, 2025 1:39:52 AM java.util.prefs.WindowsPreferences <init>
2025-08-12 01:39:52,923 [ERROR] LogOutputStream:75 - [STDERR_REDIRECT] WARNING: Could not open/create prefs root node Software\JavaSoft\Prefs at root 0xffffffff80000002. Windows RegCreateKeyEx(...) returned error code 5.
2025-08-12 01:39:52,923 [ERROR] LogOutputStream:75 - [STDERR_REDIRECT] 
2025-08-12 01:39:53,268 [INFO] MainUpdater:2872 - connection check result : 10
2025-08-12 01:39:53,269 [INFO] MainUpdater:289 - Updater Check For Update Now.
2025-08-12 01:39:53,269 [INFO] MicroXplorer:498 - Change Database Version : DB.6.0.141
2025-08-12 01:39:53,275 [INFO] McuFinderGlobals:63 - Set McuFinder mode to 2 (CubeIDE integrated)
2025-08-12 01:39:53,276 [INFO] UserAuth:171 - activating auth plugin
2025-08-12 01:39:53,280 [INFO] UserAuth:484 - Internet connection configuration mode: 1
2025-08-12 01:39:53,323 [INFO] JxBrowserEngine:152 - Initiate JxBrowser Engine with user profile folder
2025-08-12 01:39:53,478 [INFO] CheckServerUpdateThread:120 - End of CheckServer Thread
2025-08-12 01:39:54,791 [INFO] WebApp:169 - Instantiating new browser for Auth
2025-08-12 01:39:55,492 [INFO] WebApp:463 - Apply proxy settings
2025-08-12 01:39:55,492 [INFO] WebApp:548 - Chromium requires no authentication
2025-08-12 01:39:55,503 [INFO] WebApp:491 - Direct internet connection detected
2025-08-12 01:39:55,531 [INFO] WebApp:894 - Register for checkConnection events
2025-08-12 01:39:55,531 [INFO] WebApp:463 - Apply proxy settings
2025-08-12 01:39:55,532 [INFO] WebApp:548 - Chromium requires no authentication
2025-08-12 01:39:55,533 [INFO] WebApp:491 - Direct internet connection detected
2025-08-12 01:39:55,676 [INFO] WebApp:191 - Connection restablished
2025-08-12 01:39:55,734 [INFO] WebApp:225 - Starting web application
2025-08-12 01:39:55,734 [INFO] WebApp:593 - Web application path used C:\ST\STM32CubeIDE_1.18.1\STM32CubeIDE\plugins\com.st.stm32cube.common.mx_6.14.1.202504091515\db\plugins\mcufinder\reactClient1\index.html
2025-08-12 01:39:56,199 [WARN] PackLoader:240 - Cannot read IP mode file for STMicroelectronics.FP-SNS-MOTENVWB1.1.4.0
2025-08-12 01:39:56,210 [WARN] PackLoader:240 - Cannot read IP mode file for STMicroelectronics.FP-ATR-ASTRA1.2.0.2
2025-08-12 01:39:56,228 [WARN] PackLoader:240 - Cannot read IP mode file for STMicroelectronics.X-CUBE-SMBUS.2.1.0
2025-08-12 01:39:56,235 [WARN] PackLoader:240 - Cannot read IP mode file for STMicroelectronics.X-CUBE-ST60.1.0.0
2025-08-12 01:39:56,279 [WARN] PackLoader:240 - Cannot read IP mode file for STMicroelectronics.X-CUBE-AZRTOS-F7.1.1.0
2025-08-12 01:39:56,344 [WARN] PackLoader:240 - Cannot read IP mode file for Infineon.AIROC-Wi-Fi-Bluetooth-STM32.1.7.0
2025-08-12 01:39:56,373 [WARN] PackLoader:240 - Cannot read IP mode file for STMicroelectronics.X-CUBE-AZRTOS-H7.3.4.0
2025-08-12 01:39:56,388 [WARN] PackLoader:240 - Cannot read IP mode file for STMicroelectronics.X-CUBE-DISPLAY.3.0.0
2025-08-12 01:39:56,402 [WARN] PackLoader:240 - Cannot read IP mode file for STMicroelectronics.X-CUBE-NFC10.1.0.0
2025-08-12 01:39:56,416 [WARN] PackLoader:240 - Cannot read IP mode file for STMicroelectronics.X-CUBE-BLEMGR.4.0.0
2025-08-12 01:39:56,426 [WARN] PackLoader:240 - Cannot read IP mode file for emotas.I-CUBE-CANOPEN.1.3.0
2025-08-12 01:39:56,430 [WARN] ConditionMgr:438 - getConditionDescription Invalid condition id : Cortex-A Device cause : null
2025-08-12 01:39:56,446 [WARN] ConditionMgr:1044 - genDependencies : Invalid condition id : Cortex-A Device cause : null
2025-08-12 01:39:56,446 [WARN] ConditionMgr:1044 - genDependencies : Invalid condition id : Cortex-A Device cause : null
2025-08-12 01:39:56,446 [WARN] ConditionMgr:1044 - genDependencies : Invalid condition id : Cortex-A Device cause : null
2025-08-12 01:39:56,452 [ERROR] Engine:466 - C:\Users\TUF\.stm32cubemx\thirdparties\pdsc\STMicroelectronics.FP-SNS-STBOX1.2.1.0.pdsc: PDSC version is not supported
2025-08-12 01:39:56,456 [WARN] PackLoader:240 - Cannot read IP mode file for STMicroelectronics.FP-SNS-SMARTAG2.1.2.0
2025-08-12 01:39:56,460 [WARN] PackLoader:240 - Cannot read IP mode file for STMicroelectronics.FP-SNS-FLIGHT1.5.1.0
2025-08-12 01:39:56,469 [INFO] LogOutputStream:77 - [STDOUT_REDIRECT] 1 : Invalid condition id : UX_CORESTACK_Condition cause : null
2025-08-12 01:39:56,471 [INFO] LogOutputStream:77 - [STDOUT_REDIRECT] 1 : Invalid condition id : UX_CORESTACK_Condition cause : null
2025-08-12 01:39:56,472 [INFO] LogOutputStream:77 - [STDOUT_REDIRECT] 1 : Invalid condition id : UX_CORESTACK_Condition cause : null
2025-08-12 01:39:56,473 [INFO] LogOutputStream:77 - [STDOUT_REDIRECT] 1 : Invalid condition id : UX_CORESTACK_Condition cause : null
2025-08-12 01:39:56,474 [INFO] LogOutputStream:77 - [STDOUT_REDIRECT] 1 : Invalid condition id : UX_CORESTACK_Condition cause : null
2025-08-12 01:39:56,477 [WARN] PackLoader:240 - Cannot read IP mode file for STMicroelectronics.X-CUBE-AZRTOS-WL.2.0.0
2025-08-12 01:39:56,483 [WARN] PackLoader:240 - Cannot read IP mode file for STMicroelectronics.FP-SNS-MOTENV1.5.0.0
2025-08-12 01:39:56,496 [WARN] PackLoader:240 - Cannot read IP mode file for WES.I-CUBE-Cesium.1.3.0
2025-08-12 01:39:56,501 [WARN] PackLoader:240 - Cannot read IP mode file for STMicroelectronics.X-CUBE-BLE2.3.3.0
2025-08-12 01:39:56,511 [WARN] PackLoader:240 - Cannot read IP mode file for STMicroelectronics.X-CUBE-NFC9.1.0.0
2025-08-12 01:39:56,520 [WARN] PackLoader:240 - Cannot read IP mode file for wolfSSL.I-CUBE-wolfSSL.5.8.0
2025-08-12 01:39:56,527 [WARN] PackLoader:240 - Cannot read IP mode file for STMicroelectronics.X-CUBE-BLE1.7.1.0
2025-08-12 01:39:56,532 [WARN] PackLoader:240 - Cannot read IP mode file for wolfSSL.I-CUBE-wolfMQTT.1.19.2
2025-08-12 01:39:56,539 [WARN] PackLoader:240 - Cannot read IP mode file for STMicroelectronics.X-CUBE-EEPRMA1.5.2.0
2025-08-12 01:39:56,545 [WARN] PackLoader:240 - Cannot read IP mode file for STMicroelectronics.X-CUBE-AI.10.1.0
2025-08-12 01:39:56,559 [WARN] PackLoader:240 - Cannot read IP mode file for STMicroelectronics.X-CUBE-AZRTOS-G0.1.1.0
2025-08-12 01:39:56,567 [WARN] PackLoader:240 - Cannot read IP mode file for STMicroelectronics.X-CUBE-SAFEA1.1.2.2
2025-08-12 01:39:56,572 [WARN] PackLoader:240 - Cannot read IP mode file for STMicroelectronics.X-CUBE-NFC4.3.0.0
2025-08-12 01:39:56,579 [WARN] PackLoader:240 - Cannot read IP mode file for EmbeddedOffice.I-CUBE-FS-RTOS.1.0.1
2025-08-12 01:39:56,584 [WARN] PackLoader:240 - Cannot read IP mode file for STMicroelectronics.X-CUBE-WB05N.2.0.0
2025-08-12 01:39:56,590 [WARN] PackLoader:240 - Cannot read IP mode file for wolfSSL.I-CUBE-wolfTPM.3.8.0
2025-08-12 01:39:56,595 [WARN] PackLoader:240 - Cannot read IP mode file for STMicroelectronics.X-CUBE-TCPP.4.2.0
2025-08-12 01:39:56,601 [WARN] PackLoader:240 - Cannot read IP mode file for RealThread.X-CUBE-RT-Thread_Nano.4.1.1
2025-08-12 01:39:56,604 [WARN] PackLoader:240 - Cannot read IP mode file for STMicroelectronics.FP-ATR-SIGFOX1.3.2.0
2025-08-12 01:39:56,610 [WARN] PackLoader:240 - Cannot read IP mode file for STMicroelectronics.X-CUBE-EEPRMA1.5.1.0
2025-08-12 01:39:56,618 [WARN] PackLoader:240 - Cannot read IP mode file for ITTIA_DB.I-CUBE-ITTIADB.8.9.0
2025-08-12 01:39:56,630 [WARN] PackLoader:240 - Cannot read IP mode file for STMicroelectronics.X-CUBE-ST67W61.1.0.0
2025-08-12 01:39:56,633 [WARN] PackLoader:240 - Cannot read IP mode file for STMicroelectronics.X-CUBE-AI.10.2.0
2025-08-12 01:39:56,664 [WARN] PackLoader:240 - Cannot read IP mode file for SEGGER.I-CUBE-embOS.1.3.1
2025-08-12 01:39:56,696 [WARN] PackLoader:240 - Cannot read IP mode file for STMicroelectronics.X-CUBE-ALGOBUILD.1.4.0
2025-08-12 01:39:56,734 [WARN] PackLoader:240 - Cannot read IP mode file for STMicroelectronics.X-CUBE-MEMS1.11.3.0
2025-08-12 01:39:56,841 [WARN] PackLoader:240 - Cannot read IP mode file for STMicroelectronics.X-CUBE-PM33A1.1.0.0
2025-08-12 01:39:56,853 [WARN] PackLoader:240 - Cannot read IP mode file for STMicroelectronics.X-CUBE-AZRTOS-F4.1.1.0
2025-08-12 01:39:56,860 [WARN] PackLoader:240 - Cannot read IP mode file for Avnet-IotConnect.X-CUBE-IoTC-DA16k-PMOD.1.0.0
2025-08-12 01:39:56,864 [WARN] PackLoader:240 - Cannot read IP mode file for STMicroelectronics.X-CUBE-ISPU.2.1.0
2025-08-12 01:39:56,870 [WARN] PackLoader:240 - Cannot read IP mode file for STMicroelectronics.X-CUBE-NFC12.1.0.0
2025-08-12 01:39:56,881 [WARN] PackLoader:240 - Cannot read IP mode file for STMicroelectronics.X-CUBE-AZRTOS-L5.2.0.0
2025-08-12 01:39:56,890 [WARN] PackLoader:240 - Cannot read IP mode file for STMicroelectronics.X-CUBE-NFC6.3.1.0
2025-08-12 01:39:56,895 [WARN] PackLoader:240 - Cannot read IP mode file for STMicroelectronics.X-CUBE-FREERTOS.1.3.1
2025-08-12 01:39:56,899 [WARN] PackLoader:240 - Cannot read IP mode file for STMicroelectronics.FP-SNS-STAIOTCFT.1.0.0
2025-08-12 01:39:56,903 [WARN] PackLoader:240 - Cannot read IP mode file for STMicroelectronics.X-CUBE-DPower.1.3.0
2025-08-12 01:39:56,918 [WARN] ConditionMgr:438 - getConditionDescription Invalid condition id : LAN8742 Phy interface Condition cause : null
2025-08-12 01:39:56,918 [WARN] PackLoader:240 - Cannot read IP mode file for STMicroelectronics.X-CUBE-AZRTOS-L4.2.0.0
2025-08-12 01:39:56,920 [WARN] ConditionMgr:1044 - genDependencies : Invalid condition id : LAN8742 Phy interface Condition cause : null
2025-08-12 01:39:56,920 [WARN] ConditionMgr:1044 - genDependencies : Invalid condition id : LAN8742 Phy interface Condition cause : null
2025-08-12 01:39:56,920 [WARN] ConditionMgr:1044 - genDependencies : Invalid condition id : LAN8742 Phy interface Condition cause : null
2025-08-12 01:39:56,924 [WARN] PackLoader:240 - Cannot read IP mode file for STMicroelectronics.X-CUBE-SFXS2LP1.4.0.0
2025-08-12 01:39:56,941 [WARN] PackLoader:240 - Cannot read IP mode file for STMicroelectronics.X-CUBE-AZRTOS-H7.3.3.0
2025-08-12 01:39:56,954 [WARN] PackLoader:240 - Cannot read IP mode file for STMicroelectronics.X-CUBE-BLEMGR.4.1.0
2025-08-12 01:39:56,965 [WARN] ConditionMgr:438 - getConditionDescription Invalid condition id : UX DEVICE CLASS RTOS Condition cause : null
2025-08-12 01:39:56,965 [WARN] ConditionMgr:438 - getConditionDescription Invalid condition id : UX DEVICE CLASS RTOS Condition cause : null
2025-08-12 01:39:56,966 [WARN] PackLoader:240 - Cannot read IP mode file for STMicroelectronics.X-CUBE-AZRTOS-WB.2.0.0
2025-08-12 01:39:56,967 [WARN] ConditionMgr:1044 - genDependencies : Invalid condition id : UX DEVICE CLASS RTOS Condition cause : null
2025-08-12 01:39:56,967 [WARN] ConditionMgr:1044 - genDependencies : Invalid condition id : UX DEVICE CLASS RTOS Condition cause : null
2025-08-12 01:39:56,967 [WARN] ConditionMgr:1044 - genDependencies : Invalid condition id : UX DEVICE CLASS RTOS Condition cause : null
2025-08-12 01:39:56,968 [WARN] ConditionMgr:1044 - genDependencies : Invalid condition id : UX DEVICE CLASS RTOS Condition cause : null
2025-08-12 01:39:56,968 [WARN] ConditionMgr:1044 - genDependencies : Invalid condition id : UX DEVICE CLASS RTOS Condition cause : null
2025-08-12 01:39:56,973 [WARN] PackLoader:240 - Cannot read IP mode file for STMicroelectronics.X-CUBE-GNSS1.7.0.1
2025-08-12 01:39:57,004 [WARN] PackLoader:240 - Cannot read IP mode file for STMicroelectronics.X-CUBE-TOUCHGFX.4.25.0
2025-08-12 01:39:57,010 [WARN] PackLoader:240 - Cannot read IP mode file for STMicroelectronics.FP-SNS-STBOX1.2.0.0
2025-08-12 01:39:57,021 [WARN] PackLoader:240 - Cannot read IP mode file for STMicroelectronics.X-CUBE-SUBG2.5.0.0
2025-08-12 01:39:57,041 [WARN] PackLoader:240 - Cannot read IP mode file for STMicroelectronics.X-CUBE-AZRTOS-H7RS.1.1.0
2025-08-12 01:39:57,046 [WARN] PackLoader:240 - Cannot read IP mode file for Cesanta.I-CUBE-Mongoose.7.13.0
2025-08-12 01:39:57,056 [WARN] PackLoader:240 - Cannot read IP mode file for STMicroelectronics.X-CUBE-AZRTOS-G4.2.0.0
2025-08-12 01:39:57,063 [WARN] PackLoader:240 - Cannot read IP mode file for wolfSSL.I-CUBE-wolfSSH.1.4.20
2025-08-12 01:39:57,067 [WARN] PackLoader:240 - Cannot read IP mode file for STMicroelectronics.X-CUBE-NFC7.2.0.0
2025-08-12 01:39:57,078 [WARN] PackLoader:240 - Cannot read IP mode file for STMicroelectronics.X-CUBE-IPS.3.1.0
2025-08-12 01:39:57,104 [WARN] PackLoader:240 - Cannot read IP mode file for STMicroelectronics.X-CUBE-ALS.1.0.2
2025-08-12 01:39:57,113 [WARN] PackLoader:240 - Cannot read IP mode file for portGmbH.I-Cube-SoM-uGOAL.1.1.0
2025-08-12 01:39:57,122 [WARN] PackLoader:240 - Cannot read IP mode file for STMicroelectronics.X-CUBE-TOF1.3.4.3
2025-08-12 01:39:57,132 [INFO] ThirdParty:978 - Integrity check success = true
2025-08-12 01:39:57,132 [INFO] IntegrityCheckThread:100 - exiting critical section [integrity check]
2025-08-12 01:39:57,132 [INFO] IntegrityCheckThread:103 - End integrity checks thread
2025-08-12 02:21:18,093 [ERROR] LogOutputStream:75 - [STDERR_REDIRECT] 
2025-08-12 02:21:18,095 [ERROR] LogOutputStream:75 - [STDERR_REDIRECT] 
2025-08-12 12:39:35,810 [INFO] Activator:176 - 


2025-08-12 12:39:35,811 [INFO] Activator:177 - !SESSION log4j initialized
2025-08-12 12:39:40,209 [INFO] LogOutputStream:77 - [STDOUT_REDIRECT] 
2025-08-12 12:39:41,435 [INFO] ApplicationProperties:184 - Using Application install path: C:\ST\STM32CubeIDE_1.18.1\STM32CubeIDE\plugins\com.st.stm32cube.common.mx_6.14.1.202504091515
2025-08-12 12:39:41,449 [INFO] DbMcusXml:78 - Set database path to: C:\ST\STM32CubeIDE_1.18.1\STM32CubeIDE\plugins\com.st.stm32cube.common.mx_6.14.1.202504091515\\db\/mcu/
2025-08-12 12:39:41,449 [INFO] ApiDb:274 - Set plugin database path to: C:\ST\STM32CubeIDE_1.18.1\STM32CubeIDE\plugins\com.st.stm32cube.common.mx_6.14.1.202504091515\\db\/plugins/boardmanager/
2025-08-12 12:39:41,449 [WARN] ApiDb:259 - Overriding images path with different value:  => C:\ST\STM32CubeIDE_1.18.1\STM32CubeIDE\plugins\com.st.stm32cube.common.mx_6.14.1.202504091515\\db\/plugins/mcufinder/images/
2025-08-12 12:39:41,458 [INFO] ApiDb:250 - Set database path to: C:\Users\TUF\.stmcufinder\plugins\mcufinder//mcu/
2025-08-12 12:39:41,459 [INFO] DbMcusAds:125 - Set database path to: C:\Users\TUF\.stmcufinder\plugins\mcufinder//mcu/
2025-08-12 12:39:41,460 [INFO] CrossReferenceDbSqlite:203 - Set database path to: C:\Users\TUF\.stmcufinder\plugins\mcufinder//mcu/cs/
2025-08-12 12:39:41,534 [INFO] RulesReader:64 - Compatibility file has been processed (302 Rules)
2025-08-12 12:39:41,596 [INFO] DbMcusXml:78 - Set database path to: C:\ST\STM32CubeIDE_1.18.1\STM32CubeIDE\plugins\com.st.stm32cube.common.mx_6.14.1.202504091515\\db\/mcu/
2025-08-12 12:39:41,596 [INFO] ApiDb:274 - Set plugin database path to: C:\ST\STM32CubeIDE_1.18.1\STM32CubeIDE\plugins\com.st.stm32cube.common.mx_6.14.1.202504091515\\db\/plugins/boardmanager/
2025-08-12 12:39:41,596 [INFO] ApiDb:261 - Set plugin images path to: C:\ST\STM32CubeIDE_1.18.1\STM32CubeIDE\plugins\com.st.stm32cube.common.mx_6.14.1.202504091515\\db\/plugins/mcufinder/images/
2025-08-12 12:39:41,596 [WARN] DbFile:41 - Overriding database path with different value: C:\Users\TUF\.stmcufinder\plugins\mcufinder/ => C:\Users\TUF\.stmcufinder\plugins\mcufinder
2025-08-12 12:39:41,596 [INFO] ApiDb:250 - Set database path to: C:\Users\TUF\.stmcufinder\plugins\mcufinder//mcu/
2025-08-12 12:39:41,596 [WARN] DbFile:41 - Overriding database path with different value: C:\Users\TUF\.stmcufinder\plugins\mcufinder/ => C:\Users\TUF\.stmcufinder\plugins\mcufinder
2025-08-12 12:39:41,596 [INFO] DbMcusAds:125 - Set database path to: C:\Users\TUF\.stmcufinder\plugins\mcufinder//mcu/
2025-08-12 12:39:41,596 [WARN] DbFile:41 - Overriding database path with different value: C:\Users\TUF\.stmcufinder\plugins\mcufinder/ => C:\Users\TUF\.stmcufinder\plugins\mcufinder
2025-08-12 12:39:41,596 [WARN] DbFile:41 - Overriding database path with different value: C:\Users\TUF\.stmcufinder\plugins\mcufinder/ => C:\Users\TUF\.stmcufinder\plugins\mcufinder
2025-08-12 12:39:41,596 [INFO] CrossReferenceDbSqlite:203 - Set database path to: C:\Users\TUF\.stmcufinder\plugins\mcufinder//mcu/cs/
2025-08-12 12:39:41,651 [INFO] MainPanel:272 - HeapMemory: 268435456
2025-08-12 12:39:41,730 [INFO] DbMcusXml:78 - Set database path to: C:\ST\STM32CubeIDE_1.18.1\STM32CubeIDE\plugins\com.st.stm32cube.common.mx_6.14.1.202504091515\\db\/mcu/
2025-08-12 12:39:41,730 [INFO] ApiDb:274 - Set plugin database path to: C:\ST\STM32CubeIDE_1.18.1\STM32CubeIDE\plugins\com.st.stm32cube.common.mx_6.14.1.202504091515\\db\/plugins/boardmanager/
2025-08-12 12:39:41,730 [INFO] ApiDb:261 - Set plugin images path to: C:\ST\STM32CubeIDE_1.18.1\STM32CubeIDE\plugins\com.st.stm32cube.common.mx_6.14.1.202504091515\\db\/plugins/mcufinder/images/
2025-08-12 12:39:41,731 [WARN] DbFile:41 - Overriding database path with different value: C:\Users\TUF\.stmcufinder\plugins\mcufinder/ => C:\Users\TUF\.stmcufinder\plugins\mcufinder
2025-08-12 12:39:41,731 [INFO] ApiDb:250 - Set database path to: C:\Users\TUF\.stmcufinder\plugins\mcufinder//mcu/
2025-08-12 12:39:41,731 [WARN] DbFile:41 - Overriding database path with different value: C:\Users\TUF\.stmcufinder\plugins\mcufinder/ => C:\Users\TUF\.stmcufinder\plugins\mcufinder
2025-08-12 12:39:41,731 [INFO] DbMcusAds:125 - Set database path to: C:\Users\TUF\.stmcufinder\plugins\mcufinder//mcu/
2025-08-12 12:39:41,731 [WARN] DbFile:41 - Overriding database path with different value: C:\Users\TUF\.stmcufinder\plugins\mcufinder/ => C:\Users\TUF\.stmcufinder\plugins\mcufinder
2025-08-12 12:39:41,731 [WARN] DbFile:41 - Overriding database path with different value: C:\Users\TUF\.stmcufinder\plugins\mcufinder/ => C:\Users\TUF\.stmcufinder\plugins\mcufinder
2025-08-12 12:39:41,731 [INFO] CrossReferenceDbSqlite:203 - Set database path to: C:\Users\TUF\.stmcufinder\plugins\mcufinder//mcu/cs/
2025-08-12 12:39:41,744 [INFO] ApplicationProperties:184 - Using Application install path: C:\ST\STM32CubeIDE_1.18.1\STM32CubeIDE\plugins\com.st.stm32cube.common.mx_6.14.1.202504091515
2025-08-12 12:39:41,745 [INFO] PluginManage:196 - Search for loadable plugins [exclusion list=, ]
2025-08-12 12:39:41,746 [INFO] PluginManage:310 - Check plugin analytics
2025-08-12 12:39:41,896 [INFO] AnalyticsPlugin:253 - Accepted Software Licenses: 
2025-08-12 12:39:41,896 [INFO] AnalyticsPlugin:255 - Accepted CMSIS Pack Licenses: 
2025-08-12 12:39:41,896 [INFO] AnalyticsPlugin:257 - Accepted Firmware Licenses: 
2025-08-12 12:39:41,898 [INFO] PluginManage:359 - Loaded plugin analytics (category:tool,tabindex:-1)
2025-08-12 12:39:41,899 [INFO] PluginManage:310 - Check plugin cadmodel
2025-08-12 12:39:41,903 [INFO] CADModel:105 - Init CAD model plugin
2025-08-12 12:39:41,903 [INFO] PluginManage:359 - Loaded plugin cadmodel (category:power,tabindex:5)
2025-08-12 12:39:41,903 [INFO] PluginManage:310 - Check plugin clock
2025-08-12 12:39:41,911 [INFO] PluginManage:359 - Loaded plugin clock (category:base,tabindex:2)
2025-08-12 12:39:41,912 [INFO] PluginManage:310 - Check plugin ddr
2025-08-12 12:39:41,914 [INFO] PluginManage:359 - Loaded plugin ddr (category:tool,tabindex:6)
2025-08-12 12:39:41,914 [INFO] PluginManage:310 - Check plugin filemanager
2025-08-12 12:39:42,018 [INFO] PluginManage:359 - Loaded plugin filemanager (category:base,tabindex:10)
2025-08-12 12:39:42,019 [INFO] PluginManage:310 - Check plugin ipmanager
2025-08-12 12:39:42,024 [INFO] PluginManage:359 - Loaded plugin ipmanager (category:base,tabindex:5)
2025-08-12 12:39:42,024 [INFO] PluginManage:310 - Check plugin lpbam
2025-08-12 12:39:42,030 [INFO] PluginManage:359 - Loaded plugin lpbam (category:base,tabindex:0)
2025-08-12 12:39:42,030 [INFO] PluginManage:310 - Check plugin memorymap
2025-08-12 12:39:42,041 [INFO] PluginManage:359 - Loaded plugin memorymap (category:base,tabindex:4)
2025-08-12 12:39:42,041 [INFO] PluginManage:310 - Check plugin pinoutandconfiguration
2025-08-12 12:39:42,047 [INFO] PluginManage:359 - Loaded plugin pinoutandconfiguration (category:base,tabindex:1)
2025-08-12 12:39:42,047 [INFO] PluginManage:310 - Check plugin pinoutconfig
2025-08-12 12:39:42,107 [WARN] SupportedApi:132 - Cannot load RTOS API schema: s4s-elt-must-match.1: The content of 'definitions' must match (annotation?, (simpleType | complexType)?, (unique | key | keyref)*)). A problem was found starting at: attribute.
2025-08-12 12:39:42,202 [INFO] PluginManage:359 - Loaded plugin pinoutconfig (category:base,tabindex:0)
2025-08-12 12:39:42,202 [INFO] PluginManage:310 - Check plugin power
2025-08-12 12:39:42,208 [INFO] PluginManage:359 - Loaded plugin power (category:power,tabindex:4)
2025-08-12 12:39:42,209 [INFO] PluginManage:310 - Check plugin projectmanager
2025-08-12 12:39:42,219 [INFO] PluginManage:359 - Loaded plugin projectmanager (category:projectmanager,tabindex:4)
2025-08-12 12:39:42,219 [INFO] PluginManage:310 - Check plugin rif
2025-08-12 12:39:42,225 [INFO] PluginManage:359 - Loaded plugin rif (category:base,tabindex:3)
2025-08-12 12:39:42,225 [INFO] PluginManage:310 - Check plugin thirdparty
2025-08-12 12:39:42,344 [INFO] PluginManage:359 - Loaded plugin thirdparty (category:base,tabindex:-1)
2025-08-12 12:39:42,344 [WARN] IntegrityCheckThread:84 - waiting for thirdparty lock release [integrity check]
2025-08-12 12:39:42,344 [INFO] PluginManage:310 - Check plugin tools
2025-08-12 12:39:42,344 [INFO] IntegrityCheckThread:86 - entering critical section [integrity check]
2025-08-12 12:39:42,345 [INFO] ThirdPartyUpdaterWithRetryManager:70 - Updater plugin not ready yet. [1/15]
2025-08-12 12:39:42,347 [INFO] PluginManage:359 - Loaded plugin tools (category:base,tabindex:7)
2025-08-12 12:39:42,347 [INFO] PluginManage:310 - Check plugin tutovideos
2025-08-12 12:39:42,519 [INFO] PluginManage:359 - Loaded plugin tutovideos (category:base,tabindex:-1)
2025-08-12 12:39:42,519 [INFO] PluginManage:310 - Check plugin updater
2025-08-12 12:39:42,536 [INFO] PluginManage:359 - Loaded plugin updater (category:base,tabindex:12)
2025-08-12 12:39:42,536 [INFO] PluginManage:310 - Check plugin userauth
2025-08-12 12:39:42,540 [INFO] UserAuth:118 - Init User Auth plugin
2025-08-12 12:39:42,541 [INFO] PluginManage:359 - Loaded plugin userauth (category:base,tabindex:14)
2025-08-12 12:39:42,541 [INFO] PluginManage:283 - PluginManage : Loaded plugins [18]
2025-08-12 12:39:42,683 [INFO] PinOutPanel:1589 - setPackage(No Configuration,No Configuration)
2025-08-12 12:39:42,747 [INFO] CADModel:165 - CPN selected for project level
2025-08-12 12:39:42,747 [INFO] CADModel:114 - Register for checkConnection events
2025-08-12 12:39:42,762 [INFO] IPUIPlugin:80 - create IPUIPlugin
2025-08-12 12:39:42,763 [INFO] PluginManager:220 - loadIPPluginJar : add adc
2025-08-12 12:39:42,765 [INFO] IPUIPlugin:80 - create IPUIPlugin
2025-08-12 12:39:42,765 [INFO] PluginManager:220 - loadIPPluginJar : add aes
2025-08-12 12:39:42,768 [INFO] IPUIPlugin:80 - create IPUIPlugin
2025-08-12 12:39:42,768 [INFO] PluginManager:220 - loadIPPluginJar : add can
2025-08-12 12:39:42,770 [INFO] IPUIPlugin:80 - create IPUIPlugin
2025-08-12 12:39:42,770 [INFO] PluginManager:220 - loadIPPluginJar : add comp
2025-08-12 12:39:42,771 [INFO] IPUIPlugin:80 - create IPUIPlugin
2025-08-12 12:39:42,772 [INFO] PluginManager:220 - loadIPPluginJar : add cryp
2025-08-12 12:39:42,774 [INFO] IPUIPlugin:80 - create IPUIPlugin
2025-08-12 12:39:42,774 [INFO] PluginManager:220 - loadIPPluginJar : add ddr_ctrl_phy
2025-08-12 12:39:42,776 [INFO] IPUIPlugin:80 - create IPUIPlugin
2025-08-12 12:39:42,776 [INFO] PluginManager:220 - loadIPPluginJar : add dfsdm
2025-08-12 12:39:42,780 [INFO] IPUIPlugin:80 - create IPUIPlugin
2025-08-12 12:39:42,781 [INFO] PluginManager:220 - loadIPPluginJar : add dma
2025-08-12 12:39:42,783 [INFO] IPUIPlugin:80 - create IPUIPlugin
2025-08-12 12:39:42,783 [INFO] PluginManager:220 - loadIPPluginJar : add dma3
2025-08-12 12:39:42,786 [INFO] IPUIPlugin:80 - create IPUIPlugin
2025-08-12 12:39:42,786 [INFO] PluginManager:220 - loadIPPluginJar : add extmemmanager
2025-08-12 12:39:42,789 [INFO] IPUIPlugin:80 - create IPUIPlugin
2025-08-12 12:39:42,789 [INFO] PluginManager:220 - loadIPPluginJar : add fatfs
2025-08-12 12:39:42,793 [INFO] IPUIPlugin:80 - create IPUIPlugin
2025-08-12 12:39:42,793 [INFO] PluginManager:220 - loadIPPluginJar : add fmc
2025-08-12 12:39:42,802 [INFO] IPUIPlugin:80 - create IPUIPlugin
2025-08-12 12:39:42,802 [INFO] PluginManager:220 - loadIPPluginJar : add freertos
2025-08-12 12:39:42,804 [INFO] IPUIPlugin:80 - create IPUIPlugin
2025-08-12 12:39:42,804 [INFO] PluginManager:220 - loadIPPluginJar : add genericplugin
2025-08-12 12:39:42,807 [INFO] IPUIPlugin:80 - create IPUIPlugin
2025-08-12 12:39:42,807 [INFO] PluginManager:220 - loadIPPluginJar : add gfxmmu
2025-08-12 12:39:42,812 [INFO] IPUIPlugin:80 - create IPUIPlugin
2025-08-12 12:39:42,812 [INFO] PluginManager:220 - loadIPPluginJar : add gic
2025-08-12 12:39:42,817 [INFO] IPUIPlugin:80 - create IPUIPlugin
2025-08-12 12:39:42,818 [INFO] PluginManager:220 - loadIPPluginJar : add gpio
2025-08-12 12:39:42,822 [INFO] IPUIPlugin:80 - create IPUIPlugin
2025-08-12 12:39:42,822 [INFO] PluginManager:220 - loadIPPluginJar : add gtzc
2025-08-12 12:39:42,826 [INFO] IPUIPlugin:80 - create IPUIPlugin
2025-08-12 12:39:42,826 [INFO] PluginManager:220 - loadIPPluginJar : add hash
2025-08-12 12:39:42,830 [INFO] IPUIPlugin:80 - create IPUIPlugin
2025-08-12 12:39:42,830 [INFO] PluginManager:220 - loadIPPluginJar : add i2c
2025-08-12 12:39:42,834 [INFO] IPUIPlugin:80 - create IPUIPlugin
2025-08-12 12:39:42,834 [INFO] PluginManager:220 - loadIPPluginJar : add i2s
2025-08-12 12:39:42,839 [INFO] IPUIPlugin:80 - create IPUIPlugin
2025-08-12 12:39:42,839 [INFO] PluginManager:220 - loadIPPluginJar : add i3c
2025-08-12 12:39:42,844 [INFO] IPUIPlugin:80 - create IPUIPlugin
2025-08-12 12:39:42,845 [INFO] PluginManager:220 - loadIPPluginJar : add ipddr
2025-08-12 12:39:42,851 [INFO] IPUIPlugin:80 - create IPUIPlugin
2025-08-12 12:39:42,852 [INFO] PluginManager:220 - loadIPPluginJar : add linkedlist
2025-08-12 12:39:42,856 [INFO] IPUIPlugin:80 - create IPUIPlugin
2025-08-12 12:39:42,856 [INFO] PluginManager:220 - loadIPPluginJar : add lorawan
2025-08-12 12:39:42,859 [INFO] IPUIPlugin:80 - create IPUIPlugin
2025-08-12 12:39:42,859 [INFO] PluginManager:220 - loadIPPluginJar : add ltdc
2025-08-12 12:39:42,865 [INFO] IPUIPlugin:80 - create IPUIPlugin
2025-08-12 12:39:42,865 [INFO] PluginManager:220 - loadIPPluginJar : add mdma
2025-08-12 12:39:42,870 [INFO] IPUIPlugin:80 - create IPUIPlugin
2025-08-12 12:39:42,871 [INFO] PluginManager:220 - loadIPPluginJar : add nvic
2025-08-12 12:39:42,875 [INFO] IPUIPlugin:80 - create IPUIPlugin
2025-08-12 12:39:42,875 [INFO] PluginManager:220 - loadIPPluginJar : add opamp
2025-08-12 12:39:42,879 [INFO] IPUIPlugin:80 - create IPUIPlugin
2025-08-12 12:39:42,879 [INFO] PluginManager:220 - loadIPPluginJar : add openamp
2025-08-12 12:39:42,883 [INFO] IPUIPlugin:80 - create IPUIPlugin
2025-08-12 12:39:42,883 [INFO] PluginManager:220 - loadIPPluginJar : add pdm2pcm
2025-08-12 12:39:42,889 [INFO] IPUIPlugin:80 - create IPUIPlugin
2025-08-12 12:39:42,894 [INFO] PluginManager:220 - loadIPPluginJar : add plateformsettings
2025-08-12 12:39:42,897 [INFO] IPUIPlugin:80 - create IPUIPlugin
2025-08-12 12:39:42,897 [INFO] PluginManager:220 - loadIPPluginJar : add quadspi
2025-08-12 12:39:42,899 [INFO] IPUIPlugin:80 - create IPUIPlugin
2025-08-12 12:39:42,899 [INFO] PluginManager:220 - loadIPPluginJar : add radio
2025-08-12 12:39:42,903 [INFO] IPUIPlugin:80 - create IPUIPlugin
2025-08-12 12:39:42,903 [INFO] PluginManager:220 - loadIPPluginJar : add resmgrutility
2025-08-12 12:39:42,908 [INFO] IPUIPlugin:80 - create IPUIPlugin
2025-08-12 12:39:42,908 [INFO] PluginManager:220 - loadIPPluginJar : add sai
2025-08-12 12:39:42,912 [INFO] IPUIPlugin:80 - create IPUIPlugin
2025-08-12 12:39:42,912 [INFO] PluginManager:220 - loadIPPluginJar : add spi
2025-08-12 12:39:42,921 [INFO] IPUIPlugin:80 - create IPUIPlugin
2025-08-12 12:39:42,921 [INFO] PluginManager:220 - loadIPPluginJar : add stm32_wpan
2025-08-12 12:39:42,923 [INFO] IPUIPlugin:80 - create IPUIPlugin
2025-08-12 12:39:42,924 [INFO] PluginManager:220 - loadIPPluginJar : add tim
2025-08-12 12:39:42,929 [INFO] IPUIPlugin:80 - create IPUIPlugin
2025-08-12 12:39:42,929 [INFO] PluginManager:220 - loadIPPluginJar : add touchsensing
2025-08-12 12:39:42,932 [INFO] IPUIPlugin:80 - create IPUIPlugin
2025-08-12 12:39:42,932 [INFO] PluginManager:220 - loadIPPluginJar : add tracer_emb
2025-08-12 12:39:42,934 [INFO] IPUIPlugin:80 - create IPUIPlugin
2025-08-12 12:39:42,934 [INFO] PluginManager:220 - loadIPPluginJar : add ts
2025-08-12 12:39:42,936 [INFO] IPUIPlugin:80 - create IPUIPlugin
2025-08-12 12:39:42,937 [INFO] PluginManager:220 - loadIPPluginJar : add tsc
2025-08-12 12:39:42,939 [INFO] IPUIPlugin:80 - create IPUIPlugin
2025-08-12 12:39:42,939 [INFO] PluginManager:220 - loadIPPluginJar : add ucpd
2025-08-12 12:39:42,942 [INFO] IPUIPlugin:80 - create IPUIPlugin
2025-08-12 12:39:42,942 [INFO] PluginManager:220 - loadIPPluginJar : add usart
2025-08-12 12:39:42,946 [INFO] IPUIPlugin:80 - create IPUIPlugin
2025-08-12 12:39:42,946 [INFO] PluginManager:220 - loadIPPluginJar : add usbx
2025-08-12 12:39:43,066 [FATAL] Updater:351 - Updater called before beeing initialized
2025-08-12 12:39:43,095 [INFO] RulesReader:64 - Compatibility file has been processed (302 Rules)
2025-08-12 12:39:43,104 [INFO] RulesReader:64 - Compatibility file has been processed (302 Rules)
2025-08-12 12:39:43,112 [INFO] CADModel:165 - CPN selected for project level
2025-08-12 12:39:43,112 [INFO] CADModel:114 - Register for checkConnection events
2025-08-12 12:39:43,112 [FATAL] Updater:351 - Updater called before beeing initialized
2025-08-12 12:39:43,112 [ERROR] CADModel:125 - Updater not yet initialized, retry later 
2025-08-12 12:39:43,254 [FATAL] Updater:351 - Updater called before beeing initialized
2025-08-12 12:39:43,255 [INFO] CADModel:165 - CPN selected for project level
2025-08-12 12:39:43,255 [INFO] CADModel:114 - Register for checkConnection events
2025-08-12 12:39:43,255 [FATAL] Updater:351 - Updater called before beeing initialized
2025-08-12 12:39:43,255 [ERROR] CADModel:125 - Updater not yet initialized, retry later 
2025-08-12 12:39:43,258 [FATAL] Updater:351 - Updater called before beeing initialized
2025-08-12 12:39:43,329 [FATAL] Updater:351 - Updater called before beeing initialized
2025-08-12 12:39:43,332 [INFO] DbMcusAds:53 - JSON generation date=Tue Jul 08 16:14:23 CST 2025 (1751962463593)
2025-08-12 12:39:43,332 [FATAL] Updater:351 - Updater called before beeing initialized
2025-08-12 12:39:43,356 [WARN] DetailPanel:346 - Failed to get advertising image, set to default
2025-08-12 12:39:43,504 [FATAL] Updater:351 - Updater called before beeing initialized
2025-08-12 12:39:43,507 [FATAL] Updater:351 - Updater called before beeing initialized
2025-08-12 12:39:43,507 [FATAL] Updater:351 - Updater called before beeing initialized
2025-08-12 12:39:43,507 [WARN] DetailPanel:346 - Failed to get advertising image, set to default
2025-08-12 12:39:43,507 [FATAL] Updater:351 - Updater called before beeing initialized
2025-08-12 12:39:43,543 [ERROR] Updater:1198 - MainUpdater not yet initialized. External WinMGr cannot be set.
2025-08-12 12:39:43,544 [INFO] Updater:1134 - Updater Version found : 6.14.1
2025-08-12 12:39:43,559 [INFO] ApplicationProperties:184 - Using Application install path: C:\ST\STM32CubeIDE_1.18.1\STM32CubeIDE\plugins\com.st.stm32cube.common.mx_6.14.1.202504091515
2025-08-12 12:39:45,128 [ERROR] LogOutputStream:75 - [STDERR_REDIRECT] Aug 12, 2025 12:39:45 PM java.util.prefs.WindowsPreferences <init>
2025-08-12 12:39:45,129 [ERROR] LogOutputStream:75 - [STDERR_REDIRECT] WARNING: Could not open/create prefs root node Software\JavaSoft\Prefs at root 0xffffffff80000002. Windows RegCreateKeyEx(...) returned error code 5.
2025-08-12 12:39:45,129 [ERROR] LogOutputStream:75 - [STDERR_REDIRECT] 
2025-08-12 12:39:45,346 [INFO] ThirdPartyUpdaterWithRetryManager:70 - Updater plugin not ready yet. [2/15]
2025-08-12 12:39:45,348 [INFO] MainUpdater:2872 - connection check result : 10
2025-08-12 12:39:45,348 [INFO] MainUpdater:289 - Updater Check For Update Now.
2025-08-12 12:39:45,348 [INFO] MicroXplorer:498 - Change Database Version : DB.6.0.141
2025-08-12 12:39:45,354 [INFO] McuFinderGlobals:63 - Set McuFinder mode to 2 (CubeIDE integrated)
2025-08-12 12:39:45,354 [INFO] UserAuth:171 - activating auth plugin
2025-08-12 12:39:45,357 [INFO] UserAuth:484 - Internet connection configuration mode: 1
2025-08-12 12:39:45,385 [INFO] JxBrowserEngine:152 - Initiate JxBrowser Engine with user profile folder
2025-08-12 12:39:45,503 [INFO] CheckServerUpdateThread:120 - End of CheckServer Thread
2025-08-12 12:39:46,598 [INFO] WebApp:169 - Instantiating new browser for Auth
2025-08-12 12:39:47,060 [INFO] WebApp:463 - Apply proxy settings
2025-08-12 12:39:47,060 [INFO] WebApp:548 - Chromium requires no authentication
2025-08-12 12:39:47,067 [INFO] WebApp:491 - Direct internet connection detected
2025-08-12 12:39:47,082 [INFO] WebApp:894 - Register for checkConnection events
2025-08-12 12:39:47,083 [INFO] WebApp:463 - Apply proxy settings
2025-08-12 12:39:47,083 [INFO] WebApp:548 - Chromium requires no authentication
2025-08-12 12:39:47,083 [INFO] WebApp:491 - Direct internet connection detected
2025-08-12 12:39:47,215 [INFO] WebApp:225 - Starting web application
2025-08-12 12:39:47,215 [INFO] WebApp:593 - Web application path used C:\ST\STM32CubeIDE_1.18.1\STM32CubeIDE\plugins\com.st.stm32cube.common.mx_6.14.1.202504091515\db\plugins\mcufinder\reactClient1\index.html
2025-08-12 12:39:47,217 [INFO] WebApp:191 - Connection restablished
2025-08-12 12:39:48,499 [WARN] PackLoader:240 - Cannot read IP mode file for STMicroelectronics.FP-SNS-MOTENVWB1.1.4.0
2025-08-12 12:39:48,505 [WARN] PackLoader:240 - Cannot read IP mode file for STMicroelectronics.FP-ATR-ASTRA1.2.0.2
2025-08-12 12:39:48,509 [WARN] PackLoader:240 - Cannot read IP mode file for STMicroelectronics.X-CUBE-SMBUS.2.1.0
2025-08-12 12:39:48,512 [WARN] PackLoader:240 - Cannot read IP mode file for STMicroelectronics.X-CUBE-ST60.1.0.0
2025-08-12 12:39:48,530 [WARN] PackLoader:240 - Cannot read IP mode file for STMicroelectronics.X-CUBE-AZRTOS-F7.1.1.0
2025-08-12 12:39:48,546 [WARN] PackLoader:240 - Cannot read IP mode file for Infineon.AIROC-Wi-Fi-Bluetooth-STM32.1.7.0
2025-08-12 12:39:48,560 [WARN] PackLoader:240 - Cannot read IP mode file for STMicroelectronics.X-CUBE-AZRTOS-H7.3.4.0
2025-08-12 12:39:48,567 [WARN] PackLoader:240 - Cannot read IP mode file for STMicroelectronics.X-CUBE-DISPLAY.3.0.0
2025-08-12 12:39:48,575 [WARN] PackLoader:240 - Cannot read IP mode file for STMicroelectronics.X-CUBE-NFC10.1.0.0
2025-08-12 12:39:48,582 [WARN] PackLoader:240 - Cannot read IP mode file for STMicroelectronics.X-CUBE-BLEMGR.4.0.0
2025-08-12 12:39:48,586 [WARN] PackLoader:240 - Cannot read IP mode file for emotas.I-CUBE-CANOPEN.1.3.0
2025-08-12 12:39:48,590 [WARN] ConditionMgr:438 - getConditionDescription Invalid condition id : Cortex-A Device cause : null
2025-08-12 12:39:48,597 [WARN] ConditionMgr:1044 - genDependencies : Invalid condition id : Cortex-A Device cause : null
2025-08-12 12:39:48,598 [WARN] ConditionMgr:1044 - genDependencies : Invalid condition id : Cortex-A Device cause : null
2025-08-12 12:39:48,598 [WARN] ConditionMgr:1044 - genDependencies : Invalid condition id : Cortex-A Device cause : null
2025-08-12 12:39:48,600 [ERROR] Engine:466 - C:\Users\TUF\.stm32cubemx\thirdparties\pdsc\STMicroelectronics.FP-SNS-STBOX1.2.1.0.pdsc: PDSC version is not supported
2025-08-12 12:39:48,602 [WARN] PackLoader:240 - Cannot read IP mode file for STMicroelectronics.FP-SNS-SMARTAG2.1.2.0
2025-08-12 12:39:48,605 [WARN] PackLoader:240 - Cannot read IP mode file for STMicroelectronics.FP-SNS-FLIGHT1.5.1.0
2025-08-12 12:39:48,611 [INFO] LogOutputStream:77 - [STDOUT_REDIRECT] 1 : Invalid condition id : UX_CORESTACK_Condition cause : null
2025-08-12 12:39:48,612 [INFO] LogOutputStream:77 - [STDOUT_REDIRECT] 1 : Invalid condition id : UX_CORESTACK_Condition cause : null
2025-08-12 12:39:48,613 [INFO] LogOutputStream:77 - [STDOUT_REDIRECT] 1 : Invalid condition id : UX_CORESTACK_Condition cause : null
2025-08-12 12:39:48,613 [INFO] LogOutputStream:77 - [STDOUT_REDIRECT] 1 : Invalid condition id : UX_CORESTACK_Condition cause : null
2025-08-12 12:39:48,614 [INFO] LogOutputStream:77 - [STDOUT_REDIRECT] 1 : Invalid condition id : UX_CORESTACK_Condition cause : null
2025-08-12 12:39:48,615 [WARN] PackLoader:240 - Cannot read IP mode file for STMicroelectronics.X-CUBE-AZRTOS-WL.2.0.0
2025-08-12 12:39:48,618 [WARN] PackLoader:240 - Cannot read IP mode file for STMicroelectronics.FP-SNS-MOTENV1.5.0.0
2025-08-12 12:39:48,624 [WARN] PackLoader:240 - Cannot read IP mode file for WES.I-CUBE-Cesium.1.3.0
2025-08-12 12:39:48,628 [WARN] PackLoader:240 - Cannot read IP mode file for STMicroelectronics.X-CUBE-BLE2.3.3.0
2025-08-12 12:39:48,631 [WARN] PackLoader:240 - Cannot read IP mode file for STMicroelectronics.X-CUBE-NFC9.1.0.0
2025-08-12 12:39:48,635 [WARN] PackLoader:240 - Cannot read IP mode file for wolfSSL.I-CUBE-wolfSSL.5.8.0
2025-08-12 12:39:48,642 [WARN] PackLoader:240 - Cannot read IP mode file for STMicroelectronics.X-CUBE-BLE1.7.1.0
2025-08-12 12:39:48,646 [WARN] PackLoader:240 - Cannot read IP mode file for wolfSSL.I-CUBE-wolfMQTT.1.19.2
2025-08-12 12:39:48,653 [WARN] PackLoader:240 - Cannot read IP mode file for STMicroelectronics.X-CUBE-EEPRMA1.5.2.0
2025-08-12 12:39:48,658 [WARN] PackLoader:240 - Cannot read IP mode file for STMicroelectronics.X-CUBE-AI.10.1.0
2025-08-12 12:39:48,669 [WARN] PackLoader:240 - Cannot read IP mode file for STMicroelectronics.X-CUBE-AZRTOS-G0.1.1.0
2025-08-12 12:39:48,675 [WARN] PackLoader:240 - Cannot read IP mode file for STMicroelectronics.X-CUBE-SAFEA1.1.2.2
2025-08-12 12:39:48,680 [WARN] PackLoader:240 - Cannot read IP mode file for STMicroelectronics.X-CUBE-NFC4.3.0.0
2025-08-12 12:39:48,686 [WARN] PackLoader:240 - Cannot read IP mode file for EmbeddedOffice.I-CUBE-FS-RTOS.1.0.1
2025-08-12 12:39:48,691 [WARN] PackLoader:240 - Cannot read IP mode file for STMicroelectronics.X-CUBE-WB05N.2.0.0
2025-08-12 12:39:48,694 [WARN] PackLoader:240 - Cannot read IP mode file for wolfSSL.I-CUBE-wolfTPM.3.8.0
2025-08-12 12:39:48,698 [WARN] PackLoader:240 - Cannot read IP mode file for STMicroelectronics.X-CUBE-TCPP.4.2.0
2025-08-12 12:39:48,701 [WARN] PackLoader:240 - Cannot read IP mode file for RealThread.X-CUBE-RT-Thread_Nano.4.1.1
2025-08-12 12:39:48,704 [WARN] PackLoader:240 - Cannot read IP mode file for STMicroelectronics.FP-ATR-SIGFOX1.3.2.0
2025-08-12 12:39:48,707 [WARN] PackLoader:240 - Cannot read IP mode file for STMicroelectronics.X-CUBE-EEPRMA1.5.1.0
2025-08-12 12:39:48,711 [WARN] PackLoader:240 - Cannot read IP mode file for ITTIA_DB.I-CUBE-ITTIADB.8.9.0
2025-08-12 12:39:48,717 [WARN] PackLoader:240 - Cannot read IP mode file for STMicroelectronics.X-CUBE-ST67W61.1.0.0
2025-08-12 12:39:48,719 [WARN] PackLoader:240 - Cannot read IP mode file for STMicroelectronics.X-CUBE-AI.10.2.0
2025-08-12 12:39:48,732 [WARN] PackLoader:240 - Cannot read IP mode file for SEGGER.I-CUBE-embOS.1.3.1
2025-08-12 12:39:48,757 [WARN] PackLoader:240 - Cannot read IP mode file for STMicroelectronics.X-CUBE-ALGOBUILD.1.4.0
2025-08-12 12:39:48,781 [WARN] PackLoader:240 - Cannot read IP mode file for STMicroelectronics.X-CUBE-MEMS1.11.3.0
2025-08-12 12:39:48,836 [WARN] PackLoader:240 - Cannot read IP mode file for STMicroelectronics.X-CUBE-PM33A1.1.0.0
2025-08-12 12:39:48,843 [WARN] PackLoader:240 - Cannot read IP mode file for STMicroelectronics.X-CUBE-AZRTOS-F4.1.1.0
2025-08-12 12:39:48,846 [WARN] PackLoader:240 - Cannot read IP mode file for Avnet-IotConnect.X-CUBE-IoTC-DA16k-PMOD.1.0.0
2025-08-12 12:39:48,850 [WARN] PackLoader:240 - Cannot read IP mode file for STMicroelectronics.X-CUBE-ISPU.2.1.0
2025-08-12 12:39:48,853 [WARN] PackLoader:240 - Cannot read IP mode file for STMicroelectronics.X-CUBE-NFC12.1.0.0
2025-08-12 12:39:48,860 [WARN] PackLoader:240 - Cannot read IP mode file for STMicroelectronics.X-CUBE-AZRTOS-L5.2.0.0
2025-08-12 12:39:48,865 [WARN] PackLoader:240 - Cannot read IP mode file for STMicroelectronics.X-CUBE-NFC6.3.1.0
2025-08-12 12:39:48,869 [WARN] PackLoader:240 - Cannot read IP mode file for STMicroelectronics.X-CUBE-FREERTOS.1.3.1
2025-08-12 12:39:48,872 [WARN] PackLoader:240 - Cannot read IP mode file for STMicroelectronics.FP-SNS-STAIOTCFT.1.0.0
2025-08-12 12:39:48,875 [WARN] PackLoader:240 - Cannot read IP mode file for STMicroelectronics.X-CUBE-DPower.1.3.0
2025-08-12 12:39:48,885 [WARN] ConditionMgr:438 - getConditionDescription Invalid condition id : LAN8742 Phy interface Condition cause : null
2025-08-12 12:39:48,886 [WARN] PackLoader:240 - Cannot read IP mode file for STMicroelectronics.X-CUBE-AZRTOS-L4.2.0.0
2025-08-12 12:39:48,887 [WARN] ConditionMgr:1044 - genDependencies : Invalid condition id : LAN8742 Phy interface Condition cause : null
2025-08-12 12:39:48,887 [WARN] ConditionMgr:1044 - genDependencies : Invalid condition id : LAN8742 Phy interface Condition cause : null
2025-08-12 12:39:48,887 [WARN] ConditionMgr:1044 - genDependencies : Invalid condition id : LAN8742 Phy interface Condition cause : null
2025-08-12 12:39:48,892 [WARN] PackLoader:240 - Cannot read IP mode file for STMicroelectronics.X-CUBE-SFXS2LP1.4.0.0
2025-08-12 12:39:48,902 [WARN] PackLoader:240 - Cannot read IP mode file for STMicroelectronics.X-CUBE-AZRTOS-H7.3.3.0
2025-08-12 12:39:48,911 [WARN] PackLoader:240 - Cannot read IP mode file for STMicroelectronics.X-CUBE-BLEMGR.4.1.0
2025-08-12 12:39:48,944 [WARN] ConditionMgr:438 - getConditionDescription Invalid condition id : UX DEVICE CLASS RTOS Condition cause : null
2025-08-12 12:39:48,944 [WARN] ConditionMgr:438 - getConditionDescription Invalid condition id : UX DEVICE CLASS RTOS Condition cause : null
2025-08-12 12:39:48,947 [WARN] PackLoader:240 - Cannot read IP mode file for STMicroelectronics.X-CUBE-AZRTOS-WB.2.0.0
2025-08-12 12:39:48,948 [WARN] ConditionMgr:1044 - genDependencies : Invalid condition id : UX DEVICE CLASS RTOS Condition cause : null
2025-08-12 12:39:48,948 [WARN] ConditionMgr:1044 - genDependencies : Invalid condition id : UX DEVICE CLASS RTOS Condition cause : null
2025-08-12 12:39:48,949 [WARN] ConditionMgr:1044 - genDependencies : Invalid condition id : UX DEVICE CLASS RTOS Condition cause : null
2025-08-12 12:39:48,949 [WARN] ConditionMgr:1044 - genDependencies : Invalid condition id : UX DEVICE CLASS RTOS Condition cause : null
2025-08-12 12:39:48,949 [WARN] ConditionMgr:1044 - genDependencies : Invalid condition id : UX DEVICE CLASS RTOS Condition cause : null
2025-08-12 12:39:48,956 [WARN] PackLoader:240 - Cannot read IP mode file for STMicroelectronics.X-CUBE-GNSS1.7.0.1
2025-08-12 12:39:48,962 [WARN] PackLoader:240 - Cannot read IP mode file for STMicroelectronics.X-CUBE-TOUCHGFX.4.25.0
2025-08-12 12:39:48,969 [WARN] PackLoader:240 - Cannot read IP mode file for STMicroelectronics.FP-SNS-STBOX1.2.0.0
2025-08-12 12:39:48,977 [WARN] PackLoader:240 - Cannot read IP mode file for STMicroelectronics.X-CUBE-SUBG2.5.0.0
2025-08-12 12:39:48,986 [WARN] PackLoader:240 - Cannot read IP mode file for STMicroelectronics.X-CUBE-AZRTOS-H7RS.1.1.0
2025-08-12 12:39:48,991 [WARN] PackLoader:240 - Cannot read IP mode file for Cesanta.I-CUBE-Mongoose.7.13.0
2025-08-12 12:39:48,998 [WARN] PackLoader:240 - Cannot read IP mode file for STMicroelectronics.X-CUBE-AZRTOS-G4.2.0.0
2025-08-12 12:39:49,002 [WARN] PackLoader:240 - Cannot read IP mode file for wolfSSL.I-CUBE-wolfSSH.1.4.20
2025-08-12 12:39:49,005 [WARN] PackLoader:240 - Cannot read IP mode file for STMicroelectronics.X-CUBE-NFC7.2.0.0
2025-08-12 12:39:49,012 [WARN] PackLoader:240 - Cannot read IP mode file for STMicroelectronics.X-CUBE-IPS.3.1.0
2025-08-12 12:39:49,020 [WARN] PackLoader:240 - Cannot read IP mode file for STMicroelectronics.X-CUBE-ALS.1.0.2
2025-08-12 12:39:49,026 [WARN] PackLoader:240 - Cannot read IP mode file for portGmbH.I-Cube-SoM-uGOAL.1.1.0
2025-08-12 12:39:49,034 [WARN] PackLoader:240 - Cannot read IP mode file for STMicroelectronics.X-CUBE-TOF1.3.4.3
2025-08-12 12:39:49,042 [INFO] ThirdParty:978 - Integrity check success = true
2025-08-12 12:39:49,042 [INFO] IntegrityCheckThread:100 - exiting critical section [integrity check]
2025-08-12 12:39:49,042 [INFO] IntegrityCheckThread:103 - End integrity checks thread
2025-08-12 13:29:24,451 [ERROR] LogOutputStream:75 - [STDERR_REDIRECT] 
