2025-08-07 00:27:08,408 [INFO] Activator:176 - 


2025-08-07 00:27:08,411 [INFO] Activator:177 - !SESSION log4j initialized
2025-08-07 00:27:12,398 [INFO] LogOutputStream:77 - [STDOUT_REDIRECT] 
2025-08-07 00:27:13,699 [INFO] ApplicationProperties:184 - Using Application install path: C:\ST\STM32CubeIDE_1.18.1\STM32CubeIDE\plugins\com.st.stm32cube.common.mx_6.14.1.202504091515
2025-08-07 00:27:13,712 [INFO] DbMcusXml:78 - Set database path to: C:\ST\STM32CubeIDE_1.18.1\STM32CubeIDE\plugins\com.st.stm32cube.common.mx_6.14.1.202504091515\\db\/mcu/
2025-08-07 00:27:13,712 [INFO] ApiDb:274 - Set plugin database path to: C:\ST\STM32CubeIDE_1.18.1\STM32CubeIDE\plugins\com.st.stm32cube.common.mx_6.14.1.202504091515\\db\/plugins/boardmanager/
2025-08-07 00:27:13,712 [WARN] ApiDb:259 - Overriding images path with different value:  => C:\ST\STM32CubeIDE_1.18.1\STM32CubeIDE\plugins\com.st.stm32cube.common.mx_6.14.1.202504091515\\db\/plugins/mcufinder/images/
2025-08-07 00:27:13,719 [INFO] ApiDb:250 - Set database path to: C:\Users\TUF\.stmcufinder\plugins\mcufinder//mcu/
2025-08-07 00:27:13,721 [INFO] DbMcusAds:125 - Set database path to: C:\Users\TUF\.stmcufinder\plugins\mcufinder//mcu/
2025-08-07 00:27:13,722 [INFO] CrossReferenceDbSqlite:203 - Set database path to: C:\Users\TUF\.stmcufinder\plugins\mcufinder//mcu/cs/
2025-08-07 00:27:13,802 [INFO] RulesReader:64 - Compatibility file has been processed (302 Rules)
2025-08-07 00:27:13,882 [INFO] DbMcusXml:78 - Set database path to: C:\ST\STM32CubeIDE_1.18.1\STM32CubeIDE\plugins\com.st.stm32cube.common.mx_6.14.1.202504091515\\db\/mcu/
2025-08-07 00:27:13,882 [INFO] ApiDb:274 - Set plugin database path to: C:\ST\STM32CubeIDE_1.18.1\STM32CubeIDE\plugins\com.st.stm32cube.common.mx_6.14.1.202504091515\\db\/plugins/boardmanager/
2025-08-07 00:27:13,883 [INFO] ApiDb:261 - Set plugin images path to: C:\ST\STM32CubeIDE_1.18.1\STM32CubeIDE\plugins\com.st.stm32cube.common.mx_6.14.1.202504091515\\db\/plugins/mcufinder/images/
2025-08-07 00:27:13,883 [WARN] DbFile:41 - Overriding database path with different value: C:\Users\TUF\.stmcufinder\plugins\mcufinder/ => C:\Users\TUF\.stmcufinder\plugins\mcufinder
2025-08-07 00:27:13,883 [INFO] ApiDb:250 - Set database path to: C:\Users\TUF\.stmcufinder\plugins\mcufinder//mcu/
2025-08-07 00:27:13,883 [WARN] DbFile:41 - Overriding database path with different value: C:\Users\TUF\.stmcufinder\plugins\mcufinder/ => C:\Users\TUF\.stmcufinder\plugins\mcufinder
2025-08-07 00:27:13,883 [INFO] DbMcusAds:125 - Set database path to: C:\Users\TUF\.stmcufinder\plugins\mcufinder//mcu/
2025-08-07 00:27:13,883 [WARN] DbFile:41 - Overriding database path with different value: C:\Users\TUF\.stmcufinder\plugins\mcufinder/ => C:\Users\TUF\.stmcufinder\plugins\mcufinder
2025-08-07 00:27:13,883 [WARN] DbFile:41 - Overriding database path with different value: C:\Users\TUF\.stmcufinder\plugins\mcufinder/ => C:\Users\TUF\.stmcufinder\plugins\mcufinder
2025-08-07 00:27:13,883 [INFO] CrossReferenceDbSqlite:203 - Set database path to: C:\Users\TUF\.stmcufinder\plugins\mcufinder//mcu/cs/
2025-08-07 00:27:13,943 [INFO] MainPanel:272 - HeapMemory: 268435456
2025-08-07 00:27:14,021 [INFO] DbMcusXml:78 - Set database path to: C:\ST\STM32CubeIDE_1.18.1\STM32CubeIDE\plugins\com.st.stm32cube.common.mx_6.14.1.202504091515\\db\/mcu/
2025-08-07 00:27:14,021 [INFO] ApiDb:274 - Set plugin database path to: C:\ST\STM32CubeIDE_1.18.1\STM32CubeIDE\plugins\com.st.stm32cube.common.mx_6.14.1.202504091515\\db\/plugins/boardmanager/
2025-08-07 00:27:14,021 [INFO] ApiDb:261 - Set plugin images path to: C:\ST\STM32CubeIDE_1.18.1\STM32CubeIDE\plugins\com.st.stm32cube.common.mx_6.14.1.202504091515\\db\/plugins/mcufinder/images/
2025-08-07 00:27:14,021 [WARN] DbFile:41 - Overriding database path with different value: C:\Users\TUF\.stmcufinder\plugins\mcufinder/ => C:\Users\TUF\.stmcufinder\plugins\mcufinder
2025-08-07 00:27:14,021 [INFO] ApiDb:250 - Set database path to: C:\Users\TUF\.stmcufinder\plugins\mcufinder//mcu/
2025-08-07 00:27:14,021 [WARN] DbFile:41 - Overriding database path with different value: C:\Users\TUF\.stmcufinder\plugins\mcufinder/ => C:\Users\TUF\.stmcufinder\plugins\mcufinder
2025-08-07 00:27:14,022 [INFO] DbMcusAds:125 - Set database path to: C:\Users\TUF\.stmcufinder\plugins\mcufinder//mcu/
2025-08-07 00:27:14,022 [WARN] DbFile:41 - Overriding database path with different value: C:\Users\TUF\.stmcufinder\plugins\mcufinder/ => C:\Users\TUF\.stmcufinder\plugins\mcufinder
2025-08-07 00:27:14,022 [WARN] DbFile:41 - Overriding database path with different value: C:\Users\TUF\.stmcufinder\plugins\mcufinder/ => C:\Users\TUF\.stmcufinder\plugins\mcufinder
2025-08-07 00:27:14,022 [INFO] CrossReferenceDbSqlite:203 - Set database path to: C:\Users\TUF\.stmcufinder\plugins\mcufinder//mcu/cs/
2025-08-07 00:27:14,036 [INFO] ApplicationProperties:184 - Using Application install path: C:\ST\STM32CubeIDE_1.18.1\STM32CubeIDE\plugins\com.st.stm32cube.common.mx_6.14.1.202504091515
2025-08-07 00:27:14,037 [INFO] PluginManage:196 - Search for loadable plugins [exclusion list=, ]
2025-08-07 00:27:14,039 [INFO] PluginManage:310 - Check plugin analytics
2025-08-07 00:27:14,220 [INFO] AnalyticsPlugin:253 - Accepted Software Licenses: 
2025-08-07 00:27:14,220 [INFO] AnalyticsPlugin:255 - Accepted CMSIS Pack Licenses: 
2025-08-07 00:27:14,220 [INFO] AnalyticsPlugin:257 - Accepted Firmware Licenses: 
2025-08-07 00:27:14,225 [INFO] PluginManage:359 - Loaded plugin analytics (category:tool,tabindex:-1)
2025-08-07 00:27:14,226 [INFO] PluginManage:310 - Check plugin cadmodel
2025-08-07 00:27:14,234 [INFO] CADModel:105 - Init CAD model plugin
2025-08-07 00:27:14,234 [INFO] PluginManage:359 - Loaded plugin cadmodel (category:power,tabindex:5)
2025-08-07 00:27:14,234 [INFO] PluginManage:310 - Check plugin clock
2025-08-07 00:27:14,248 [INFO] PluginManage:359 - Loaded plugin clock (category:base,tabindex:2)
2025-08-07 00:27:14,248 [INFO] PluginManage:310 - Check plugin ddr
2025-08-07 00:27:14,251 [INFO] PluginManage:359 - Loaded plugin ddr (category:tool,tabindex:6)
2025-08-07 00:27:14,251 [INFO] PluginManage:310 - Check plugin filemanager
2025-08-07 00:27:14,402 [INFO] PluginManage:359 - Loaded plugin filemanager (category:base,tabindex:10)
2025-08-07 00:27:14,402 [INFO] PluginManage:310 - Check plugin ipmanager
2025-08-07 00:27:14,408 [INFO] PluginManage:359 - Loaded plugin ipmanager (category:base,tabindex:5)
2025-08-07 00:27:14,408 [INFO] PluginManage:310 - Check plugin lpbam
2025-08-07 00:27:14,415 [INFO] PluginManage:359 - Loaded plugin lpbam (category:base,tabindex:0)
2025-08-07 00:27:14,415 [INFO] PluginManage:310 - Check plugin memorymap
2025-08-07 00:27:14,427 [INFO] PluginManage:359 - Loaded plugin memorymap (category:base,tabindex:4)
2025-08-07 00:27:14,427 [INFO] PluginManage:310 - Check plugin pinoutandconfiguration
2025-08-07 00:27:14,434 [INFO] PluginManage:359 - Loaded plugin pinoutandconfiguration (category:base,tabindex:1)
2025-08-07 00:27:14,434 [INFO] PluginManage:310 - Check plugin pinoutconfig
2025-08-07 00:27:14,498 [WARN] SupportedApi:132 - Cannot load RTOS API schema: s4s-elt-must-match.1: The content of 'definitions' must match (annotation?, (simpleType | complexType)?, (unique | key | keyref)*)). A problem was found starting at: attribute.
2025-08-07 00:27:14,595 [INFO] PluginManage:359 - Loaded plugin pinoutconfig (category:base,tabindex:0)
2025-08-07 00:27:14,596 [INFO] PluginManage:310 - Check plugin power
2025-08-07 00:27:14,603 [INFO] PluginManage:359 - Loaded plugin power (category:power,tabindex:4)
2025-08-07 00:27:14,603 [INFO] PluginManage:310 - Check plugin projectmanager
2025-08-07 00:27:14,622 [INFO] PluginManage:359 - Loaded plugin projectmanager (category:projectmanager,tabindex:4)
2025-08-07 00:27:14,622 [INFO] PluginManage:310 - Check plugin rif
2025-08-07 00:27:14,633 [INFO] PluginManage:359 - Loaded plugin rif (category:base,tabindex:3)
2025-08-07 00:27:14,633 [INFO] PluginManage:310 - Check plugin thirdparty
2025-08-07 00:27:14,757 [INFO] PluginManage:359 - Loaded plugin thirdparty (category:base,tabindex:-1)
2025-08-07 00:27:14,757 [WARN] IntegrityCheckThread:84 - waiting for thirdparty lock release [integrity check]
2025-08-07 00:27:14,757 [INFO] PluginManage:310 - Check plugin tools
2025-08-07 00:27:14,758 [INFO] IntegrityCheckThread:86 - entering critical section [integrity check]
2025-08-07 00:27:14,758 [INFO] ThirdPartyUpdaterWithRetryManager:70 - Updater plugin not ready yet. [1/15]
2025-08-07 00:27:14,760 [INFO] PluginManage:359 - Loaded plugin tools (category:base,tabindex:7)
2025-08-07 00:27:14,760 [INFO] PluginManage:310 - Check plugin tutovideos
2025-08-07 00:27:14,896 [INFO] PluginManage:359 - Loaded plugin tutovideos (category:base,tabindex:-1)
2025-08-07 00:27:14,896 [INFO] PluginManage:310 - Check plugin updater
2025-08-07 00:27:14,916 [INFO] PluginManage:359 - Loaded plugin updater (category:base,tabindex:12)
2025-08-07 00:27:14,917 [INFO] PluginManage:310 - Check plugin userauth
2025-08-07 00:27:14,920 [INFO] UserAuth:118 - Init User Auth plugin
2025-08-07 00:27:14,921 [INFO] PluginManage:359 - Loaded plugin userauth (category:base,tabindex:14)
2025-08-07 00:27:14,921 [INFO] PluginManage:283 - PluginManage : Loaded plugins [18]
2025-08-07 00:27:15,075 [INFO] PinOutPanel:1589 - setPackage(No Configuration,No Configuration)
2025-08-07 00:27:15,144 [INFO] CADModel:165 - CPN selected for project level
2025-08-07 00:27:15,144 [INFO] CADModel:114 - Register for checkConnection events
2025-08-07 00:27:15,159 [INFO] IPUIPlugin:80 - create IPUIPlugin
2025-08-07 00:27:15,160 [INFO] PluginManager:220 - loadIPPluginJar : add adc
2025-08-07 00:27:15,163 [INFO] IPUIPlugin:80 - create IPUIPlugin
2025-08-07 00:27:15,163 [INFO] PluginManager:220 - loadIPPluginJar : add aes
2025-08-07 00:27:15,166 [INFO] IPUIPlugin:80 - create IPUIPlugin
2025-08-07 00:27:15,167 [INFO] PluginManager:220 - loadIPPluginJar : add can
2025-08-07 00:27:15,169 [INFO] IPUIPlugin:80 - create IPUIPlugin
2025-08-07 00:27:15,169 [INFO] PluginManager:220 - loadIPPluginJar : add comp
2025-08-07 00:27:15,171 [INFO] IPUIPlugin:80 - create IPUIPlugin
2025-08-07 00:27:15,172 [INFO] PluginManager:220 - loadIPPluginJar : add cryp
2025-08-07 00:27:15,177 [INFO] IPUIPlugin:80 - create IPUIPlugin
2025-08-07 00:27:15,177 [INFO] PluginManager:220 - loadIPPluginJar : add ddr_ctrl_phy
2025-08-07 00:27:15,180 [INFO] IPUIPlugin:80 - create IPUIPlugin
2025-08-07 00:27:15,180 [INFO] PluginManager:220 - loadIPPluginJar : add dfsdm
2025-08-07 00:27:15,188 [INFO] IPUIPlugin:80 - create IPUIPlugin
2025-08-07 00:27:15,188 [INFO] PluginManager:220 - loadIPPluginJar : add dma
2025-08-07 00:27:15,191 [INFO] IPUIPlugin:80 - create IPUIPlugin
2025-08-07 00:27:15,191 [INFO] PluginManager:220 - loadIPPluginJar : add dma3
2025-08-07 00:27:15,195 [INFO] IPUIPlugin:80 - create IPUIPlugin
2025-08-07 00:27:15,195 [INFO] PluginManager:220 - loadIPPluginJar : add extmemmanager
2025-08-07 00:27:15,197 [INFO] IPUIPlugin:80 - create IPUIPlugin
2025-08-07 00:27:15,197 [INFO] PluginManager:220 - loadIPPluginJar : add fatfs
2025-08-07 00:27:15,202 [INFO] IPUIPlugin:80 - create IPUIPlugin
2025-08-07 00:27:15,202 [INFO] PluginManager:220 - loadIPPluginJar : add fmc
2025-08-07 00:27:15,209 [INFO] IPUIPlugin:80 - create IPUIPlugin
2025-08-07 00:27:15,209 [INFO] PluginManager:220 - loadIPPluginJar : add freertos
2025-08-07 00:27:15,212 [INFO] IPUIPlugin:80 - create IPUIPlugin
2025-08-07 00:27:15,212 [INFO] PluginManager:220 - loadIPPluginJar : add genericplugin
2025-08-07 00:27:15,213 [INFO] IPUIPlugin:80 - create IPUIPlugin
2025-08-07 00:27:15,213 [INFO] PluginManager:220 - loadIPPluginJar : add gfxmmu
2025-08-07 00:27:15,217 [INFO] IPUIPlugin:80 - create IPUIPlugin
2025-08-07 00:27:15,217 [INFO] PluginManager:220 - loadIPPluginJar : add gic
2025-08-07 00:27:15,222 [INFO] IPUIPlugin:80 - create IPUIPlugin
2025-08-07 00:27:15,222 [INFO] PluginManager:220 - loadIPPluginJar : add gpio
2025-08-07 00:27:15,226 [INFO] IPUIPlugin:80 - create IPUIPlugin
2025-08-07 00:27:15,226 [INFO] PluginManager:220 - loadIPPluginJar : add gtzc
2025-08-07 00:27:15,227 [INFO] IPUIPlugin:80 - create IPUIPlugin
2025-08-07 00:27:15,228 [INFO] PluginManager:220 - loadIPPluginJar : add hash
2025-08-07 00:27:15,229 [INFO] IPUIPlugin:80 - create IPUIPlugin
2025-08-07 00:27:15,229 [INFO] PluginManager:220 - loadIPPluginJar : add i2c
2025-08-07 00:27:15,231 [INFO] IPUIPlugin:80 - create IPUIPlugin
2025-08-07 00:27:15,231 [INFO] PluginManager:220 - loadIPPluginJar : add i2s
2025-08-07 00:27:15,233 [INFO] IPUIPlugin:80 - create IPUIPlugin
2025-08-07 00:27:15,233 [INFO] PluginManager:220 - loadIPPluginJar : add i3c
2025-08-07 00:27:15,237 [INFO] IPUIPlugin:80 - create IPUIPlugin
2025-08-07 00:27:15,238 [INFO] PluginManager:220 - loadIPPluginJar : add ipddr
2025-08-07 00:27:15,244 [INFO] IPUIPlugin:80 - create IPUIPlugin
2025-08-07 00:27:15,244 [INFO] PluginManager:220 - loadIPPluginJar : add linkedlist
2025-08-07 00:27:15,247 [INFO] IPUIPlugin:80 - create IPUIPlugin
2025-08-07 00:27:15,247 [INFO] PluginManager:220 - loadIPPluginJar : add lorawan
2025-08-07 00:27:15,248 [INFO] IPUIPlugin:80 - create IPUIPlugin
2025-08-07 00:27:15,248 [INFO] PluginManager:220 - loadIPPluginJar : add ltdc
2025-08-07 00:27:15,252 [INFO] IPUIPlugin:80 - create IPUIPlugin
2025-08-07 00:27:15,252 [INFO] PluginManager:220 - loadIPPluginJar : add mdma
2025-08-07 00:27:15,255 [INFO] IPUIPlugin:80 - create IPUIPlugin
2025-08-07 00:27:15,255 [INFO] PluginManager:220 - loadIPPluginJar : add nvic
2025-08-07 00:27:15,259 [INFO] IPUIPlugin:80 - create IPUIPlugin
2025-08-07 00:27:15,259 [INFO] PluginManager:220 - loadIPPluginJar : add opamp
2025-08-07 00:27:15,261 [INFO] IPUIPlugin:80 - create IPUIPlugin
2025-08-07 00:27:15,261 [INFO] PluginManager:220 - loadIPPluginJar : add openamp
2025-08-07 00:27:15,263 [INFO] IPUIPlugin:80 - create IPUIPlugin
2025-08-07 00:27:15,263 [INFO] PluginManager:220 - loadIPPluginJar : add pdm2pcm
2025-08-07 00:27:15,268 [INFO] IPUIPlugin:80 - create IPUIPlugin
2025-08-07 00:27:15,269 [INFO] PluginManager:220 - loadIPPluginJar : add plateformsettings
2025-08-07 00:27:15,270 [INFO] IPUIPlugin:80 - create IPUIPlugin
2025-08-07 00:27:15,270 [INFO] PluginManager:220 - loadIPPluginJar : add quadspi
2025-08-07 00:27:15,272 [INFO] IPUIPlugin:80 - create IPUIPlugin
2025-08-07 00:27:15,273 [INFO] PluginManager:220 - loadIPPluginJar : add radio
2025-08-07 00:27:15,277 [INFO] IPUIPlugin:80 - create IPUIPlugin
2025-08-07 00:27:15,277 [INFO] PluginManager:220 - loadIPPluginJar : add resmgrutility
2025-08-07 00:27:15,279 [INFO] IPUIPlugin:80 - create IPUIPlugin
2025-08-07 00:27:15,279 [INFO] PluginManager:220 - loadIPPluginJar : add sai
2025-08-07 00:27:15,281 [INFO] IPUIPlugin:80 - create IPUIPlugin
2025-08-07 00:27:15,281 [INFO] PluginManager:220 - loadIPPluginJar : add spi
2025-08-07 00:27:15,288 [INFO] IPUIPlugin:80 - create IPUIPlugin
2025-08-07 00:27:15,289 [INFO] PluginManager:220 - loadIPPluginJar : add stm32_wpan
2025-08-07 00:27:15,289 [INFO] IPUIPlugin:80 - create IPUIPlugin
2025-08-07 00:27:15,290 [INFO] PluginManager:220 - loadIPPluginJar : add tim
2025-08-07 00:27:15,292 [INFO] IPUIPlugin:80 - create IPUIPlugin
2025-08-07 00:27:15,292 [INFO] PluginManager:220 - loadIPPluginJar : add touchsensing
2025-08-07 00:27:15,294 [INFO] IPUIPlugin:80 - create IPUIPlugin
2025-08-07 00:27:15,295 [INFO] PluginManager:220 - loadIPPluginJar : add tracer_emb
2025-08-07 00:27:15,297 [INFO] IPUIPlugin:80 - create IPUIPlugin
2025-08-07 00:27:15,297 [INFO] PluginManager:220 - loadIPPluginJar : add ts
2025-08-07 00:27:15,299 [INFO] IPUIPlugin:80 - create IPUIPlugin
2025-08-07 00:27:15,299 [INFO] PluginManager:220 - loadIPPluginJar : add tsc
2025-08-07 00:27:15,301 [INFO] IPUIPlugin:80 - create IPUIPlugin
2025-08-07 00:27:15,301 [INFO] PluginManager:220 - loadIPPluginJar : add ucpd
2025-08-07 00:27:15,303 [INFO] IPUIPlugin:80 - create IPUIPlugin
2025-08-07 00:27:15,303 [INFO] PluginManager:220 - loadIPPluginJar : add usart
2025-08-07 00:27:15,305 [INFO] IPUIPlugin:80 - create IPUIPlugin
2025-08-07 00:27:15,305 [INFO] PluginManager:220 - loadIPPluginJar : add usbx
2025-08-07 00:27:15,423 [FATAL] Updater:351 - Updater called before beeing initialized
2025-08-07 00:27:15,444 [INFO] RulesReader:64 - Compatibility file has been processed (302 Rules)
2025-08-07 00:27:15,453 [INFO] RulesReader:64 - Compatibility file has been processed (302 Rules)
2025-08-07 00:27:15,461 [INFO] CADModel:165 - CPN selected for project level
2025-08-07 00:27:15,461 [INFO] CADModel:114 - Register for checkConnection events
2025-08-07 00:27:15,461 [FATAL] Updater:351 - Updater called before beeing initialized
2025-08-07 00:27:15,461 [ERROR] CADModel:125 - Updater not yet initialized, retry later 
2025-08-07 00:27:15,604 [FATAL] Updater:351 - Updater called before beeing initialized
2025-08-07 00:27:15,606 [INFO] CADModel:165 - CPN selected for project level
2025-08-07 00:27:15,606 [INFO] CADModel:114 - Register for checkConnection events
2025-08-07 00:27:15,606 [FATAL] Updater:351 - Updater called before beeing initialized
2025-08-07 00:27:15,606 [ERROR] CADModel:125 - Updater not yet initialized, retry later 
2025-08-07 00:27:15,610 [FATAL] Updater:351 - Updater called before beeing initialized
2025-08-07 00:27:15,696 [FATAL] Updater:351 - Updater called before beeing initialized
2025-08-07 00:27:15,699 [INFO] DbMcusAds:53 - JSON generation date=Tue Jul 08 16:14:23 CST 2025 (1751962463593)
2025-08-07 00:27:15,699 [FATAL] Updater:351 - Updater called before beeing initialized
2025-08-07 00:27:15,726 [WARN] DetailPanel:346 - Failed to get advertising image, set to default
2025-08-07 00:27:15,879 [FATAL] Updater:351 - Updater called before beeing initialized
2025-08-07 00:27:15,882 [FATAL] Updater:351 - Updater called before beeing initialized
2025-08-07 00:27:15,882 [FATAL] Updater:351 - Updater called before beeing initialized
2025-08-07 00:27:15,882 [WARN] DetailPanel:346 - Failed to get advertising image, set to default
2025-08-07 00:27:15,883 [FATAL] Updater:351 - Updater called before beeing initialized
2025-08-07 00:27:15,917 [ERROR] Updater:1198 - MainUpdater not yet initialized. External WinMGr cannot be set.
2025-08-07 00:27:15,918 [INFO] Updater:1134 - Updater Version found : 6.14.1
2025-08-07 00:27:15,933 [INFO] ApplicationProperties:184 - Using Application install path: C:\ST\STM32CubeIDE_1.18.1\STM32CubeIDE\plugins\com.st.stm32cube.common.mx_6.14.1.202504091515
2025-08-07 00:27:17,502 [ERROR] LogOutputStream:75 - [STDERR_REDIRECT] Aug 07, 2025 12:27:17 AM java.util.prefs.WindowsPreferences <init>
2025-08-07 00:27:17,503 [ERROR] LogOutputStream:75 - [STDERR_REDIRECT] WARNING: Could not open/create prefs root node Software\JavaSoft\Prefs at root 0xffffffff80000002. Windows RegCreateKeyEx(...) returned error code 5.
2025-08-07 00:27:17,503 [ERROR] LogOutputStream:75 - [STDERR_REDIRECT] 
2025-08-07 00:27:17,759 [INFO] ThirdPartyUpdaterWithRetryManager:70 - Updater plugin not ready yet. [2/15]
2025-08-07 00:27:17,775 [INFO] MainUpdater:2872 - connection check result : 10
2025-08-07 00:27:17,776 [INFO] MainUpdater:289 - Updater Check For Update Now.
2025-08-07 00:27:17,776 [INFO] MicroXplorer:498 - Change Database Version : DB.6.0.141
2025-08-07 00:27:17,781 [INFO] McuFinderGlobals:63 - Set McuFinder mode to 2 (CubeIDE integrated)
2025-08-07 00:27:17,781 [INFO] UserAuth:171 - activating auth plugin
2025-08-07 00:27:17,784 [INFO] UserAuth:484 - Internet connection configuration mode: 1
2025-08-07 00:27:17,826 [INFO] JxBrowserEngine:152 - Initiate JxBrowser Engine with user profile folder
2025-08-07 00:27:17,950 [INFO] CheckServerUpdateThread:120 - End of CheckServer Thread
2025-08-07 00:27:19,222 [INFO] WebApp:169 - Instantiating new browser for Auth
2025-08-07 00:27:19,855 [INFO] WebApp:463 - Apply proxy settings
2025-08-07 00:27:19,855 [INFO] WebApp:548 - Chromium requires no authentication
2025-08-07 00:27:19,865 [INFO] WebApp:491 - Direct internet connection detected
2025-08-07 00:27:19,891 [INFO] WebApp:894 - Register for checkConnection events
2025-08-07 00:27:19,891 [INFO] WebApp:463 - Apply proxy settings
2025-08-07 00:27:19,891 [INFO] WebApp:548 - Chromium requires no authentication
2025-08-07 00:27:19,892 [INFO] WebApp:491 - Direct internet connection detected
2025-08-07 00:27:20,039 [INFO] WebApp:191 - Connection restablished
2025-08-07 00:27:20,087 [INFO] WebApp:225 - Starting web application
2025-08-07 00:27:20,087 [INFO] WebApp:593 - Web application path used C:\ST\STM32CubeIDE_1.18.1\STM32CubeIDE\plugins\com.st.stm32cube.common.mx_6.14.1.202504091515\db\plugins\mcufinder\reactClient1\index.html
2025-08-07 00:27:21,132 [WARN] PackLoader:240 - Cannot read IP mode file for STMicroelectronics.FP-SNS-MOTENVWB1.1.4.0
2025-08-07 00:27:21,142 [WARN] PackLoader:240 - Cannot read IP mode file for STMicroelectronics.FP-ATR-ASTRA1.2.0.2
2025-08-07 00:27:21,152 [WARN] PackLoader:240 - Cannot read IP mode file for STMicroelectronics.X-CUBE-SMBUS.2.1.0
2025-08-07 00:27:21,156 [WARN] PackLoader:240 - Cannot read IP mode file for STMicroelectronics.X-CUBE-ST60.1.0.0
2025-08-07 00:27:21,186 [WARN] PackLoader:240 - Cannot read IP mode file for STMicroelectronics.X-CUBE-AZRTOS-F7.1.1.0
2025-08-07 00:27:21,224 [WARN] PackLoader:240 - Cannot read IP mode file for Infineon.AIROC-Wi-Fi-Bluetooth-STM32.1.7.0
2025-08-07 00:27:21,271 [WARN] PackLoader:240 - Cannot read IP mode file for STMicroelectronics.X-CUBE-AZRTOS-H7.3.4.0
2025-08-07 00:27:21,281 [WARN] PackLoader:240 - Cannot read IP mode file for STMicroelectronics.X-CUBE-DISPLAY.3.0.0
2025-08-07 00:27:21,297 [WARN] PackLoader:240 - Cannot read IP mode file for STMicroelectronics.X-CUBE-NFC10.1.0.0
2025-08-07 00:27:21,308 [WARN] PackLoader:240 - Cannot read IP mode file for STMicroelectronics.X-CUBE-BLEMGR.4.0.0
2025-08-07 00:27:21,317 [WARN] PackLoader:240 - Cannot read IP mode file for emotas.I-CUBE-CANOPEN.1.3.0
2025-08-07 00:27:21,322 [WARN] ConditionMgr:438 - getConditionDescription Invalid condition id : Cortex-A Device cause : null
2025-08-07 00:27:21,336 [WARN] ConditionMgr:1044 - genDependencies : Invalid condition id : Cortex-A Device cause : null
2025-08-07 00:27:21,337 [WARN] ConditionMgr:1044 - genDependencies : Invalid condition id : Cortex-A Device cause : null
2025-08-07 00:27:21,337 [WARN] ConditionMgr:1044 - genDependencies : Invalid condition id : Cortex-A Device cause : null
2025-08-07 00:27:21,343 [ERROR] Engine:466 - C:\Users\TUF\.stm32cubemx\thirdparties\pdsc\STMicroelectronics.FP-SNS-STBOX1.2.1.0.pdsc: PDSC version is not supported
2025-08-07 00:27:21,347 [WARN] PackLoader:240 - Cannot read IP mode file for STMicroelectronics.FP-SNS-SMARTAG2.1.2.0
2025-08-07 00:27:21,351 [WARN] PackLoader:240 - Cannot read IP mode file for STMicroelectronics.FP-SNS-FLIGHT1.5.1.0
2025-08-07 00:27:21,359 [INFO] LogOutputStream:77 - [STDOUT_REDIRECT] 1 : Invalid condition id : UX_CORESTACK_Condition cause : null
2025-08-07 00:27:21,360 [INFO] LogOutputStream:77 - [STDOUT_REDIRECT] 1 : Invalid condition id : UX_CORESTACK_Condition cause : null
2025-08-07 00:27:21,362 [INFO] LogOutputStream:77 - [STDOUT_REDIRECT] 1 : Invalid condition id : UX_CORESTACK_Condition cause : null
2025-08-07 00:27:21,363 [INFO] LogOutputStream:77 - [STDOUT_REDIRECT] 1 : Invalid condition id : UX_CORESTACK_Condition cause : null
2025-08-07 00:27:21,364 [INFO] LogOutputStream:77 - [STDOUT_REDIRECT] 1 : Invalid condition id : UX_CORESTACK_Condition cause : null
2025-08-07 00:27:21,367 [WARN] PackLoader:240 - Cannot read IP mode file for STMicroelectronics.X-CUBE-AZRTOS-WL.2.0.0
2025-08-07 00:27:21,373 [WARN] PackLoader:240 - Cannot read IP mode file for STMicroelectronics.FP-SNS-MOTENV1.5.0.0
2025-08-07 00:27:21,383 [WARN] PackLoader:240 - Cannot read IP mode file for WES.I-CUBE-Cesium.1.3.0
2025-08-07 00:27:21,390 [WARN] PackLoader:240 - Cannot read IP mode file for STMicroelectronics.X-CUBE-BLE2.3.3.0
2025-08-07 00:27:21,396 [WARN] PackLoader:240 - Cannot read IP mode file for STMicroelectronics.X-CUBE-NFC9.1.0.0
2025-08-07 00:27:21,403 [WARN] PackLoader:240 - Cannot read IP mode file for wolfSSL.I-CUBE-wolfSSL.5.8.0
2025-08-07 00:27:21,408 [WARN] PackLoader:240 - Cannot read IP mode file for STMicroelectronics.X-CUBE-BLE1.7.1.0
2025-08-07 00:27:21,411 [WARN] PackLoader:240 - Cannot read IP mode file for wolfSSL.I-CUBE-wolfMQTT.1.19.2
2025-08-07 00:27:21,416 [WARN] PackLoader:240 - Cannot read IP mode file for STMicroelectronics.X-CUBE-EEPRMA1.5.2.0
2025-08-07 00:27:21,433 [WARN] PackLoader:240 - Cannot read IP mode file for STMicroelectronics.X-CUBE-AI.10.1.0
2025-08-07 00:27:21,447 [WARN] PackLoader:240 - Cannot read IP mode file for STMicroelectronics.X-CUBE-AZRTOS-G0.1.1.0
2025-08-07 00:27:21,455 [WARN] PackLoader:240 - Cannot read IP mode file for STMicroelectronics.X-CUBE-SAFEA1.1.2.2
2025-08-07 00:27:21,460 [WARN] PackLoader:240 - Cannot read IP mode file for STMicroelectronics.X-CUBE-NFC4.3.0.0
2025-08-07 00:27:21,467 [WARN] PackLoader:240 - Cannot read IP mode file for EmbeddedOffice.I-CUBE-FS-RTOS.1.0.1
2025-08-07 00:27:21,472 [WARN] PackLoader:240 - Cannot read IP mode file for STMicroelectronics.X-CUBE-WB05N.2.0.0
2025-08-07 00:27:21,476 [WARN] PackLoader:240 - Cannot read IP mode file for wolfSSL.I-CUBE-wolfTPM.3.8.0
2025-08-07 00:27:21,482 [WARN] PackLoader:240 - Cannot read IP mode file for STMicroelectronics.X-CUBE-TCPP.4.2.0
2025-08-07 00:27:21,486 [WARN] PackLoader:240 - Cannot read IP mode file for RealThread.X-CUBE-RT-Thread_Nano.4.1.1
2025-08-07 00:27:21,491 [WARN] PackLoader:240 - Cannot read IP mode file for STMicroelectronics.FP-ATR-SIGFOX1.3.2.0
2025-08-07 00:27:21,495 [WARN] PackLoader:240 - Cannot read IP mode file for STMicroelectronics.X-CUBE-EEPRMA1.5.1.0
2025-08-07 00:27:21,502 [WARN] PackLoader:240 - Cannot read IP mode file for ITTIA_DB.I-CUBE-ITTIADB.8.9.0
2025-08-07 00:27:21,510 [WARN] PackLoader:240 - Cannot read IP mode file for STMicroelectronics.X-CUBE-ST67W61.1.0.0
2025-08-07 00:27:21,515 [WARN] PackLoader:240 - Cannot read IP mode file for STMicroelectronics.X-CUBE-AI.10.2.0
2025-08-07 00:27:21,540 [WARN] PackLoader:240 - Cannot read IP mode file for SEGGER.I-CUBE-embOS.1.3.1
2025-08-07 00:27:21,564 [WARN] PackLoader:240 - Cannot read IP mode file for STMicroelectronics.X-CUBE-ALGOBUILD.1.4.0
2025-08-07 00:27:21,598 [WARN] PackLoader:240 - Cannot read IP mode file for STMicroelectronics.X-CUBE-MEMS1.11.3.0
2025-08-07 00:27:21,688 [WARN] PackLoader:240 - Cannot read IP mode file for STMicroelectronics.X-CUBE-PM33A1.1.0.0
2025-08-07 00:27:21,699 [WARN] PackLoader:240 - Cannot read IP mode file for STMicroelectronics.X-CUBE-AZRTOS-F4.1.1.0
2025-08-07 00:27:21,705 [WARN] PackLoader:240 - Cannot read IP mode file for Avnet-IotConnect.X-CUBE-IoTC-DA16k-PMOD.1.0.0
2025-08-07 00:27:21,709 [WARN] PackLoader:240 - Cannot read IP mode file for STMicroelectronics.X-CUBE-ISPU.2.1.0
2025-08-07 00:27:21,715 [WARN] PackLoader:240 - Cannot read IP mode file for STMicroelectronics.X-CUBE-NFC12.1.0.0
2025-08-07 00:27:21,726 [WARN] PackLoader:240 - Cannot read IP mode file for STMicroelectronics.X-CUBE-AZRTOS-L5.2.0.0
2025-08-07 00:27:21,734 [WARN] PackLoader:240 - Cannot read IP mode file for STMicroelectronics.X-CUBE-NFC6.3.1.0
2025-08-07 00:27:21,739 [WARN] PackLoader:240 - Cannot read IP mode file for STMicroelectronics.X-CUBE-FREERTOS.1.3.1
2025-08-07 00:27:21,746 [WARN] PackLoader:240 - Cannot read IP mode file for STMicroelectronics.FP-SNS-STAIOTCFT.1.0.0
2025-08-07 00:27:21,752 [WARN] PackLoader:240 - Cannot read IP mode file for STMicroelectronics.X-CUBE-DPower.1.3.0
2025-08-07 00:27:21,762 [WARN] ConditionMgr:438 - getConditionDescription Invalid condition id : LAN8742 Phy interface Condition cause : null
2025-08-07 00:27:21,763 [WARN] PackLoader:240 - Cannot read IP mode file for STMicroelectronics.X-CUBE-AZRTOS-L4.2.0.0
2025-08-07 00:27:21,763 [WARN] ConditionMgr:1044 - genDependencies : Invalid condition id : LAN8742 Phy interface Condition cause : null
2025-08-07 00:27:21,763 [WARN] ConditionMgr:1044 - genDependencies : Invalid condition id : LAN8742 Phy interface Condition cause : null
2025-08-07 00:27:21,764 [WARN] ConditionMgr:1044 - genDependencies : Invalid condition id : LAN8742 Phy interface Condition cause : null
2025-08-07 00:27:21,770 [WARN] PackLoader:240 - Cannot read IP mode file for STMicroelectronics.X-CUBE-SFXS2LP1.4.0.0
2025-08-07 00:27:21,787 [WARN] PackLoader:240 - Cannot read IP mode file for STMicroelectronics.X-CUBE-AZRTOS-H7.3.3.0
2025-08-07 00:27:21,798 [WARN] PackLoader:240 - Cannot read IP mode file for STMicroelectronics.X-CUBE-BLEMGR.4.1.0
2025-08-07 00:27:21,812 [WARN] ConditionMgr:438 - getConditionDescription Invalid condition id : UX DEVICE CLASS RTOS Condition cause : null
2025-08-07 00:27:21,812 [WARN] ConditionMgr:438 - getConditionDescription Invalid condition id : UX DEVICE CLASS RTOS Condition cause : null
2025-08-07 00:27:21,813 [WARN] PackLoader:240 - Cannot read IP mode file for STMicroelectronics.X-CUBE-AZRTOS-WB.2.0.0
2025-08-07 00:27:21,813 [WARN] ConditionMgr:1044 - genDependencies : Invalid condition id : UX DEVICE CLASS RTOS Condition cause : null
2025-08-07 00:27:21,813 [WARN] ConditionMgr:1044 - genDependencies : Invalid condition id : UX DEVICE CLASS RTOS Condition cause : null
2025-08-07 00:27:21,813 [WARN] ConditionMgr:1044 - genDependencies : Invalid condition id : UX DEVICE CLASS RTOS Condition cause : null
2025-08-07 00:27:21,813 [WARN] ConditionMgr:1044 - genDependencies : Invalid condition id : UX DEVICE CLASS RTOS Condition cause : null
2025-08-07 00:27:21,813 [WARN] ConditionMgr:1044 - genDependencies : Invalid condition id : UX DEVICE CLASS RTOS Condition cause : null
2025-08-07 00:27:21,819 [WARN] PackLoader:240 - Cannot read IP mode file for STMicroelectronics.X-CUBE-GNSS1.7.0.1
2025-08-07 00:27:21,849 [WARN] PackLoader:240 - Cannot read IP mode file for STMicroelectronics.X-CUBE-TOUCHGFX.4.25.0
2025-08-07 00:27:21,857 [WARN] PackLoader:240 - Cannot read IP mode file for STMicroelectronics.FP-SNS-STBOX1.2.0.0
2025-08-07 00:27:21,882 [WARN] PackLoader:240 - Cannot read IP mode file for STMicroelectronics.X-CUBE-SUBG2.5.0.0
2025-08-07 00:27:21,899 [WARN] PackLoader:240 - Cannot read IP mode file for STMicroelectronics.X-CUBE-AZRTOS-H7RS.1.1.0
2025-08-07 00:27:21,909 [WARN] PackLoader:240 - Cannot read IP mode file for Cesanta.I-CUBE-Mongoose.7.13.0
2025-08-07 00:27:21,922 [WARN] PackLoader:240 - Cannot read IP mode file for STMicroelectronics.X-CUBE-AZRTOS-G4.2.0.0
2025-08-07 00:27:21,930 [WARN] PackLoader:240 - Cannot read IP mode file for wolfSSL.I-CUBE-wolfSSH.1.4.20
2025-08-07 00:27:21,937 [WARN] PackLoader:240 - Cannot read IP mode file for STMicroelectronics.X-CUBE-NFC7.2.0.0
2025-08-07 00:27:21,952 [WARN] PackLoader:240 - Cannot read IP mode file for STMicroelectronics.X-CUBE-IPS.3.1.0
2025-08-07 00:27:21,967 [WARN] PackLoader:240 - Cannot read IP mode file for STMicroelectronics.X-CUBE-ALS.1.0.2
2025-08-07 00:27:21,974 [WARN] PackLoader:240 - Cannot read IP mode file for portGmbH.I-Cube-SoM-uGOAL.1.1.0
2025-08-07 00:27:21,984 [WARN] PackLoader:240 - Cannot read IP mode file for STMicroelectronics.X-CUBE-TOF1.3.4.3
2025-08-07 00:27:21,992 [INFO] ThirdParty:978 - Integrity check success = true
2025-08-07 00:27:21,992 [INFO] IntegrityCheckThread:100 - exiting critical section [integrity check]
2025-08-07 00:27:21,992 [INFO] IntegrityCheckThread:103 - End integrity checks thread
2025-08-07 01:40:32,280 [ERROR] LogOutputStream:75 - [STDERR_REDIRECT] 
2025-08-07 01:40:32,282 [ERROR] LogOutputStream:75 - [STDERR_REDIRECT] 
