2025-08-13 00:01:43,676 [INFO] Activator:176 - 


2025-08-13 00:01:43,684 [INFO] Activator:177 - !SESSION log4j initialized
2025-08-13 00:01:48,320 [INFO] LogOutputStream:77 - [STDOUT_REDIRECT] 
2025-08-13 00:01:49,682 [INFO] ApplicationProperties:184 - Using Application install path: C:\ST\STM32CubeIDE_1.18.1\STM32CubeIDE\plugins\com.st.stm32cube.common.mx_6.14.1.202504091515
2025-08-13 00:01:49,696 [INFO] DbMcusXml:78 - Set database path to: C:\ST\STM32CubeIDE_1.18.1\STM32CubeIDE\plugins\com.st.stm32cube.common.mx_6.14.1.202504091515\\db\/mcu/
2025-08-13 00:01:49,697 [INFO] ApiDb:274 - Set plugin database path to: C:\ST\STM32CubeIDE_1.18.1\STM32CubeIDE\plugins\com.st.stm32cube.common.mx_6.14.1.202504091515\\db\/plugins/boardmanager/
2025-08-13 00:01:49,697 [WARN] ApiDb:259 - Overriding images path with different value:  => C:\ST\STM32CubeIDE_1.18.1\STM32CubeIDE\plugins\com.st.stm32cube.common.mx_6.14.1.202504091515\\db\/plugins/mcufinder/images/
2025-08-13 00:01:49,706 [INFO] ApiDb:250 - Set database path to: C:\Users\TUF\.stmcufinder\plugins\mcufinder//mcu/
2025-08-13 00:01:49,707 [INFO] DbMcusAds:125 - Set database path to: C:\Users\TUF\.stmcufinder\plugins\mcufinder//mcu/
2025-08-13 00:01:49,708 [INFO] CrossReferenceDbSqlite:203 - Set database path to: C:\Users\TUF\.stmcufinder\plugins\mcufinder//mcu/cs/
2025-08-13 00:01:49,785 [INFO] RulesReader:64 - Compatibility file has been processed (302 Rules)
2025-08-13 00:01:49,851 [INFO] DbMcusXml:78 - Set database path to: C:\ST\STM32CubeIDE_1.18.1\STM32CubeIDE\plugins\com.st.stm32cube.common.mx_6.14.1.202504091515\\db\/mcu/
2025-08-13 00:01:49,851 [INFO] ApiDb:274 - Set plugin database path to: C:\ST\STM32CubeIDE_1.18.1\STM32CubeIDE\plugins\com.st.stm32cube.common.mx_6.14.1.202504091515\\db\/plugins/boardmanager/
2025-08-13 00:01:49,851 [INFO] ApiDb:261 - Set plugin images path to: C:\ST\STM32CubeIDE_1.18.1\STM32CubeIDE\plugins\com.st.stm32cube.common.mx_6.14.1.202504091515\\db\/plugins/mcufinder/images/
2025-08-13 00:01:49,851 [WARN] DbFile:41 - Overriding database path with different value: C:\Users\TUF\.stmcufinder\plugins\mcufinder/ => C:\Users\TUF\.stmcufinder\plugins\mcufinder
2025-08-13 00:01:49,852 [INFO] ApiDb:250 - Set database path to: C:\Users\TUF\.stmcufinder\plugins\mcufinder//mcu/
2025-08-13 00:01:49,852 [WARN] DbFile:41 - Overriding database path with different value: C:\Users\TUF\.stmcufinder\plugins\mcufinder/ => C:\Users\TUF\.stmcufinder\plugins\mcufinder
2025-08-13 00:01:49,852 [INFO] DbMcusAds:125 - Set database path to: C:\Users\TUF\.stmcufinder\plugins\mcufinder//mcu/
2025-08-13 00:01:49,852 [WARN] DbFile:41 - Overriding database path with different value: C:\Users\TUF\.stmcufinder\plugins\mcufinder/ => C:\Users\TUF\.stmcufinder\plugins\mcufinder
2025-08-13 00:01:49,852 [WARN] DbFile:41 - Overriding database path with different value: C:\Users\TUF\.stmcufinder\plugins\mcufinder/ => C:\Users\TUF\.stmcufinder\plugins\mcufinder
2025-08-13 00:01:49,852 [INFO] CrossReferenceDbSqlite:203 - Set database path to: C:\Users\TUF\.stmcufinder\plugins\mcufinder//mcu/cs/
2025-08-13 00:01:49,904 [INFO] MainPanel:272 - HeapMemory: 268435456
2025-08-13 00:01:49,978 [INFO] DbMcusXml:78 - Set database path to: C:\ST\STM32CubeIDE_1.18.1\STM32CubeIDE\plugins\com.st.stm32cube.common.mx_6.14.1.202504091515\\db\/mcu/
2025-08-13 00:01:49,978 [INFO] ApiDb:274 - Set plugin database path to: C:\ST\STM32CubeIDE_1.18.1\STM32CubeIDE\plugins\com.st.stm32cube.common.mx_6.14.1.202504091515\\db\/plugins/boardmanager/
2025-08-13 00:01:49,978 [INFO] ApiDb:261 - Set plugin images path to: C:\ST\STM32CubeIDE_1.18.1\STM32CubeIDE\plugins\com.st.stm32cube.common.mx_6.14.1.202504091515\\db\/plugins/mcufinder/images/
2025-08-13 00:01:49,979 [WARN] DbFile:41 - Overriding database path with different value: C:\Users\TUF\.stmcufinder\plugins\mcufinder/ => C:\Users\TUF\.stmcufinder\plugins\mcufinder
2025-08-13 00:01:49,979 [INFO] ApiDb:250 - Set database path to: C:\Users\TUF\.stmcufinder\plugins\mcufinder//mcu/
2025-08-13 00:01:49,979 [WARN] DbFile:41 - Overriding database path with different value: C:\Users\TUF\.stmcufinder\plugins\mcufinder/ => C:\Users\TUF\.stmcufinder\plugins\mcufinder
2025-08-13 00:01:49,979 [INFO] DbMcusAds:125 - Set database path to: C:\Users\TUF\.stmcufinder\plugins\mcufinder//mcu/
2025-08-13 00:01:49,979 [WARN] DbFile:41 - Overriding database path with different value: C:\Users\TUF\.stmcufinder\plugins\mcufinder/ => C:\Users\TUF\.stmcufinder\plugins\mcufinder
2025-08-13 00:01:49,979 [WARN] DbFile:41 - Overriding database path with different value: C:\Users\TUF\.stmcufinder\plugins\mcufinder/ => C:\Users\TUF\.stmcufinder\plugins\mcufinder
2025-08-13 00:01:49,979 [INFO] CrossReferenceDbSqlite:203 - Set database path to: C:\Users\TUF\.stmcufinder\plugins\mcufinder//mcu/cs/
2025-08-13 00:01:49,992 [INFO] ApplicationProperties:184 - Using Application install path: C:\ST\STM32CubeIDE_1.18.1\STM32CubeIDE\plugins\com.st.stm32cube.common.mx_6.14.1.202504091515
2025-08-13 00:01:49,993 [INFO] PluginManage:196 - Search for loadable plugins [exclusion list=, ]
2025-08-13 00:01:49,994 [INFO] PluginManage:310 - Check plugin analytics
2025-08-13 00:01:50,143 [INFO] AnalyticsPlugin:253 - Accepted Software Licenses: 
2025-08-13 00:01:50,144 [INFO] AnalyticsPlugin:255 - Accepted CMSIS Pack Licenses: 
2025-08-13 00:01:50,144 [INFO] AnalyticsPlugin:257 - Accepted Firmware Licenses: 
2025-08-13 00:01:50,146 [INFO] PluginManage:359 - Loaded plugin analytics (category:tool,tabindex:-1)
2025-08-13 00:01:50,147 [INFO] PluginManage:310 - Check plugin cadmodel
2025-08-13 00:01:50,152 [INFO] CADModel:105 - Init CAD model plugin
2025-08-13 00:01:50,152 [INFO] PluginManage:359 - Loaded plugin cadmodel (category:power,tabindex:5)
2025-08-13 00:01:50,152 [INFO] PluginManage:310 - Check plugin clock
2025-08-13 00:01:50,159 [INFO] PluginManage:359 - Loaded plugin clock (category:base,tabindex:2)
2025-08-13 00:01:50,159 [INFO] PluginManage:310 - Check plugin ddr
2025-08-13 00:01:50,161 [INFO] PluginManage:359 - Loaded plugin ddr (category:tool,tabindex:6)
2025-08-13 00:01:50,161 [INFO] PluginManage:310 - Check plugin filemanager
2025-08-13 00:01:50,275 [INFO] PluginManage:359 - Loaded plugin filemanager (category:base,tabindex:10)
2025-08-13 00:01:50,275 [INFO] PluginManage:310 - Check plugin ipmanager
2025-08-13 00:01:50,280 [INFO] PluginManage:359 - Loaded plugin ipmanager (category:base,tabindex:5)
2025-08-13 00:01:50,280 [INFO] PluginManage:310 - Check plugin lpbam
2025-08-13 00:01:50,286 [INFO] PluginManage:359 - Loaded plugin lpbam (category:base,tabindex:0)
2025-08-13 00:01:50,286 [INFO] PluginManage:310 - Check plugin memorymap
2025-08-13 00:01:50,297 [INFO] PluginManage:359 - Loaded plugin memorymap (category:base,tabindex:4)
2025-08-13 00:01:50,298 [INFO] PluginManage:310 - Check plugin pinoutandconfiguration
2025-08-13 00:01:50,304 [INFO] PluginManage:359 - Loaded plugin pinoutandconfiguration (category:base,tabindex:1)
2025-08-13 00:01:50,304 [INFO] PluginManage:310 - Check plugin pinoutconfig
2025-08-13 00:01:50,368 [WARN] SupportedApi:132 - Cannot load RTOS API schema: s4s-elt-must-match.1: The content of 'definitions' must match (annotation?, (simpleType | complexType)?, (unique | key | keyref)*)). A problem was found starting at: attribute.
2025-08-13 00:01:50,496 [INFO] PluginManage:359 - Loaded plugin pinoutconfig (category:base,tabindex:0)
2025-08-13 00:01:50,496 [INFO] PluginManage:310 - Check plugin power
2025-08-13 00:01:50,503 [INFO] PluginManage:359 - Loaded plugin power (category:power,tabindex:4)
2025-08-13 00:01:50,503 [INFO] PluginManage:310 - Check plugin projectmanager
2025-08-13 00:01:50,516 [INFO] PluginManage:359 - Loaded plugin projectmanager (category:projectmanager,tabindex:4)
2025-08-13 00:01:50,516 [INFO] PluginManage:310 - Check plugin rif
2025-08-13 00:01:50,521 [INFO] PluginManage:359 - Loaded plugin rif (category:base,tabindex:3)
2025-08-13 00:01:50,521 [INFO] PluginManage:310 - Check plugin thirdparty
2025-08-13 00:01:50,620 [INFO] PluginManage:359 - Loaded plugin thirdparty (category:base,tabindex:-1)
2025-08-13 00:01:50,620 [WARN] IntegrityCheckThread:84 - waiting for thirdparty lock release [integrity check]
2025-08-13 00:01:50,620 [INFO] PluginManage:310 - Check plugin tools
2025-08-13 00:01:50,620 [INFO] IntegrityCheckThread:86 - entering critical section [integrity check]
2025-08-13 00:01:50,621 [INFO] ThirdPartyUpdaterWithRetryManager:70 - Updater plugin not ready yet. [1/15]
2025-08-13 00:01:50,622 [INFO] PluginManage:359 - Loaded plugin tools (category:base,tabindex:7)
2025-08-13 00:01:50,623 [INFO] PluginManage:310 - Check plugin tutovideos
2025-08-13 00:01:50,752 [INFO] PluginManage:359 - Loaded plugin tutovideos (category:base,tabindex:-1)
2025-08-13 00:01:50,752 [INFO] PluginManage:310 - Check plugin updater
2025-08-13 00:01:50,768 [INFO] PluginManage:359 - Loaded plugin updater (category:base,tabindex:12)
2025-08-13 00:01:50,768 [INFO] PluginManage:310 - Check plugin userauth
2025-08-13 00:01:50,771 [INFO] UserAuth:118 - Init User Auth plugin
2025-08-13 00:01:50,771 [INFO] PluginManage:359 - Loaded plugin userauth (category:base,tabindex:14)
2025-08-13 00:01:50,772 [INFO] PluginManage:283 - PluginManage : Loaded plugins [18]
2025-08-13 00:01:50,918 [INFO] PinOutPanel:1589 - setPackage(No Configuration,No Configuration)
2025-08-13 00:01:50,981 [INFO] CADModel:165 - CPN selected for project level
2025-08-13 00:01:50,981 [INFO] CADModel:114 - Register for checkConnection events
2025-08-13 00:01:50,997 [INFO] IPUIPlugin:80 - create IPUIPlugin
2025-08-13 00:01:50,997 [INFO] PluginManager:220 - loadIPPluginJar : add adc
2025-08-13 00:01:51,000 [INFO] IPUIPlugin:80 - create IPUIPlugin
2025-08-13 00:01:51,000 [INFO] PluginManager:220 - loadIPPluginJar : add aes
2025-08-13 00:01:51,003 [INFO] IPUIPlugin:80 - create IPUIPlugin
2025-08-13 00:01:51,003 [INFO] PluginManager:220 - loadIPPluginJar : add can
2025-08-13 00:01:51,004 [INFO] IPUIPlugin:80 - create IPUIPlugin
2025-08-13 00:01:51,004 [INFO] PluginManager:220 - loadIPPluginJar : add comp
2025-08-13 00:01:51,007 [INFO] IPUIPlugin:80 - create IPUIPlugin
2025-08-13 00:01:51,007 [INFO] PluginManager:220 - loadIPPluginJar : add cryp
2025-08-13 00:01:51,010 [INFO] IPUIPlugin:80 - create IPUIPlugin
2025-08-13 00:01:51,010 [INFO] PluginManager:220 - loadIPPluginJar : add ddr_ctrl_phy
2025-08-13 00:01:51,011 [INFO] IPUIPlugin:80 - create IPUIPlugin
2025-08-13 00:01:51,012 [INFO] PluginManager:220 - loadIPPluginJar : add dfsdm
2025-08-13 00:01:51,016 [INFO] IPUIPlugin:80 - create IPUIPlugin
2025-08-13 00:01:51,016 [INFO] PluginManager:220 - loadIPPluginJar : add dma
2025-08-13 00:01:51,018 [INFO] IPUIPlugin:80 - create IPUIPlugin
2025-08-13 00:01:51,018 [INFO] PluginManager:220 - loadIPPluginJar : add dma3
2025-08-13 00:01:51,020 [INFO] IPUIPlugin:80 - create IPUIPlugin
2025-08-13 00:01:51,020 [INFO] PluginManager:220 - loadIPPluginJar : add extmemmanager
2025-08-13 00:01:51,022 [INFO] IPUIPlugin:80 - create IPUIPlugin
2025-08-13 00:01:51,022 [INFO] PluginManager:220 - loadIPPluginJar : add fatfs
2025-08-13 00:01:51,026 [INFO] IPUIPlugin:80 - create IPUIPlugin
2025-08-13 00:01:51,026 [INFO] PluginManager:220 - loadIPPluginJar : add fmc
2025-08-13 00:01:51,031 [INFO] IPUIPlugin:80 - create IPUIPlugin
2025-08-13 00:01:51,031 [INFO] PluginManager:220 - loadIPPluginJar : add freertos
2025-08-13 00:01:51,032 [INFO] IPUIPlugin:80 - create IPUIPlugin
2025-08-13 00:01:51,032 [INFO] PluginManager:220 - loadIPPluginJar : add genericplugin
2025-08-13 00:01:51,034 [INFO] IPUIPlugin:80 - create IPUIPlugin
2025-08-13 00:01:51,034 [INFO] PluginManager:220 - loadIPPluginJar : add gfxmmu
2025-08-13 00:01:51,037 [INFO] IPUIPlugin:80 - create IPUIPlugin
2025-08-13 00:01:51,038 [INFO] PluginManager:220 - loadIPPluginJar : add gic
2025-08-13 00:01:51,040 [INFO] IPUIPlugin:80 - create IPUIPlugin
2025-08-13 00:01:51,040 [INFO] PluginManager:220 - loadIPPluginJar : add gpio
2025-08-13 00:01:51,043 [INFO] IPUIPlugin:80 - create IPUIPlugin
2025-08-13 00:01:51,043 [INFO] PluginManager:220 - loadIPPluginJar : add gtzc
2025-08-13 00:01:51,045 [INFO] IPUIPlugin:80 - create IPUIPlugin
2025-08-13 00:01:51,045 [INFO] PluginManager:220 - loadIPPluginJar : add hash
2025-08-13 00:01:51,047 [INFO] IPUIPlugin:80 - create IPUIPlugin
2025-08-13 00:01:51,047 [INFO] PluginManager:220 - loadIPPluginJar : add i2c
2025-08-13 00:01:51,049 [INFO] IPUIPlugin:80 - create IPUIPlugin
2025-08-13 00:01:51,049 [INFO] PluginManager:220 - loadIPPluginJar : add i2s
2025-08-13 00:01:51,053 [INFO] IPUIPlugin:80 - create IPUIPlugin
2025-08-13 00:01:51,053 [INFO] PluginManager:220 - loadIPPluginJar : add i3c
2025-08-13 00:01:51,055 [INFO] IPUIPlugin:80 - create IPUIPlugin
2025-08-13 00:01:51,056 [INFO] PluginManager:220 - loadIPPluginJar : add ipddr
2025-08-13 00:01:51,062 [INFO] IPUIPlugin:80 - create IPUIPlugin
2025-08-13 00:01:51,062 [INFO] PluginManager:220 - loadIPPluginJar : add linkedlist
2025-08-13 00:01:51,065 [INFO] IPUIPlugin:80 - create IPUIPlugin
2025-08-13 00:01:51,065 [INFO] PluginManager:220 - loadIPPluginJar : add lorawan
2025-08-13 00:01:51,066 [INFO] IPUIPlugin:80 - create IPUIPlugin
2025-08-13 00:01:51,067 [INFO] PluginManager:220 - loadIPPluginJar : add ltdc
2025-08-13 00:01:51,071 [INFO] IPUIPlugin:80 - create IPUIPlugin
2025-08-13 00:01:51,071 [INFO] PluginManager:220 - loadIPPluginJar : add mdma
2025-08-13 00:01:51,075 [INFO] IPUIPlugin:80 - create IPUIPlugin
2025-08-13 00:01:51,075 [INFO] PluginManager:220 - loadIPPluginJar : add nvic
2025-08-13 00:01:51,078 [INFO] IPUIPlugin:80 - create IPUIPlugin
2025-08-13 00:01:51,078 [INFO] PluginManager:220 - loadIPPluginJar : add opamp
2025-08-13 00:01:51,081 [INFO] IPUIPlugin:80 - create IPUIPlugin
2025-08-13 00:01:51,081 [INFO] PluginManager:220 - loadIPPluginJar : add openamp
2025-08-13 00:01:51,083 [INFO] IPUIPlugin:80 - create IPUIPlugin
2025-08-13 00:01:51,084 [INFO] PluginManager:220 - loadIPPluginJar : add pdm2pcm
2025-08-13 00:01:51,087 [INFO] IPUIPlugin:80 - create IPUIPlugin
2025-08-13 00:01:51,089 [INFO] PluginManager:220 - loadIPPluginJar : add plateformsettings
2025-08-13 00:01:51,091 [INFO] IPUIPlugin:80 - create IPUIPlugin
2025-08-13 00:01:51,092 [INFO] PluginManager:220 - loadIPPluginJar : add quadspi
2025-08-13 00:01:51,094 [INFO] IPUIPlugin:80 - create IPUIPlugin
2025-08-13 00:01:51,094 [INFO] PluginManager:220 - loadIPPluginJar : add radio
2025-08-13 00:01:51,097 [INFO] IPUIPlugin:80 - create IPUIPlugin
2025-08-13 00:01:51,097 [INFO] PluginManager:220 - loadIPPluginJar : add resmgrutility
2025-08-13 00:01:51,100 [INFO] IPUIPlugin:80 - create IPUIPlugin
2025-08-13 00:01:51,100 [INFO] PluginManager:220 - loadIPPluginJar : add sai
2025-08-13 00:01:51,103 [INFO] IPUIPlugin:80 - create IPUIPlugin
2025-08-13 00:01:51,103 [INFO] PluginManager:220 - loadIPPluginJar : add spi
2025-08-13 00:01:51,108 [INFO] IPUIPlugin:80 - create IPUIPlugin
2025-08-13 00:01:51,108 [INFO] PluginManager:220 - loadIPPluginJar : add stm32_wpan
2025-08-13 00:01:51,110 [INFO] IPUIPlugin:80 - create IPUIPlugin
2025-08-13 00:01:51,110 [INFO] PluginManager:220 - loadIPPluginJar : add tim
2025-08-13 00:01:51,113 [INFO] IPUIPlugin:80 - create IPUIPlugin
2025-08-13 00:01:51,113 [INFO] PluginManager:220 - loadIPPluginJar : add touchsensing
2025-08-13 00:01:51,115 [INFO] IPUIPlugin:80 - create IPUIPlugin
2025-08-13 00:01:51,115 [INFO] PluginManager:220 - loadIPPluginJar : add tracer_emb
2025-08-13 00:01:51,117 [INFO] IPUIPlugin:80 - create IPUIPlugin
2025-08-13 00:01:51,117 [INFO] PluginManager:220 - loadIPPluginJar : add ts
2025-08-13 00:01:51,118 [INFO] IPUIPlugin:80 - create IPUIPlugin
2025-08-13 00:01:51,118 [INFO] PluginManager:220 - loadIPPluginJar : add tsc
2025-08-13 00:01:51,120 [INFO] IPUIPlugin:80 - create IPUIPlugin
2025-08-13 00:01:51,120 [INFO] PluginManager:220 - loadIPPluginJar : add ucpd
2025-08-13 00:01:51,122 [INFO] IPUIPlugin:80 - create IPUIPlugin
2025-08-13 00:01:51,122 [INFO] PluginManager:220 - loadIPPluginJar : add usart
2025-08-13 00:01:51,125 [INFO] IPUIPlugin:80 - create IPUIPlugin
2025-08-13 00:01:51,125 [INFO] PluginManager:220 - loadIPPluginJar : add usbx
2025-08-13 00:01:51,235 [FATAL] Updater:351 - Updater called before beeing initialized
2025-08-13 00:01:51,254 [INFO] RulesReader:64 - Compatibility file has been processed (302 Rules)
2025-08-13 00:01:51,264 [INFO] RulesReader:64 - Compatibility file has been processed (302 Rules)
2025-08-13 00:01:51,272 [INFO] CADModel:165 - CPN selected for project level
2025-08-13 00:01:51,272 [INFO] CADModel:114 - Register for checkConnection events
2025-08-13 00:01:51,272 [FATAL] Updater:351 - Updater called before beeing initialized
2025-08-13 00:01:51,272 [ERROR] CADModel:125 - Updater not yet initialized, retry later 
2025-08-13 00:01:51,394 [FATAL] Updater:351 - Updater called before beeing initialized
2025-08-13 00:01:51,396 [INFO] CADModel:165 - CPN selected for project level
2025-08-13 00:01:51,396 [INFO] CADModel:114 - Register for checkConnection events
2025-08-13 00:01:51,396 [FATAL] Updater:351 - Updater called before beeing initialized
2025-08-13 00:01:51,396 [ERROR] CADModel:125 - Updater not yet initialized, retry later 
2025-08-13 00:01:51,400 [FATAL] Updater:351 - Updater called before beeing initialized
2025-08-13 00:01:51,475 [FATAL] Updater:351 - Updater called before beeing initialized
2025-08-13 00:01:51,478 [INFO] DbMcusAds:53 - JSON generation date=Tue Jul 08 16:14:23 CST 2025 (1751962463593)
2025-08-13 00:01:51,479 [FATAL] Updater:351 - Updater called before beeing initialized
2025-08-13 00:01:51,505 [WARN] DetailPanel:346 - Failed to get advertising image, set to default
2025-08-13 00:01:51,671 [FATAL] Updater:351 - Updater called before beeing initialized
2025-08-13 00:01:51,674 [FATAL] Updater:351 - Updater called before beeing initialized
2025-08-13 00:01:51,674 [FATAL] Updater:351 - Updater called before beeing initialized
2025-08-13 00:01:51,674 [WARN] DetailPanel:346 - Failed to get advertising image, set to default
2025-08-13 00:01:51,675 [FATAL] Updater:351 - Updater called before beeing initialized
2025-08-13 00:01:51,710 [ERROR] Updater:1198 - MainUpdater not yet initialized. External WinMGr cannot be set.
2025-08-13 00:01:51,713 [INFO] Updater:1134 - Updater Version found : 6.14.1
2025-08-13 00:01:51,728 [INFO] ApplicationProperties:184 - Using Application install path: C:\ST\STM32CubeIDE_1.18.1\STM32CubeIDE\plugins\com.st.stm32cube.common.mx_6.14.1.202504091515
2025-08-13 00:01:53,309 [ERROR] LogOutputStream:75 - [STDERR_REDIRECT] Aug 13, 2025 12:01:53 AM java.util.prefs.WindowsPreferences <init>
2025-08-13 00:01:53,311 [ERROR] LogOutputStream:75 - [STDERR_REDIRECT] WARNING: Could not open/create prefs root node Software\JavaSoft\Prefs at root 0xffffffff80000002. Windows RegCreateKeyEx(...) returned error code 5.
2025-08-13 00:01:53,311 [ERROR] LogOutputStream:75 - [STDERR_REDIRECT] 
2025-08-13 00:01:53,577 [INFO] MainUpdater:2872 - connection check result : 10
2025-08-13 00:01:53,578 [INFO] MainUpdater:289 - Updater Check For Update Now.
2025-08-13 00:01:53,578 [INFO] MicroXplorer:498 - Change Database Version : DB.6.0.141
2025-08-13 00:01:53,583 [INFO] McuFinderGlobals:63 - Set McuFinder mode to 2 (CubeIDE integrated)
2025-08-13 00:01:53,583 [INFO] UserAuth:171 - activating auth plugin
2025-08-13 00:01:53,587 [INFO] UserAuth:484 - Internet connection configuration mode: 1
2025-08-13 00:01:53,620 [INFO] JxBrowserEngine:152 - Initiate JxBrowser Engine with user profile folder
2025-08-13 00:01:53,627 [WARN] MainUpdater:1193 - Updater busy. Cannot search thirdparties
2025-08-13 00:01:53,627 [INFO] ThirdPartyUpdaterWithRetryManager:96 - Updater plugin is busy. [1/15]
2025-08-13 00:01:53,769 [INFO] CheckServerUpdateThread:120 - End of CheckServer Thread
2025-08-13 00:01:56,045 [INFO] WebApp:169 - Instantiating new browser for Auth
2025-08-13 00:01:56,657 [INFO] WebApp:463 - Apply proxy settings
2025-08-13 00:01:56,658 [INFO] WebApp:548 - Chromium requires no authentication
2025-08-13 00:01:56,670 [INFO] WebApp:491 - Direct internet connection detected
2025-08-13 00:01:56,695 [INFO] WebApp:894 - Register for checkConnection events
2025-08-13 00:01:56,695 [INFO] WebApp:463 - Apply proxy settings
2025-08-13 00:01:56,695 [INFO] WebApp:548 - Chromium requires no authentication
2025-08-13 00:01:56,696 [INFO] WebApp:491 - Direct internet connection detected
2025-08-13 00:01:56,831 [INFO] WebApp:191 - Connection restablished
2025-08-13 00:01:56,922 [INFO] WebApp:225 - Starting web application
2025-08-13 00:01:56,922 [INFO] WebApp:593 - Web application path used C:\ST\STM32CubeIDE_1.18.1\STM32CubeIDE\plugins\com.st.stm32cube.common.mx_6.14.1.202504091515\db\plugins\mcufinder\reactClient1\index.html
2025-08-13 00:01:56,927 [WARN] PackLoader:240 - Cannot read IP mode file for STMicroelectronics.FP-SNS-MOTENVWB1.1.4.0
2025-08-13 00:01:56,937 [WARN] PackLoader:240 - Cannot read IP mode file for STMicroelectronics.FP-ATR-ASTRA1.2.0.2
2025-08-13 00:01:56,945 [WARN] PackLoader:240 - Cannot read IP mode file for STMicroelectronics.X-CUBE-SMBUS.2.1.0
2025-08-13 00:01:56,950 [WARN] PackLoader:240 - Cannot read IP mode file for STMicroelectronics.X-CUBE-ST60.1.0.0
2025-08-13 00:01:56,986 [WARN] PackLoader:240 - Cannot read IP mode file for STMicroelectronics.X-CUBE-AZRTOS-F7.1.1.0
2025-08-13 00:01:57,013 [WARN] PackLoader:240 - Cannot read IP mode file for Infineon.AIROC-Wi-Fi-Bluetooth-STM32.1.7.0
2025-08-13 00:01:57,055 [WARN] PackLoader:240 - Cannot read IP mode file for STMicroelectronics.X-CUBE-AZRTOS-H7.3.4.0
2025-08-13 00:01:57,068 [WARN] PackLoader:240 - Cannot read IP mode file for STMicroelectronics.X-CUBE-DISPLAY.3.0.0
2025-08-13 00:01:57,083 [WARN] PackLoader:240 - Cannot read IP mode file for STMicroelectronics.X-CUBE-NFC10.1.0.0
2025-08-13 00:01:57,091 [WARN] PackLoader:240 - Cannot read IP mode file for STMicroelectronics.X-CUBE-BLEMGR.4.0.0
2025-08-13 00:01:57,098 [WARN] PackLoader:240 - Cannot read IP mode file for emotas.I-CUBE-CANOPEN.1.3.0
2025-08-13 00:01:57,102 [WARN] ConditionMgr:438 - getConditionDescription Invalid condition id : Cortex-A Device cause : null
2025-08-13 00:01:57,116 [WARN] ConditionMgr:1044 - genDependencies : Invalid condition id : Cortex-A Device cause : null
2025-08-13 00:01:57,117 [WARN] ConditionMgr:1044 - genDependencies : Invalid condition id : Cortex-A Device cause : null
2025-08-13 00:01:57,117 [WARN] ConditionMgr:1044 - genDependencies : Invalid condition id : Cortex-A Device cause : null
2025-08-13 00:01:57,122 [ERROR] Engine:466 - C:\Users\TUF\.stm32cubemx\thirdparties\pdsc\STMicroelectronics.FP-SNS-STBOX1.2.1.0.pdsc: PDSC version is not supported
2025-08-13 00:01:57,125 [WARN] PackLoader:240 - Cannot read IP mode file for STMicroelectronics.FP-SNS-SMARTAG2.1.2.0
2025-08-13 00:01:57,130 [WARN] PackLoader:240 - Cannot read IP mode file for STMicroelectronics.FP-SNS-FLIGHT1.5.1.0
2025-08-13 00:01:57,141 [INFO] LogOutputStream:77 - [STDOUT_REDIRECT] 1 : Invalid condition id : UX_CORESTACK_Condition cause : null
2025-08-13 00:01:57,143 [INFO] LogOutputStream:77 - [STDOUT_REDIRECT] 1 : Invalid condition id : UX_CORESTACK_Condition cause : null
2025-08-13 00:01:57,145 [INFO] LogOutputStream:77 - [STDOUT_REDIRECT] 1 : Invalid condition id : UX_CORESTACK_Condition cause : null
2025-08-13 00:01:57,146 [INFO] LogOutputStream:77 - [STDOUT_REDIRECT] 1 : Invalid condition id : UX_CORESTACK_Condition cause : null
2025-08-13 00:01:57,148 [INFO] LogOutputStream:77 - [STDOUT_REDIRECT] 1 : Invalid condition id : UX_CORESTACK_Condition cause : null
2025-08-13 00:01:57,150 [WARN] PackLoader:240 - Cannot read IP mode file for STMicroelectronics.X-CUBE-AZRTOS-WL.2.0.0
2025-08-13 00:01:57,156 [WARN] PackLoader:240 - Cannot read IP mode file for STMicroelectronics.FP-SNS-MOTENV1.5.0.0
2025-08-13 00:01:57,167 [WARN] PackLoader:240 - Cannot read IP mode file for WES.I-CUBE-Cesium.1.3.0
2025-08-13 00:01:57,172 [WARN] PackLoader:240 - Cannot read IP mode file for STMicroelectronics.X-CUBE-BLE2.3.3.0
2025-08-13 00:01:57,178 [WARN] PackLoader:240 - Cannot read IP mode file for STMicroelectronics.X-CUBE-NFC9.1.0.0
2025-08-13 00:01:57,183 [WARN] PackLoader:240 - Cannot read IP mode file for wolfSSL.I-CUBE-wolfSSL.5.8.0
2025-08-13 00:01:57,190 [WARN] PackLoader:240 - Cannot read IP mode file for STMicroelectronics.X-CUBE-BLE1.7.1.0
2025-08-13 00:01:57,194 [WARN] PackLoader:240 - Cannot read IP mode file for wolfSSL.I-CUBE-wolfMQTT.1.19.2
2025-08-13 00:01:57,200 [WARN] PackLoader:240 - Cannot read IP mode file for STMicroelectronics.X-CUBE-EEPRMA1.5.2.0
2025-08-13 00:01:57,205 [WARN] PackLoader:240 - Cannot read IP mode file for STMicroelectronics.X-CUBE-AI.10.1.0
2025-08-13 00:01:57,215 [WARN] PackLoader:240 - Cannot read IP mode file for STMicroelectronics.X-CUBE-AZRTOS-G0.1.1.0
2025-08-13 00:01:57,222 [WARN] PackLoader:240 - Cannot read IP mode file for STMicroelectronics.X-CUBE-SAFEA1.1.2.2
2025-08-13 00:01:57,226 [WARN] PackLoader:240 - Cannot read IP mode file for STMicroelectronics.X-CUBE-NFC4.3.0.0
2025-08-13 00:01:57,234 [WARN] PackLoader:240 - Cannot read IP mode file for EmbeddedOffice.I-CUBE-FS-RTOS.1.0.1
2025-08-13 00:01:57,240 [WARN] PackLoader:240 - Cannot read IP mode file for STMicroelectronics.X-CUBE-WB05N.2.0.0
2025-08-13 00:01:57,244 [WARN] PackLoader:240 - Cannot read IP mode file for wolfSSL.I-CUBE-wolfTPM.3.8.0
2025-08-13 00:01:57,249 [WARN] PackLoader:240 - Cannot read IP mode file for STMicroelectronics.X-CUBE-TCPP.4.2.0
2025-08-13 00:01:57,255 [WARN] PackLoader:240 - Cannot read IP mode file for RealThread.X-CUBE-RT-Thread_Nano.4.1.1
2025-08-13 00:01:57,259 [WARN] PackLoader:240 - Cannot read IP mode file for STMicroelectronics.FP-ATR-SIGFOX1.3.2.0
2025-08-13 00:01:57,264 [WARN] PackLoader:240 - Cannot read IP mode file for STMicroelectronics.X-CUBE-EEPRMA1.5.1.0
2025-08-13 00:01:57,379 [WARN] PackLoader:240 - Cannot read IP mode file for ITTIA_DB.I-CUBE-ITTIADB.8.9.0
2025-08-13 00:01:57,395 [WARN] PackLoader:240 - Cannot read IP mode file for STMicroelectronics.X-CUBE-ST67W61.1.0.0
2025-08-13 00:01:57,401 [WARN] PackLoader:240 - Cannot read IP mode file for STMicroelectronics.X-CUBE-AI.10.2.0
2025-08-13 00:01:57,431 [WARN] PackLoader:240 - Cannot read IP mode file for SEGGER.I-CUBE-embOS.1.3.1
2025-08-13 00:01:57,461 [WARN] PackLoader:240 - Cannot read IP mode file for STMicroelectronics.X-CUBE-ALGOBUILD.1.4.0
2025-08-13 00:01:57,492 [WARN] PackLoader:240 - Cannot read IP mode file for STMicroelectronics.X-CUBE-MEMS1.11.3.0
2025-08-13 00:01:57,589 [WARN] PackLoader:240 - Cannot read IP mode file for STMicroelectronics.X-CUBE-PM33A1.1.0.0
2025-08-13 00:01:57,600 [WARN] PackLoader:240 - Cannot read IP mode file for STMicroelectronics.X-CUBE-AZRTOS-F4.1.1.0
2025-08-13 00:01:57,606 [WARN] PackLoader:240 - Cannot read IP mode file for Avnet-IotConnect.X-CUBE-IoTC-DA16k-PMOD.1.0.0
2025-08-13 00:01:57,611 [WARN] PackLoader:240 - Cannot read IP mode file for STMicroelectronics.X-CUBE-ISPU.2.1.0
2025-08-13 00:01:57,616 [WARN] PackLoader:240 - Cannot read IP mode file for STMicroelectronics.X-CUBE-NFC12.1.0.0
2025-08-13 00:01:57,625 [WARN] PackLoader:240 - Cannot read IP mode file for STMicroelectronics.X-CUBE-AZRTOS-L5.2.0.0
2025-08-13 00:01:57,632 [WARN] PackLoader:240 - Cannot read IP mode file for STMicroelectronics.X-CUBE-NFC6.3.1.0
2025-08-13 00:01:57,637 [WARN] PackLoader:240 - Cannot read IP mode file for STMicroelectronics.X-CUBE-FREERTOS.1.3.1
2025-08-13 00:01:57,642 [WARN] PackLoader:240 - Cannot read IP mode file for STMicroelectronics.FP-SNS-STAIOTCFT.1.0.0
2025-08-13 00:01:57,647 [WARN] PackLoader:240 - Cannot read IP mode file for STMicroelectronics.X-CUBE-DPower.1.3.0
2025-08-13 00:01:57,662 [WARN] ConditionMgr:438 - getConditionDescription Invalid condition id : LAN8742 Phy interface Condition cause : null
2025-08-13 00:01:57,664 [WARN] PackLoader:240 - Cannot read IP mode file for STMicroelectronics.X-CUBE-AZRTOS-L4.2.0.0
2025-08-13 00:01:57,665 [WARN] ConditionMgr:1044 - genDependencies : Invalid condition id : LAN8742 Phy interface Condition cause : null
2025-08-13 00:01:57,665 [WARN] ConditionMgr:1044 - genDependencies : Invalid condition id : LAN8742 Phy interface Condition cause : null
2025-08-13 00:01:57,666 [WARN] ConditionMgr:1044 - genDependencies : Invalid condition id : LAN8742 Phy interface Condition cause : null
2025-08-13 00:01:57,675 [WARN] PackLoader:240 - Cannot read IP mode file for STMicroelectronics.X-CUBE-SFXS2LP1.4.0.0
2025-08-13 00:01:57,689 [WARN] PackLoader:240 - Cannot read IP mode file for STMicroelectronics.X-CUBE-AZRTOS-H7.3.3.0
2025-08-13 00:01:57,699 [WARN] PackLoader:240 - Cannot read IP mode file for STMicroelectronics.X-CUBE-BLEMGR.4.1.0
2025-08-13 00:01:57,734 [WARN] ConditionMgr:438 - getConditionDescription Invalid condition id : UX DEVICE CLASS RTOS Condition cause : null
2025-08-13 00:01:57,735 [WARN] ConditionMgr:438 - getConditionDescription Invalid condition id : UX DEVICE CLASS RTOS Condition cause : null
2025-08-13 00:01:57,737 [WARN] PackLoader:240 - Cannot read IP mode file for STMicroelectronics.X-CUBE-AZRTOS-WB.2.0.0
2025-08-13 00:01:57,738 [WARN] ConditionMgr:1044 - genDependencies : Invalid condition id : UX DEVICE CLASS RTOS Condition cause : null
2025-08-13 00:01:57,738 [WARN] ConditionMgr:1044 - genDependencies : Invalid condition id : UX DEVICE CLASS RTOS Condition cause : null
2025-08-13 00:01:57,738 [WARN] ConditionMgr:1044 - genDependencies : Invalid condition id : UX DEVICE CLASS RTOS Condition cause : null
2025-08-13 00:01:57,738 [WARN] ConditionMgr:1044 - genDependencies : Invalid condition id : UX DEVICE CLASS RTOS Condition cause : null
2025-08-13 00:01:57,738 [WARN] ConditionMgr:1044 - genDependencies : Invalid condition id : UX DEVICE CLASS RTOS Condition cause : null
2025-08-13 00:01:57,746 [WARN] PackLoader:240 - Cannot read IP mode file for STMicroelectronics.X-CUBE-GNSS1.7.0.1
2025-08-13 00:01:57,754 [WARN] PackLoader:240 - Cannot read IP mode file for STMicroelectronics.X-CUBE-TOUCHGFX.4.25.0
2025-08-13 00:01:57,759 [WARN] PackLoader:240 - Cannot read IP mode file for STMicroelectronics.FP-SNS-STBOX1.2.0.0
2025-08-13 00:01:57,768 [WARN] PackLoader:240 - Cannot read IP mode file for STMicroelectronics.X-CUBE-SUBG2.5.0.0
2025-08-13 00:01:57,782 [WARN] PackLoader:240 - Cannot read IP mode file for STMicroelectronics.X-CUBE-AZRTOS-H7RS.1.1.0
2025-08-13 00:01:57,789 [WARN] PackLoader:240 - Cannot read IP mode file for Cesanta.I-CUBE-Mongoose.7.13.0
2025-08-13 00:01:57,798 [WARN] PackLoader:240 - Cannot read IP mode file for STMicroelectronics.X-CUBE-AZRTOS-G4.2.0.0
2025-08-13 00:01:57,802 [WARN] PackLoader:240 - Cannot read IP mode file for wolfSSL.I-CUBE-wolfSSH.1.4.20
2025-08-13 00:01:57,807 [WARN] PackLoader:240 - Cannot read IP mode file for STMicroelectronics.X-CUBE-NFC7.2.0.0
2025-08-13 00:01:57,819 [WARN] PackLoader:240 - Cannot read IP mode file for STMicroelectronics.X-CUBE-IPS.3.1.0
2025-08-13 00:01:57,826 [WARN] PackLoader:240 - Cannot read IP mode file for STMicroelectronics.X-CUBE-ALS.1.0.2
2025-08-13 00:01:57,831 [WARN] PackLoader:240 - Cannot read IP mode file for portGmbH.I-Cube-SoM-uGOAL.1.1.0
2025-08-13 00:01:57,838 [WARN] PackLoader:240 - Cannot read IP mode file for STMicroelectronics.X-CUBE-TOF1.3.4.3
2025-08-13 00:01:57,845 [INFO] ThirdParty:978 - Integrity check success = true
2025-08-13 00:01:57,846 [INFO] IntegrityCheckThread:100 - exiting critical section [integrity check]
2025-08-13 00:01:57,846 [INFO] IntegrityCheckThread:103 - End integrity checks thread
2025-08-13 01:21:38,772 [ERROR] LogOutputStream:75 - [STDERR_REDIRECT] 
2025-08-13 11:44:49,065 [INFO] Activator:176 - 


2025-08-13 11:44:49,067 [INFO] Activator:177 - !SESSION log4j initialized
2025-08-13 11:44:53,100 [INFO] LogOutputStream:77 - [STDOUT_REDIRECT] 
2025-08-13 11:44:54,296 [INFO] ApplicationProperties:184 - Using Application install path: C:\ST\STM32CubeIDE_1.18.1\STM32CubeIDE\plugins\com.st.stm32cube.common.mx_6.14.1.202504091515
2025-08-13 11:44:54,310 [INFO] DbMcusXml:78 - Set database path to: C:\ST\STM32CubeIDE_1.18.1\STM32CubeIDE\plugins\com.st.stm32cube.common.mx_6.14.1.202504091515\\db\/mcu/
2025-08-13 11:44:54,311 [INFO] ApiDb:274 - Set plugin database path to: C:\ST\STM32CubeIDE_1.18.1\STM32CubeIDE\plugins\com.st.stm32cube.common.mx_6.14.1.202504091515\\db\/plugins/boardmanager/
2025-08-13 11:44:54,311 [WARN] ApiDb:259 - Overriding images path with different value:  => C:\ST\STM32CubeIDE_1.18.1\STM32CubeIDE\plugins\com.st.stm32cube.common.mx_6.14.1.202504091515\\db\/plugins/mcufinder/images/
2025-08-13 11:44:54,318 [INFO] ApiDb:250 - Set database path to: C:\Users\TUF\.stmcufinder\plugins\mcufinder//mcu/
2025-08-13 11:44:54,319 [INFO] DbMcusAds:125 - Set database path to: C:\Users\TUF\.stmcufinder\plugins\mcufinder//mcu/
2025-08-13 11:44:54,320 [INFO] CrossReferenceDbSqlite:203 - Set database path to: C:\Users\TUF\.stmcufinder\plugins\mcufinder//mcu/cs/
2025-08-13 11:44:54,395 [INFO] RulesReader:64 - Compatibility file has been processed (302 Rules)
2025-08-13 11:44:54,458 [INFO] DbMcusXml:78 - Set database path to: C:\ST\STM32CubeIDE_1.18.1\STM32CubeIDE\plugins\com.st.stm32cube.common.mx_6.14.1.202504091515\\db\/mcu/
2025-08-13 11:44:54,458 [INFO] ApiDb:274 - Set plugin database path to: C:\ST\STM32CubeIDE_1.18.1\STM32CubeIDE\plugins\com.st.stm32cube.common.mx_6.14.1.202504091515\\db\/plugins/boardmanager/
2025-08-13 11:44:54,458 [INFO] ApiDb:261 - Set plugin images path to: C:\ST\STM32CubeIDE_1.18.1\STM32CubeIDE\plugins\com.st.stm32cube.common.mx_6.14.1.202504091515\\db\/plugins/mcufinder/images/
2025-08-13 11:44:54,458 [WARN] DbFile:41 - Overriding database path with different value: C:\Users\TUF\.stmcufinder\plugins\mcufinder/ => C:\Users\TUF\.stmcufinder\plugins\mcufinder
2025-08-13 11:44:54,459 [INFO] ApiDb:250 - Set database path to: C:\Users\TUF\.stmcufinder\plugins\mcufinder//mcu/
2025-08-13 11:44:54,459 [WARN] DbFile:41 - Overriding database path with different value: C:\Users\TUF\.stmcufinder\plugins\mcufinder/ => C:\Users\TUF\.stmcufinder\plugins\mcufinder
2025-08-13 11:44:54,459 [INFO] DbMcusAds:125 - Set database path to: C:\Users\TUF\.stmcufinder\plugins\mcufinder//mcu/
2025-08-13 11:44:54,459 [WARN] DbFile:41 - Overriding database path with different value: C:\Users\TUF\.stmcufinder\plugins\mcufinder/ => C:\Users\TUF\.stmcufinder\plugins\mcufinder
2025-08-13 11:44:54,459 [WARN] DbFile:41 - Overriding database path with different value: C:\Users\TUF\.stmcufinder\plugins\mcufinder/ => C:\Users\TUF\.stmcufinder\plugins\mcufinder
2025-08-13 11:44:54,459 [INFO] CrossReferenceDbSqlite:203 - Set database path to: C:\Users\TUF\.stmcufinder\plugins\mcufinder//mcu/cs/
2025-08-13 11:44:54,510 [INFO] MainPanel:272 - HeapMemory: 268435456
2025-08-13 11:44:54,580 [INFO] DbMcusXml:78 - Set database path to: C:\ST\STM32CubeIDE_1.18.1\STM32CubeIDE\plugins\com.st.stm32cube.common.mx_6.14.1.202504091515\\db\/mcu/
2025-08-13 11:44:54,580 [INFO] ApiDb:274 - Set plugin database path to: C:\ST\STM32CubeIDE_1.18.1\STM32CubeIDE\plugins\com.st.stm32cube.common.mx_6.14.1.202504091515\\db\/plugins/boardmanager/
2025-08-13 11:44:54,580 [INFO] ApiDb:261 - Set plugin images path to: C:\ST\STM32CubeIDE_1.18.1\STM32CubeIDE\plugins\com.st.stm32cube.common.mx_6.14.1.202504091515\\db\/plugins/mcufinder/images/
2025-08-13 11:44:54,580 [WARN] DbFile:41 - Overriding database path with different value: C:\Users\TUF\.stmcufinder\plugins\mcufinder/ => C:\Users\TUF\.stmcufinder\plugins\mcufinder
2025-08-13 11:44:54,580 [INFO] ApiDb:250 - Set database path to: C:\Users\TUF\.stmcufinder\plugins\mcufinder//mcu/
2025-08-13 11:44:54,581 [WARN] DbFile:41 - Overriding database path with different value: C:\Users\TUF\.stmcufinder\plugins\mcufinder/ => C:\Users\TUF\.stmcufinder\plugins\mcufinder
2025-08-13 11:44:54,581 [INFO] DbMcusAds:125 - Set database path to: C:\Users\TUF\.stmcufinder\plugins\mcufinder//mcu/
2025-08-13 11:44:54,581 [WARN] DbFile:41 - Overriding database path with different value: C:\Users\TUF\.stmcufinder\plugins\mcufinder/ => C:\Users\TUF\.stmcufinder\plugins\mcufinder
2025-08-13 11:44:54,581 [WARN] DbFile:41 - Overriding database path with different value: C:\Users\TUF\.stmcufinder\plugins\mcufinder/ => C:\Users\TUF\.stmcufinder\plugins\mcufinder
2025-08-13 11:44:54,581 [INFO] CrossReferenceDbSqlite:203 - Set database path to: C:\Users\TUF\.stmcufinder\plugins\mcufinder//mcu/cs/
2025-08-13 11:44:54,595 [INFO] ApplicationProperties:184 - Using Application install path: C:\ST\STM32CubeIDE_1.18.1\STM32CubeIDE\plugins\com.st.stm32cube.common.mx_6.14.1.202504091515
2025-08-13 11:44:54,596 [INFO] PluginManage:196 - Search for loadable plugins [exclusion list=, ]
2025-08-13 11:44:54,597 [INFO] PluginManage:310 - Check plugin analytics
2025-08-13 11:44:54,728 [INFO] AnalyticsPlugin:253 - Accepted Software Licenses: 
2025-08-13 11:44:54,728 [INFO] AnalyticsPlugin:255 - Accepted CMSIS Pack Licenses: 
2025-08-13 11:44:54,728 [INFO] AnalyticsPlugin:257 - Accepted Firmware Licenses: 
2025-08-13 11:44:54,730 [INFO] PluginManage:359 - Loaded plugin analytics (category:tool,tabindex:-1)
2025-08-13 11:44:54,731 [INFO] PluginManage:310 - Check plugin cadmodel
2025-08-13 11:44:54,735 [INFO] CADModel:105 - Init CAD model plugin
2025-08-13 11:44:54,735 [INFO] PluginManage:359 - Loaded plugin cadmodel (category:power,tabindex:5)
2025-08-13 11:44:54,735 [INFO] PluginManage:310 - Check plugin clock
2025-08-13 11:44:54,742 [INFO] PluginManage:359 - Loaded plugin clock (category:base,tabindex:2)
2025-08-13 11:44:54,742 [INFO] PluginManage:310 - Check plugin ddr
2025-08-13 11:44:54,745 [INFO] PluginManage:359 - Loaded plugin ddr (category:tool,tabindex:6)
2025-08-13 11:44:54,745 [INFO] PluginManage:310 - Check plugin filemanager
2025-08-13 11:44:54,851 [INFO] PluginManage:359 - Loaded plugin filemanager (category:base,tabindex:10)
2025-08-13 11:44:54,851 [INFO] PluginManage:310 - Check plugin ipmanager
2025-08-13 11:44:54,856 [INFO] PluginManage:359 - Loaded plugin ipmanager (category:base,tabindex:5)
2025-08-13 11:44:54,856 [INFO] PluginManage:310 - Check plugin lpbam
2025-08-13 11:44:54,863 [INFO] PluginManage:359 - Loaded plugin lpbam (category:base,tabindex:0)
2025-08-13 11:44:54,863 [INFO] PluginManage:310 - Check plugin memorymap
2025-08-13 11:44:54,874 [INFO] PluginManage:359 - Loaded plugin memorymap (category:base,tabindex:4)
2025-08-13 11:44:54,875 [INFO] PluginManage:310 - Check plugin pinoutandconfiguration
2025-08-13 11:44:54,881 [INFO] PluginManage:359 - Loaded plugin pinoutandconfiguration (category:base,tabindex:1)
2025-08-13 11:44:54,881 [INFO] PluginManage:310 - Check plugin pinoutconfig
2025-08-13 11:44:54,940 [WARN] SupportedApi:132 - Cannot load RTOS API schema: s4s-elt-must-match.1: The content of 'definitions' must match (annotation?, (simpleType | complexType)?, (unique | key | keyref)*)). A problem was found starting at: attribute.
2025-08-13 11:44:55,030 [INFO] PluginManage:359 - Loaded plugin pinoutconfig (category:base,tabindex:0)
2025-08-13 11:44:55,031 [INFO] PluginManage:310 - Check plugin power
2025-08-13 11:44:55,037 [INFO] PluginManage:359 - Loaded plugin power (category:power,tabindex:4)
2025-08-13 11:44:55,037 [INFO] PluginManage:310 - Check plugin projectmanager
2025-08-13 11:44:55,048 [INFO] PluginManage:359 - Loaded plugin projectmanager (category:projectmanager,tabindex:4)
2025-08-13 11:44:55,048 [INFO] PluginManage:310 - Check plugin rif
2025-08-13 11:44:55,053 [INFO] PluginManage:359 - Loaded plugin rif (category:base,tabindex:3)
2025-08-13 11:44:55,053 [INFO] PluginManage:310 - Check plugin thirdparty
2025-08-13 11:44:55,155 [INFO] PluginManage:359 - Loaded plugin thirdparty (category:base,tabindex:-1)
2025-08-13 11:44:55,155 [INFO] PluginManage:310 - Check plugin tools
2025-08-13 11:44:55,155 [WARN] IntegrityCheckThread:84 - waiting for thirdparty lock release [integrity check]
2025-08-13 11:44:55,155 [INFO] IntegrityCheckThread:86 - entering critical section [integrity check]
2025-08-13 11:44:55,155 [INFO] ThirdPartyUpdaterWithRetryManager:70 - Updater plugin not ready yet. [1/15]
2025-08-13 11:44:55,157 [INFO] PluginManage:359 - Loaded plugin tools (category:base,tabindex:7)
2025-08-13 11:44:55,157 [INFO] PluginManage:310 - Check plugin tutovideos
2025-08-13 11:44:55,279 [INFO] PluginManage:359 - Loaded plugin tutovideos (category:base,tabindex:-1)
2025-08-13 11:44:55,279 [INFO] PluginManage:310 - Check plugin updater
2025-08-13 11:44:55,294 [INFO] PluginManage:359 - Loaded plugin updater (category:base,tabindex:12)
2025-08-13 11:44:55,295 [INFO] PluginManage:310 - Check plugin userauth
2025-08-13 11:44:55,297 [INFO] UserAuth:118 - Init User Auth plugin
2025-08-13 11:44:55,297 [INFO] PluginManage:359 - Loaded plugin userauth (category:base,tabindex:14)
2025-08-13 11:44:55,298 [INFO] PluginManage:283 - PluginManage : Loaded plugins [18]
2025-08-13 11:44:55,433 [INFO] PinOutPanel:1589 - setPackage(No Configuration,No Configuration)
2025-08-13 11:44:55,493 [INFO] CADModel:165 - CPN selected for project level
2025-08-13 11:44:55,493 [INFO] CADModel:114 - Register for checkConnection events
2025-08-13 11:44:55,507 [INFO] IPUIPlugin:80 - create IPUIPlugin
2025-08-13 11:44:55,508 [INFO] PluginManager:220 - loadIPPluginJar : add adc
2025-08-13 11:44:55,511 [INFO] IPUIPlugin:80 - create IPUIPlugin
2025-08-13 11:44:55,511 [INFO] PluginManager:220 - loadIPPluginJar : add aes
2025-08-13 11:44:55,512 [INFO] IPUIPlugin:80 - create IPUIPlugin
2025-08-13 11:44:55,513 [INFO] PluginManager:220 - loadIPPluginJar : add can
2025-08-13 11:44:55,514 [INFO] IPUIPlugin:80 - create IPUIPlugin
2025-08-13 11:44:55,514 [INFO] PluginManager:220 - loadIPPluginJar : add comp
2025-08-13 11:44:55,516 [INFO] IPUIPlugin:80 - create IPUIPlugin
2025-08-13 11:44:55,516 [INFO] PluginManager:220 - loadIPPluginJar : add cryp
2025-08-13 11:44:55,518 [INFO] IPUIPlugin:80 - create IPUIPlugin
2025-08-13 11:44:55,518 [INFO] PluginManager:220 - loadIPPluginJar : add ddr_ctrl_phy
2025-08-13 11:44:55,520 [INFO] IPUIPlugin:80 - create IPUIPlugin
2025-08-13 11:44:55,520 [INFO] PluginManager:220 - loadIPPluginJar : add dfsdm
2025-08-13 11:44:55,524 [INFO] IPUIPlugin:80 - create IPUIPlugin
2025-08-13 11:44:55,524 [INFO] PluginManager:220 - loadIPPluginJar : add dma
2025-08-13 11:44:55,526 [INFO] IPUIPlugin:80 - create IPUIPlugin
2025-08-13 11:44:55,526 [INFO] PluginManager:220 - loadIPPluginJar : add dma3
2025-08-13 11:44:55,528 [INFO] IPUIPlugin:80 - create IPUIPlugin
2025-08-13 11:44:55,528 [INFO] PluginManager:220 - loadIPPluginJar : add extmemmanager
2025-08-13 11:44:55,530 [INFO] IPUIPlugin:80 - create IPUIPlugin
2025-08-13 11:44:55,530 [INFO] PluginManager:220 - loadIPPluginJar : add fatfs
2025-08-13 11:44:55,534 [INFO] IPUIPlugin:80 - create IPUIPlugin
2025-08-13 11:44:55,534 [INFO] PluginManager:220 - loadIPPluginJar : add fmc
2025-08-13 11:44:55,539 [INFO] IPUIPlugin:80 - create IPUIPlugin
2025-08-13 11:44:55,539 [INFO] PluginManager:220 - loadIPPluginJar : add freertos
2025-08-13 11:44:55,540 [INFO] IPUIPlugin:80 - create IPUIPlugin
2025-08-13 11:44:55,540 [INFO] PluginManager:220 - loadIPPluginJar : add genericplugin
2025-08-13 11:44:55,541 [INFO] IPUIPlugin:80 - create IPUIPlugin
2025-08-13 11:44:55,541 [INFO] PluginManager:220 - loadIPPluginJar : add gfxmmu
2025-08-13 11:44:55,545 [INFO] IPUIPlugin:80 - create IPUIPlugin
2025-08-13 11:44:55,545 [INFO] PluginManager:220 - loadIPPluginJar : add gic
2025-08-13 11:44:55,547 [INFO] IPUIPlugin:80 - create IPUIPlugin
2025-08-13 11:44:55,548 [INFO] PluginManager:220 - loadIPPluginJar : add gpio
2025-08-13 11:44:55,550 [INFO] IPUIPlugin:80 - create IPUIPlugin
2025-08-13 11:44:55,550 [INFO] PluginManager:220 - loadIPPluginJar : add gtzc
2025-08-13 11:44:55,551 [INFO] IPUIPlugin:80 - create IPUIPlugin
2025-08-13 11:44:55,551 [INFO] PluginManager:220 - loadIPPluginJar : add hash
2025-08-13 11:44:55,553 [INFO] IPUIPlugin:80 - create IPUIPlugin
2025-08-13 11:44:55,553 [INFO] PluginManager:220 - loadIPPluginJar : add i2c
2025-08-13 11:44:55,555 [INFO] IPUIPlugin:80 - create IPUIPlugin
2025-08-13 11:44:55,555 [INFO] PluginManager:220 - loadIPPluginJar : add i2s
2025-08-13 11:44:55,557 [INFO] IPUIPlugin:80 - create IPUIPlugin
2025-08-13 11:44:55,557 [INFO] PluginManager:220 - loadIPPluginJar : add i3c
2025-08-13 11:44:55,558 [INFO] IPUIPlugin:80 - create IPUIPlugin
2025-08-13 11:44:55,559 [INFO] PluginManager:220 - loadIPPluginJar : add ipddr
2025-08-13 11:44:55,564 [INFO] IPUIPlugin:80 - create IPUIPlugin
2025-08-13 11:44:55,564 [INFO] PluginManager:220 - loadIPPluginJar : add linkedlist
2025-08-13 11:44:55,566 [INFO] IPUIPlugin:80 - create IPUIPlugin
2025-08-13 11:44:55,567 [INFO] PluginManager:220 - loadIPPluginJar : add lorawan
2025-08-13 11:44:55,568 [INFO] IPUIPlugin:80 - create IPUIPlugin
2025-08-13 11:44:55,568 [INFO] PluginManager:220 - loadIPPluginJar : add ltdc
2025-08-13 11:44:55,572 [INFO] IPUIPlugin:80 - create IPUIPlugin
2025-08-13 11:44:55,572 [INFO] PluginManager:220 - loadIPPluginJar : add mdma
2025-08-13 11:44:55,574 [INFO] IPUIPlugin:80 - create IPUIPlugin
2025-08-13 11:44:55,574 [INFO] PluginManager:220 - loadIPPluginJar : add nvic
2025-08-13 11:44:55,576 [INFO] IPUIPlugin:80 - create IPUIPlugin
2025-08-13 11:44:55,576 [INFO] PluginManager:220 - loadIPPluginJar : add opamp
2025-08-13 11:44:55,579 [INFO] IPUIPlugin:80 - create IPUIPlugin
2025-08-13 11:44:55,579 [INFO] PluginManager:220 - loadIPPluginJar : add openamp
2025-08-13 11:44:55,581 [INFO] IPUIPlugin:80 - create IPUIPlugin
2025-08-13 11:44:55,581 [INFO] PluginManager:220 - loadIPPluginJar : add pdm2pcm
2025-08-13 11:44:55,585 [INFO] IPUIPlugin:80 - create IPUIPlugin
2025-08-13 11:44:55,586 [INFO] PluginManager:220 - loadIPPluginJar : add plateformsettings
2025-08-13 11:44:55,587 [INFO] IPUIPlugin:80 - create IPUIPlugin
2025-08-13 11:44:55,587 [INFO] PluginManager:220 - loadIPPluginJar : add quadspi
2025-08-13 11:44:55,589 [INFO] IPUIPlugin:80 - create IPUIPlugin
2025-08-13 11:44:55,589 [INFO] PluginManager:220 - loadIPPluginJar : add radio
2025-08-13 11:44:55,593 [INFO] IPUIPlugin:80 - create IPUIPlugin
2025-08-13 11:44:55,593 [INFO] PluginManager:220 - loadIPPluginJar : add resmgrutility
2025-08-13 11:44:55,595 [INFO] IPUIPlugin:80 - create IPUIPlugin
2025-08-13 11:44:55,596 [INFO] PluginManager:220 - loadIPPluginJar : add sai
2025-08-13 11:44:55,598 [INFO] IPUIPlugin:80 - create IPUIPlugin
2025-08-13 11:44:55,598 [INFO] PluginManager:220 - loadIPPluginJar : add spi
2025-08-13 11:44:55,603 [INFO] IPUIPlugin:80 - create IPUIPlugin
2025-08-13 11:44:55,603 [INFO] PluginManager:220 - loadIPPluginJar : add stm32_wpan
2025-08-13 11:44:55,605 [INFO] IPUIPlugin:80 - create IPUIPlugin
2025-08-13 11:44:55,605 [INFO] PluginManager:220 - loadIPPluginJar : add tim
2025-08-13 11:44:55,607 [INFO] IPUIPlugin:80 - create IPUIPlugin
2025-08-13 11:44:55,607 [INFO] PluginManager:220 - loadIPPluginJar : add touchsensing
2025-08-13 11:44:55,609 [INFO] IPUIPlugin:80 - create IPUIPlugin
2025-08-13 11:44:55,609 [INFO] PluginManager:220 - loadIPPluginJar : add tracer_emb
2025-08-13 11:44:55,610 [INFO] IPUIPlugin:80 - create IPUIPlugin
2025-08-13 11:44:55,610 [INFO] PluginManager:220 - loadIPPluginJar : add ts
2025-08-13 11:44:55,612 [INFO] IPUIPlugin:80 - create IPUIPlugin
2025-08-13 11:44:55,612 [INFO] PluginManager:220 - loadIPPluginJar : add tsc
2025-08-13 11:44:55,614 [INFO] IPUIPlugin:80 - create IPUIPlugin
2025-08-13 11:44:55,614 [INFO] PluginManager:220 - loadIPPluginJar : add ucpd
2025-08-13 11:44:55,616 [INFO] IPUIPlugin:80 - create IPUIPlugin
2025-08-13 11:44:55,616 [INFO] PluginManager:220 - loadIPPluginJar : add usart
2025-08-13 11:44:55,618 [INFO] IPUIPlugin:80 - create IPUIPlugin
2025-08-13 11:44:55,618 [INFO] PluginManager:220 - loadIPPluginJar : add usbx
2025-08-13 11:44:55,726 [FATAL] Updater:351 - Updater called before beeing initialized
2025-08-13 11:44:55,747 [INFO] RulesReader:64 - Compatibility file has been processed (302 Rules)
2025-08-13 11:44:55,755 [INFO] RulesReader:64 - Compatibility file has been processed (302 Rules)
2025-08-13 11:44:55,761 [INFO] CADModel:165 - CPN selected for project level
2025-08-13 11:44:55,761 [INFO] CADModel:114 - Register for checkConnection events
2025-08-13 11:44:55,761 [FATAL] Updater:351 - Updater called before beeing initialized
2025-08-13 11:44:55,761 [ERROR] CADModel:125 - Updater not yet initialized, retry later 
2025-08-13 11:44:55,870 [FATAL] Updater:351 - Updater called before beeing initialized
2025-08-13 11:44:55,872 [INFO] CADModel:165 - CPN selected for project level
2025-08-13 11:44:55,872 [INFO] CADModel:114 - Register for checkConnection events
2025-08-13 11:44:55,872 [FATAL] Updater:351 - Updater called before beeing initialized
2025-08-13 11:44:55,872 [ERROR] CADModel:125 - Updater not yet initialized, retry later 
2025-08-13 11:44:55,875 [FATAL] Updater:351 - Updater called before beeing initialized
2025-08-13 11:44:55,942 [FATAL] Updater:351 - Updater called before beeing initialized
2025-08-13 11:44:55,945 [INFO] DbMcusAds:53 - JSON generation date=Tue Jul 08 16:14:23 CST 2025 (1751962463593)
2025-08-13 11:44:55,945 [FATAL] Updater:351 - Updater called before beeing initialized
2025-08-13 11:44:55,972 [WARN] DetailPanel:346 - Failed to get advertising image, set to default
2025-08-13 11:44:56,115 [FATAL] Updater:351 - Updater called before beeing initialized
2025-08-13 11:44:56,118 [FATAL] Updater:351 - Updater called before beeing initialized
2025-08-13 11:44:56,118 [FATAL] Updater:351 - Updater called before beeing initialized
2025-08-13 11:44:56,118 [WARN] DetailPanel:346 - Failed to get advertising image, set to default
2025-08-13 11:44:56,119 [FATAL] Updater:351 - Updater called before beeing initialized
2025-08-13 11:44:56,148 [ERROR] Updater:1198 - MainUpdater not yet initialized. External WinMGr cannot be set.
2025-08-13 11:44:56,150 [INFO] Updater:1134 - Updater Version found : 6.14.1
2025-08-13 11:44:56,164 [INFO] ApplicationProperties:184 - Using Application install path: C:\ST\STM32CubeIDE_1.18.1\STM32CubeIDE\plugins\com.st.stm32cube.common.mx_6.14.1.202504091515
2025-08-13 11:44:57,732 [ERROR] LogOutputStream:75 - [STDERR_REDIRECT] Aug 13, 2025 11:44:57 AM java.util.prefs.WindowsPreferences <init>
2025-08-13 11:44:57,733 [ERROR] LogOutputStream:75 - [STDERR_REDIRECT] WARNING: Could not open/create prefs root node Software\JavaSoft\Prefs at root 0xffffffff80000002. Windows RegCreateKeyEx(...) returned error code 5.
2025-08-13 11:44:57,733 [ERROR] LogOutputStream:75 - [STDERR_REDIRECT] 
2025-08-13 11:44:57,954 [INFO] MainUpdater:2872 - connection check result : 10
2025-08-13 11:44:57,954 [INFO] MainUpdater:289 - Updater Check For Update Now.
2025-08-13 11:44:57,954 [INFO] MicroXplorer:498 - Change Database Version : DB.6.0.141
2025-08-13 11:44:57,958 [INFO] McuFinderGlobals:63 - Set McuFinder mode to 2 (CubeIDE integrated)
2025-08-13 11:44:57,959 [INFO] UserAuth:171 - activating auth plugin
2025-08-13 11:44:57,961 [INFO] UserAuth:484 - Internet connection configuration mode: 1
2025-08-13 11:44:57,996 [INFO] JxBrowserEngine:152 - Initiate JxBrowser Engine with user profile folder
2025-08-13 11:44:58,116 [INFO] CheckServerUpdateThread:120 - End of CheckServer Thread
2025-08-13 11:44:58,362 [WARN] PackLoader:240 - Cannot read IP mode file for STMicroelectronics.FP-SNS-MOTENVWB1.1.4.0
2025-08-13 11:44:58,370 [WARN] PackLoader:240 - Cannot read IP mode file for STMicroelectronics.FP-ATR-ASTRA1.2.0.2
2025-08-13 11:44:58,376 [WARN] PackLoader:240 - Cannot read IP mode file for STMicroelectronics.X-CUBE-SMBUS.2.1.0
2025-08-13 11:44:58,379 [WARN] PackLoader:240 - Cannot read IP mode file for STMicroelectronics.X-CUBE-ST60.1.0.0
2025-08-13 11:44:58,398 [WARN] PackLoader:240 - Cannot read IP mode file for STMicroelectronics.X-CUBE-AZRTOS-F7.1.1.0
2025-08-13 11:44:58,416 [WARN] PackLoader:240 - Cannot read IP mode file for Infineon.AIROC-Wi-Fi-Bluetooth-STM32.1.7.0
2025-08-13 11:44:58,436 [WARN] PackLoader:240 - Cannot read IP mode file for STMicroelectronics.X-CUBE-AZRTOS-H7.3.4.0
2025-08-13 11:44:58,443 [WARN] PackLoader:240 - Cannot read IP mode file for STMicroelectronics.X-CUBE-DISPLAY.3.0.0
2025-08-13 11:44:58,454 [WARN] PackLoader:240 - Cannot read IP mode file for STMicroelectronics.X-CUBE-NFC10.1.0.0
2025-08-13 11:44:58,461 [WARN] PackLoader:240 - Cannot read IP mode file for STMicroelectronics.X-CUBE-BLEMGR.4.0.0
2025-08-13 11:44:58,468 [WARN] PackLoader:240 - Cannot read IP mode file for emotas.I-CUBE-CANOPEN.1.3.0
2025-08-13 11:44:58,471 [WARN] ConditionMgr:438 - getConditionDescription Invalid condition id : Cortex-A Device cause : null
2025-08-13 11:44:58,482 [WARN] ConditionMgr:1044 - genDependencies : Invalid condition id : Cortex-A Device cause : null
2025-08-13 11:44:58,482 [WARN] ConditionMgr:1044 - genDependencies : Invalid condition id : Cortex-A Device cause : null
2025-08-13 11:44:58,482 [WARN] ConditionMgr:1044 - genDependencies : Invalid condition id : Cortex-A Device cause : null
2025-08-13 11:44:58,485 [ERROR] Engine:466 - C:\Users\TUF\.stm32cubemx\thirdparties\pdsc\STMicroelectronics.FP-SNS-STBOX1.2.1.0.pdsc: PDSC version is not supported
2025-08-13 11:44:58,489 [WARN] PackLoader:240 - Cannot read IP mode file for STMicroelectronics.FP-SNS-SMARTAG2.1.2.0
2025-08-13 11:44:58,492 [WARN] PackLoader:240 - Cannot read IP mode file for STMicroelectronics.FP-SNS-FLIGHT1.5.1.0
2025-08-13 11:44:58,497 [INFO] LogOutputStream:77 - [STDOUT_REDIRECT] 1 : Invalid condition id : UX_CORESTACK_Condition cause : null
2025-08-13 11:44:58,498 [INFO] LogOutputStream:77 - [STDOUT_REDIRECT] 1 : Invalid condition id : UX_CORESTACK_Condition cause : null
2025-08-13 11:44:58,499 [INFO] LogOutputStream:77 - [STDOUT_REDIRECT] 1 : Invalid condition id : UX_CORESTACK_Condition cause : null
2025-08-13 11:44:58,500 [INFO] LogOutputStream:77 - [STDOUT_REDIRECT] 1 : Invalid condition id : UX_CORESTACK_Condition cause : null
2025-08-13 11:44:58,501 [INFO] LogOutputStream:77 - [STDOUT_REDIRECT] 1 : Invalid condition id : UX_CORESTACK_Condition cause : null
2025-08-13 11:44:58,503 [WARN] PackLoader:240 - Cannot read IP mode file for STMicroelectronics.X-CUBE-AZRTOS-WL.2.0.0
2025-08-13 11:44:58,531 [WARN] PackLoader:240 - Cannot read IP mode file for STMicroelectronics.FP-SNS-MOTENV1.5.0.0
2025-08-13 11:44:58,543 [WARN] PackLoader:240 - Cannot read IP mode file for WES.I-CUBE-Cesium.1.3.0
2025-08-13 11:44:58,547 [WARN] PackLoader:240 - Cannot read IP mode file for STMicroelectronics.X-CUBE-BLE2.3.3.0
2025-08-13 11:44:58,551 [WARN] PackLoader:240 - Cannot read IP mode file for STMicroelectronics.X-CUBE-NFC9.1.0.0
2025-08-13 11:44:58,556 [WARN] PackLoader:240 - Cannot read IP mode file for wolfSSL.I-CUBE-wolfSSL.5.8.0
2025-08-13 11:44:58,574 [WARN] PackLoader:240 - Cannot read IP mode file for STMicroelectronics.X-CUBE-BLE1.7.1.0
2025-08-13 11:44:58,578 [WARN] PackLoader:240 - Cannot read IP mode file for wolfSSL.I-CUBE-wolfMQTT.1.19.2
2025-08-13 11:44:58,584 [WARN] PackLoader:240 - Cannot read IP mode file for STMicroelectronics.X-CUBE-EEPRMA1.5.2.0
2025-08-13 11:44:58,590 [WARN] PackLoader:240 - Cannot read IP mode file for STMicroelectronics.X-CUBE-AI.10.1.0
2025-08-13 11:44:58,599 [WARN] PackLoader:240 - Cannot read IP mode file for STMicroelectronics.X-CUBE-AZRTOS-G0.1.1.0
2025-08-13 11:44:58,604 [WARN] PackLoader:240 - Cannot read IP mode file for STMicroelectronics.X-CUBE-SAFEA1.1.2.2
2025-08-13 11:44:58,608 [WARN] PackLoader:240 - Cannot read IP mode file for STMicroelectronics.X-CUBE-NFC4.3.0.0
2025-08-13 11:44:58,612 [WARN] PackLoader:240 - Cannot read IP mode file for EmbeddedOffice.I-CUBE-FS-RTOS.1.0.1
2025-08-13 11:44:58,616 [WARN] PackLoader:240 - Cannot read IP mode file for STMicroelectronics.X-CUBE-WB05N.2.0.0
2025-08-13 11:44:58,619 [WARN] PackLoader:240 - Cannot read IP mode file for wolfSSL.I-CUBE-wolfTPM.3.8.0
2025-08-13 11:44:58,623 [WARN] PackLoader:240 - Cannot read IP mode file for STMicroelectronics.X-CUBE-TCPP.4.2.0
2025-08-13 11:44:58,626 [WARN] PackLoader:240 - Cannot read IP mode file for RealThread.X-CUBE-RT-Thread_Nano.4.1.1
2025-08-13 11:44:58,629 [WARN] PackLoader:240 - Cannot read IP mode file for STMicroelectronics.FP-ATR-SIGFOX1.3.2.0
2025-08-13 11:44:58,632 [WARN] PackLoader:240 - Cannot read IP mode file for STMicroelectronics.X-CUBE-EEPRMA1.5.1.0
2025-08-13 11:44:58,636 [WARN] PackLoader:240 - Cannot read IP mode file for ITTIA_DB.I-CUBE-ITTIADB.8.9.0
2025-08-13 11:44:58,643 [WARN] PackLoader:240 - Cannot read IP mode file for STMicroelectronics.X-CUBE-ST67W61.1.0.0
2025-08-13 11:44:58,645 [WARN] PackLoader:240 - Cannot read IP mode file for STMicroelectronics.X-CUBE-AI.10.2.0
2025-08-13 11:44:58,658 [WARN] PackLoader:240 - Cannot read IP mode file for SEGGER.I-CUBE-embOS.1.3.1
2025-08-13 11:44:58,677 [WARN] PackLoader:240 - Cannot read IP mode file for STMicroelectronics.X-CUBE-ALGOBUILD.1.4.0
2025-08-13 11:44:58,699 [WARN] PackLoader:240 - Cannot read IP mode file for STMicroelectronics.X-CUBE-MEMS1.11.3.0
2025-08-13 11:44:58,747 [WARN] PackLoader:240 - Cannot read IP mode file for STMicroelectronics.X-CUBE-PM33A1.1.0.0
2025-08-13 11:44:58,753 [WARN] PackLoader:240 - Cannot read IP mode file for STMicroelectronics.X-CUBE-AZRTOS-F4.1.1.0
2025-08-13 11:44:58,758 [WARN] PackLoader:240 - Cannot read IP mode file for Avnet-IotConnect.X-CUBE-IoTC-DA16k-PMOD.1.0.0
2025-08-13 11:44:58,762 [WARN] PackLoader:240 - Cannot read IP mode file for STMicroelectronics.X-CUBE-ISPU.2.1.0
2025-08-13 11:44:58,766 [WARN] PackLoader:240 - Cannot read IP mode file for STMicroelectronics.X-CUBE-NFC12.1.0.0
2025-08-13 11:44:58,775 [WARN] PackLoader:240 - Cannot read IP mode file for STMicroelectronics.X-CUBE-AZRTOS-L5.2.0.0
2025-08-13 11:44:58,785 [WARN] PackLoader:240 - Cannot read IP mode file for STMicroelectronics.X-CUBE-NFC6.3.1.0
2025-08-13 11:44:58,789 [WARN] PackLoader:240 - Cannot read IP mode file for STMicroelectronics.X-CUBE-FREERTOS.1.3.1
2025-08-13 11:44:58,793 [WARN] PackLoader:240 - Cannot read IP mode file for STMicroelectronics.FP-SNS-STAIOTCFT.1.0.0
2025-08-13 11:44:58,796 [WARN] PackLoader:240 - Cannot read IP mode file for STMicroelectronics.X-CUBE-DPower.1.3.0
2025-08-13 11:44:58,804 [WARN] ConditionMgr:438 - getConditionDescription Invalid condition id : LAN8742 Phy interface Condition cause : null
2025-08-13 11:44:58,804 [WARN] PackLoader:240 - Cannot read IP mode file for STMicroelectronics.X-CUBE-AZRTOS-L4.2.0.0
2025-08-13 11:44:58,805 [WARN] ConditionMgr:1044 - genDependencies : Invalid condition id : LAN8742 Phy interface Condition cause : null
2025-08-13 11:44:58,805 [WARN] ConditionMgr:1044 - genDependencies : Invalid condition id : LAN8742 Phy interface Condition cause : null
2025-08-13 11:44:58,805 [WARN] ConditionMgr:1044 - genDependencies : Invalid condition id : LAN8742 Phy interface Condition cause : null
2025-08-13 11:44:58,809 [WARN] PackLoader:240 - Cannot read IP mode file for STMicroelectronics.X-CUBE-SFXS2LP1.4.0.0
2025-08-13 11:44:58,817 [WARN] PackLoader:240 - Cannot read IP mode file for STMicroelectronics.X-CUBE-AZRTOS-H7.3.3.0
2025-08-13 11:44:58,823 [WARN] PackLoader:240 - Cannot read IP mode file for STMicroelectronics.X-CUBE-BLEMGR.4.1.0
2025-08-13 11:44:58,829 [WARN] ConditionMgr:438 - getConditionDescription Invalid condition id : UX DEVICE CLASS RTOS Condition cause : null
2025-08-13 11:44:58,829 [WARN] ConditionMgr:438 - getConditionDescription Invalid condition id : UX DEVICE CLASS RTOS Condition cause : null
2025-08-13 11:44:58,830 [WARN] PackLoader:240 - Cannot read IP mode file for STMicroelectronics.X-CUBE-AZRTOS-WB.2.0.0
2025-08-13 11:44:58,830 [WARN] ConditionMgr:1044 - genDependencies : Invalid condition id : UX DEVICE CLASS RTOS Condition cause : null
2025-08-13 11:44:58,830 [WARN] ConditionMgr:1044 - genDependencies : Invalid condition id : UX DEVICE CLASS RTOS Condition cause : null
2025-08-13 11:44:58,831 [WARN] ConditionMgr:1044 - genDependencies : Invalid condition id : UX DEVICE CLASS RTOS Condition cause : null
2025-08-13 11:44:58,831 [WARN] ConditionMgr:1044 - genDependencies : Invalid condition id : UX DEVICE CLASS RTOS Condition cause : null
2025-08-13 11:44:58,831 [WARN] ConditionMgr:1044 - genDependencies : Invalid condition id : UX DEVICE CLASS RTOS Condition cause : null
2025-08-13 11:44:58,834 [WARN] PackLoader:240 - Cannot read IP mode file for STMicroelectronics.X-CUBE-GNSS1.7.0.1
2025-08-13 11:44:58,839 [WARN] PackLoader:240 - Cannot read IP mode file for STMicroelectronics.X-CUBE-TOUCHGFX.4.25.0
2025-08-13 11:44:58,842 [WARN] PackLoader:240 - Cannot read IP mode file for STMicroelectronics.FP-SNS-STBOX1.2.0.0
2025-08-13 11:44:58,847 [WARN] PackLoader:240 - Cannot read IP mode file for STMicroelectronics.X-CUBE-SUBG2.5.0.0
2025-08-13 11:44:58,882 [WARN] PackLoader:240 - Cannot read IP mode file for STMicroelectronics.X-CUBE-AZRTOS-H7RS.1.1.0
2025-08-13 11:44:58,908 [WARN] PackLoader:240 - Cannot read IP mode file for Cesanta.I-CUBE-Mongoose.7.13.0
2025-08-13 11:44:58,916 [WARN] PackLoader:240 - Cannot read IP mode file for STMicroelectronics.X-CUBE-AZRTOS-G4.2.0.0
2025-08-13 11:44:58,920 [WARN] PackLoader:240 - Cannot read IP mode file for wolfSSL.I-CUBE-wolfSSH.1.4.20
2025-08-13 11:44:58,925 [WARN] PackLoader:240 - Cannot read IP mode file for STMicroelectronics.X-CUBE-NFC7.2.0.0
2025-08-13 11:44:58,934 [WARN] PackLoader:240 - Cannot read IP mode file for STMicroelectronics.X-CUBE-IPS.3.1.0
2025-08-13 11:44:58,940 [WARN] PackLoader:240 - Cannot read IP mode file for STMicroelectronics.X-CUBE-ALS.1.0.2
2025-08-13 11:44:58,944 [WARN] PackLoader:240 - Cannot read IP mode file for portGmbH.I-Cube-SoM-uGOAL.1.1.0
2025-08-13 11:44:58,950 [WARN] PackLoader:240 - Cannot read IP mode file for STMicroelectronics.X-CUBE-TOF1.3.4.3
2025-08-13 11:44:58,955 [INFO] ThirdParty:978 - Integrity check success = true
2025-08-13 11:44:58,955 [INFO] IntegrityCheckThread:100 - exiting critical section [integrity check]
2025-08-13 11:44:58,955 [INFO] IntegrityCheckThread:103 - End integrity checks thread
2025-08-13 11:44:59,339 [INFO] WebApp:169 - Instantiating new browser for Auth
2025-08-13 11:44:59,832 [INFO] WebApp:463 - Apply proxy settings
2025-08-13 11:44:59,833 [INFO] WebApp:548 - Chromium requires no authentication
2025-08-13 11:44:59,839 [INFO] WebApp:491 - Direct internet connection detected
2025-08-13 11:44:59,855 [INFO] WebApp:894 - Register for checkConnection events
2025-08-13 11:44:59,855 [INFO] WebApp:463 - Apply proxy settings
2025-08-13 11:44:59,855 [INFO] WebApp:548 - Chromium requires no authentication
2025-08-13 11:44:59,856 [INFO] WebApp:491 - Direct internet connection detected
2025-08-13 11:44:59,968 [INFO] WebApp:225 - Starting web application
2025-08-13 11:44:59,968 [INFO] WebApp:593 - Web application path used C:\ST\STM32CubeIDE_1.18.1\STM32CubeIDE\plugins\com.st.stm32cube.common.mx_6.14.1.202504091515\db\plugins\mcufinder\reactClient1\index.html
2025-08-13 11:45:00,051 [INFO] WebApp:191 - Connection restablished
2025-08-13 13:08:00,070 [ERROR] LogOutputStream:75 - [STDERR_REDIRECT] 
